Log file open, 12/12/16 16:53:42
LogInit:Display: Running engine for game: MenuHudProject
LogPlatformFile: Not using cached read wrapper
LogInit:Display: RandInit(1357561632) SRandInit(1357561633).
LogTaskGraph: Started task graph with 5 named threads and 8 total threads with 1 sets of task threads.
LogStats: Stats thread started at 0.102831
LogPluginManager: Loaded Plugin Paper2D, From C:/Program Files (x86)/Epic Games/4.14/Engine/Plugins/2D/Paper2D/Paper2D.uplugin
LogPluginManager: Loaded Plugin LightPropagationVolume, From C:/Program Files (x86)/Epic Games/4.14/Engine/Plugins/Blendables/LightPropagationVolume/LightPropagationVolume.uplugin
LogPluginManager: Loaded Plugin BlankPlugin, From C:/Program Files (x86)/Epic Games/4.14/Engine/Plugins/Developer/BlankPlugin/BlankPlugin.uplugin
LogPluginManager: Loaded Plugin CodeLiteSourceCodeAccess, From C:/Program Files (x86)/Epic Games/4.14/Engine/Plugins/Developer/CodeLiteSourceCodeAccess/CodeLiteSourceCodeAccess.uplugin
LogPluginManager: Loaded Plugin GitSourceControl, From C:/Program Files (x86)/Epic Games/4.14/Engine/Plugins/Developer/GitSourceControl/GitSourceControl.uplugin
LogPluginManager: Loaded Plugin KDevelopSourceCodeAccess, From C:/Program Files (x86)/Epic Games/4.14/Engine/Plugins/Developer/KDevelopSourceCodeAccess/KDevelopSourceCodeAccess.uplugin
LogPluginManager: Loaded Plugin NullSourceCodeAccess, From C:/Program Files (x86)/Epic Games/4.14/Engine/Plugins/Developer/NullSourceCodeAccess/NullSourceCodeAccess.uplugin
LogPluginManager: Loaded Plugin OneSkyLocalizationService, From C:/Program Files (x86)/Epic Games/4.14/Engine/Plugins/Developer/OneSkyLocalizationService/OneSkyLocalizationService.uplugin
LogPluginManager: Loaded Plugin PerforceSourceControl, From C:/Program Files (x86)/Epic Games/4.14/Engine/Plugins/Developer/PerforceSourceControl/PerforceSourceControl.uplugin
LogPluginManager: Loaded Plugin SubversionSourceControl, From C:/Program Files (x86)/Epic Games/4.14/Engine/Plugins/Developer/SubversionSourceControl/SubversionSourceControl.uplugin
LogPluginManager: Loaded Plugin UObjectPlugin, From C:/Program Files (x86)/Epic Games/4.14/Engine/Plugins/Developer/UObjectPlugin/UObjectPlugin.uplugin
LogPluginManager: Loaded Plugin VisualStudioSourceCodeAccess, From C:/Program Files (x86)/Epic Games/4.14/Engine/Plugins/Developer/VisualStudioSourceCodeAccess/VisualStudioSourceCodeAccess.uplugin
LogPluginManager: Loaded Plugin XCodeSourceCodeAccess, From C:/Program Files (x86)/Epic Games/4.14/Engine/Plugins/Developer/XCodeSourceCodeAccess/XCodeSourceCodeAccess.uplugin
LogPluginManager: Loaded Plugin AudioCapture, From C:/Program Files (x86)/Epic Games/4.14/Engine/Plugins/Editor/AudioCapture/AudioCapture.uplugin
LogPluginManager: Loaded Plugin EpicSurvey, From C:/Program Files (x86)/Epic Games/4.14/Engine/Plugins/Editor/EpicSurvey/EpicSurvey.uplugin
LogPluginManager: Loaded Plugin MacGraphicsSwitching, From C:/Program Files (x86)/Epic Games/4.14/Engine/Plugins/Editor/MacGraphicsSwitching/MacGraphicsSwitching.uplugin
LogPluginManager: Loaded Plugin MobileLauncherProfileWizard, From C:/Program Files (x86)/Epic Games/4.14/Engine/Plugins/Editor/MobileLauncherProfileWizard/MobileLauncherProfileWizard.uplugin
LogPluginManager: Loaded Plugin PluginBrowser, From C:/Program Files (x86)/Epic Games/4.14/Engine/Plugins/Editor/PluginBrowser/PluginBrowser.uplugin
LogPluginManager: Loaded Plugin SpeedTreeImporter, From C:/Program Files (x86)/Epic Games/4.14/Engine/Plugins/Editor/SpeedTreeImporter/SpeedTreeImporter.uplugin
LogPluginManager: Loaded Plugin SuperSearchEditor, From C:/Program Files (x86)/Epic Games/4.14/Engine/Plugins/Editor/SuperSearchEditor/SuperSearchEditor.uplugin
LogPluginManager: Loaded Plugin AlembicImporter, From C:/Program Files (x86)/Epic Games/4.14/Engine/Plugins/Experimental/AlembicImporter/AlembicImporter.uplugin
LogPluginManager: Loaded Plugin BlueprintStats, From C:/Program Files (x86)/Epic Games/4.14/Engine/Plugins/Experimental/BlueprintStats/BlueprintStats.uplugin
LogPluginManager: Loaded Plugin CharacterAI, From C:/Program Files (x86)/Epic Games/4.14/Engine/Plugins/Experimental/CharacterAI/CharacterAI.uplugin
LogPluginManager: Loaded Plugin CodeEditor, From C:/Program Files (x86)/Epic Games/4.14/Engine/Plugins/Experimental/CodeEditor/CodeEditor.uplugin
LogPluginManager: Loaded Plugin CodeView, From C:/Program Files (x86)/Epic Games/4.14/Engine/Plugins/Experimental/CodeView/CodeView.uplugin
LogPluginManager: Loaded Plugin HTML5Networking, From C:/Program Files (x86)/Epic Games/4.14/Engine/Plugins/Experimental/HTML5Networking/HTML5Networking.uplugin
LogPluginManager: Loaded Plugin OSVR, From C:/Program Files (x86)/Epic Games/4.14/Engine/Plugins/Experimental/OSVR/OSVR.uplugin
LogPluginManager: Loaded Plugin Phya, From C:/Program Files (x86)/Epic Games/4.14/Engine/Plugins/Experimental/Phya/Phya.uplugin
LogPluginManager: Loaded Plugin SignificanceManager, From C:/Program Files (x86)/Epic Games/4.14/Engine/Plugins/Experimental/SignificanceManager/SignificanceManager.uplugin
LogPluginManager: Loaded Plugin SimpleHMD, From C:/Program Files (x86)/Epic Games/4.14/Engine/Plugins/Experimental/SimpleHMD/SimpleHMD.uplugin
LogPluginManager: Loaded Plugin StereoPanorama, From C:/Program Files (x86)/Epic Games/4.14/Engine/Plugins/Experimental/StereoPanorama/StereoPanorama.uplugin
LogPluginManager: Loaded Plugin StructBox, From C:/Program Files (x86)/Epic Games/4.14/Engine/Plugins/Experimental/StructBox/StructBox.uplugin
LogPluginManager: Loaded Plugin AndroidMedia, From C:/Program Files (x86)/Epic Games/4.14/Engine/Plugins/Media/AndroidMedia/AndroidMedia.uplugin
LogPluginManager: Loaded Plugin AvfMedia, From C:/Program Files (x86)/Epic Games/4.14/Engine/Plugins/Media/AvfMedia/AvfMedia.uplugin
LogPluginManager: Loaded Plugin MediaPlayerEditor, From C:/Program Files (x86)/Epic Games/4.14/Engine/Plugins/Media/MediaPlayerEditor/MediaPlayerEditor.uplugin
LogPluginManager: Loaded Plugin WmfMedia, From C:/Program Files (x86)/Epic Games/4.14/Engine/Plugins/Media/WmfMedia/WmfMedia.uplugin
LogPluginManager: Loaded Plugin MessagingDebugger, From C:/Program Files (x86)/Epic Games/4.14/Engine/Plugins/Messaging/MessagingDebugger/MessagingDebugger.uplugin
LogPluginManager: Loaded Plugin TcpMessaging, From C:/Program Files (x86)/Epic Games/4.14/Engine/Plugins/Messaging/TcpMessaging/TcpMessaging.uplugin
LogPluginManager: Loaded Plugin UdpMessaging, From C:/Program Files (x86)/Epic Games/4.14/Engine/Plugins/Messaging/UdpMessaging/UdpMessaging.uplugin
LogPluginManager: Loaded Plugin LevelSequenceEditor, From C:/Program Files (x86)/Epic Games/4.14/Engine/Plugins/MovieScene/LevelSequenceEditor/LevelSequenceEditor.uplugin
LogPluginManager: Loaded Plugin MatineeToLevelSequence, From C:/Program Files (x86)/Epic Games/4.14/Engine/Plugins/MovieScene/MatineeToLevelSequence/MatineeToLevelSequence.uplugin
LogPluginManager: Loaded Plugin NetcodeUnitTest, From C:/Program Files (x86)/Epic Games/4.14/Engine/Plugins/NetcodeUnitTest/NetcodeUnitTest/NetcodeUnitTest.uplugin
LogPluginManager: Loaded Plugin NUTUnrealEngine4, From C:/Program Files (x86)/Epic Games/4.14/Engine/Plugins/NetcodeUnitTest/NUTUnrealEngine4/NUTUnrealEngine4.uplugin
LogPluginManager: Loaded Plugin OnlineSubsystemGameCircle, From C:/Program Files (x86)/Epic Games/4.14/Engine/Plugins/Online/Android/OnlineSubsystemGameCircle/OnlineSubsystemGameCircle.uplugin
LogPluginManager: Loaded Plugin OnlineSubsystemGooglePlay, From C:/Program Files (x86)/Epic Games/4.14/Engine/Plugins/Online/Android/OnlineSubsystemGooglePlay/OnlineSubsystemGooglePlay.uplugin
LogPluginManager: Loaded Plugin OnlineSubsystemIOS, From C:/Program Files (x86)/Epic Games/4.14/Engine/Plugins/Online/IOS/OnlineSubsystemIOS/OnlineSubsystemIOS.uplugin
LogPluginManager: Loaded Plugin OnlineFramework, From C:/Program Files (x86)/Epic Games/4.14/Engine/Plugins/Online/OnlineFramework/OnlineFramework.uplugin
LogPluginManager: Loaded Plugin OnlineSubsystem, From C:/Program Files (x86)/Epic Games/4.14/Engine/Plugins/Online/OnlineSubsystem/OnlineSubsystem.uplugin
LogPluginManager: Loaded Plugin OnlineSubsystemAmazon, From C:/Program Files (x86)/Epic Games/4.14/Engine/Plugins/Online/OnlineSubsystemAmazon/OnlineSubsystemAmazon.uplugin
LogPluginManager: Loaded Plugin OnlineSubsystemFacebook, From C:/Program Files (x86)/Epic Games/4.14/Engine/Plugins/Online/OnlineSubsystemFacebook/OnlineSubsystemFacebook.uplugin
LogPluginManager: Loaded Plugin OnlineSubsystemNull, From C:/Program Files (x86)/Epic Games/4.14/Engine/Plugins/Online/OnlineSubsystemNull/OnlineSubsystemNull.uplugin
LogPluginManager: Loaded Plugin OnlineSubsystemOculus, From C:/Program Files (x86)/Epic Games/4.14/Engine/Plugins/Online/OnlineSubsystemOculus/OnlineSubsystemOculus.uplugin
LogPluginManager: Loaded Plugin OnlineSubsystemSteam, From C:/Program Files (x86)/Epic Games/4.14/Engine/Plugins/Online/OnlineSubsystemSteam/OnlineSubsystemSteam.uplugin
LogPluginManager: Loaded Plugin OnlineSubsystemUtils, From C:/Program Files (x86)/Epic Games/4.14/Engine/Plugins/Online/OnlineSubsystemUtils/OnlineSubsystemUtils.uplugin
LogPluginManager: Loaded Plugin IOSTapJoy, From C:/Program Files (x86)/Epic Games/4.14/Engine/Plugins/Runtime/Advertising/IOSTapJoy/IOSTapJoy.uplugin
LogPluginManager: Loaded Plugin AnalyticsBlueprintLibrary, From C:/Program Files (x86)/Epic Games/4.14/Engine/Plugins/Runtime/Analytics/AnalyticsBlueprintLibrary/AnalyticsBlueprintLibrary.uplugin
LogPluginManager: Loaded Plugin AnalyticsMulticast, From C:/Program Files (x86)/Epic Games/4.14/Engine/Plugins/Runtime/Analytics/AnalyticsMulticast/AnalyticsMulticast.uplugin
LogPluginManager: Loaded Plugin Apsalar, From C:/Program Files (x86)/Epic Games/4.14/Engine/Plugins/Runtime/Analytics/Apsalar/Apsalar.uplugin
LogPluginManager: Loaded Plugin FileLogging, From C:/Program Files (x86)/Epic Games/4.14/Engine/Plugins/Runtime/Analytics/FileLogging/FileLogging.uplugin
LogPluginManager: Loaded Plugin Flurry, From C:/Program Files (x86)/Epic Games/4.14/Engine/Plugins/Runtime/Analytics/Flurry/Flurry.uplugin
LogPluginManager: Loaded Plugin AndroidDeviceProfileSelector, From C:/Program Files (x86)/Epic Games/4.14/Engine/Plugins/Runtime/AndroidDeviceProfileSelector/AndroidDeviceProfileSelector.uplugin
LogPluginManager: Loaded Plugin AndroidMoviePlayer, From C:/Program Files (x86)/Epic Games/4.14/Engine/Plugins/Runtime/AndroidMoviePlayer/AndroidMoviePlayer.uplugin
LogPluginManager: Loaded Plugin AppleMoviePlayer, From C:/Program Files (x86)/Epic Games/4.14/Engine/Plugins/Runtime/AppleMoviePlayer/AppleMoviePlayer.uplugin
LogPluginManager: Loaded Plugin ArchVisCharacter, From C:/Program Files (x86)/Epic Games/4.14/Engine/Plugins/Runtime/ArchVisCharacter/ArchVisCharacter.uplugin
LogPluginManager: Loaded Plugin CableComponent, From C:/Program Files (x86)/Epic Games/4.14/Engine/Plugins/Runtime/CableComponent/CableComponent.uplugin
LogPluginManager: Loaded Plugin CustomMeshComponent, From C:/Program Files (x86)/Epic Games/4.14/Engine/Plugins/Runtime/CustomMeshComponent/CustomMeshComponent.uplugin
LogPluginManager: Loaded Plugin ExampleDeviceProfileSelector, From C:/Program Files (x86)/Epic Games/4.14/Engine/Plugins/Runtime/ExampleDeviceProfileSelector/ExampleDeviceProfileSelector.uplugin
LogPluginManager: Loaded Plugin GearVR, From C:/Program Files (x86)/Epic Games/4.14/Engine/Plugins/Runtime/GearVR/GearVR.uplugin
LogPluginManager: Loaded Plugin GoogleVRController, From C:/Program Files (x86)/Epic Games/4.14/Engine/Plugins/Runtime/GoogleVR/GoogleVRController/GoogleVRController.uplugin
LogPluginManager: Loaded Plugin GoogleVRHMD, From C:/Program Files (x86)/Epic Games/4.14/Engine/Plugins/Runtime/GoogleVR/GoogleVRHMD/GoogleVRHMD.uplugin
LogPluginManager: Loaded Plugin IOSDeviceProfileSelector, From C:/Program Files (x86)/Epic Games/4.14/Engine/Plugins/Runtime/IOSDeviceProfileSelector/IOSDeviceProfileSelector.uplugin
LogPluginManager: Loaded Plugin LeapMotion, From C:/Program Files (x86)/Epic Games/4.14/Engine/Plugins/Runtime/LeapMotion/LeapMotion.uplugin
LogPluginManager: Loaded Plugin LinuxDeviceProfileSelector, From C:/Program Files (x86)/Epic Games/4.14/Engine/Plugins/Runtime/LinuxDeviceProfileSelector/LinuxDeviceProfileSelector.uplugin
LogPluginManager: Loaded Plugin MIDIDevice, From C:/Program Files (x86)/Epic Games/4.14/Engine/Plugins/Runtime/MIDIDevice/MIDIDevice.uplugin
LogPluginManager: Loaded Plugin MobilePatchingUtils, From C:/Program Files (x86)/Epic Games/4.14/Engine/Plugins/Runtime/MobilePatchingUtils/MobilePatchingUtils.uplugin
LogPluginManager: Loaded Plugin Ansel, From C:/Program Files (x86)/Epic Games/4.14/Engine/Plugins/Runtime/Nvidia/Ansel/Ansel.uplugin
LogPluginManager: Loaded Plugin OculusAudio, From C:/Program Files (x86)/Epic Games/4.14/Engine/Plugins/Runtime/OculusAudio/OculusAudio.uplugin
LogPluginManager: Loaded Plugin OculusInput, From C:/Program Files (x86)/Epic Games/4.14/Engine/Plugins/Runtime/OculusInput/OculusInput.uplugin
LogPluginManager: Loaded Plugin OculusLibrary, From C:/Program Files (x86)/Epic Games/4.14/Engine/Plugins/Runtime/OculusLibrary/OculusLibrary.uplugin
LogPluginManager: Loaded Plugin OculusRift, From C:/Program Files (x86)/Epic Games/4.14/Engine/Plugins/Runtime/OculusRift/OculusRift.uplugin
LogPluginManager: Loaded Plugin Oodle, From C:/Program Files (x86)/Epic Games/4.14/Engine/Plugins/Runtime/PacketHandlers/CompressionComponents/Oodle/Oodle.uplugin
LogPluginManager: Loaded Plugin ProceduralMeshComponent, From C:/Program Files (x86)/Epic Games/4.14/Engine/Plugins/Runtime/ProceduralMeshComponent/ProceduralMeshComponent.uplugin
LogPluginManager: Loaded Plugin SoundMod, From C:/Program Files (x86)/Epic Games/4.14/Engine/Plugins/Runtime/SoundMod/SoundMod.uplugin
LogPluginManager: Loaded Plugin SoundVisualizations, From C:/Program Files (x86)/Epic Games/4.14/Engine/Plugins/Runtime/SoundVisualizations/SoundVisualizations.uplugin
LogPluginManager: Loaded Plugin SteamController, From C:/Program Files (x86)/Epic Games/4.14/Engine/Plugins/Runtime/Steam/SteamController/SteamController.uplugin
LogPluginManager: Loaded Plugin SteamVR, From C:/Program Files (x86)/Epic Games/4.14/Engine/Plugins/Runtime/Steam/SteamVR/SteamVR.uplugin
LogPluginManager: Loaded Plugin WebBrowserWidget, From C:/Program Files (x86)/Epic Games/4.14/Engine/Plugins/Runtime/WebBrowserWidget/WebBrowserWidget.uplugin
LogPluginManager: Loaded Plugin WindowsDeviceProfileSelector, From C:/Program Files (x86)/Epic Games/4.14/Engine/Plugins/Runtime/WindowsDeviceProfileSelector/WindowsDeviceProfileSelector.uplugin
LogPluginManager: Loaded Plugin WindowsMoviePlayer, From C:/Program Files (x86)/Epic Games/4.14/Engine/Plugins/Runtime/WindowsMoviePlayer/WindowsMoviePlayer.uplugin
LogPluginManager: Loaded Plugin ScriptPlugin, From C:/Program Files (x86)/Epic Games/4.14/Engine/Plugins/ScriptPlugin/ScriptPlugin.uplugin
LogPluginManager: Loaded Plugin SlateRemote, From C:/Program Files (x86)/Epic Games/4.14/Engine/Plugins/Slate/SlateRemote/SlateRemote.uplugin
LogPluginManager: Loaded Plugin EditorTests, From C:/Program Files (x86)/Epic Games/4.14/Engine/Plugins/Tests/EditorTests/EditorTests.uplugin
LogPluginManager: Loaded Plugin FbxAutomationTestBuilder, From C:/Program Files (x86)/Epic Games/4.14/Engine/Plugins/Tests/FbxAutomationTestBuilder/FbxAutomationTestBuilder.uplugin
LogPluginManager: Loaded Plugin FunctionalTestingEditor, From C:/Program Files (x86)/Epic Games/4.14/Engine/Plugins/Tests/FunctionalTestingEditor/FunctionalTestingEditor.uplugin
LogPluginManager: Loaded Plugin RuntimeTests, From C:/Program Files (x86)/Epic Games/4.14/Engine/Plugins/Tests/RuntimeTests/RuntimeTests.uplugin
LogPluginManager: Loaded Plugin ScreenshotTools, From C:/Program Files (x86)/Epic Games/4.14/Engine/Plugins/Tests/ScreenshotTools/ScreenshotTools.uplugin
LogInit: Using libcurl 7.47.1
LogInit:  - built for x86_64-pc-win32
LogInit:  - supports SSL with OpenSSL/1.0.2g
LogInit:  - supports HTTP deflate (compression) using libz 1.2.8
LogInit:  - other features:
LogInit:      CURL_VERSION_SSL
LogInit:      CURL_VERSION_LIBZ
LogInit:      CURL_VERSION_IPV6
LogInit:      CURL_VERSION_ASYNCHDNS
LogInit:      CURL_VERSION_LARGEFILE
LogInit:      CURL_VERSION_IDN
LogInit:  CurlRequestOptions (configurable via config and command line):
LogInit:  - bVerifyPeer = false  - Libcurl will NOT verify peer certificate
LogInit:  - bUseHttpProxy = false  - Libcurl will NOT use HTTP proxy
LogInit:  - bDontReuseConnections = false  - Libcurl will reuse connections
LogInit:  - CertBundlePath = nullptr  - Libcurl will use whatever was configured at build time.
LogInit: Build: ++UE4+Release-4.14-CL-3195953
LogInit: Engine Version: 4.14.0-3195953+++UE4+Release-4.14
LogInit: Compatible Engine Version: 4.14.0-3195953+++UE4+Release-4.14
LogInit: Net CL: 3195953
LogDevObjectVersion: Number of dev versions registered: 13
LogDevObjectVersion:   Dev-Blueprints (B0D832E4-1F89-4F0D-ACCF-7EB736FD4AA2): 7
LogDevObjectVersion:   Dev-Build (E1C64328-A22C-4D53-A36C-8E866417BD8C): 0
LogDevObjectVersion:   Dev-Core (375EC13C-06E4-48FB-B500-84F0262A717E): 1
LogDevObjectVersion:   Dev-Editor (E4B068ED-F494-42E9-A231-DA0B2E46BB41): 8
LogDevObjectVersion:   Dev-Framework (CFFC743F-43B0-4480-9391-14DF171D2073): 17
LogDevObjectVersion:   Dev-Mobile (B02B49B5-BB20-44E9-A304-32B752E40360): 0
LogDevObjectVersion:   Dev-Networking (A4E4105C-59A1-49B5-A7C5-40C4547EDFEE): 0
LogDevObjectVersion:   Dev-Online (39C831C9-5AE6-47DC-9A44-9C173E1C8E7C): 0
LogDevObjectVersion:   Dev-Physics (78F01B33-EBEA-4F98-B9B4-84EACCB95AA2): 0
LogDevObjectVersion:   Dev-Platform (6631380F-2D4D-43E0-8009-CF276956A95A): 0
LogDevObjectVersion:   Dev-Rendering (12F88B9F-8875-4AFC-A67C-D90C383ABD29): 12
LogDevObjectVersion:   Dev-Sequencer (7B5AE74C-D270-4C10-A958-57980B212A5A): 1
LogDevObjectVersion:   Dev-VR (D7296918-1DD6-4BDD-9DE2-64A83CC13884): 0
LogInit: Compiled (64-bit): Nov 12 2016 02:14:10
LogInit: Compiled with Visual C++: 19.00.23026.00
LogInit: Build Configuration: Development
LogInit: Branch Name: ++UE4+Release-4.14
LogInit: Command line:  
LogInit: Base directory: C:/Program Files (x86)/Epic Games/4.14/Engine/Binaries/Win64/
LogInit: Installed Engine Build: 1
LogInit: Presizing for max 8388607 objects, including 0 objects not considered by GC, pre-allocating 0 bytes for permanent pool.
LogInit: Object subsystem initialized
[2016.12.13-00.53.43:330][  0]LogInit: Selected Device Profile: [Windows]
[2016.12.13-00.53.43:330][  0]LogInit: Applying CVar settings loaded from the selected device profile: [Windows]
[2016.12.13-00.53.43:353][  0]LogInit: Computer: THO-TC-LEN013
[2016.12.13-00.53.43:353][  0]LogInit: User: mholtz
[2016.12.13-00.53.43:353][  0]LogInit: CPU Page size=65536, Cores=4
[2016.12.13-00.53.43:353][  0]LogInit: High frequency timer resolution =2.728212 MHz
[2016.12.13-00.53.43:353][  0]LogMemory: Memory total: Physical=15.9GB (16GB approx)
[2016.12.13-00.53.43:353][  0]LogMemory: Platform Memory Stats for Windows
[2016.12.13-00.53.43:353][  0]LogMemory: Process Physical Memory: 267.03 MB used, 267.03 MB peak
[2016.12.13-00.53.43:353][  0]LogMemory: Process Virtual Memory: 266.21 MB used, 266.21 MB peak
[2016.12.13-00.53.43:353][  0]LogMemory: Physical Memory: 5262.23 MB used,  11026.90 MB free, 16289.13 MB total
[2016.12.13-00.53.43:353][  0]LogMemory: Virtual Memory: 681.16 MB used,  11026.90 MB free, 8388608.00 MB total
[2016.12.13-00.53.43:587][  0]LogTextLocalizationManager: No specific translations for ('en-US') exist, so ('en') translations will be used.
[2016.12.13-00.53.44:980][  0]LogD3D11RHI: D3D11 adapters:
[2016.12.13-00.53.45:081][  0]LogD3D11RHI:    0. 'Intel(R) HD Graphics 4600' (Feature Level 11_0)
[2016.12.13-00.53.45:081][  0]LogD3D11RHI:       2214/0/7888 MB DedicatedVideo/DedicatedSystem/SharedSystem, Outputs:3, VendorId:0x8086
[2016.12.13-00.53.45:081][  0]LogD3D11RHI: Chosen D3D11 Adapter: 0
[2016.12.13-00.53.45:087][  0]LogD3D11RHI: Creating new Direct3DDevice
[2016.12.13-00.53.45:087][  0]LogD3D11RHI:     GPU DeviceId: 0x416 (for the marketing name, search the web for "GPU Device Id")
[2016.12.13-00.53.45:087][  0]LogWindows: EnumDisplayDevices:
[2016.12.13-00.53.45:087][  0]LogWindows:    0. 'Intel(R) HD Graphics 4600' (P:1 D:1)
[2016.12.13-00.53.45:088][  0]LogWindows:    1. 'Intel(R) HD Graphics 4600' (P:0 D:1)
[2016.12.13-00.53.45:088][  0]LogWindows:    2. 'Intel(R) HD Graphics 4600' (P:0 D:1)
[2016.12.13-00.53.45:088][  0]LogWindows:    3. 'RDPDD Chained DD' (P:0 D:0)
[2016.12.13-00.53.45:088][  0]LogWindows:    4. 'RDP Encoder Mirror Driver' (P:0 D:0)
[2016.12.13-00.53.45:088][  0]LogWindows:    5. 'RDP Reflector Display Driver' (P:0 D:0)
[2016.12.13-00.53.45:088][  0]LogWindows: DebugString: GetVideoDriverDetailsInvalid PrimaryIsNotTheChoosenAdapter GetVideoDriverDetailsInvalid PrimaryIsNotTheChoosenAdapter GetVideoDriverDetailsInvalid PrimaryIsNotTheChoosenAdapter FoundDriverCount:3 
[2016.12.13-00.53.45:088][  0]LogD3D11RHI:     Adapter Name: Intel(R) HD Graphics 4600
[2016.12.13-00.53.45:088][  0]LogD3D11RHI:   Driver Version: 10.18.14.4280 (internal:10.18.14.4280, unified:10.18.14.4280)
[2016.12.13-00.53.45:088][  0]LogD3D11RHI:      Driver Date: 8-28-2015
[2016.12.13-00.53.45:088][  0]LogRHI: Texture pool is 1361 MB (70% of 1945 MB)
[2016.12.13-00.53.45:103][  0]LogD3D11RHI: Async texture creation enabled
[2016.12.13-00.53.45:110][  0]LogD3D11RHI: GPU Timing Frequency: 12.500000 (Debug: 2 0)
[2016.12.13-00.53.45:110][  0]LogShaderCompilers: Guid format shader working directory is -10 characters bigger than the processId version (../../../../../../projects/Unreal Projects/MenuHudProject/Intermediate/Shaders/WorkingDirectory/4784/).
[2016.12.13-00.53.45:111][  0]LogShaderCompilers: Cleaned the shader compiler working directory 'C:/Users/mholtz/AppData/Local/Temp/UnrealShaderWorkingDir/4B154FFE48D4B19B888EA793ED17641B/'.
[2016.12.13-00.53.45:111][  0]LogShaderCompilers:Display: Using Local Shader Compiler.
[2016.12.13-00.53.47:563][  0]LogTemp:Display: Loaded TP AllDesktopTargetPlatform
[2016.12.13-00.53.47:654][  0]LogTemp:Display: Loaded TP MacClientTargetPlatform
[2016.12.13-00.53.47:746][  0]LogTemp:Display: Loaded TP MacNoEditorTargetPlatform
[2016.12.13-00.53.47:840][  0]LogTemp:Display: Loaded TP MacServerTargetPlatform
[2016.12.13-00.53.47:932][  0]LogTemp:Display: Loaded TP MacTargetPlatform
[2016.12.13-00.53.48:020][  0]LogTemp:Display: Loaded TP WindowsClientTargetPlatform
[2016.12.13-00.53.48:111][  0]LogTemp:Display: Loaded TP WindowsNoEditorTargetPlatform
[2016.12.13-00.53.48:197][  0]LogTemp:Display: Loaded TP WindowsServerTargetPlatform
[2016.12.13-00.53.48:276][  0]LogTemp:Display: Loaded TP WindowsTargetPlatform
[2016.12.13-00.53.48:372][  0]LogTemp:Display: Loaded TP AndroidTargetPlatform
[2016.12.13-00.53.48:464][  0]LogTemp:Display: Loaded TP Android_ASTCTargetPlatform
[2016.12.13-00.53.48:558][  0]LogTemp:Display: Loaded TP Android_ATCTargetPlatform
[2016.12.13-00.53.48:654][  0]LogTemp:Display: Loaded TP Android_DXTTargetPlatform
[2016.12.13-00.53.48:748][  0]LogTemp:Display: Loaded TP Android_ETC1TargetPlatform
[2016.12.13-00.53.48:835][  0]LogTemp:Display: Loaded TP Android_ETC2TargetPlatform
[2016.12.13-00.53.49:018][  0]LogTemp:Display: Loaded TP Android_MultiTargetPlatform
[2016.12.13-00.53.49:018][  0]LogTemp:Display: Loaded TP Android_PVRTCTargetPlatform
[2016.12.13-00.53.49:093][  0]LogTemp:Display: Loaded TP HTML5TargetPlatform
[2016.12.13-00.53.49:237][  0]LogTemp:Display: Loaded TP IOSTargetPlatform
[2016.12.13-00.53.49:270][  0]LogTemp:Display: Loaded TP TVOSTargetPlatform
[2016.12.13-00.53.49:357][  0]LogTemp:Display: Loaded TP LinuxClientTargetPlatform
[2016.12.13-00.53.49:447][  0]LogTemp:Display: Loaded TP LinuxNoEditorTargetPlatform
[2016.12.13-00.53.49:537][  0]LogTemp:Display: Loaded TP LinuxServerTargetPlatform
[2016.12.13-00.53.49:633][  0]LogTemp:Display: Loaded TP LinuxTargetPlatform
[2016.12.13-00.53.49:633][  0]LogTargetPlatformManager:Display: Building Assets For Windows
[2016.12.13-00.53.50:340][  0]LogDerivedDataCache:Display: Max Cache Size: 512 MB
[2016.12.13-00.53.50:395][  0]LogDerivedDataCache: Loaded boot cache 0.06s 50MB C:/Users/mholtz/AppData/Local/UnrealEngine/4.14/DerivedDataCache/Boot.ddc.
[2016.12.13-00.53.50:396][  0]LogDerivedDataCache:Display: Loaded Boot cache: C:/Users/mholtz/AppData/Local/UnrealEngine/4.14/DerivedDataCache/Boot.ddc
[2016.12.13-00.53.50:396][  0]LogDerivedDataCache: FDerivedDataBackendGraph:  Pak pak cache file ../../../../../../projects/Unreal Projects/MenuHudProject/DerivedDataCache/DDC.ddp not found, will not use a pak cache.
[2016.12.13-00.53.50:396][  0]LogDerivedDataCache: Unable to find inner node Pak for hierarchical cache Hierarchy.
[2016.12.13-00.53.50:396][  0]LogDerivedDataCache: FDerivedDataBackendGraph:  CompressedPak pak cache file ../../../../../../projects/Unreal Projects/MenuHudProject/DerivedDataCache/Compressed.ddp not found, will not use a pak cache.
[2016.12.13-00.53.50:396][  0]LogDerivedDataCache: Unable to find inner node CompressedPak for hierarchical cache Hierarchy.
[2016.12.13-00.53.50:418][  0]LogDerivedDataCache:Display: Pak cache opened for reading ../../../Engine/DerivedDataCache/Compressed.ddp.
[2016.12.13-00.53.50:431][  0]LogDerivedDataCache: Using Local data cache path C:/Users/mholtz/AppData/Local/UnrealEngine/Common/DerivedDataCache: Writable
[2016.12.13-00.53.52:544][  0]LogInit: Selected Device Profile: [Windows]
[2016.12.13-00.53.52:546][  0]LogContentStreaming: Texture pool size is 0.00 MB
[2016.12.13-00.53.52:831][  0]LogMeshUtilities: Using QuadricMeshReduction for automatic static mesh reduction
[2016.12.13-00.53.52:927][  0]LogSimplygon: Simplygon DLL not present - disabling.
[2016.12.13-00.53.53:013][  0]LogMeshUtilities: Using SimplygonSwarm for distributed automatic mesh merging
[2016.12.13-00.53.53:013][  0]LogMeshUtilities: No automatic skeletal mesh reduction module available
[2016.12.13-00.53.53:013][  0]LogMeshUtilities: No automatic mesh merging module available
[2016.12.13-00.53.53:851][  0]LogNetVersion: GetLocalNetworkVersion: CL: 3195953, ProjectName: menuhudproject, ProjectVersion: , EngineNetworkVersion: 2, GameNetworkVersion: 0, NetworkChecksum: 1093614201
[2016.12.13-00.53.53:909][  0]LogAssetRegistry: FAssetRegistry took 0.0199 seconds to start up
[2016.12.13-00.53.53:968][  0]LogPackageLocalizationCache: Processed 3 localized package path(s) for 2 prioritized culture(s) in 0.039416 seconds
[2016.12.13-00.53.53:972][  0]LogUObjectArray: 31946 objects as part of root set at end of initial load.
[2016.12.13-00.53.53:972][  0]LogUObjectAllocator: 6935848 out of 0 bytes used by permanent object pool.
[2016.12.13-00.53.53:972][  0]LogUObjectArray: CloseDisregardForGC: 0/0 objects in disregard for GC pool
[2016.12.13-00.53.54:029][  0]LogInit: WinSock: version 1.1 (2.2), MaxSocks=32767, MaxUdp=65467
[2016.12.13-00.53.55:279][  0]LogSlate: Using Freetype 2.6.0
[2016.12.13-00.53.55:283][  0]LogSlate: SlateFontCache - WITH_FREETYPE: 1, WITH_HARFBUZZ: 1
[2016.12.13-00.53.55:283][  0]LogSlate: SlateFontCache - WITH_FREETYPE: 1, WITH_HARFBUZZ: 1
[2016.12.13-00.53.57:915][  0]LogTcpMessaging: Initializing TcpMessaging bridge
[2016.12.13-00.53.57:956][  0]LogUdpMessaging: Initializing bridge on interface 0.0.0.0:0 to multicast group 230.0.0.1:6666.
[2016.12.13-00.53.58:603][  0]LogMaterial: Uniform references updated for custom material expression Custom.
[2016.12.13-00.53.59:269][  0]SourceControl: Info Source control is disabled
[2016.12.13-00.53.59:403][  0]SourceControl: Info Source control is disabled
[2016.12.13-00.53.59:480][  0]SourceControl: Info Source control is disabled
[2016.12.13-00.53.59:561][  0]SourceControl: Info Source control is disabled
[2016.12.13-00.54.00:013][  0]LogLinker:Warning: Can't find file '/Game/PuzzleBP/Tutorial/Part1-Overview'
[2016.12.13-00.54.00:013][  0]LogLinker:Warning: Can't find file '/Game/PuzzleBP/Tutorial/Part1-Overview'
[2016.12.13-00.54.00:013][  0]LogUObjectGlobals:Warning: Failed to find object 'Class /Game/PuzzleBP/Tutorial/Part1-Overview.Part1-Overview_C'
[2016.12.13-00.54.00:013][  0]LogLinker:Warning: Can't find file '/Game/PuzzleBP/Tutorial/Part2-BlockBlueprint'
[2016.12.13-00.54.00:013][  0]LogLinker:Warning: Can't find file '/Game/PuzzleBP/Tutorial/Part2-BlockBlueprint'
[2016.12.13-00.54.00:013][  0]LogUObjectGlobals:Warning: Failed to find object 'Class /Game/PuzzleBP/Tutorial/Part2-BlockBlueprint.Part2-BlockBlueprint_C'
[2016.12.13-00.54.01:618][  0]LogEngine: Initializing Engine...
[2016.12.13-00.54.01:619][  0]LogHMD: Failed to initialize OpenVR with code 110
[2016.12.13-00.54.02:003][  0]LogAIModule: Creating AISystem for world Untitled
[2016.12.13-00.54.02:034][  0]LogInit: XAudio2 using 'Headphone (Realtek High Definition Audio)' : 2 channels at 48 kHz using 32 bits per sample (channel mask 0x3)
[2016.12.13-00.54.02:153][  0]LogInit: FAudioDevice initialized.
[2016.12.13-00.54.02:195][  0]LogDerivedDataCache: Saved boot cache 0.04s 50MB C:/Users/mholtz/AppData/Local/UnrealEngine/4.14/DerivedDataCache/Boot.ddc.
[2016.12.13-00.54.02:203][  0]LogInit: Texture streaming: Enabled
[2016.12.13-00.54.02:513][  0]LogInit: Transaction tracking system initialized
[2016.12.13-00.54.03:067][  0]BlueprintLog: New page: Editor Load
[2016.12.13-00.54.04:394][  0]LocalizationService: Info Localization service is disabled
[2016.12.13-00.54.05:373][  0]LogConsoleResponse:Display: 
[2016.12.13-00.54.05:574][  0]LogCook:Display: Max memory allowance for cook 16384mb min free memory 0mb
[2016.12.13-00.54.05:574][  0]LogCook:Display: Mobile HDR setting 1
[2016.12.13-00.54.05:776][  0]LogFileCache: Scanning file cache for directory 'C:/projects/Unreal Projects/MenuHudProject/Content/' took 0.01s
[2016.12.13-00.54.07:148][  0]SourceControl: Info Source control is disabled
[2016.12.13-00.54.07:148][  0]Cmd: MAP LOAD FILE="../../../../../../projects/Unreal Projects/MenuHudProject/Content/2DSideScrollerBP/Maps/2DSideScrollerExampleMap.umap" TEMPLATE=0 SHOWPROGRESS=1 FEATURELEVEL=3
[2016.12.13-00.54.07:150][  0]LightingResults: New page: Lighting Build
[2016.12.13-00.54.07:239][  0]MapCheck: New page: Map Check
[2016.12.13-00.54.07:239][  0]LightingResults: New page: Lighting Build
[2016.12.13-00.54.07:488][  0]LogAIModule: Creating AISystem for world 2DSideScrollerExampleMap
[2016.12.13-00.54.07:492][  0]LogEditorServer: Finished looking for orphan Actors (0.000 secs)
[2016.12.13-00.54.07:493][  0]Cmd: MAP CHECKDEP NOCLEARLOG
[2016.12.13-00.54.07:590][  0]MapCheck: Info Map check complete: 0 Error(s), 0 Warning(s), took 96.862ms to complete.
[2016.12.13-00.54.07:590][  0]LogFileHelpers: Loading map '2DSideScrollerExampleMap' took 0.442
[2016.12.13-00.54.07:733][  0]LogCollectionManager: Loaded 0 collections in 0.001842 seconds
[2016.12.13-00.54.07:856][  0]LogFileCache: Scanning file cache for directory 'C:/projects/Unreal Projects/MenuHudProject/Saved/Collections/' took 0.01s
[2016.12.13-00.54.07:856][  0]LogFileCache: Scanning file cache for directory 'C:/projects/Unreal Projects/MenuHudProject/Content/Developers/mholtz/Collections/' took 0.01s
[2016.12.13-00.54.07:856][  0]LogFileCache: Scanning file cache for directory 'C:/projects/Unreal Projects/MenuHudProject/Content/Collections/' took 0.01s
[2016.12.13-00.54.07:856][  0]LogCollectionManager: Rebuilt the GUID cache for 0 collections in 0.000001 seconds
[2016.12.13-00.54.07:864][  0]LogContentBrowser: Native class hierarchy populated in 0.0080 seconds. Added 2190 classes and 428 folders.
[2016.12.13-00.54.07:936][  0]LogStats: UGameplayTagsManager::ConstructGameplayTagTree: Construct from data asset -  0.000 s
[2016.12.13-00.54.07:936][  0]LogStats: UGameplayTagsManager::ConstructGameplayTagTree: GameplayTagTreeChangedEvent.Broadcast -  0.000 s
[2016.12.13-00.54.07:936][  0]LogContentBrowser: Native class hierarchy updated for 'GameplayTags' in 0.0006 seconds. Added 13 classes and 0 folders.
[2016.12.13-00.54.08:029][  0]LogContentBrowser: Native class hierarchy updated for 'WidgetCarousel' in 0.0005 seconds. Added 0 classes and 0 folders.
[2016.12.13-00.54.08:158][  0]LogContentBrowser: Native class hierarchy updated for 'AddContentDialog' in 0.0005 seconds. Added 0 classes and 0 folders.
[2016.12.13-00.54.08:228][  0]LogCrashTracker: Crashtracker disabled due to settings.
[2016.12.13-00.54.08:232][  0]LogUObjectGlobals:Warning: Failed to find object 'Class None.'
[2016.12.13-00.54.08:340][  0]LogContentBrowser: Native class hierarchy updated for 'HierarchicalLODOutliner' in 0.0005 seconds. Added 1 classes and 2 folders.
[2016.12.13-00.54.08:340][  0]LogLoad: (Engine Initialization) Total time: 28.23 seconds
[2016.12.13-00.54.08:340][  0]LogLoad: (Engine Initialization) Total Blueprint compile time: 0.13 seconds
[2016.12.13-00.54.08:340][  0]LogExternalProfiler: Found external profiler: VSPerf
[2016.12.13-00.54.08:340][  0]LogExternalProfiler: Using external profiler: VSPerf
[2016.12.13-00.54.08:357][  0]LogOcInput: OculusInput pre-init called
[2016.12.13-00.54.08:375][  0]LogContentStreaming: Texture pool size now 1000 MB
[2016.12.13-00.54.08:508][  0]LogRenderer: Reallocating scene render targets to support 872x936 NumSamples 1 (Frame:2).
[2016.12.13-00.54.09:281][  1]LogAssetRegistry: Asset discovery search completed in 15.3918 seconds
[2016.12.13-00.54.09:281][  1]LogCollectionManager: Rebuilt the object cache for 0 collections in 0.000001 seconds (found 0 objects)
[2016.12.13-00.54.09:281][  1]LogCollectionManager: Fixed up redirectors for 0 collections in 0.000013 seconds (updated 0 objects)
[2016.12.13-00.54.13:295][182]LogContentBrowser: Native class hierarchy updated for 'BlueprintGraph' in 0.0010 seconds. Added 111 classes and 0 folders.
[2016.12.13-00.54.48:425][904]LogTemp: Repeting last play command: Selected Viewport
[2016.12.13-00.54.48:444][904]LogBlueprintUserMessages: Early PlayInEditor Detection: Level '/Game/2DSideScrollerBP/Maps/2DSideScrollerExampleMap.2DSideScrollerExampleMap:PersistentLevel' has LevelScriptBlueprint '/Game/2DSideScrollerBP/Maps/2DSideScrollerExampleMap.2DSideScrollerExampleMap:PersistentLevel.2DSideScrollerExampleMap' with GeneratedClass '/Game/2DSideScrollerBP/Maps/2DSideScrollerExampleMap.2DSideScrollerExampleMap_C' with ClassGeneratedBy '/Game/2DSideScrollerBP/Maps/2DSideScrollerExampleMap.2DSideScrollerExampleMap:PersistentLevel.2DSideScrollerExampleMap'
[2016.12.13-00.54.48:444][904]BlueprintLog: New page: Pre-Play auto-recompile
[2016.12.13-00.54.48:444][904]LogPlayLevel: [PlayLevel] Compiling MainMenu before play...
[2016.12.13-00.54.48:533][904]LogPlayLevel: PlayLevel: Blueprint regeneration took 89 ms (1 blueprints)
[2016.12.13-00.54.48:533][904]PIE: New page: PIE session: 2DSideScrollerExampleMap (Dec 12, 2016, 8:54:48 AM)
[2016.12.13-00.54.48:533][904]LogPlayLevel: Creating play world package: /Game/2DSideScrollerBP/Maps/UEDPIE_0_2DSideScrollerExampleMap
[2016.12.13-00.54.48:536][904]LogPlayLevel: PIE: StaticDuplicateObject took: (0.002441s)
[2016.12.13-00.54.48:536][904]LogAIModule: Creating AISystem for world 2DSideScrollerExampleMap
[2016.12.13-00.54.48:536][904]LogPlayLevel: PIE: World Init took: (0.000637s)
[2016.12.13-00.54.48:536][904]LogPlayLevel: PIE: Created PIE world by copying editor world from /Game/2DSideScrollerBP/Maps/2DSideScrollerExampleMap.2DSideScrollerExampleMap to /Game/2DSideScrollerBP/Maps/UEDPIE_0_2DSideScrollerExampleMap.2DSideScrollerExampleMap (0.003258s)
[2016.12.13-00.54.48:551][904]LogInit: XAudio2 using 'Headphone (Realtek High Definition Audio)' : 2 channels at 48 kHz using 32 bits per sample (channel mask 0x3)
[2016.12.13-00.54.48:562][904]LogInit: FAudioDevice initialized.
[2016.12.13-00.54.48:606][904]LogLoad: Game class is '2DSideScrollerGameMode_C'
[2016.12.13-00.54.48:607][904]LogWorld: Bringing World /Game/2DSideScrollerBP/Maps/UEDPIE_0_2DSideScrollerExampleMap.2DSideScrollerExampleMap up for play (max tick rate 60) at 2016.12.12-16.54.48
[2016.12.13-00.54.48:608][904]LogWorld: Bringing up level for play took: 0.001199
[2016.12.13-00.54.48:673][904]LogContentBrowser: Native class hierarchy updated for 'MovieSceneCapture' in 0.0005 seconds. Added 11 classes and 0 folders.
[2016.12.13-00.54.48:673][904]PIE: Info Play in editor start time for /Game/2DSideScrollerBP/Maps/UEDPIE_0_2DSideScrollerExampleMap 0.627
[2016.12.13-00.54.48:674][904]LogBlueprintUserMessages: Late PlayInEditor Detection: Level '/Game/2DSideScrollerBP/Maps/2DSideScrollerExampleMap.2DSideScrollerExampleMap:PersistentLevel' has LevelScriptBlueprint '/Game/2DSideScrollerBP/Maps/2DSideScrollerExampleMap.2DSideScrollerExampleMap:PersistentLevel.2DSideScrollerExampleMap' with GeneratedClass '/Game/2DSideScrollerBP/Maps/2DSideScrollerExampleMap.2DSideScrollerExampleMap_C' with ClassGeneratedBy '/Game/2DSideScrollerBP/Maps/2DSideScrollerExampleMap.2DSideScrollerExampleMap:PersistentLevel.2DSideScrollerExampleMap'
[2016.12.13-00.55.06:223][345]LogBlueprintUserMessages: Early EndPlayMap Detection: Level '/Game/2DSideScrollerBP/Maps/2DSideScrollerExampleMap.2DSideScrollerExampleMap:PersistentLevel' has LevelScriptBlueprint '/Game/2DSideScrollerBP/Maps/2DSideScrollerExampleMap.2DSideScrollerExampleMap:PersistentLevel.2DSideScrollerExampleMap' with GeneratedClass '/Game/2DSideScrollerBP/Maps/2DSideScrollerExampleMap.2DSideScrollerExampleMap_C' with ClassGeneratedBy '/Game/2DSideScrollerBP/Maps/2DSideScrollerExampleMap.2DSideScrollerExampleMap:PersistentLevel.2DSideScrollerExampleMap'
[2016.12.13-00.55.06:279][345]LogBlueprintUserMessages: Late EndPlayMap Detection: Level '/Game/2DSideScrollerBP/Maps/2DSideScrollerExampleMap.2DSideScrollerExampleMap:PersistentLevel' has LevelScriptBlueprint '/Game/2DSideScrollerBP/Maps/2DSideScrollerExampleMap.2DSideScrollerExampleMap:PersistentLevel.2DSideScrollerExampleMap' with GeneratedClass '/Game/2DSideScrollerBP/Maps/2DSideScrollerExampleMap.2DSideScrollerExampleMap_C' with ClassGeneratedBy '/Game/2DSideScrollerBP/Maps/2DSideScrollerExampleMap.2DSideScrollerExampleMap:PersistentLevel.2DSideScrollerExampleMap'
[2016.12.13-00.55.24:499][345]LogTemp: Repeting last play command: Selected Viewport
[2016.12.13-00.55.24:512][345]LogBlueprintUserMessages: Early PlayInEditor Detection: Level '/Game/2DSideScrollerBP/Maps/2DSideScrollerExampleMap.2DSideScrollerExampleMap:PersistentLevel' has LevelScriptBlueprint '/Game/2DSideScrollerBP/Maps/2DSideScrollerExampleMap.2DSideScrollerExampleMap:PersistentLevel.2DSideScrollerExampleMap' with GeneratedClass '/Game/2DSideScrollerBP/Maps/2DSideScrollerExampleMap.2DSideScrollerExampleMap_C' with ClassGeneratedBy '/Game/2DSideScrollerBP/Maps/2DSideScrollerExampleMap.2DSideScrollerExampleMap:PersistentLevel.2DSideScrollerExampleMap'
[2016.12.13-00.55.24:512][345]BlueprintLog: New page: Pre-Play auto-recompile
[2016.12.13-00.55.24:512][345]LogPlayLevel: [PlayLevel] Compiling MainMenu before play...
[2016.12.13-00.55.24:608][345]LogPlayLevel: PlayLevel: Blueprint regeneration took 96 ms (1 blueprints)
[2016.12.13-00.55.24:609][345]PIE: New page: PIE session: 2DSideScrollerExampleMap (Dec 12, 2016, 8:55:24 AM)
[2016.12.13-00.55.24:609][345]LogPlayLevel: Creating play world package: /Game/2DSideScrollerBP/Maps/UEDPIE_0_2DSideScrollerExampleMap
[2016.12.13-00.55.24:611][345]LogPlayLevel: PIE: StaticDuplicateObject took: (0.002232s)
[2016.12.13-00.55.24:612][345]LogAIModule: Creating AISystem for world 2DSideScrollerExampleMap
[2016.12.13-00.55.24:612][345]LogPlayLevel: PIE: World Init took: (0.000765s)
[2016.12.13-00.55.24:612][345]LogPlayLevel: PIE: Created PIE world by copying editor world from /Game/2DSideScrollerBP/Maps/2DSideScrollerExampleMap.2DSideScrollerExampleMap to /Game/2DSideScrollerBP/Maps/UEDPIE_0_2DSideScrollerExampleMap.2DSideScrollerExampleMap (0.003165s)
[2016.12.13-00.55.24:625][345]LogInit: XAudio2 using 'Headphone (Realtek High Definition Audio)' : 2 channels at 48 kHz using 32 bits per sample (channel mask 0x3)
[2016.12.13-00.55.24:635][345]LogInit: FAudioDevice initialized.
[2016.12.13-00.55.24:666][345]LogLoad: Game class is '2DSideScrollerGameMode_C'
[2016.12.13-00.55.24:668][345]LogWorld: Bringing World /Game/2DSideScrollerBP/Maps/UEDPIE_0_2DSideScrollerExampleMap.2DSideScrollerExampleMap up for play (max tick rate 60) at 2016.12.12-16.55.24
[2016.12.13-00.55.24:669][345]LogWorld: Bringing up level for play took: 0.001442
[2016.12.13-00.55.24:669][345]PIE: Info Play in editor start time for /Game/2DSideScrollerBP/Maps/UEDPIE_0_2DSideScrollerExampleMap 0.623
[2016.12.13-00.55.24:670][345]LogBlueprintUserMessages: Late PlayInEditor Detection: Level '/Game/2DSideScrollerBP/Maps/2DSideScrollerExampleMap.2DSideScrollerExampleMap:PersistentLevel' has LevelScriptBlueprint '/Game/2DSideScrollerBP/Maps/2DSideScrollerExampleMap.2DSideScrollerExampleMap:PersistentLevel.2DSideScrollerExampleMap' with GeneratedClass '/Game/2DSideScrollerBP/Maps/2DSideScrollerExampleMap.2DSideScrollerExampleMap_C' with ClassGeneratedBy '/Game/2DSideScrollerBP/Maps/2DSideScrollerExampleMap.2DSideScrollerExampleMap:PersistentLevel.2DSideScrollerExampleMap'
[2016.12.13-00.55.37:657][667]LogBlueprintUserMessages: Early EndPlayMap Detection: Level '/Game/2DSideScrollerBP/Maps/2DSideScrollerExampleMap.2DSideScrollerExampleMap:PersistentLevel' has LevelScriptBlueprint '/Game/2DSideScrollerBP/Maps/2DSideScrollerExampleMap.2DSideScrollerExampleMap:PersistentLevel.2DSideScrollerExampleMap' with GeneratedClass '/Game/2DSideScrollerBP/Maps/2DSideScrollerExampleMap.2DSideScrollerExampleMap_C' with ClassGeneratedBy '/Game/2DSideScrollerBP/Maps/2DSideScrollerExampleMap.2DSideScrollerExampleMap:PersistentLevel.2DSideScrollerExampleMap'
[2016.12.13-00.55.37:709][667]LogBlueprintUserMessages: Late EndPlayMap Detection: Level '/Game/2DSideScrollerBP/Maps/2DSideScrollerExampleMap.2DSideScrollerExampleMap:PersistentLevel' has LevelScriptBlueprint '/Game/2DSideScrollerBP/Maps/2DSideScrollerExampleMap.2DSideScrollerExampleMap:PersistentLevel.2DSideScrollerExampleMap' with GeneratedClass '/Game/2DSideScrollerBP/Maps/2DSideScrollerExampleMap.2DSideScrollerExampleMap_C' with ClassGeneratedBy '/Game/2DSideScrollerBP/Maps/2DSideScrollerExampleMap.2DSideScrollerExampleMap:PersistentLevel.2DSideScrollerExampleMap'
[2016.12.13-01.07.57:980][147]LogFileHelpers: Editor autosave (incl. sublevels) for '/Game/2DSideScrollerBP/Maps/2DSideScrollerExampleMap' took 0.015
[2016.12.13-01.07.57:982][147]OBJ SavePackage: Generating thumbnails for [0] asset(s) in package [/Game/MenuAndHud/MainMenu] ([1] browsable assets)...
[2016.12.13-01.07.57:982][147]OBJ SavePackage: Finished generating thumbnails for package [/Game/MenuAndHud/MainMenu]
[2016.12.13-01.07.57:982][147]Cmd: OBJ SAVEPACKAGE PACKAGE="/Game/MenuAndHud/MainMenu" FILE="../../../../../../projects/Unreal Projects/MenuHudProject/Saved/Autosaves/Game/MenuAndHud/MainMenu_Auto1.uasset" SILENT=false AUTOSAVING=true
[2016.12.13-01.07.57:996][147]LogSavePackage: Save=8.99ms
[2016.12.13-01.07.57:996][147]LogSavePackage: Moving '../../../../../../projects/Unreal Projects/MenuHudProject/Saved/MainMenu_Auto18250024D41729224054241B852AD66C8.tmp' to '../../../../../../projects/Unreal Projects/MenuHudProject/Saved/Autosaves/Game/MenuAndHud/MainMenu_Auto1.uasset'
[2016.12.13-01.07.57:998][147]LogSavePackage:Display: Finished SavePackage ../../../../../../projects/Unreal Projects/MenuHudProject/Saved/Autosaves/Game/MenuAndHud/MainMenu_Auto1.uasset
[2016.12.13-01.07.57:998][147]LogFileHelpers: Auto-saving content packages took 0.017
[2016.12.13-01.08.17:553][334]LogUObjectHash:Warning: Ambiguous search, could be WidgetBlueprint /Game/MenuAndHud/MainMenu.MainMenu or VerticalBox /Engine/Transient.World_1:MainMenu_C_16.WidgetTree.MainMenu
[2016.12.13-01.08.17:553][334]LogUObjectHash:Warning: Ambiguous search, could be WidgetBlueprint /Game/MenuAndHud/MainMenu.MainMenu or VerticalBox /Game/MenuAndHud/MainMenu.MainMenu:WidgetTree.MainMenu
[2016.12.13-01.08.17:554][334]LogUObjectHash:Warning: Ambiguous search, could be WidgetBlueprint /Game/MenuAndHud/MainMenu.MainMenu or VerticalBox /Engine/Transient.World_1:MainMenu_C_17.WidgetTree.MainMenu
[2016.12.13-01.08.17:554][334]LogUObjectHash:Warning: Ambiguous search, could be VerticalBoxSlot /Game/MenuAndHud/MainMenu.MainMenu:WidgetTree.MainMenu.VerticalBoxSlot_3 or VerticalBoxSlot /Engine/Transient.World_1:MainMenu_C_16.WidgetTree.MainMenu.VerticalBoxSlot_3
[2016.12.13-01.08.17:554][334]LogUObjectHash:Warning: Ambiguous search, could be VerticalBoxSlot /Game/MenuAndHud/MainMenu.MainMenu:WidgetTree.MainMenu.VerticalBoxSlot_3 or VerticalBoxSlot /Engine/Transient.World_1:MainMenu_C_17.WidgetTree.MainMenu.VerticalBoxSlot_3
[2016.12.13-01.08.17:554][334]LogProperty:Warning: Illegal TEXT reference to a private object in external package (VerticalBoxSlot /Game/MenuAndHud/MainMenu.MainMenu:WidgetTree.MainMenu.VerticalBoxSlot_3) from referencer (Button /Engine/UMG/Editor/Transient.Button_41).  Import failed...
[2016.12.13-01.08.17:554][334]LogProperty:Warning: ObjectProperty /Script/UMG.Widget:Slot: unresolved reference to 'VerticalBoxSlot'MainMenu.VerticalBoxSlot_3''
[2016.12.13-01.10.34:301][130]LogUObjectHash:Warning: Ambiguous search, could be VerticalBox /Game/MenuAndHud/MainMenu.MainMenu:WidgetTree.VerticalBox_1 or VerticalBox /Engine/Transient.World_1:MainMenu_C_14.WidgetTree.VerticalBox_1
[2016.12.13-01.10.34:301][130]LogUObjectHash:Warning: Ambiguous search, could be VerticalBox /Game/MenuAndHud/MainMenu.MainMenu:WidgetTree.VerticalBox_1 or VerticalBox /Engine/Transient.World_1:MainMenu_C_15.WidgetTree.VerticalBox_1
[2016.12.13-01.10.34:301][130]LogUObjectHash:Warning: Ambiguous search, could be VerticalBox /Game/MenuAndHud/MainMenu.MainMenu:WidgetTree.VerticalBox_1 or VerticalBox /Engine/Transient.World_1:MainMenu_C_16.WidgetTree.VerticalBox_1
[2016.12.13-01.10.34:301][130]LogUObjectHash:Warning: Ambiguous search, could be VerticalBox /Game/MenuAndHud/MainMenu.MainMenu:WidgetTree.VerticalBox_1 or VerticalBox /Engine/Transient.World_1:MainMenu_C_17.WidgetTree.VerticalBox_1
[2016.12.13-01.10.34:301][130]LogUObjectHash:Warning: Ambiguous search, could be VerticalBox /Game/MenuAndHud/MainMenu.MainMenu:WidgetTree.VerticalBox_1 or VerticalBox /Engine/Transient.World_1:MainMenu_C_18.WidgetTree.VerticalBox_1
[2016.12.13-01.10.34:301][130]LogUObjectHash:Warning: Ambiguous search, could be VerticalBox /Game/MenuAndHud/MainMenu.MainMenu:WidgetTree.VerticalBox_1 or VerticalBox /Engine/Transient.World_1:MainMenu_C_19.WidgetTree.VerticalBox_1
[2016.12.13-01.10.34:301][130]LogUObjectHash:Warning: Ambiguous search, could be VerticalBox /Game/MenuAndHud/MainMenu.MainMenu:WidgetTree.VerticalBox_1 or VerticalBox /Engine/Transient.World_1:MainMenu_C_20.WidgetTree.VerticalBox_1
[2016.12.13-01.10.34:301][130]LogUObjectHash:Warning: Ambiguous search, could be VerticalBox /Game/MenuAndHud/MainMenu.MainMenu:WidgetTree.VerticalBox_1 or VerticalBox /Engine/Transient.World_1:MainMenu_C_21.WidgetTree.VerticalBox_1
[2016.12.13-01.10.34:301][130]LogUObjectHash:Warning: Ambiguous search, could be VerticalBox /Game/MenuAndHud/MainMenu.MainMenu:WidgetTree.VerticalBox_1 or VerticalBox /Engine/Transient.World_1:MainMenu_C_22.WidgetTree.VerticalBox_1
[2016.12.13-01.10.34:301][130]LogUObjectHash:Warning: Ambiguous search, could be VerticalBox /Game/MenuAndHud/MainMenu.MainMenu:WidgetTree.VerticalBox_1 or VerticalBox /Engine/Transient.World_1:MainMenu_C_23.WidgetTree.VerticalBox_1
[2016.12.13-01.10.34:301][130]LogUObjectHash:Warning: Ambiguous search, could be VerticalBox /Game/MenuAndHud/MainMenu.MainMenu:WidgetTree.VerticalBox_1 or VerticalBox /Engine/Transient.World_1:MainMenu_C_24.WidgetTree.VerticalBox_1
[2016.12.13-01.10.34:301][130]LogUObjectHash:Warning: Ambiguous search, could be VerticalBox /Game/MenuAndHud/MainMenu.MainMenu:WidgetTree.VerticalBox_1 or VerticalBox /Engine/Transient.World_1:MainMenu_C_25.WidgetTree.VerticalBox_1
[2016.12.13-01.10.34:301][130]LogUObjectHash:Warning: Ambiguous search, could be VerticalBox /Game/MenuAndHud/MainMenu.MainMenu:WidgetTree.VerticalBox_1 or VerticalBox /Engine/Transient.World_1:MainMenu_C_26.WidgetTree.VerticalBox_1
[2016.12.13-01.10.34:301][130]LogUObjectHash:Warning: Ambiguous search, could be VerticalBox /Game/MenuAndHud/MainMenu.MainMenu:WidgetTree.VerticalBox_1 or VerticalBox /Engine/Transient.World_1:MainMenu_C_27.WidgetTree.VerticalBox_1
[2016.12.13-01.10.34:301][130]LogProperty:Warning: Illegal TEXT reference to a private object in external package (VerticalBoxSlot /Game/MenuAndHud/MainMenu.MainMenu:WidgetTree.VerticalBox_1.VerticalBoxSlot_7) from referencer (Button /Engine/UMG/Editor/Transient.Button_43).  Import failed...
[2016.12.13-01.10.34:301][130]LogProperty:Warning: ObjectProperty /Script/UMG.Widget:Slot: unresolved reference to 'VerticalBoxSlot'VerticalBox_1.VerticalBoxSlot_7''
[2016.12.13-01.10.36:216][228]LogUObjectHash:Warning: Ambiguous search, could be VerticalBox /Game/MenuAndHud/MainMenu.MainMenu:WidgetTree.VerticalBox_1 or VerticalBox /Engine/Transient.World_1:MainMenu_C_14.WidgetTree.VerticalBox_1
[2016.12.13-01.10.36:216][228]LogUObjectHash:Warning: Ambiguous search, could be VerticalBox /Game/MenuAndHud/MainMenu.MainMenu:WidgetTree.VerticalBox_1 or VerticalBox /Engine/Transient.World_1:MainMenu_C_15.WidgetTree.VerticalBox_1
[2016.12.13-01.10.36:216][228]LogUObjectHash:Warning: Ambiguous search, could be VerticalBox /Game/MenuAndHud/MainMenu.MainMenu:WidgetTree.VerticalBox_1 or VerticalBox /Engine/Transient.World_1:MainMenu_C_16.WidgetTree.VerticalBox_1
[2016.12.13-01.10.36:216][228]LogUObjectHash:Warning: Ambiguous search, could be VerticalBox /Game/MenuAndHud/MainMenu.MainMenu:WidgetTree.VerticalBox_1 or VerticalBox /Engine/Transient.World_1:MainMenu_C_17.WidgetTree.VerticalBox_1
[2016.12.13-01.10.36:216][228]LogUObjectHash:Warning: Ambiguous search, could be VerticalBox /Game/MenuAndHud/MainMenu.MainMenu:WidgetTree.VerticalBox_1 or VerticalBox /Engine/Transient.World_1:MainMenu_C_18.WidgetTree.VerticalBox_1
[2016.12.13-01.10.36:216][228]LogUObjectHash:Warning: Ambiguous search, could be VerticalBox /Game/MenuAndHud/MainMenu.MainMenu:WidgetTree.VerticalBox_1 or VerticalBox /Engine/Transient.World_1:MainMenu_C_19.WidgetTree.VerticalBox_1
[2016.12.13-01.10.36:216][228]LogUObjectHash:Warning: Ambiguous search, could be VerticalBox /Game/MenuAndHud/MainMenu.MainMenu:WidgetTree.VerticalBox_1 or VerticalBox /Engine/Transient.World_1:MainMenu_C_20.WidgetTree.VerticalBox_1
[2016.12.13-01.10.36:216][228]LogUObjectHash:Warning: Ambiguous search, could be VerticalBox /Game/MenuAndHud/MainMenu.MainMenu:WidgetTree.VerticalBox_1 or VerticalBox /Engine/Transient.World_1:MainMenu_C_21.WidgetTree.VerticalBox_1
[2016.12.13-01.10.36:216][228]LogUObjectHash:Warning: Ambiguous search, could be VerticalBox /Game/MenuAndHud/MainMenu.MainMenu:WidgetTree.VerticalBox_1 or VerticalBox /Engine/Transient.World_1:MainMenu_C_22.WidgetTree.VerticalBox_1
[2016.12.13-01.10.36:216][228]LogUObjectHash:Warning: Ambiguous search, could be VerticalBox /Game/MenuAndHud/MainMenu.MainMenu:WidgetTree.VerticalBox_1 or VerticalBox /Engine/Transient.World_1:MainMenu_C_23.WidgetTree.VerticalBox_1
[2016.12.13-01.10.36:216][228]LogUObjectHash:Warning: Ambiguous search, could be VerticalBox /Game/MenuAndHud/MainMenu.MainMenu:WidgetTree.VerticalBox_1 or VerticalBox /Engine/Transient.World_1:MainMenu_C_24.WidgetTree.VerticalBox_1
[2016.12.13-01.10.36:216][228]LogUObjectHash:Warning: Ambiguous search, could be VerticalBox /Game/MenuAndHud/MainMenu.MainMenu:WidgetTree.VerticalBox_1 or VerticalBox /Engine/Transient.World_1:MainMenu_C_25.WidgetTree.VerticalBox_1
[2016.12.13-01.10.36:216][228]LogUObjectHash:Warning: Ambiguous search, could be VerticalBox /Game/MenuAndHud/MainMenu.MainMenu:WidgetTree.VerticalBox_1 or VerticalBox /Engine/Transient.World_1:MainMenu_C_26.WidgetTree.VerticalBox_1
[2016.12.13-01.10.36:216][228]LogUObjectHash:Warning: Ambiguous search, could be VerticalBox /Game/MenuAndHud/MainMenu.MainMenu:WidgetTree.VerticalBox_1 or VerticalBox /Engine/Transient.World_1:MainMenu_C_27.WidgetTree.VerticalBox_1
[2016.12.13-01.10.36:216][228]LogUObjectHash:Warning: Ambiguous search, could be VerticalBox /Game/MenuAndHud/MainMenu.MainMenu:WidgetTree.VerticalBox_1 or VerticalBox /Engine/Transient.World_1:MainMenu_C_28.WidgetTree.VerticalBox_1
[2016.12.13-01.10.36:216][228]LogProperty:Warning: Illegal TEXT reference to a private object in external package (VerticalBoxSlot /Game/MenuAndHud/MainMenu.MainMenu:WidgetTree.VerticalBox_1.VerticalBoxSlot_7) from referencer (Button /Engine/UMG/Editor/Transient.Button_43).  Import failed...
[2016.12.13-01.10.36:216][228]LogProperty:Warning: ObjectProperty /Script/UMG.Widget:Slot: unresolved reference to 'VerticalBoxSlot'VerticalBox_1.VerticalBoxSlot_7''
[2016.12.13-01.10.37:669][311]LogUObjectHash:Warning: Ambiguous search, could be VerticalBox /Game/MenuAndHud/MainMenu.MainMenu:WidgetTree.VerticalBox_1 or VerticalBox /Engine/Transient.World_1:MainMenu_C_14.WidgetTree.VerticalBox_1
[2016.12.13-01.10.37:669][311]LogUObjectHash:Warning: Ambiguous search, could be VerticalBox /Game/MenuAndHud/MainMenu.MainMenu:WidgetTree.VerticalBox_1 or VerticalBox /Engine/Transient.World_1:MainMenu_C_15.WidgetTree.VerticalBox_1
[2016.12.13-01.10.37:669][311]LogUObjectHash:Warning: Ambiguous search, could be VerticalBox /Game/MenuAndHud/MainMenu.MainMenu:WidgetTree.VerticalBox_1 or VerticalBox /Engine/Transient.World_1:MainMenu_C_16.WidgetTree.VerticalBox_1
[2016.12.13-01.10.37:669][311]LogUObjectHash:Warning: Ambiguous search, could be VerticalBox /Game/MenuAndHud/MainMenu.MainMenu:WidgetTree.VerticalBox_1 or VerticalBox /Engine/Transient.World_1:MainMenu_C_17.WidgetTree.VerticalBox_1
[2016.12.13-01.10.37:669][311]LogUObjectHash:Warning: Ambiguous search, could be VerticalBox /Game/MenuAndHud/MainMenu.MainMenu:WidgetTree.VerticalBox_1 or VerticalBox /Engine/Transient.World_1:MainMenu_C_18.WidgetTree.VerticalBox_1
[2016.12.13-01.10.37:669][311]LogUObjectHash:Warning: Ambiguous search, could be VerticalBox /Game/MenuAndHud/MainMenu.MainMenu:WidgetTree.VerticalBox_1 or VerticalBox /Engine/Transient.World_1:MainMenu_C_19.WidgetTree.VerticalBox_1
[2016.12.13-01.10.37:669][311]LogUObjectHash:Warning: Ambiguous search, could be VerticalBox /Game/MenuAndHud/MainMenu.MainMenu:WidgetTree.VerticalBox_1 or VerticalBox /Engine/Transient.World_1:MainMenu_C_20.WidgetTree.VerticalBox_1
[2016.12.13-01.10.37:669][311]LogUObjectHash:Warning: Ambiguous search, could be VerticalBox /Game/MenuAndHud/MainMenu.MainMenu:WidgetTree.VerticalBox_1 or VerticalBox /Engine/Transient.World_1:MainMenu_C_21.WidgetTree.VerticalBox_1
[2016.12.13-01.10.37:669][311]LogUObjectHash:Warning: Ambiguous search, could be VerticalBox /Game/MenuAndHud/MainMenu.MainMenu:WidgetTree.VerticalBox_1 or VerticalBox /Engine/Transient.World_1:MainMenu_C_22.WidgetTree.VerticalBox_1
[2016.12.13-01.10.37:669][311]LogUObjectHash:Warning: Ambiguous search, could be VerticalBox /Game/MenuAndHud/MainMenu.MainMenu:WidgetTree.VerticalBox_1 or VerticalBox /Engine/Transient.World_1:MainMenu_C_23.WidgetTree.VerticalBox_1
[2016.12.13-01.10.37:669][311]LogUObjectHash:Warning: Ambiguous search, could be VerticalBox /Game/MenuAndHud/MainMenu.MainMenu:WidgetTree.VerticalBox_1 or VerticalBox /Engine/Transient.World_1:MainMenu_C_24.WidgetTree.VerticalBox_1
[2016.12.13-01.10.37:669][311]LogUObjectHash:Warning: Ambiguous search, could be VerticalBox /Game/MenuAndHud/MainMenu.MainMenu:WidgetTree.VerticalBox_1 or VerticalBox /Engine/Transient.World_1:MainMenu_C_25.WidgetTree.VerticalBox_1
[2016.12.13-01.10.37:669][311]LogUObjectHash:Warning: Ambiguous search, could be VerticalBox /Game/MenuAndHud/MainMenu.MainMenu:WidgetTree.VerticalBox_1 or VerticalBox /Engine/Transient.World_1:MainMenu_C_26.WidgetTree.VerticalBox_1
[2016.12.13-01.10.37:669][311]LogUObjectHash:Warning: Ambiguous search, could be VerticalBox /Game/MenuAndHud/MainMenu.MainMenu:WidgetTree.VerticalBox_1 or VerticalBox /Engine/Transient.World_1:MainMenu_C_27.WidgetTree.VerticalBox_1
[2016.12.13-01.10.37:669][311]LogUObjectHash:Warning: Ambiguous search, could be VerticalBox /Game/MenuAndHud/MainMenu.MainMenu:WidgetTree.VerticalBox_1 or VerticalBox /Engine/Transient.World_1:MainMenu_C_28.WidgetTree.VerticalBox_1
[2016.12.13-01.10.37:669][311]LogUObjectHash:Warning: Ambiguous search, could be VerticalBox /Game/MenuAndHud/MainMenu.MainMenu:WidgetTree.VerticalBox_1 or VerticalBox /Engine/Transient.World_1:MainMenu_C_29.WidgetTree.VerticalBox_1
[2016.12.13-01.10.37:669][311]LogProperty:Warning: Illegal TEXT reference to a private object in external package (VerticalBoxSlot /Game/MenuAndHud/MainMenu.MainMenu:WidgetTree.VerticalBox_1.VerticalBoxSlot_7) from referencer (Button /Engine/UMG/Editor/Transient.Button_43).  Import failed...
[2016.12.13-01.10.37:669][311]LogProperty:Warning: ObjectProperty /Script/UMG.Widget:Slot: unresolved reference to 'VerticalBoxSlot'VerticalBox_1.VerticalBoxSlot_7''
[2016.12.13-01.18.01:294][324]BlueprintLog: New page: Compile MainMenu
[2016.12.13-01.18.02:312][354]Cmd: OBJ SAVEPACKAGE PACKAGE="/Game/MenuAndHud/MainMenu" FILE="../../../../../../projects/Unreal Projects/MenuHudProject/Content/MenuAndHud/MainMenu.uasset" SILENT=true
[2016.12.13-01.18.02:333][354]LogSavePackage: Save=14.66ms
[2016.12.13-01.18.02:334][354]LogSavePackage: Moving '../../../../../../projects/Unreal Projects/MenuHudProject/Saved/MainMenu022B005E478E84E6A6395F9098C8834B.tmp' to '../../../../../../projects/Unreal Projects/MenuHudProject/Content/MenuAndHud/MainMenu.uasset'
[2016.12.13-01.18.02:337][354]LogSavePackage:Display: Finished SavePackage ../../../../../../projects/Unreal Projects/MenuHudProject/Content/MenuAndHud/MainMenu.uasset
[2016.12.13-01.21.09:162][714]LogTemp: Repeting last play command: Selected Viewport
[2016.12.13-01.21.09:180][714]LogBlueprintUserMessages: Early PlayInEditor Detection: Level '/Game/2DSideScrollerBP/Maps/2DSideScrollerExampleMap.2DSideScrollerExampleMap:PersistentLevel' has LevelScriptBlueprint '/Game/2DSideScrollerBP/Maps/2DSideScrollerExampleMap.2DSideScrollerExampleMap:PersistentLevel.2DSideScrollerExampleMap' with GeneratedClass '/Game/2DSideScrollerBP/Maps/2DSideScrollerExampleMap.2DSideScrollerExampleMap_C' with ClassGeneratedBy '/Game/2DSideScrollerBP/Maps/2DSideScrollerExampleMap.2DSideScrollerExampleMap:PersistentLevel.2DSideScrollerExampleMap'
[2016.12.13-01.21.09:180][714]LogPlayLevel: PlayLevel: No blueprints needed recompiling
[2016.12.13-01.21.09:180][714]PIE: New page: PIE session: 2DSideScrollerExampleMap (Dec 12, 2016, 9:21:09 AM)
[2016.12.13-01.21.09:181][714]LogPlayLevel: Creating play world package: /Game/2DSideScrollerBP/Maps/UEDPIE_0_2DSideScrollerExampleMap
[2016.12.13-01.21.09:183][714]LogPlayLevel: PIE: StaticDuplicateObject took: (0.002597s)
[2016.12.13-01.21.09:184][714]LogAIModule: Creating AISystem for world 2DSideScrollerExampleMap
[2016.12.13-01.21.09:184][714]LogPlayLevel: PIE: World Init took: (0.000678s)
[2016.12.13-01.21.09:184][714]LogPlayLevel: PIE: Created PIE world by copying editor world from /Game/2DSideScrollerBP/Maps/2DSideScrollerExampleMap.2DSideScrollerExampleMap to /Game/2DSideScrollerBP/Maps/UEDPIE_0_2DSideScrollerExampleMap.2DSideScrollerExampleMap (0.003489s)
[2016.12.13-01.21.09:200][714]LogInit: XAudio2 using 'Headphone (Realtek High Definition Audio)' : 2 channels at 48 kHz using 32 bits per sample (channel mask 0x3)
[2016.12.13-01.21.09:219][714]LogInit: FAudioDevice initialized.
[2016.12.13-01.21.09:261][714]LogLoad: Game class is '2DSideScrollerGameMode_C'
[2016.12.13-01.21.09:269][714]LogWorld: Bringing World /Game/2DSideScrollerBP/Maps/UEDPIE_0_2DSideScrollerExampleMap.2DSideScrollerExampleMap up for play (max tick rate 60) at 2016.12.12-17.21.09
[2016.12.13-01.21.09:269][714]LogWorld: Bringing up level for play took: 0.004899
[2016.12.13-01.21.09:272][714]PIE: Info Play in editor start time for /Game/2DSideScrollerBP/Maps/UEDPIE_0_2DSideScrollerExampleMap -0.773
[2016.12.13-01.21.09:273][714]LogBlueprintUserMessages: Late PlayInEditor Detection: Level '/Game/2DSideScrollerBP/Maps/2DSideScrollerExampleMap.2DSideScrollerExampleMap:PersistentLevel' has LevelScriptBlueprint '/Game/2DSideScrollerBP/Maps/2DSideScrollerExampleMap.2DSideScrollerExampleMap:PersistentLevel.2DSideScrollerExampleMap' with GeneratedClass '/Game/2DSideScrollerBP/Maps/2DSideScrollerExampleMap.2DSideScrollerExampleMap_C' with ClassGeneratedBy '/Game/2DSideScrollerBP/Maps/2DSideScrollerExampleMap.2DSideScrollerExampleMap:PersistentLevel.2DSideScrollerExampleMap'
[2016.12.13-01.21.11:664][765]LogBlueprintUserMessages: Early EndPlayMap Detection: Level '/Game/2DSideScrollerBP/Maps/2DSideScrollerExampleMap.2DSideScrollerExampleMap:PersistentLevel' has LevelScriptBlueprint '/Game/2DSideScrollerBP/Maps/2DSideScrollerExampleMap.2DSideScrollerExampleMap:PersistentLevel.2DSideScrollerExampleMap' with GeneratedClass '/Game/2DSideScrollerBP/Maps/2DSideScrollerExampleMap.2DSideScrollerExampleMap_C' with ClassGeneratedBy '/Game/2DSideScrollerBP/Maps/2DSideScrollerExampleMap.2DSideScrollerExampleMap:PersistentLevel.2DSideScrollerExampleMap'
[2016.12.13-01.21.11:699][765]LogBlueprintUserMessages: Late EndPlayMap Detection: Level '/Game/2DSideScrollerBP/Maps/2DSideScrollerExampleMap.2DSideScrollerExampleMap:PersistentLevel' has LevelScriptBlueprint '/Game/2DSideScrollerBP/Maps/2DSideScrollerExampleMap.2DSideScrollerExampleMap:PersistentLevel.2DSideScrollerExampleMap' with GeneratedClass '/Game/2DSideScrollerBP/Maps/2DSideScrollerExampleMap.2DSideScrollerExampleMap_C' with ClassGeneratedBy '/Game/2DSideScrollerBP/Maps/2DSideScrollerExampleMap.2DSideScrollerExampleMap:PersistentLevel.2DSideScrollerExampleMap'
[2016.12.13-01.23.07:845][177]LogFactory: FactoryCreateFile: Texture with ReimportTextureFactory (0 0 ../../../../../../projects/Unreal Projects/UnrealStickFigure2D/ExternalImages/Menus/ExampleBackground.png)
[2016.12.13-01.23.07:962][177]LogTexture:Display: Building textures: ExampleBackground (AutoDXT)
[2016.12.13-01.23.13:406][355]LogFileHelpers: Editor autosave (incl. sublevels) for '/Game/2DSideScrollerBP/Maps/2DSideScrollerExampleMap' took 0.013
[2016.12.13-01.23.13:407][355]OBJ SavePackage: Generating thumbnails for [1] asset(s) in package [/Game/MenuAndHud/ExampleBackground] ([1] browsable assets)...
[2016.12.13-01.23.13:412][355]OBJ SavePackage:     Rendered thumbnail for [Texture2D /Game/MenuAndHud/ExampleBackground.ExampleBackground]
[2016.12.13-01.23.13:412][355]OBJ SavePackage: Finished generating thumbnails for package [/Game/MenuAndHud/ExampleBackground]
[2016.12.13-01.23.13:428][355]LogSavePackage: Save=12.86ms
[2016.12.13-01.23.13:428][355]LogSavePackage: Moving '../../../../../../projects/Unreal Projects/MenuHudProject/Saved/ExampleBackground_Auto20F173860481C7DD92F633881D1C9406B.tmp' to '../../../../../../projects/Unreal Projects/MenuHudProject/Saved/Autosaves/Game/MenuAndHud/ExampleBackground_Auto2.uasset'
[2016.12.13-01.23.13:429][355]LogSavePackage:Display: Finished SavePackage ../../../../../../projects/Unreal Projects/MenuHudProject/Saved/Autosaves/Game/MenuAndHud/ExampleBackground_Auto2.uasset
[2016.12.13-01.23.13:430][355]LogFileHelpers: Auto-saving content packages took 0.023
[2016.12.13-01.23.38:343][644]BlueprintLog: New page: Compile MainMenu
[2016.12.13-01.24.21:873][494]Cmd: OBJ SAVEPACKAGE PACKAGE="/Game/MenuAndHud/MainMenu" FILE="../../../../../../projects/Unreal Projects/MenuHudProject/Content/MenuAndHud/MainMenu.uasset" SILENT=true
[2016.12.13-01.24.21:895][494]LogSavePackage: Save=14.83ms
[2016.12.13-01.24.21:895][494]LogSavePackage: Moving '../../../../../../projects/Unreal Projects/MenuHudProject/Saved/MainMenuAE04134B440EF406C3F0D59638383735.tmp' to '../../../../../../projects/Unreal Projects/MenuHudProject/Content/MenuAndHud/MainMenu.uasset'
[2016.12.13-01.24.21:899][494]LogSavePackage:Display: Finished SavePackage ../../../../../../projects/Unreal Projects/MenuHudProject/Content/MenuAndHud/MainMenu.uasset
[2016.12.13-01.28.15:931][134]LogEditorTransaction: Undo Move Widget
[2016.12.13-01.28.36:059][112]LogEditorTransaction: Undo Move Widget
[2016.12.13-01.29.09:120][711]LogEditorTransaction: Undo Move Widget
[2016.12.13-01.29.28:146][627]LogEditorTransaction: Undo Move Widget
[2016.12.13-01.30.11:491][732]LogEditorTransaction: Undo Move Widget
[2016.12.13-01.30.16:096][939]LogEditorTransaction: Undo Move Widget
[2016.12.13-01.32.07:842][644]LogEditorTransaction: Undo Move Widget
[2016.12.13-01.32.25:406][493]BlueprintLog: New page: Compile MainMenu
[2016.12.13-01.32.26:381][534]Cmd: OBJ SAVEPACKAGE PACKAGE="/Game/MenuAndHud/MainMenu" FILE="../../../../../../projects/Unreal Projects/MenuHudProject/Content/MenuAndHud/MainMenu.uasset" SILENT=true
[2016.12.13-01.32.26:413][534]LogSavePackage: Save=24.63ms
[2016.12.13-01.32.26:413][534]LogSavePackage: Moving '../../../../../../projects/Unreal Projects/MenuHudProject/Saved/MainMenu84CB560A4C125BE873E1DA8AD4D74FD7.tmp' to '../../../../../../projects/Unreal Projects/MenuHudProject/Content/MenuAndHud/MainMenu.uasset'
[2016.12.13-01.32.26:420][534]LogSavePackage:Display: Finished SavePackage ../../../../../../projects/Unreal Projects/MenuHudProject/Content/MenuAndHud/MainMenu.uasset
[2016.12.13-01.32.59:949][563]Cmd: OBJ SAVEPACKAGE PACKAGE="/Game/MenuAndHud/ExampleBackground" FILE="../../../../../../projects/Unreal Projects/MenuHudProject/Content/MenuAndHud/ExampleBackground.uasset" SILENT=true
[2016.12.13-01.33.00:229][563]LogSavePackage: Save=276.82ms
[2016.12.13-01.33.00:229][563]LogSavePackage: Moving '../../../../../../projects/Unreal Projects/MenuHudProject/Saved/ExampleBackground3BDE539C421E27F74085728D09A45C4F.tmp' to '../../../../../../projects/Unreal Projects/MenuHudProject/Content/MenuAndHud/ExampleBackground.uasset'
[2016.12.13-01.33.00:232][563]LogSavePackage:Display: Finished SavePackage ../../../../../../projects/Unreal Projects/MenuHudProject/Content/MenuAndHud/ExampleBackground.uasset
[2016.12.13-01.33.00:498][564]Cmd: QUIT_EDITOR
[2016.12.13-01.33.00:614][564]LogExit: Preparing to exit.
[2016.12.13-01.33.01:102][564]LogDirectoryWatcher: A directory notification for 'C:/projects/Unreal Projects/MenuHudProject/Content/' was aborted.
[2016.12.13-01.33.01:155][564]LogExit: Editor shut down
[2016.12.13-01.33.01:155][564]LogExit: Transaction tracking system shut down
[2016.12.13-01.33.01:243][564]LogObj: Freed 0b from 0 cluster array pools.
[2016.12.13-01.33.01:243][564]LogExit: Object subsystem successfully closed.
[2016.12.13-01.33.01:262][564]LogD3D11RHI: Shutdown
[2016.12.13-01.33.01:262][564]LogD3D11RHI: CleanupD3DDevice
[2016.12.13-01.33.01:311][564]LogD3D11RHI: ~FD3D11DynamicRHI
[2016.12.13-01.33.01:326][564]LogHttp:Display: Http module shutting down, but needs to wait on 1 outstanding Http requests:
[2016.12.13-01.33.01:326][564]LogHttp:Display: 	verb=[POST] url=[https://datarouter.ol.epicgames.com/datarouter/api/v1/public/data?SessionID=%7B402D9B53-4E35-037B-80E9-55BF0596087E%7D&AppID=UEEditor.Rocket.Release&AppVersion=4.14.0-3195953%2B%2B%2BUE4%2BRelease-4.14&UserID=eeb596c4402707c146aaacaee6b31e40%7C96adf8e2f188487abcab3fb8711cecfc%7Ce065d823-99bb-4e86-99e1-0cff48069a5d&AppEnvironment=datacollector-binary&UploadType=eteventstream] status=Processing
[2016.12.13-01.33.01:357][564]LogModuleManager: Shutting down and abandoning module MovieSceneCapture (244)
[2016.12.13-01.33.01:357][564]LogModuleManager: Shutting down and abandoning module SequencerWidgets (243)
[2016.12.13-01.33.01:357][564]LogModuleManager: Shutting down and abandoning module BlueprintGraph (242)
[2016.12.13-01.33.01:357][564]LogModuleManager: Shutting down and abandoning module BlueprintProfiler (241)
[2016.12.13-01.33.01:357][564]LogModuleManager: Shutting down and abandoning module HierarchicalLODOutliner (240)
[2016.12.13-01.33.01:357][564]LogModuleManager: Shutting down and abandoning module CrashTracker (239)
[2016.12.13-01.33.01:357][564]LogModuleManager: Shutting down and abandoning module WidgetCarousel (238)
[2016.12.13-01.33.01:357][564]LogModuleManager: Shutting down and abandoning module AddContentDialog (237)
[2016.12.13-01.33.01:358][564]LogDirectoryWatcher: A directory notification for 'C:/Program Files (x86)/Epic Games/4.14/FeaturePacks/' was aborted.
[2016.12.13-01.33.01:358][564]LogModuleManager: Shutting down and abandoning module GameplayTags (236)
[2016.12.13-01.33.01:358][564]LogModuleManager: Shutting down and abandoning module EditorWidgets (235)
[2016.12.13-01.33.01:358][564]LogModuleManager: Shutting down and abandoning module CollectionManager (234)
[2016.12.13-01.33.01:358][564]LogDirectoryWatcher: A directory notification for 'C:/projects/Unreal Projects/MenuHudProject/Content/Collections/' was aborted.
[2016.12.13-01.33.01:359][564]LogDirectoryWatcher: A directory notification for 'C:/projects/Unreal Projects/MenuHudProject/Content/Developers/mholtz/Collections/' was aborted.
[2016.12.13-01.33.01:359][564]LogDirectoryWatcher: A directory notification for 'C:/projects/Unreal Projects/MenuHudProject/Saved/Collections/' was aborted.
[2016.12.13-01.33.01:359][564]LogModuleManager: Shutting down and abandoning module StatsViewer (233)
[2016.12.13-01.33.01:359][564]LogModuleManager: Shutting down and abandoning module FoliageEdit (232)
[2016.12.13-01.33.01:359][564]LogModuleManager: Shutting down and abandoning module LandscapeEditor (231)
[2016.12.13-01.33.01:359][564]LogModuleManager: Shutting down and abandoning module SceneDepthPickerMode (230)
[2016.12.13-01.33.01:359][564]LogModuleManager: Shutting down and abandoning module ActorPickerMode (229)
[2016.12.13-01.33.01:359][564]LogModuleManager: Shutting down and abandoning module GeometryMode (228)
[2016.12.13-01.33.01:359][564]LogModuleManager: Shutting down and abandoning module TextureAlignMode (227)
[2016.12.13-01.33.01:359][564]LogModuleManager: Shutting down and abandoning module BspMode (226)
[2016.12.13-01.33.01:359][564]LogModuleManager: Shutting down and abandoning module HardwareSurvey (225)
[2016.12.13-01.33.01:359][564]LogModuleManager: Shutting down and abandoning module SequenceRecorderSections (224)
[2016.12.13-01.33.01:359][564]LogModuleManager: Shutting down and abandoning module AutomationWorker (223)
[2016.12.13-01.33.01:359][564]LogModuleManager: Shutting down and abandoning module MatineeToLevelSequence (222)
[2016.12.13-01.33.01:359][564]LogModuleManager: Shutting down and abandoning module PlacementMode (221)
[2016.12.13-01.33.01:359][564]LogModuleManager: Shutting down and abandoning module LevelSequenceEditor (220)
[2016.12.13-01.33.01:359][564]LogModuleManager: Shutting down and abandoning module WmfMediaFactory (219)
[2016.12.13-01.33.01:359][564]LogModuleManager: Shutting down and abandoning module WmfMediaEditor (218)
[2016.12.13-01.33.01:359][564]LogModuleManager: Shutting down and abandoning module AvfMediaFactory (217)
[2016.12.13-01.33.01:359][564]LogModuleManager: Shutting down and abandoning module AvfMediaEditor (216)
[2016.12.13-01.33.01:359][564]LogModuleManager: Shutting down and abandoning module Media (215)
[2016.12.13-01.33.01:359][564]LogModuleManager: Shutting down and abandoning module AndroidMediaFactory (214)
[2016.12.13-01.33.01:359][564]LogModuleManager: Shutting down and abandoning module AndroidMediaEditor (213)
[2016.12.13-01.33.01:359][564]LogModuleManager: Shutting down and abandoning module CharacterAI (212)
[2016.12.13-01.33.01:359][564]LogModuleManager: Shutting down and abandoning module SequenceRecorder (211)
[2016.12.13-01.33.01:359][564]LogModuleManager: Shutting down and abandoning module AudioCapture (210)
[2016.12.13-01.33.01:359][564]LogModuleManager: Shutting down and abandoning module SmartSnapping (209)
[2016.12.13-01.33.01:359][564]LogModuleManager: Shutting down and abandoning module SessionServices (208)
[2016.12.13-01.33.01:359][564]LogModuleManager: Shutting down and abandoning module ViewportSnapping (207)
[2016.12.13-01.33.01:359][564]LogModuleManager: Shutting down and abandoning module ViewportInteraction (206)
[2016.12.13-01.33.01:359][564]LogModuleManager: Shutting down and abandoning module LogVisualizer (205)
[2016.12.13-01.33.01:359][564]LogModuleManager: Shutting down and abandoning module GameProjectGeneration (204)
[2016.12.13-01.33.01:359][564]LogModuleManager: Shutting down and abandoning module IntroTutorials (203)
[2016.12.13-01.33.01:359][564]LogModuleManager: Shutting down and abandoning module EditorLiveStreaming (202)
[2016.12.13-01.33.01:359][564]LogModuleManager: Shutting down and abandoning module IOSPlatformEditor (201)
[2016.12.13-01.33.01:359][564]LogModuleManager: Shutting down and abandoning module HTML5PlatformEditor (200)
[2016.12.13-01.33.01:359][564]LogModuleManager: Shutting down and abandoning module AndroidDeviceDetection (199)
[2016.12.13-01.33.01:900][564]LogModuleManager: Shutting down and abandoning module AndroidPlatformEditor (198)
[2016.12.13-01.33.01:900][564]LogModuleManager: Shutting down and abandoning module IOSRuntimeSettings (197)
[2016.12.13-01.33.01:900][564]LogModuleManager: Shutting down and abandoning module AndroidRuntimeSettings (196)
[2016.12.13-01.33.01:900][564]LogModuleManager: Shutting down and abandoning module InputBindingEditor (195)
[2016.12.13-01.33.01:900][564]LogModuleManager: Shutting down and abandoning module NiagaraEditor (194)
[2016.12.13-01.33.01:900][564]LogModuleManager: Shutting down and abandoning module MergeActors (193)
[2016.12.13-01.33.01:900][564]LogModuleManager: Shutting down and abandoning module SizeMap (192)
[2016.12.13-01.33.01:900][564]LogModuleManager: Shutting down and abandoning module TreeMap (191)
[2016.12.13-01.33.01:900][564]LogModuleManager: Shutting down and abandoning module ReferenceViewer (190)
[2016.12.13-01.33.01:900][564]LogModuleManager: Shutting down and abandoning module LocalizationService (189)
[2016.12.13-01.33.01:900][564]LogModuleManager: Shutting down and abandoning module LocalizationDashboard (188)
[2016.12.13-01.33.01:900][564]LogModuleManager: Shutting down and abandoning module HardwareTargeting (187)
[2016.12.13-01.33.01:900][564]LogModuleManager: Shutting down and abandoning module DeviceProfileEditor (186)
[2016.12.13-01.33.01:900][564]LogModuleManager: Shutting down and abandoning module UndoHistory (185)
[2016.12.13-01.33.01:900][564]LogModuleManager: Shutting down and abandoning module UserFeedback (184)
[2016.12.13-01.33.01:900][564]LogModuleManager: Shutting down and abandoning module XmlParser (183)
[2016.12.13-01.33.01:900][564]LogModuleManager: Shutting down and abandoning module Blutility (182)
[2016.12.13-01.33.01:900][564]LogModuleManager: Shutting down and abandoning module ProjectTargetPlatformEditor (181)
[2016.12.13-01.33.01:900][564]LogModuleManager: Shutting down and abandoning module ProjectSettingsViewer (180)
[2016.12.13-01.33.01:900][564]LogModuleManager: Shutting down and abandoning module EditorSettingsViewer (179)
[2016.12.13-01.33.01:900][564]LogModuleManager: Shutting down and abandoning module SettingsEditor (178)
[2016.12.13-01.33.01:900][564]LogModuleManager: Shutting down and abandoning module ProjectLauncher (177)
[2016.12.13-01.33.01:900][564]LogModuleManager: Shutting down and abandoning module SessionFrontend (176)
[2016.12.13-01.33.01:900][564]LogModuleManager: Shutting down and abandoning module ProfilerClient (175)
[2016.12.13-01.33.01:900][564]LogModuleManager: Shutting down and abandoning module TargetDeviceServices (174)
[2016.12.13-01.33.01:901][564]LogModuleManager: Shutting down and abandoning module DeviceManager (173)
[2016.12.13-01.33.01:941][564]LogModuleManager: Shutting down and abandoning module AutomationController (172)
[2016.12.13-01.33.01:941][564]LogModuleManager: Shutting down and abandoning module AutomationWindow (171)
[2016.12.13-01.33.01:941][564]LogModuleManager: Shutting down and abandoning module Layers (170)
[2016.12.13-01.33.01:941][564]LogModuleManager: Shutting down and abandoning module ComponentVisualizers (169)
[2016.12.13-01.33.01:941][564]LogModuleManager: Shutting down and abandoning module DetailCustomizations (168)
[2016.12.13-01.33.01:941][564]LogModuleManager: Shutting down and abandoning module PackagesDialog (167)
[2016.12.13-01.33.01:941][564]LogModuleManager: Shutting down and abandoning module AnimGraph (166)
[2016.12.13-01.33.01:941][564]LogModuleManager: Shutting down and abandoning module Persona (165)
[2016.12.13-01.33.01:941][564]LogModuleManager: Shutting down and abandoning module Kismet (164)
[2016.12.13-01.33.01:946][564]LogModuleManager: Shutting down and abandoning module GraphEditor (163)
[2016.12.13-01.33.01:946][564]LogModuleManager: Shutting down and abandoning module ClassViewer (162)
[2016.12.13-01.33.01:946][564]LogModuleManager: Shutting down and abandoning module Toolbox (161)
[2016.12.13-01.33.01:946][564]LogModuleManager: Shutting down and abandoning module ModuleUI (160)
[2016.12.13-01.33.01:946][564]LogModuleManager: Shutting down and abandoning module MovieSceneTools (159)
[2016.12.13-01.33.01:946][564]LogModuleManager: Shutting down and abandoning module OutputLog (158)
[2016.12.13-01.33.01:946][564]LogModuleManager: Shutting down and abandoning module GammaUI (157)
[2016.12.13-01.33.01:946][564]LogModuleManager: Shutting down and abandoning module Documentation (156)
[2016.12.13-01.33.01:946][564]LogModuleManager: Shutting down and abandoning module Niagara (155)
[2016.12.13-01.33.01:946][564]LogModuleManager: Shutting down and abandoning module StreamingPauseRendering (154)
[2016.12.13-01.33.01:946][564]LogModuleManager: Shutting down and abandoning module AnalyticsET (153)
[2016.12.13-01.33.01:946][564]LogModuleManager: Shutting down and abandoning module PortalServices (152)
[2016.12.13-01.33.01:946][564]LogModuleManager: Shutting down and abandoning module PortalRpc (151)
[2016.12.13-01.33.01:946][564]LogModuleManager: Shutting down and abandoning module MessagingRpc (150)
[2016.12.13-01.33.01:946][564]LogModuleManager: Shutting down and abandoning module GameplayDebugger (149)
[2016.12.13-01.33.01:946][564]LogModuleManager: Shutting down and abandoning module AITestSuite (148)
[2016.12.13-01.33.01:946][564]LogModuleManager: Shutting down and abandoning module AIModule (147)
[2016.12.13-01.33.01:946][564]LogModuleManager: Shutting down and abandoning module ProfilerService (146)
[2016.12.13-01.33.02:080][564]LogModuleManager: Shutting down and abandoning module TaskGraph (145)
[2016.12.13-01.33.02:080][564]LogModuleManager: Shutting down and abandoning module SlateRemote (144)
[2016.12.13-01.33.02:080][564]LogModuleManager: Shutting down and abandoning module SteamVRController (143)
[2016.12.13-01.33.02:080][564]LogModuleManager: Shutting down and abandoning module SteamVR (142)
[2016.12.13-01.33.02:080][564]LogModuleManager: Shutting down and abandoning module ProceduralMeshComponentEditor (141)
[2016.12.13-01.33.02:080][564]LogModuleManager: Shutting down and abandoning module ProceduralMeshComponent (140)
[2016.12.13-01.33.02:080][564]LogModuleManager: Shutting down and abandoning module OculusLibrary (139)
[2016.12.13-01.33.02:080][564]LogModuleManager: Shutting down and abandoning module OculusInput (138)
[2016.12.13-01.33.02:080][564]LogModuleManager: Shutting down and abandoning module MobilePatchingUtils (137)
[2016.12.13-01.33.02:080][564]LogModuleManager: Shutting down and abandoning module CustomMeshComponent (136)
[2016.12.13-01.33.02:080][564]LogModuleManager: Shutting down and abandoning module CableComponent (135)
[2016.12.13-01.33.02:080][564]LogModuleManager: Shutting down and abandoning module ArchVisCharacter (134)
[2016.12.13-01.33.02:080][564]LogModuleManager: Shutting down and abandoning module MediaPlayerEditor (132)
[2016.12.13-01.33.02:080][564]LogModuleManager: Shutting down and abandoning module HTML5Networking (131)
[2016.12.13-01.33.02:080][564]LogModuleManager: Shutting down and abandoning module GeometryCacheEd (130)
[2016.12.13-01.33.02:080][564]LogModuleManager: Shutting down and abandoning module GeometryCache (129)
[2016.12.13-01.33.02:080][564]LogModuleManager: Shutting down and abandoning module AlembicLibrary (128)
[2016.12.13-01.33.02:080][564]LogModuleManager: Shutting down and abandoning module AlembicImporter (127)
[2016.12.13-01.33.02:080][564]LogModuleManager: Shutting down and abandoning module SuperSearch (126)
[2016.12.13-01.33.02:080][564]LogModuleManager: Shutting down and abandoning module SuperSearchEditor (125)
[2016.12.13-01.33.02:080][564]LogModuleManager: Shutting down and abandoning module SpeedTreeImporter (124)
[2016.12.13-01.33.02:080][564]LogModuleManager: Shutting down and abandoning module PluginBrowser (123)
[2016.12.13-01.33.02:080][564]LogModuleManager: Shutting down and abandoning module MobileLauncherProfileWizard (122)
[2016.12.13-01.33.02:080][564]LogModuleManager: Shutting down and abandoning module EpicSurvey (121)
[2016.12.13-01.33.02:080][564]LogModuleManager: Shutting down and abandoning module DesktopPlatform (120)
[2016.12.13-01.33.02:080][564]LogModuleManager: Shutting down and abandoning module VisualStudioSourceCodeAccess (119)
[2016.12.13-01.33.02:080][564]LogModuleManager: Shutting down and abandoning module UObjectPlugin (118)
[2016.12.13-01.33.02:080][564]LogModuleManager: Shutting down and abandoning module SubversionSourceControl (117)
[2016.12.13-01.33.02:080][564]LogModuleManager: Shutting down and abandoning module PerforceSourceControl (116)
[2016.12.13-01.33.02:080][564]LogModuleManager: Shutting down and abandoning module SourceControl (115)
[2016.12.13-01.33.02:081][564]LogModuleManager: Shutting down and abandoning module GitSourceControl (114)
[2016.12.13-01.33.02:081][564]LogModuleManager: Shutting down and abandoning module LightPropagationVolumeEditor (113)
[2016.12.13-01.33.02:081][564]LogModuleManager: Shutting down and abandoning module PaperTiledImporter (112)
[2016.12.13-01.33.02:081][564]LogModuleManager: Shutting down and abandoning module PaperSpriteSheetImporter (111)
[2016.12.13-01.33.02:081][564]LogModuleManager: Shutting down and abandoning module MeshPaint (110)
[2016.12.13-01.33.02:081][564]LogModuleManager: Shutting down and abandoning module PixelInspectorModule (109)
[2016.12.13-01.33.02:081][564]LogModuleManager: Shutting down and abandoning module HotReload (108)
[2016.12.13-01.33.02:081][564]LogModuleManager: Shutting down and abandoning module MainFrame (107)
[2016.12.13-01.33.02:082][564]LogModuleManager: Shutting down and abandoning module LevelEditor (106)
[2016.12.13-01.33.02:083][564]LogModuleManager: Shutting down and abandoning module ContentBrowser (105)
[2016.12.13-01.33.02:083][564]LogModuleManager: Shutting down and abandoning module Paper2DEditor (104)
[2016.12.13-01.33.02:083][564]LogModuleManager: Shutting down and abandoning module UdpMessaging (103)
[2016.12.13-01.33.02:183][564]LogModuleManager: Shutting down and abandoning module TcpMessaging (102)
[2016.12.13-01.33.02:283][564]LogModuleManager: Shutting down and abandoning module LightPropagationVolumeRuntime (101)
[2016.12.13-01.33.02:283][564]LogModuleManager: Shutting down and abandoning module Paper2D (100)
[2016.12.13-01.33.02:283][564]LogModuleManager: Shutting down and abandoning module WindowsMoviePlayer (99)
[2016.12.13-01.33.02:283][564]LogModuleManager: Shutting down and abandoning module WmfMedia (98)
[2016.12.13-01.33.02:283][564]LogModuleManager: Shutting down and abandoning module MediaAssets (97)
[2016.12.13-01.33.02:283][564]LogModuleManager: Shutting down and abandoning module GameLiveStreaming (96)
[2016.12.13-01.33.02:283][564]LogModuleManager: Shutting down and abandoning module GameplayTagsEditor (95)
[2016.12.13-01.33.02:283][564]LogModuleManager: Shutting down and abandoning module VREditor (94)
[2016.12.13-01.33.02:283][564]LogModuleManager: Shutting down and abandoning module GameplayTasksEditor (93)
[2016.12.13-01.33.02:283][564]LogModuleManager: Shutting down and abandoning module BehaviorTreeEditor (92)
[2016.12.13-01.33.02:283][564]LogModuleManager: Shutting down and abandoning module FunctionalTesting (91)
[2016.12.13-01.33.02:283][564]LogModuleManager: Shutting down and abandoning module CollisionAnalyzer (90)
[2016.12.13-01.33.02:283][564]LogModuleManager: Shutting down and abandoning module Sequencer (89)
[2016.12.13-01.33.02:283][564]LogModuleManager: Shutting down and abandoning module WorkspaceMenuStructure (88)
[2016.12.13-01.33.02:283][564]LogModuleManager: Shutting down and abandoning module MessageLog (87)
[2016.12.13-01.33.02:283][564]LogModuleManager: Shutting down and abandoning module AssetTools (86)
[2016.12.13-01.33.02:283][564]LogModuleManager: Shutting down and abandoning module UMGEditor (85)
[2016.12.13-01.33.02:283][564]LogModuleManager: Shutting down and abandoning module UMG (84)
[2016.12.13-01.33.02:283][564]LogModuleManager: Shutting down and abandoning module SlateReflector (83)
[2016.12.13-01.33.02:283][564]LogModuleManager: Shutting down and abandoning module Slate (82)
[2016.12.13-01.33.02:284][564]LogModuleManager: Shutting down and abandoning module EditorStyle (81)
[2016.12.13-01.33.02:286][564]LogModuleManager: Shutting down and abandoning module SourceCodeAccess (80)
[2016.12.13-01.33.02:286][564]LogModuleManager: Shutting down and abandoning module HeadMountedDisplay (79)
[2016.12.13-01.33.02:286][564]LogModuleManager: Shutting down and abandoning module XAudio2 (78)
[2016.12.13-01.33.02:286][564]LogModuleManager: Shutting down and abandoning module Networking (76)
[2016.12.13-01.33.02:286][564]LogModuleManager: Shutting down and abandoning module Core (75)
[2016.12.13-01.33.02:286][564]LogModuleManager: Shutting down and abandoning module DirectoryWatcher (74)
[2016.12.13-01.33.02:286][564]LogDirectoryWatcher: A directory notification for '../../../Engine/Content/' was aborted.
[2016.12.13-01.33.02:286][564]LogDirectoryWatcher: A directory notification for '../../../../../../projects/Unreal Projects/MenuHudProject/Content/' was aborted.
[2016.12.13-01.33.02:286][564]LogDirectoryWatcher: A directory notification for '../../../Engine/Plugins/2D/Paper2D/Content/' was aborted.
[2016.12.13-01.33.02:287][564]LogModuleManager: Shutting down and abandoning module AssetRegistry (73)
[2016.12.13-01.33.02:369][564]LogModuleManager: Shutting down and abandoning module KismetCompiler (72)
[2016.12.13-01.33.02:369][564]LogModuleManager: Shutting down and abandoning module PhysXFormats (71)
[2016.12.13-01.33.02:369][564]LogModuleManager: Shutting down and abandoning module SimplygonSwarm (70)
[2016.12.13-01.33.02:369][564]LogModuleManager: Shutting down and abandoning module SimplygonMeshReduction (69)
[2016.12.13-01.33.02:369][564]LogModuleManager: Shutting down and abandoning module QuadricMeshReduction (68)
[2016.12.13-01.33.02:370][564]LogModuleManager: Shutting down and abandoning module PropertyEditor (67)
[2016.12.13-01.33.02:370][564]LogModuleManager: Shutting down and abandoning module MeshUtilities (66)
[2016.12.13-01.33.02:370][564]LogModuleManager: Shutting down and abandoning module DerivedDataCache (65)
[2016.12.13-01.33.02:413][564]LogDerivedDataCache: Shutdown
[2016.12.13-01.33.02:413][564]LogModuleManager: Shutting down and abandoning module VulkanShaderFormat (64)
[2016.12.13-01.33.02:413][564]LogModuleManager: Shutting down and abandoning module ShaderFormatOpenGL (63)
[2016.12.13-01.33.02:413][564]LogModuleManager: Shutting down and abandoning module ShaderFormatD3D (62)
[2016.12.13-01.33.02:413][564]LogModuleManager: Shutting down and abandoning module MetalShaderFormat (61)
[2016.12.13-01.33.02:413][564]LogModuleManager: Shutting down and abandoning module TextureFormatUncompressed (60)
[2016.12.13-01.33.02:413][564]LogModuleManager: Shutting down and abandoning module TextureFormatPVR (59)
[2016.12.13-01.33.02:413][564]LogModuleManager: Shutting down and abandoning module TextureFormatDXT (58)
[2016.12.13-01.33.02:413][564]LogModuleManager: Shutting down and abandoning module TextureFormatIntelISPCTexComp (57)
[2016.12.13-01.33.02:413][564]LogModuleManager: Shutting down and abandoning module ImageWrapper (56)
[2016.12.13-01.33.02:413][564]LogModuleManager: Shutting down and abandoning module TextureFormatASTC (55)
[2016.12.13-01.33.02:413][564]LogModuleManager: Shutting down and abandoning module TextureFormatAndroid (54)
[2016.12.13-01.33.02:413][564]LogModuleManager: Shutting down and abandoning module AudioFormatOpus (53)
[2016.12.13-01.33.02:413][564]LogModuleManager: Shutting down and abandoning module AudioFormatOgg (52)
[2016.12.13-01.33.02:413][564]LogModuleManager: Shutting down and abandoning module AudioFormatADPCM (51)
[2016.12.13-01.33.02:413][564]LogModuleManager: Shutting down and abandoning module LinuxTargetPlatform (50)
[2016.12.13-01.33.02:413][564]LogModuleManager: Shutting down and abandoning module LinuxServerTargetPlatform (49)
[2016.12.13-01.33.02:413][564]LogModuleManager: Shutting down and abandoning module LinuxNoEditorTargetPlatform (48)
[2016.12.13-01.33.02:413][564]LogModuleManager: Shutting down and abandoning module LinuxClientTargetPlatform (47)
[2016.12.13-01.33.02:413][564]LogModuleManager: Shutting down and abandoning module TVOSTargetPlatform (46)
[2016.12.13-01.33.02:413][564]LogModuleManager: Shutting down and abandoning module Messaging (45)
[2016.12.13-01.33.02:413][564]LogModuleManager: Shutting down and abandoning module IOSTargetPlatform (44)
[2016.12.13-01.33.02:413][564]LogModuleManager: Shutting down and abandoning module HTML5TargetPlatform (43)
[2016.12.13-01.33.02:413][564]LogModuleManager: Shutting down and abandoning module Android_PVRTCTargetPlatform (42)
[2016.12.13-01.33.02:413][564]LogModuleManager: Shutting down and abandoning module Android_MultiTargetPlatform (41)
[2016.12.13-01.33.02:413][564]LogModuleManager: Shutting down and abandoning module Android_ETC2TargetPlatform (40)
[2016.12.13-01.33.02:413][564]LogModuleManager: Shutting down and abandoning module Android_ETC1TargetPlatform (39)
[2016.12.13-01.33.02:413][564]LogModuleManager: Shutting down and abandoning module Android_DXTTargetPlatform (38)
[2016.12.13-01.33.02:413][564]LogModuleManager: Shutting down and abandoning module Android_ATCTargetPlatform (37)
[2016.12.13-01.33.02:413][564]LogModuleManager: Shutting down and abandoning module Android_ASTCTargetPlatform (36)
[2016.12.13-01.33.02:413][564]LogModuleManager: Shutting down and abandoning module AndroidTargetPlatform (35)
[2016.12.13-01.33.02:413][564]LogModuleManager: Shutting down and abandoning module WindowsTargetPlatform (34)
[2016.12.13-01.33.02:413][564]LogModuleManager: Shutting down and abandoning module WindowsServerTargetPlatform (33)
[2016.12.13-01.33.02:413][564]LogModuleManager: Shutting down and abandoning module WindowsNoEditorTargetPlatform (32)
[2016.12.13-01.33.02:413][564]LogModuleManager: Shutting down and abandoning module WindowsClientTargetPlatform (31)
[2016.12.13-01.33.02:413][564]LogModuleManager: Shutting down and abandoning module MacTargetPlatform (30)
[2016.12.13-01.33.02:413][564]LogModuleManager: Shutting down and abandoning module MacServerTargetPlatform (29)
[2016.12.13-01.33.02:413][564]LogModuleManager: Shutting down and abandoning module MacNoEditorTargetPlatform (28)
[2016.12.13-01.33.02:413][564]LogModuleManager: Shutting down and abandoning module MacClientTargetPlatform (27)
[2016.12.13-01.33.02:413][564]LogModuleManager: Shutting down and abandoning module AllDesktopTargetPlatform (26)
[2016.12.13-01.33.02:413][564]LogModuleManager: Shutting down and abandoning module TargetPlatform (25)
[2016.12.13-01.33.02:413][564]LogModuleManager: Shutting down and abandoning module InputCore (24)
[2016.12.13-01.33.02:413][564]LogModuleManager: Shutting down and abandoning module Settings (23)
[2016.12.13-01.33.02:414][564]LogModuleManager: Shutting down and abandoning module OculusRift (22)
[2016.12.13-01.33.02:414][564]LogModuleManager: Shutting down and abandoning module ExampleDeviceProfileSelector (21)
[2016.12.13-01.33.02:414][564]LogModuleManager: Shutting down and abandoning module OnlineBlueprintSupport (20)
[2016.12.13-01.33.02:414][564]LogModuleManager: Shutting down and abandoning module OnlineSubsystem (18)
[2016.12.13-01.33.02:414][564]LogOnline:Display: Unloading online subsystem: NULL
[2016.12.13-01.33.02:414][564]LogModuleManager: Shutting down and abandoning module SSL (17)
[2016.12.13-01.33.02:415][564]LogModuleManager: Shutting down and abandoning module HTTP (16)
[2016.12.13-01.33.02:415][564]LogModuleManager: Shutting down and abandoning module XMPP (15)
[2016.12.13-01.33.02:415][564]LogModuleManager: Shutting down and abandoning module TextureCompressor (14)
[2016.12.13-01.33.02:415][564]LogModuleManager: Shutting down and abandoning module ShaderCore (13)
[2016.12.13-01.33.02:415][564]LogModuleManager: Shutting down and abandoning module Landscape (12)
[2016.12.13-01.33.02:415][564]LogModuleManager: Shutting down and abandoning module SlateRHIRenderer (11)
[2016.12.13-01.33.02:416][564]LogModuleManager: Shutting down and abandoning module OpenGLDrv (10)
[2016.12.13-01.33.02:416][564]LogModuleManager: Shutting down and abandoning module D3D11RHI (9)
[2016.12.13-01.33.02:416][564]LogModuleManager: Shutting down and abandoning module AnimGraphRuntime (8)
[2016.12.13-01.33.02:416][564]LogModuleManager: Shutting down and abandoning module Renderer (7)
[2016.12.13-01.33.02:416][564]LogModuleManager: Shutting down and abandoning module Engine (6)
[2016.12.13-01.33.02:416][564]LogModuleManager: Shutting down and abandoning module CoreUObject (5)
[2016.12.13-01.33.02:416][564]LogModuleManager: Shutting down and abandoning module NetworkFile (4)
[2016.12.13-01.33.02:416][564]LogModuleManager: Shutting down and abandoning module StreamingFile (3)
[2016.12.13-01.33.02:416][564]LogModuleManager: Shutting down and abandoning module SandboxFile (2)
[2016.12.13-01.33.02:416][564]LogModuleManager: Shutting down and abandoning module PakFile (1)
[2016.12.13-01.33.02:418][564]LogExit: Exiting.
[2016.12.13-01.33.02:428][564]Log file closed, 12/12/16 17:33:02
