Log file open, 12/12/16 12:22:17
LogInit:Display: Running engine for game: MenuHudProject
LogPlatformFile: Not using cached read wrapper
LogInit:Display: RandInit(-120119835) SRandInit(-120119835).
LogTaskGraph: Started task graph with 5 named threads and 8 total threads with 1 sets of task threads.
LogStats: Stats thread started at 0.082622
LogPluginManager: Loaded Plugin Paper2D, From C:/Program Files (x86)/Epic Games/4.14/Engine/Plugins/2D/Paper2D/Paper2D.uplugin
LogPluginManager: Loaded Plugin LightPropagationVolume, From C:/Program Files (x86)/Epic Games/4.14/Engine/Plugins/Blendables/LightPropagationVolume/LightPropagationVolume.uplugin
LogPluginManager: Loaded Plugin BlankPlugin, From C:/Program Files (x86)/Epic Games/4.14/Engine/Plugins/Developer/BlankPlugin/BlankPlugin.uplugin
LogPluginManager: Loaded Plugin CodeLiteSourceCodeAccess, From C:/Program Files (x86)/Epic Games/4.14/Engine/Plugins/Developer/CodeLiteSourceCodeAccess/CodeLiteSourceCodeAccess.uplugin
LogPluginManager: Loaded Plugin GitSourceControl, From C:/Program Files (x86)/Epic Games/4.14/Engine/Plugins/Developer/GitSourceControl/GitSourceControl.uplugin
LogPluginManager: Loaded Plugin KDevelopSourceCodeAccess, From C:/Program Files (x86)/Epic Games/4.14/Engine/Plugins/Developer/KDevelopSourceCodeAccess/KDevelopSourceCodeAccess.uplugin
LogPluginManager: Loaded Plugin NullSourceCodeAccess, From C:/Program Files (x86)/Epic Games/4.14/Engine/Plugins/Developer/NullSourceCodeAccess/NullSourceCodeAccess.uplugin
LogPluginManager: Loaded Plugin OneSkyLocalizationService, From C:/Program Files (x86)/Epic Games/4.14/Engine/Plugins/Developer/OneSkyLocalizationService/OneSkyLocalizationService.uplugin
LogPluginManager: Loaded Plugin PerforceSourceControl, From C:/Program Files (x86)/Epic Games/4.14/Engine/Plugins/Developer/PerforceSourceControl/PerforceSourceControl.uplugin
LogPluginManager: Loaded Plugin SubversionSourceControl, From C:/Program Files (x86)/Epic Games/4.14/Engine/Plugins/Developer/SubversionSourceControl/SubversionSourceControl.uplugin
LogPluginManager: Loaded Plugin UObjectPlugin, From C:/Program Files (x86)/Epic Games/4.14/Engine/Plugins/Developer/UObjectPlugin/UObjectPlugin.uplugin
LogPluginManager: Loaded Plugin VisualStudioSourceCodeAccess, From C:/Program Files (x86)/Epic Games/4.14/Engine/Plugins/Developer/VisualStudioSourceCodeAccess/VisualStudioSourceCodeAccess.uplugin
LogPluginManager: Loaded Plugin XCodeSourceCodeAccess, From C:/Program Files (x86)/Epic Games/4.14/Engine/Plugins/Developer/XCodeSourceCodeAccess/XCodeSourceCodeAccess.uplugin
LogPluginManager: Loaded Plugin AudioCapture, From C:/Program Files (x86)/Epic Games/4.14/Engine/Plugins/Editor/AudioCapture/AudioCapture.uplugin
LogPluginManager: Loaded Plugin EpicSurvey, From C:/Program Files (x86)/Epic Games/4.14/Engine/Plugins/Editor/EpicSurvey/EpicSurvey.uplugin
LogPluginManager: Loaded Plugin MacGraphicsSwitching, From C:/Program Files (x86)/Epic Games/4.14/Engine/Plugins/Editor/MacGraphicsSwitching/MacGraphicsSwitching.uplugin
LogPluginManager: Loaded Plugin MobileLauncherProfileWizard, From C:/Program Files (x86)/Epic Games/4.14/Engine/Plugins/Editor/MobileLauncherProfileWizard/MobileLauncherProfileWizard.uplugin
LogPluginManager: Loaded Plugin PluginBrowser, From C:/Program Files (x86)/Epic Games/4.14/Engine/Plugins/Editor/PluginBrowser/PluginBrowser.uplugin
LogPluginManager: Loaded Plugin SpeedTreeImporter, From C:/Program Files (x86)/Epic Games/4.14/Engine/Plugins/Editor/SpeedTreeImporter/SpeedTreeImporter.uplugin
LogPluginManager: Loaded Plugin SuperSearchEditor, From C:/Program Files (x86)/Epic Games/4.14/Engine/Plugins/Editor/SuperSearchEditor/SuperSearchEditor.uplugin
LogPluginManager: Loaded Plugin AlembicImporter, From C:/Program Files (x86)/Epic Games/4.14/Engine/Plugins/Experimental/AlembicImporter/AlembicImporter.uplugin
LogPluginManager: Loaded Plugin BlueprintStats, From C:/Program Files (x86)/Epic Games/4.14/Engine/Plugins/Experimental/BlueprintStats/BlueprintStats.uplugin
LogPluginManager: Loaded Plugin CharacterAI, From C:/Program Files (x86)/Epic Games/4.14/Engine/Plugins/Experimental/CharacterAI/CharacterAI.uplugin
LogPluginManager: Loaded Plugin CodeEditor, From C:/Program Files (x86)/Epic Games/4.14/Engine/Plugins/Experimental/CodeEditor/CodeEditor.uplugin
LogPluginManager: Loaded Plugin CodeView, From C:/Program Files (x86)/Epic Games/4.14/Engine/Plugins/Experimental/CodeView/CodeView.uplugin
LogPluginManager: Loaded Plugin HTML5Networking, From C:/Program Files (x86)/Epic Games/4.14/Engine/Plugins/Experimental/HTML5Networking/HTML5Networking.uplugin
LogPluginManager: Loaded Plugin OSVR, From C:/Program Files (x86)/Epic Games/4.14/Engine/Plugins/Experimental/OSVR/OSVR.uplugin
LogPluginManager: Loaded Plugin Phya, From C:/Program Files (x86)/Epic Games/4.14/Engine/Plugins/Experimental/Phya/Phya.uplugin
LogPluginManager: Loaded Plugin SignificanceManager, From C:/Program Files (x86)/Epic Games/4.14/Engine/Plugins/Experimental/SignificanceManager/SignificanceManager.uplugin
LogPluginManager: Loaded Plugin SimpleHMD, From C:/Program Files (x86)/Epic Games/4.14/Engine/Plugins/Experimental/SimpleHMD/SimpleHMD.uplugin
LogPluginManager: Loaded Plugin StereoPanorama, From C:/Program Files (x86)/Epic Games/4.14/Engine/Plugins/Experimental/StereoPanorama/StereoPanorama.uplugin
LogPluginManager: Loaded Plugin StructBox, From C:/Program Files (x86)/Epic Games/4.14/Engine/Plugins/Experimental/StructBox/StructBox.uplugin
LogPluginManager: Loaded Plugin AndroidMedia, From C:/Program Files (x86)/Epic Games/4.14/Engine/Plugins/Media/AndroidMedia/AndroidMedia.uplugin
LogPluginManager: Loaded Plugin AvfMedia, From C:/Program Files (x86)/Epic Games/4.14/Engine/Plugins/Media/AvfMedia/AvfMedia.uplugin
LogPluginManager: Loaded Plugin MediaPlayerEditor, From C:/Program Files (x86)/Epic Games/4.14/Engine/Plugins/Media/MediaPlayerEditor/MediaPlayerEditor.uplugin
LogPluginManager: Loaded Plugin WmfMedia, From C:/Program Files (x86)/Epic Games/4.14/Engine/Plugins/Media/WmfMedia/WmfMedia.uplugin
LogPluginManager: Loaded Plugin MessagingDebugger, From C:/Program Files (x86)/Epic Games/4.14/Engine/Plugins/Messaging/MessagingDebugger/MessagingDebugger.uplugin
LogPluginManager: Loaded Plugin TcpMessaging, From C:/Program Files (x86)/Epic Games/4.14/Engine/Plugins/Messaging/TcpMessaging/TcpMessaging.uplugin
LogPluginManager: Loaded Plugin UdpMessaging, From C:/Program Files (x86)/Epic Games/4.14/Engine/Plugins/Messaging/UdpMessaging/UdpMessaging.uplugin
LogPluginManager: Loaded Plugin LevelSequenceEditor, From C:/Program Files (x86)/Epic Games/4.14/Engine/Plugins/MovieScene/LevelSequenceEditor/LevelSequenceEditor.uplugin
LogPluginManager: Loaded Plugin MatineeToLevelSequence, From C:/Program Files (x86)/Epic Games/4.14/Engine/Plugins/MovieScene/MatineeToLevelSequence/MatineeToLevelSequence.uplugin
LogPluginManager: Loaded Plugin NetcodeUnitTest, From C:/Program Files (x86)/Epic Games/4.14/Engine/Plugins/NetcodeUnitTest/NetcodeUnitTest/NetcodeUnitTest.uplugin
LogPluginManager: Loaded Plugin NUTUnrealEngine4, From C:/Program Files (x86)/Epic Games/4.14/Engine/Plugins/NetcodeUnitTest/NUTUnrealEngine4/NUTUnrealEngine4.uplugin
LogPluginManager: Loaded Plugin OnlineSubsystemGameCircle, From C:/Program Files (x86)/Epic Games/4.14/Engine/Plugins/Online/Android/OnlineSubsystemGameCircle/OnlineSubsystemGameCircle.uplugin
LogPluginManager: Loaded Plugin OnlineSubsystemGooglePlay, From C:/Program Files (x86)/Epic Games/4.14/Engine/Plugins/Online/Android/OnlineSubsystemGooglePlay/OnlineSubsystemGooglePlay.uplugin
LogPluginManager: Loaded Plugin OnlineSubsystemIOS, From C:/Program Files (x86)/Epic Games/4.14/Engine/Plugins/Online/IOS/OnlineSubsystemIOS/OnlineSubsystemIOS.uplugin
LogPluginManager: Loaded Plugin OnlineFramework, From C:/Program Files (x86)/Epic Games/4.14/Engine/Plugins/Online/OnlineFramework/OnlineFramework.uplugin
LogPluginManager: Loaded Plugin OnlineSubsystem, From C:/Program Files (x86)/Epic Games/4.14/Engine/Plugins/Online/OnlineSubsystem/OnlineSubsystem.uplugin
LogPluginManager: Loaded Plugin OnlineSubsystemAmazon, From C:/Program Files (x86)/Epic Games/4.14/Engine/Plugins/Online/OnlineSubsystemAmazon/OnlineSubsystemAmazon.uplugin
LogPluginManager: Loaded Plugin OnlineSubsystemFacebook, From C:/Program Files (x86)/Epic Games/4.14/Engine/Plugins/Online/OnlineSubsystemFacebook/OnlineSubsystemFacebook.uplugin
LogPluginManager: Loaded Plugin OnlineSubsystemNull, From C:/Program Files (x86)/Epic Games/4.14/Engine/Plugins/Online/OnlineSubsystemNull/OnlineSubsystemNull.uplugin
LogPluginManager: Loaded Plugin OnlineSubsystemOculus, From C:/Program Files (x86)/Epic Games/4.14/Engine/Plugins/Online/OnlineSubsystemOculus/OnlineSubsystemOculus.uplugin
LogPluginManager: Loaded Plugin OnlineSubsystemSteam, From C:/Program Files (x86)/Epic Games/4.14/Engine/Plugins/Online/OnlineSubsystemSteam/OnlineSubsystemSteam.uplugin
LogPluginManager: Loaded Plugin OnlineSubsystemUtils, From C:/Program Files (x86)/Epic Games/4.14/Engine/Plugins/Online/OnlineSubsystemUtils/OnlineSubsystemUtils.uplugin
LogPluginManager: Loaded Plugin IOSTapJoy, From C:/Program Files (x86)/Epic Games/4.14/Engine/Plugins/Runtime/Advertising/IOSTapJoy/IOSTapJoy.uplugin
LogPluginManager: Loaded Plugin AnalyticsBlueprintLibrary, From C:/Program Files (x86)/Epic Games/4.14/Engine/Plugins/Runtime/Analytics/AnalyticsBlueprintLibrary/AnalyticsBlueprintLibrary.uplugin
LogPluginManager: Loaded Plugin AnalyticsMulticast, From C:/Program Files (x86)/Epic Games/4.14/Engine/Plugins/Runtime/Analytics/AnalyticsMulticast/AnalyticsMulticast.uplugin
LogPluginManager: Loaded Plugin Apsalar, From C:/Program Files (x86)/Epic Games/4.14/Engine/Plugins/Runtime/Analytics/Apsalar/Apsalar.uplugin
LogPluginManager: Loaded Plugin FileLogging, From C:/Program Files (x86)/Epic Games/4.14/Engine/Plugins/Runtime/Analytics/FileLogging/FileLogging.uplugin
LogPluginManager: Loaded Plugin Flurry, From C:/Program Files (x86)/Epic Games/4.14/Engine/Plugins/Runtime/Analytics/Flurry/Flurry.uplugin
LogPluginManager: Loaded Plugin AndroidDeviceProfileSelector, From C:/Program Files (x86)/Epic Games/4.14/Engine/Plugins/Runtime/AndroidDeviceProfileSelector/AndroidDeviceProfileSelector.uplugin
LogPluginManager: Loaded Plugin AndroidMoviePlayer, From C:/Program Files (x86)/Epic Games/4.14/Engine/Plugins/Runtime/AndroidMoviePlayer/AndroidMoviePlayer.uplugin
LogPluginManager: Loaded Plugin AppleMoviePlayer, From C:/Program Files (x86)/Epic Games/4.14/Engine/Plugins/Runtime/AppleMoviePlayer/AppleMoviePlayer.uplugin
LogPluginManager: Loaded Plugin ArchVisCharacter, From C:/Program Files (x86)/Epic Games/4.14/Engine/Plugins/Runtime/ArchVisCharacter/ArchVisCharacter.uplugin
LogPluginManager: Loaded Plugin CableComponent, From C:/Program Files (x86)/Epic Games/4.14/Engine/Plugins/Runtime/CableComponent/CableComponent.uplugin
LogPluginManager: Loaded Plugin CustomMeshComponent, From C:/Program Files (x86)/Epic Games/4.14/Engine/Plugins/Runtime/CustomMeshComponent/CustomMeshComponent.uplugin
LogPluginManager: Loaded Plugin ExampleDeviceProfileSelector, From C:/Program Files (x86)/Epic Games/4.14/Engine/Plugins/Runtime/ExampleDeviceProfileSelector/ExampleDeviceProfileSelector.uplugin
LogPluginManager: Loaded Plugin GearVR, From C:/Program Files (x86)/Epic Games/4.14/Engine/Plugins/Runtime/GearVR/GearVR.uplugin
LogPluginManager: Loaded Plugin GoogleVRController, From C:/Program Files (x86)/Epic Games/4.14/Engine/Plugins/Runtime/GoogleVR/GoogleVRController/GoogleVRController.uplugin
LogPluginManager: Loaded Plugin GoogleVRHMD, From C:/Program Files (x86)/Epic Games/4.14/Engine/Plugins/Runtime/GoogleVR/GoogleVRHMD/GoogleVRHMD.uplugin
LogPluginManager: Loaded Plugin IOSDeviceProfileSelector, From C:/Program Files (x86)/Epic Games/4.14/Engine/Plugins/Runtime/IOSDeviceProfileSelector/IOSDeviceProfileSelector.uplugin
LogPluginManager: Loaded Plugin LeapMotion, From C:/Program Files (x86)/Epic Games/4.14/Engine/Plugins/Runtime/LeapMotion/LeapMotion.uplugin
LogPluginManager: Loaded Plugin LinuxDeviceProfileSelector, From C:/Program Files (x86)/Epic Games/4.14/Engine/Plugins/Runtime/LinuxDeviceProfileSelector/LinuxDeviceProfileSelector.uplugin
LogPluginManager: Loaded Plugin MIDIDevice, From C:/Program Files (x86)/Epic Games/4.14/Engine/Plugins/Runtime/MIDIDevice/MIDIDevice.uplugin
LogPluginManager: Loaded Plugin MobilePatchingUtils, From C:/Program Files (x86)/Epic Games/4.14/Engine/Plugins/Runtime/MobilePatchingUtils/MobilePatchingUtils.uplugin
LogPluginManager: Loaded Plugin Ansel, From C:/Program Files (x86)/Epic Games/4.14/Engine/Plugins/Runtime/Nvidia/Ansel/Ansel.uplugin
LogPluginManager: Loaded Plugin OculusAudio, From C:/Program Files (x86)/Epic Games/4.14/Engine/Plugins/Runtime/OculusAudio/OculusAudio.uplugin
LogPluginManager: Loaded Plugin OculusInput, From C:/Program Files (x86)/Epic Games/4.14/Engine/Plugins/Runtime/OculusInput/OculusInput.uplugin
LogPluginManager: Loaded Plugin OculusLibrary, From C:/Program Files (x86)/Epic Games/4.14/Engine/Plugins/Runtime/OculusLibrary/OculusLibrary.uplugin
LogPluginManager: Loaded Plugin OculusRift, From C:/Program Files (x86)/Epic Games/4.14/Engine/Plugins/Runtime/OculusRift/OculusRift.uplugin
LogPluginManager: Loaded Plugin Oodle, From C:/Program Files (x86)/Epic Games/4.14/Engine/Plugins/Runtime/PacketHandlers/CompressionComponents/Oodle/Oodle.uplugin
LogPluginManager: Loaded Plugin ProceduralMeshComponent, From C:/Program Files (x86)/Epic Games/4.14/Engine/Plugins/Runtime/ProceduralMeshComponent/ProceduralMeshComponent.uplugin
LogPluginManager: Loaded Plugin SoundMod, From C:/Program Files (x86)/Epic Games/4.14/Engine/Plugins/Runtime/SoundMod/SoundMod.uplugin
LogPluginManager: Loaded Plugin SoundVisualizations, From C:/Program Files (x86)/Epic Games/4.14/Engine/Plugins/Runtime/SoundVisualizations/SoundVisualizations.uplugin
LogPluginManager: Loaded Plugin SteamController, From C:/Program Files (x86)/Epic Games/4.14/Engine/Plugins/Runtime/Steam/SteamController/SteamController.uplugin
LogPluginManager: Loaded Plugin SteamVR, From C:/Program Files (x86)/Epic Games/4.14/Engine/Plugins/Runtime/Steam/SteamVR/SteamVR.uplugin
LogPluginManager: Loaded Plugin WebBrowserWidget, From C:/Program Files (x86)/Epic Games/4.14/Engine/Plugins/Runtime/WebBrowserWidget/WebBrowserWidget.uplugin
LogPluginManager: Loaded Plugin WindowsDeviceProfileSelector, From C:/Program Files (x86)/Epic Games/4.14/Engine/Plugins/Runtime/WindowsDeviceProfileSelector/WindowsDeviceProfileSelector.uplugin
LogPluginManager: Loaded Plugin WindowsMoviePlayer, From C:/Program Files (x86)/Epic Games/4.14/Engine/Plugins/Runtime/WindowsMoviePlayer/WindowsMoviePlayer.uplugin
LogPluginManager: Loaded Plugin ScriptPlugin, From C:/Program Files (x86)/Epic Games/4.14/Engine/Plugins/ScriptPlugin/ScriptPlugin.uplugin
LogPluginManager: Loaded Plugin SlateRemote, From C:/Program Files (x86)/Epic Games/4.14/Engine/Plugins/Slate/SlateRemote/SlateRemote.uplugin
LogPluginManager: Loaded Plugin EditorTests, From C:/Program Files (x86)/Epic Games/4.14/Engine/Plugins/Tests/EditorTests/EditorTests.uplugin
LogPluginManager: Loaded Plugin FbxAutomationTestBuilder, From C:/Program Files (x86)/Epic Games/4.14/Engine/Plugins/Tests/FbxAutomationTestBuilder/FbxAutomationTestBuilder.uplugin
LogPluginManager: Loaded Plugin FunctionalTestingEditor, From C:/Program Files (x86)/Epic Games/4.14/Engine/Plugins/Tests/FunctionalTestingEditor/FunctionalTestingEditor.uplugin
LogPluginManager: Loaded Plugin RuntimeTests, From C:/Program Files (x86)/Epic Games/4.14/Engine/Plugins/Tests/RuntimeTests/RuntimeTests.uplugin
LogPluginManager: Loaded Plugin ScreenshotTools, From C:/Program Files (x86)/Epic Games/4.14/Engine/Plugins/Tests/ScreenshotTools/ScreenshotTools.uplugin
LogInit: Using libcurl 7.47.1
LogInit:  - built for x86_64-pc-win32
LogInit:  - supports SSL with OpenSSL/1.0.2g
LogInit:  - supports HTTP deflate (compression) using libz 1.2.8
LogInit:  - other features:
LogInit:      CURL_VERSION_SSL
LogInit:      CURL_VERSION_LIBZ
LogInit:      CURL_VERSION_IPV6
LogInit:      CURL_VERSION_ASYNCHDNS
LogInit:      CURL_VERSION_LARGEFILE
LogInit:      CURL_VERSION_IDN
LogInit:  CurlRequestOptions (configurable via config and command line):
LogInit:  - bVerifyPeer = false  - Libcurl will NOT verify peer certificate
LogInit:  - bUseHttpProxy = false  - Libcurl will NOT use HTTP proxy
LogInit:  - bDontReuseConnections = false  - Libcurl will reuse connections
LogInit:  - CertBundlePath = nullptr  - Libcurl will use whatever was configured at build time.
LogInit: Build: ++UE4+Release-4.14-CL-3195953
LogInit: Engine Version: 4.14.0-3195953+++UE4+Release-4.14
LogInit: Compatible Engine Version: 4.14.0-3195953+++UE4+Release-4.14
LogInit: Net CL: 3195953
LogDevObjectVersion: Number of dev versions registered: 13
LogDevObjectVersion:   Dev-Blueprints (B0D832E4-1F89-4F0D-ACCF-7EB736FD4AA2): 7
LogDevObjectVersion:   Dev-Build (E1C64328-A22C-4D53-A36C-8E866417BD8C): 0
LogDevObjectVersion:   Dev-Core (375EC13C-06E4-48FB-B500-84F0262A717E): 1
LogDevObjectVersion:   Dev-Editor (E4B068ED-F494-42E9-A231-DA0B2E46BB41): 8
LogDevObjectVersion:   Dev-Framework (CFFC743F-43B0-4480-9391-14DF171D2073): 17
LogDevObjectVersion:   Dev-Mobile (B02B49B5-BB20-44E9-A304-32B752E40360): 0
LogDevObjectVersion:   Dev-Networking (A4E4105C-59A1-49B5-A7C5-40C4547EDFEE): 0
LogDevObjectVersion:   Dev-Online (39C831C9-5AE6-47DC-9A44-9C173E1C8E7C): 0
LogDevObjectVersion:   Dev-Physics (78F01B33-EBEA-4F98-B9B4-84EACCB95AA2): 0
LogDevObjectVersion:   Dev-Platform (6631380F-2D4D-43E0-8009-CF276956A95A): 0
LogDevObjectVersion:   Dev-Rendering (12F88B9F-8875-4AFC-A67C-D90C383ABD29): 12
LogDevObjectVersion:   Dev-Sequencer (7B5AE74C-D270-4C10-A958-57980B212A5A): 1
LogDevObjectVersion:   Dev-VR (D7296918-1DD6-4BDD-9DE2-64A83CC13884): 0
LogInit: Compiled (64-bit): Nov 12 2016 02:14:10
LogInit: Compiled with Visual C++: 19.00.23026.00
LogInit: Build Configuration: Development
LogInit: Branch Name: ++UE4+Release-4.14
LogInit: Command line: -EpicPortal 
LogInit: Base directory: C:/Program Files (x86)/Epic Games/4.14/Engine/Binaries/Win64/
LogInit: Installed Engine Build: 1
LogInit: Presizing for max 8388607 objects, including 0 objects not considered by GC, pre-allocating 0 bytes for permanent pool.
LogInit: Object subsystem initialized
[2016.12.12-20.22.17:888][  0]LogInit: Selected Device Profile: [Windows]
[2016.12.12-20.22.17:888][  0]LogInit: Applying CVar settings loaded from the selected device profile: [Windows]
[2016.12.12-20.22.17:904][  0]LogInit: Computer: THO-TC-LEN013
[2016.12.12-20.22.17:904][  0]LogInit: User: mholtz
[2016.12.12-20.22.17:904][  0]LogInit: CPU Page size=65536, Cores=4
[2016.12.12-20.22.17:904][  0]LogInit: High frequency timer resolution =2.728212 MHz
[2016.12.12-20.22.17:904][  0]LogMemory: Memory total: Physical=15.9GB (16GB approx)
[2016.12.12-20.22.17:904][  0]LogMemory: Platform Memory Stats for Windows
[2016.12.12-20.22.17:904][  0]LogMemory: Process Physical Memory: 267.38 MB used, 267.38 MB peak
[2016.12.12-20.22.17:904][  0]LogMemory: Process Virtual Memory: 266.06 MB used, 266.06 MB peak
[2016.12.12-20.22.17:904][  0]LogMemory: Physical Memory: 6009.73 MB used,  10279.40 MB free, 16289.13 MB total
[2016.12.12-20.22.17:904][  0]LogMemory: Virtual Memory: 681.16 MB used,  10279.40 MB free, 8388608.00 MB total
[2016.12.12-20.22.17:949][  0]LogTextLocalizationManager: No specific translations for ('en-US') exist, so ('en') translations will be used.
[2016.12.12-20.22.19:247][  0]LogD3D11RHI: D3D11 adapters:
[2016.12.12-20.22.19:260][  0]LogD3D11RHI:    0. 'Intel(R) HD Graphics 4600' (Feature Level 11_0)
[2016.12.12-20.22.19:260][  0]LogD3D11RHI:       2214/0/7888 MB DedicatedVideo/DedicatedSystem/SharedSystem, Outputs:3, VendorId:0x8086
[2016.12.12-20.22.19:260][  0]LogD3D11RHI: Chosen D3D11 Adapter: 0
[2016.12.12-20.22.19:266][  0]LogD3D11RHI: Creating new Direct3DDevice
[2016.12.12-20.22.19:266][  0]LogD3D11RHI:     GPU DeviceId: 0x416 (for the marketing name, search the web for "GPU Device Id")
[2016.12.12-20.22.19:266][  0]LogWindows: EnumDisplayDevices:
[2016.12.12-20.22.19:266][  0]LogWindows:    0. 'Intel(R) HD Graphics 4600' (P:1 D:1)
[2016.12.12-20.22.19:266][  0]LogWindows:    1. 'Intel(R) HD Graphics 4600' (P:0 D:1)
[2016.12.12-20.22.19:266][  0]LogWindows:    2. 'Intel(R) HD Graphics 4600' (P:0 D:1)
[2016.12.12-20.22.19:266][  0]LogWindows:    3. 'RDPDD Chained DD' (P:0 D:0)
[2016.12.12-20.22.19:266][  0]LogWindows:    4. 'RDP Encoder Mirror Driver' (P:0 D:0)
[2016.12.12-20.22.19:267][  0]LogWindows:    5. 'RDP Reflector Display Driver' (P:0 D:0)
[2016.12.12-20.22.19:267][  0]LogWindows: DebugString: GetVideoDriverDetailsInvalid PrimaryIsNotTheChoosenAdapter GetVideoDriverDetailsInvalid PrimaryIsNotTheChoosenAdapter GetVideoDriverDetailsInvalid PrimaryIsNotTheChoosenAdapter FoundDriverCount:3 
[2016.12.12-20.22.19:267][  0]LogD3D11RHI:     Adapter Name: Intel(R) HD Graphics 4600
[2016.12.12-20.22.19:267][  0]LogD3D11RHI:   Driver Version: 10.18.14.4280 (internal:10.18.14.4280, unified:10.18.14.4280)
[2016.12.12-20.22.19:267][  0]LogD3D11RHI:      Driver Date: 8-28-2015
[2016.12.12-20.22.19:267][  0]LogRHI: Texture pool is 1361 MB (70% of 1945 MB)
[2016.12.12-20.22.19:281][  0]LogD3D11RHI: Async texture creation enabled
[2016.12.12-20.22.19:287][  0]LogD3D11RHI: GPU Timing Frequency: 12.500000 (Debug: 2 0)
[2016.12.12-20.22.19:288][  0]LogShaderCompilers: Guid format shader working directory is -11 characters bigger than the processId version (../../../../../../projects/Unreal Projects/MenuHudProject/Intermediate/Shaders/WorkingDirectory/10476/).
[2016.12.12-20.22.19:288][  0]LogShaderCompilers: Cleaned the shader compiler working directory 'C:/Users/mholtz/AppData/Local/Temp/UnrealShaderWorkingDir/A57D0672427BA3168F929C8492BE29C2/'.
[2016.12.12-20.22.19:288][  0]LogShaderCompilers:Display: Using Local Shader Compiler.
[2016.12.12-20.22.20:853][  0]LogTemp:Display: Loaded TP AllDesktopTargetPlatform
[2016.12.12-20.22.20:932][  0]LogTemp:Display: Loaded TP MacClientTargetPlatform
[2016.12.12-20.22.21:010][  0]LogTemp:Display: Loaded TP MacNoEditorTargetPlatform
[2016.12.12-20.22.21:091][  0]LogTemp:Display: Loaded TP MacServerTargetPlatform
[2016.12.12-20.22.21:174][  0]LogTemp:Display: Loaded TP MacTargetPlatform
[2016.12.12-20.22.21:252][  0]LogTemp:Display: Loaded TP WindowsClientTargetPlatform
[2016.12.12-20.22.21:331][  0]LogTemp:Display: Loaded TP WindowsNoEditorTargetPlatform
[2016.12.12-20.22.21:409][  0]LogTemp:Display: Loaded TP WindowsServerTargetPlatform
[2016.12.12-20.22.21:476][  0]LogTemp:Display: Loaded TP WindowsTargetPlatform
[2016.12.12-20.22.21:554][  0]LogTemp:Display: Loaded TP AndroidTargetPlatform
[2016.12.12-20.22.21:631][  0]LogTemp:Display: Loaded TP Android_ASTCTargetPlatform
[2016.12.12-20.22.21:707][  0]LogTemp:Display: Loaded TP Android_ATCTargetPlatform
[2016.12.12-20.22.21:784][  0]LogTemp:Display: Loaded TP Android_DXTTargetPlatform
[2016.12.12-20.22.21:861][  0]LogTemp:Display: Loaded TP Android_ETC1TargetPlatform
[2016.12.12-20.22.21:945][  0]LogTemp:Display: Loaded TP Android_ETC2TargetPlatform
[2016.12.12-20.22.22:102][  0]LogTemp:Display: Loaded TP Android_MultiTargetPlatform
[2016.12.12-20.22.22:102][  0]LogTemp:Display: Loaded TP Android_PVRTCTargetPlatform
[2016.12.12-20.22.22:165][  0]LogTemp:Display: Loaded TP HTML5TargetPlatform
[2016.12.12-20.22.22:274][  0]LogTemp:Display: Loaded TP IOSTargetPlatform
[2016.12.12-20.22.22:310][  0]LogTemp:Display: Loaded TP TVOSTargetPlatform
[2016.12.12-20.22.22:386][  0]LogTemp:Display: Loaded TP LinuxClientTargetPlatform
[2016.12.12-20.22.22:464][  0]LogTemp:Display: Loaded TP LinuxNoEditorTargetPlatform
[2016.12.12-20.22.22:542][  0]LogTemp:Display: Loaded TP LinuxServerTargetPlatform
[2016.12.12-20.22.22:621][  0]LogTemp:Display: Loaded TP LinuxTargetPlatform
[2016.12.12-20.22.22:621][  0]LogTargetPlatformManager:Display: Building Assets For Windows
[2016.12.12-20.22.23:056][  0]LogDerivedDataCache:Display: Max Cache Size: 512 MB
[2016.12.12-20.22.23:107][  0]LogDerivedDataCache: Loaded boot cache 0.05s 50MB C:/Users/mholtz/AppData/Local/UnrealEngine/4.14/DerivedDataCache/Boot.ddc.
[2016.12.12-20.22.23:107][  0]LogDerivedDataCache:Display: Loaded Boot cache: C:/Users/mholtz/AppData/Local/UnrealEngine/4.14/DerivedDataCache/Boot.ddc
[2016.12.12-20.22.23:107][  0]LogDerivedDataCache: FDerivedDataBackendGraph:  Pak pak cache file ../../../../../../projects/Unreal Projects/MenuHudProject/DerivedDataCache/DDC.ddp not found, will not use a pak cache.
[2016.12.12-20.22.23:107][  0]LogDerivedDataCache: Unable to find inner node Pak for hierarchical cache Hierarchy.
[2016.12.12-20.22.23:107][  0]LogDerivedDataCache: FDerivedDataBackendGraph:  CompressedPak pak cache file ../../../../../../projects/Unreal Projects/MenuHudProject/DerivedDataCache/Compressed.ddp not found, will not use a pak cache.
[2016.12.12-20.22.23:107][  0]LogDerivedDataCache: Unable to find inner node CompressedPak for hierarchical cache Hierarchy.
[2016.12.12-20.22.23:123][  0]LogDerivedDataCache:Display: Pak cache opened for reading ../../../Engine/DerivedDataCache/Compressed.ddp.
[2016.12.12-20.22.23:136][  0]LogDerivedDataCache: Using Local data cache path C:/Users/mholtz/AppData/Local/UnrealEngine/Common/DerivedDataCache: Writable
[2016.12.12-20.22.23:351][  0]LogInit: Selected Device Profile: [Windows]
[2016.12.12-20.22.23:354][  0]LogContentStreaming: Texture pool size is 0.00 MB
[2016.12.12-20.22.23:609][  0]LogMeshUtilities: Using QuadricMeshReduction for automatic static mesh reduction
[2016.12.12-20.22.23:674][  0]LogSimplygon: Simplygon DLL not present - disabling.
[2016.12.12-20.22.23:745][  0]LogMeshUtilities: Using SimplygonSwarm for distributed automatic mesh merging
[2016.12.12-20.22.23:745][  0]LogMeshUtilities: No automatic skeletal mesh reduction module available
[2016.12.12-20.22.23:745][  0]LogMeshUtilities: No automatic mesh merging module available
[2016.12.12-20.22.24:378][  0]LogNetVersion: GetLocalNetworkVersion: CL: 3195953, ProjectName: menuhudproject, ProjectVersion: , EngineNetworkVersion: 2, GameNetworkVersion: 0, NetworkChecksum: 1093614201
[2016.12.12-20.22.24:430][  0]LogAssetRegistry: FAssetRegistry took 0.0200 seconds to start up
[2016.12.12-20.22.24:486][  0]LogPackageLocalizationCache: Processed 3 localized package path(s) for 2 prioritized culture(s) in 0.035960 seconds
[2016.12.12-20.22.24:494][  0]LogUObjectArray: 31946 objects as part of root set at end of initial load.
[2016.12.12-20.22.24:495][  0]LogUObjectAllocator: 6935848 out of 0 bytes used by permanent object pool.
[2016.12.12-20.22.24:495][  0]LogUObjectArray: CloseDisregardForGC: 0/0 objects in disregard for GC pool
[2016.12.12-20.22.24:562][  0]LogInit: WinSock: version 1.1 (2.2), MaxSocks=32767, MaxUdp=65467
[2016.12.12-20.22.25:690][  0]LogSlate: Using Freetype 2.6.0
[2016.12.12-20.22.25:693][  0]LogSlate: SlateFontCache - WITH_FREETYPE: 1, WITH_HARFBUZZ: 1
[2016.12.12-20.22.25:693][  0]LogSlate: SlateFontCache - WITH_FREETYPE: 1, WITH_HARFBUZZ: 1
[2016.12.12-20.22.28:164][  0]LogTcpMessaging: Initializing TcpMessaging bridge
[2016.12.12-20.22.28:224][  0]LogUdpMessaging: Initializing bridge on interface 0.0.0.0:0 to multicast group 230.0.0.1:6666.
[2016.12.12-20.22.28:793][  0]LogMaterial: Uniform references updated for custom material expression Custom.
[2016.12.12-20.22.29:435][  0]SourceControl: Info Source control is disabled
[2016.12.12-20.22.29:490][  0]SourceControl: Info Source control is disabled
[2016.12.12-20.22.29:572][  0]SourceControl: Info Source control is disabled
[2016.12.12-20.22.29:650][  0]SourceControl: Info Source control is disabled
[2016.12.12-20.22.30:094][  0]LogLinker:Warning: Can't find file '/Game/PuzzleBP/Tutorial/Part1-Overview'
[2016.12.12-20.22.30:094][  0]LogLinker:Warning: Can't find file '/Game/PuzzleBP/Tutorial/Part1-Overview'
[2016.12.12-20.22.30:094][  0]LogUObjectGlobals:Warning: Failed to find object 'Class /Game/PuzzleBP/Tutorial/Part1-Overview.Part1-Overview_C'
[2016.12.12-20.22.30:094][  0]LogLinker:Warning: Can't find file '/Game/PuzzleBP/Tutorial/Part2-BlockBlueprint'
[2016.12.12-20.22.30:094][  0]LogLinker:Warning: Can't find file '/Game/PuzzleBP/Tutorial/Part2-BlockBlueprint'
[2016.12.12-20.22.30:094][  0]LogUObjectGlobals:Warning: Failed to find object 'Class /Game/PuzzleBP/Tutorial/Part2-BlockBlueprint.Part2-BlockBlueprint_C'
[2016.12.12-20.22.31:593][  0]LogEngine: Initializing Engine...
[2016.12.12-20.22.31:594][  0]LogHMD: Failed to initialize OpenVR with code 110
[2016.12.12-20.22.31:896][  0]LogAIModule: Creating AISystem for world Untitled
[2016.12.12-20.22.31:906][  0]LogInit: XAudio2 using 'Headphone (Realtek High Definition Audio)' : 2 channels at 48 kHz using 32 bits per sample (channel mask 0x3)
[2016.12.12-20.22.31:983][  0]LogInit: FAudioDevice initialized.
[2016.12.12-20.22.32:009][  0]LogDerivedDataCache: Saved boot cache 0.03s 50MB C:/Users/mholtz/AppData/Local/UnrealEngine/4.14/DerivedDataCache/Boot.ddc.
[2016.12.12-20.22.32:015][  0]LogInit: Texture streaming: Enabled
[2016.12.12-20.22.32:285][  0]LogInit: Transaction tracking system initialized
[2016.12.12-20.22.32:850][  0]BlueprintLog: New page: Editor Load
[2016.12.12-20.22.34:118][  0]LogInit:Warning: CVar named 'r.MobileHDR' marked up in RendererSettings was not found or is set to read-only
[2016.12.12-20.22.34:414][  0]LocalizationService: Info Localization service is disabled
[2016.12.12-20.22.35:438][  0]LogConsoleResponse:Display: 
[2016.12.12-20.22.35:616][  0]LogCook:Display: Max memory allowance for cook 16384mb min free memory 0mb
[2016.12.12-20.22.35:616][  0]LogCook:Display: Mobile HDR setting 0
[2016.12.12-20.22.36:331][  0]LogFileCache: Scanning file cache for directory 'C:/projects/Unreal Projects/MenuHudProject/Content/' took 0.01s
[2016.12.12-20.22.37:163][  0]SourceControl: Info Source control is disabled
[2016.12.12-20.22.37:163][  0]Cmd: MAP LOAD FILE="../../../../../../projects/Unreal Projects/MenuHudProject/Content/2DSideScrollerBP/Maps/2DSideScrollerExampleMap.umap" TEMPLATE=0 SHOWPROGRESS=1 FEATURELEVEL=3
[2016.12.12-20.22.37:163][  0]LightingResults: New page: Lighting Build
[2016.12.12-20.22.37:231][  0]MapCheck: New page: Map Check
[2016.12.12-20.22.37:231][  0]LightingResults: New page: Lighting Build
[2016.12.12-20.22.37:421][  0]LogAIModule: Creating AISystem for world 2DSideScrollerExampleMap
[2016.12.12-20.22.37:424][  0]LogEditorServer: Finished looking for orphan Actors (0.000 secs)
[2016.12.12-20.22.37:425][  0]Cmd: MAP CHECKDEP NOCLEARLOG
[2016.12.12-20.22.37:615][  0]MapCheck: Info Map check complete: 0 Error(s), 0 Warning(s), took 190.891ms to complete.
[2016.12.12-20.22.37:616][  0]LogFileHelpers: Loading map '2DSideScrollerExampleMap' took 0.453
[2016.12.12-20.22.37:827][  0]LogCollectionManager: Loaded 0 collections in 0.001759 seconds
[2016.12.12-20.22.37:955][  0]LogFileCache: Scanning file cache for directory 'C:/projects/Unreal Projects/MenuHudProject/Saved/Collections/' took 0.01s
[2016.12.12-20.22.37:955][  0]LogFileCache: Scanning file cache for directory 'C:/projects/Unreal Projects/MenuHudProject/Content/Developers/mholtz/Collections/' took 0.01s
[2016.12.12-20.22.37:955][  0]LogFileCache: Scanning file cache for directory 'C:/projects/Unreal Projects/MenuHudProject/Content/Collections/' took 0.01s
[2016.12.12-20.22.37:955][  0]LogCollectionManager: Rebuilt the GUID cache for 0 collections in 0.000001 seconds
[2016.12.12-20.22.37:963][  0]LogContentBrowser: Native class hierarchy populated in 0.0074 seconds. Added 2190 classes and 428 folders.
[2016.12.12-20.22.38:042][  0]LogStats: UGameplayTagsManager::ConstructGameplayTagTree: Construct from data asset -  0.000 s
[2016.12.12-20.22.38:042][  0]LogStats: UGameplayTagsManager::ConstructGameplayTagTree: GameplayTagTreeChangedEvent.Broadcast -  0.000 s
[2016.12.12-20.22.38:042][  0]LogContentBrowser: Native class hierarchy updated for 'GameplayTags' in 0.0006 seconds. Added 13 classes and 0 folders.
[2016.12.12-20.22.38:148][  0]LogContentBrowser: Native class hierarchy updated for 'WidgetCarousel' in 0.0005 seconds. Added 0 classes and 0 folders.
[2016.12.12-20.22.38:277][  0]LogContentBrowser: Native class hierarchy updated for 'AddContentDialog' in 0.0005 seconds. Added 0 classes and 0 folders.
[2016.12.12-20.22.38:342][  0]LogCrashTracker: Crashtracker disabled due to settings.
[2016.12.12-20.22.38:345][  0]LogUObjectGlobals:Warning: Failed to find object 'Class None.'
[2016.12.12-20.22.38:455][  0]LogContentBrowser: Native class hierarchy updated for 'HierarchicalLODOutliner' in 0.0005 seconds. Added 1 classes and 2 folders.
[2016.12.12-20.22.38:455][  0]LogLoad: (Engine Initialization) Total time: 22.73 seconds
[2016.12.12-20.22.38:455][  0]LogLoad: (Engine Initialization) Total Blueprint compile time: 0.11 seconds
[2016.12.12-20.22.38:455][  0]LogExternalProfiler: Found external profiler: VSPerf
[2016.12.12-20.22.38:455][  0]LogExternalProfiler: Using external profiler: VSPerf
[2016.12.12-20.22.38:472][  0]LogOcInput: OculusInput pre-init called
[2016.12.12-20.22.38:496][  0]LogContentStreaming: Texture pool size now 1000 MB
[2016.12.12-20.22.38:633][  0]LogRenderer: Reallocating scene render targets to support 872x936 NumSamples 1 (Frame:2).
[2016.12.12-20.22.39:299][  1]LogAssetRegistry: Asset discovery search completed in 14.8895 seconds
[2016.12.12-20.22.39:299][  1]LogCollectionManager: Rebuilt the object cache for 0 collections in 0.000001 seconds (found 0 objects)
[2016.12.12-20.22.39:299][  1]LogCollectionManager: Fixed up redirectors for 0 collections in 0.000012 seconds (updated 0 objects)
[2016.12.12-20.22.51:509][312]LightingResults: New page: Lighting Build
[2016.12.12-20.22.51:511][312]MapCheck: New page: Map Check
[2016.12.12-20.22.51:511][312]LightingResults: New page: Lighting Build
[2016.12.12-20.22.51:557][312]LogAIModule: Creating AISystem for world Untitled
[2016.12.12-20.22.51:565][312]LoadErrors: New page: New Map
[2016.12.12-20.23.15:803][504]LogSavePackage: Save=8.52ms
[2016.12.12-20.23.15:803][504]LogSavePackage: Moving '../../../../../../projects/Unreal Projects/MenuHudProject/Saved/EmptyMapA6DA75664B9438D796C181B432BEFA87.tmp' to '../../../../../../projects/Unreal Projects/MenuHudProject/Content/2DSideScrollerBP/Maps/EmptyMap.umap'
[2016.12.12-20.23.15:805][504]LogSavePackage:Display: Finished SavePackage ../../../../../../projects/Unreal Projects/MenuHudProject/Content/2DSideScrollerBP/Maps/EmptyMap.umap
[2016.12.12-20.23.15:820][504]LogFileHelpers: Saving map 'EmptyMap' took 0.282
[2016.12.12-20.26.23:065][763]LogContentBrowser: Native class hierarchy updated for 'BlueprintGraph' in 0.0009 seconds. Added 111 classes and 0 folders.
[2016.12.12-20.27.35:709][443]Cmd: OBJ SAVEPACKAGE PACKAGE="/Game/MenuAndHud/MainMenu" FILE="../../../../../../projects/Unreal Projects/MenuHudProject/Content/MenuAndHud/MainMenu.uasset" SILENT=true
[2016.12.12-20.27.35:722][443]LogSavePackage: Save=6.37ms
[2016.12.12-20.27.35:722][443]LogSavePackage: Moving '../../../../../../projects/Unreal Projects/MenuHudProject/Saved/MainMenu91AA916349BAFA8A98FCCF8ABA60EB6E.tmp' to '../../../../../../projects/Unreal Projects/MenuHudProject/Content/MenuAndHud/MainMenu.uasset'
[2016.12.12-20.27.35:728][443]LogSavePackage:Display: Finished SavePackage ../../../../../../projects/Unreal Projects/MenuHudProject/Content/MenuAndHud/MainMenu.uasset
[2016.12.12-20.32.58:652][492]LogFileHelpers: Editor autosave (incl. sublevels) for '/Game/2DSideScrollerBP/Maps/EmptyMap' took 0.020
[2016.12.12-20.32.58:655][492]OBJ SavePackage: Generating thumbnails for [0] asset(s) in package [/Game/MenuAndHud/HUD] ([1] browsable assets)...
[2016.12.12-20.32.58:655][492]OBJ SavePackage: Finished generating thumbnails for package [/Game/MenuAndHud/HUD]
[2016.12.12-20.32.58:655][492]Cmd: OBJ SAVEPACKAGE PACKAGE="/Game/MenuAndHud/HUD" FILE="../../../../../../projects/Unreal Projects/MenuHudProject/Saved/Autosaves/Game/MenuAndHud/HUD_Auto1.uasset" SILENT=false AUTOSAVING=true
[2016.12.12-20.32.58:662][492]LogSavePackage: Save=4.41ms
[2016.12.12-20.32.58:662][492]LogSavePackage: Moving '../../../../../../projects/Unreal Projects/MenuHudProject/Saved/HUD_Auto1C000F1754E013EAA8956478FF27ACE26.tmp' to '../../../../../../projects/Unreal Projects/MenuHudProject/Saved/Autosaves/Game/MenuAndHud/HUD_Auto1.uasset'
[2016.12.12-20.32.58:664][492]LogSavePackage:Display: Finished SavePackage ../../../../../../projects/Unreal Projects/MenuHudProject/Saved/Autosaves/Game/MenuAndHud/HUD_Auto1.uasset
[2016.12.12-20.32.58:665][492]OBJ SavePackage: Generating thumbnails for [0] asset(s) in package [/Game/MenuAndHud/PauseMenu] ([1] browsable assets)...
[2016.12.12-20.32.58:665][492]OBJ SavePackage: Finished generating thumbnails for package [/Game/MenuAndHud/PauseMenu]
[2016.12.12-20.32.58:673][492]LogSavePackage: Save=6.33ms
[2016.12.12-20.32.58:673][492]LogSavePackage: Moving '../../../../../../projects/Unreal Projects/MenuHudProject/Saved/PauseMenu_Auto14C9E66F24033D3218705AC94319C87BF.tmp' to '../../../../../../projects/Unreal Projects/MenuHudProject/Saved/Autosaves/Game/MenuAndHud/PauseMenu_Auto1.uasset'
[2016.12.12-20.32.58:675][492]LogSavePackage:Display: Finished SavePackage ../../../../../../projects/Unreal Projects/MenuHudProject/Saved/Autosaves/Game/MenuAndHud/PauseMenu_Auto1.uasset
[2016.12.12-20.32.58:675][492]LogFileHelpers: Auto-saving content packages took 0.022
[2016.12.12-21.19.42:793][951]LogFileHelpers: Editor autosave (incl. sublevels) for '/Game/2DSideScrollerBP/Maps/EmptyMap' took 0.012
[2016.12.12-21.19.42:796][951]OBJ SavePackage: Generating thumbnails for [0] asset(s) in package [/Game/MenuAndHud/MainMenu] ([1] browsable assets)...
[2016.12.12-21.19.42:796][951]OBJ SavePackage: Finished generating thumbnails for package [/Game/MenuAndHud/MainMenu]
[2016.12.12-21.19.42:796][951]Cmd: OBJ SAVEPACKAGE PACKAGE="/Game/MenuAndHud/MainMenu" FILE="../../../../../../projects/Unreal Projects/MenuHudProject/Saved/Autosaves/Game/MenuAndHud/MainMenu_Auto2.uasset" SILENT=false AUTOSAVING=true
[2016.12.12-21.19.42:808][951]LogSavePackage: Save=5.32ms
[2016.12.12-21.19.42:808][951]LogSavePackage: Moving '../../../../../../projects/Unreal Projects/MenuHudProject/Saved/MainMenu_Auto20C47448D4C75B19D0A91799C95A70039.tmp' to '../../../../../../projects/Unreal Projects/MenuHudProject/Saved/Autosaves/Game/MenuAndHud/MainMenu_Auto2.uasset'
[2016.12.12-21.19.42:809][951]LogSavePackage:Display: Finished SavePackage ../../../../../../projects/Unreal Projects/MenuHudProject/Saved/Autosaves/Game/MenuAndHud/MainMenu_Auto2.uasset
[2016.12.12-21.19.42:809][951]LogFileHelpers: Auto-saving content packages took 0.015
[2016.12.12-21.38.44:658][378]LogAudio:Warning: Current Audio Device with ID {0.0.0.00000000}.{c192b67e-cb6e-4d30-aabd-a931d6e237c6} was removed. Shutting down audio device.
[2016.12.12-22.16.04:859][193]LogFileHelpers: Editor autosave (incl. sublevels) for '/Game/2DSideScrollerBP/Maps/EmptyMap' took 0.014
[2016.12.12-22.16.04:863][193]OBJ SavePackage: Generating thumbnails for [0] asset(s) in package [/Game/MenuAndHud/MainMenu] ([1] browsable assets)...
[2016.12.12-22.16.04:863][193]OBJ SavePackage: Finished generating thumbnails for package [/Game/MenuAndHud/MainMenu]
[2016.12.12-22.16.04:863][193]Cmd: OBJ SAVEPACKAGE PACKAGE="/Game/MenuAndHud/MainMenu" FILE="../../../../../../projects/Unreal Projects/MenuHudProject/Saved/Autosaves/Game/MenuAndHud/MainMenu_Auto3.uasset" SILENT=false AUTOSAVING=true
[2016.12.12-22.16.04:876][193]LogSavePackage: Save=6.94ms
[2016.12.12-22.16.04:876][193]LogSavePackage: Moving '../../../../../../projects/Unreal Projects/MenuHudProject/Saved/MainMenu_Auto3D143144F48912587466810B46DDFDCFA.tmp' to '../../../../../../projects/Unreal Projects/MenuHudProject/Saved/Autosaves/Game/MenuAndHud/MainMenu_Auto3.uasset'
[2016.12.12-22.16.04:878][193]LogSavePackage:Display: Finished SavePackage ../../../../../../projects/Unreal Projects/MenuHudProject/Saved/Autosaves/Game/MenuAndHud/MainMenu_Auto3.uasset
[2016.12.12-22.16.04:878][193]LogFileHelpers: Auto-saving content packages took 0.018
[2016.12.12-22.16.17:198][445]BlueprintLog: New page: Compile MainMenu
[2016.12.12-22.16.18:140][462]Cmd: OBJ SAVEPACKAGE PACKAGE="/Game/MenuAndHud/MainMenu" FILE="../../../../../../projects/Unreal Projects/MenuHudProject/Content/MenuAndHud/MainMenu.uasset" SILENT=true
[2016.12.12-22.16.18:151][462]LogSavePackage: Save=7.29ms
[2016.12.12-22.16.18:151][462]LogSavePackage: Moving '../../../../../../projects/Unreal Projects/MenuHudProject/Saved/MainMenuE531F6594E69C4AB0DBBC1B21983091A.tmp' to '../../../../../../projects/Unreal Projects/MenuHudProject/Content/MenuAndHud/MainMenu.uasset'
[2016.12.12-22.16.18:156][462]LogSavePackage:Display: Finished SavePackage ../../../../../../projects/Unreal Projects/MenuHudProject/Content/MenuAndHud/MainMenu.uasset
[2016.12.12-22.16.42:090][774]LogFactory: FactoryCreateFile: Texture with ReimportTextureFactory (0 0 ../../../../../../projects/Unreal Projects/UnrealStickFigure2D/ExternalImages/Buttons/button.png)
[2016.12.12-22.16.42:093][774]LogTexture:Display: Building textures: button (BGRA8)
[2016.12.12-22.16.43:951][818]LogSavePackage: Save=7.54ms
[2016.12.12-22.16.43:951][818]LogSavePackage: Moving '../../../../../../projects/Unreal Projects/MenuHudProject/Saved/EmptyMapEB5621FA49FD7874328C82A3E160E1FA.tmp' to '../../../../../../projects/Unreal Projects/MenuHudProject/Content/2DSideScrollerBP/Maps/EmptyMap.umap'
[2016.12.12-22.16.43:952][818]LogSavePackage:Display: Finished SavePackage ../../../../../../projects/Unreal Projects/MenuHudProject/Content/2DSideScrollerBP/Maps/EmptyMap.umap
[2016.12.12-22.17.08:335][557]LogTemp: Repeting last play command: Selected Viewport
[2016.12.12-22.17.08:376][557]BlueprintLog: New page: Pre-Play auto-recompile
[2016.12.12-22.17.08:376][557]LogPlayLevel: [PlayLevel] Compiling MainMenu before play...
[2016.12.12-22.17.08:477][557]LogPlayLevel: PlayLevel: Blueprint regeneration took 101 ms (1 blueprints)
[2016.12.12-22.17.08:477][557]PIE: New page: PIE session: EmptyMap (Dec 12, 2016, 6:17:08 AM)
[2016.12.12-22.17.08:478][557]LogPlayLevel: Creating play world package: /Game/2DSideScrollerBP/Maps/UEDPIE_0_EmptyMap
[2016.12.12-22.17.08:479][557]LogPlayLevel: PIE: StaticDuplicateObject took: (0.000894s)
[2016.12.12-22.17.08:479][557]LogAIModule: Creating AISystem for world EmptyMap
[2016.12.12-22.17.08:479][557]LogPlayLevel: PIE: World Init took: (0.000509s)
[2016.12.12-22.17.08:479][557]LogPlayLevel: PIE: Created PIE world by copying editor world from /Game/2DSideScrollerBP/Maps/EmptyMap.EmptyMap to /Game/2DSideScrollerBP/Maps/UEDPIE_0_EmptyMap.EmptyMap (0.001614s)
[2016.12.12-22.17.08:495][557]LogInit: XAudio2 using 'Headphone (Realtek High Definition Audio)' : 2 channels at 48 kHz using 32 bits per sample (channel mask 0x3)
[2016.12.12-22.17.08:510][557]LogInit: FAudioDevice initialized.
[2016.12.12-22.17.08:558][557]LogLoad: Game class is '2DSideScrollerGameMode_C'
[2016.12.12-22.17.08:560][557]LogWorld: Bringing World /Game/2DSideScrollerBP/Maps/UEDPIE_0_EmptyMap.EmptyMap up for play (max tick rate 60) at 2016.12.12-14.17.08
[2016.12.12-22.17.08:560][557]LogWorld: Bringing up level for play took: 0.000684
[2016.12.12-22.17.09:709][557]LogContentBrowser: Native class hierarchy updated for 'MovieSceneCapture' in 0.0007 seconds. Added 11 classes and 0 folders.
[2016.12.12-22.17.09:711][557]PIE: Info Play in editor start time for /Game/2DSideScrollerBP/Maps/UEDPIE_0_EmptyMap 1.658
[2016.12.12-22.17.24:250][933]Cmd: OBJ SAVEPACKAGE PACKAGE="/Game/MenuAndHud/MainMenu" FILE="../../../../../../projects/Unreal Projects/MenuHudProject/Content/MenuAndHud/MainMenu.uasset" SILENT=true
[2016.12.12-22.17.24:269][933]LogSavePackage: Save=11.13ms
[2016.12.12-22.17.24:269][933]LogSavePackage: Moving '../../../../../../projects/Unreal Projects/MenuHudProject/Saved/MainMenu99DF471D4DBB6237687F918D3B4C2B83.tmp' to '../../../../../../projects/Unreal Projects/MenuHudProject/Content/MenuAndHud/MainMenu.uasset'
[2016.12.12-22.17.24:275][933]LogSavePackage:Display: Finished SavePackage ../../../../../../projects/Unreal Projects/MenuHudProject/Content/MenuAndHud/MainMenu.uasset
[2016.12.12-22.17.34:470][218]Cmd: OBJ SAVEPACKAGE PACKAGE="/Game/MenuAndHud/button" FILE="../../../../../../projects/Unreal Projects/MenuHudProject/Content/MenuAndHud/button.uasset" SILENT=true
[2016.12.12-22.17.34:496][218]LogSavePackage: Save=15.03ms
[2016.12.12-22.17.34:496][218]LogSavePackage: Moving '../../../../../../projects/Unreal Projects/MenuHudProject/Saved/buttonB6E0C63840D3AA306EBDAD9EA7A1C8DE.tmp' to '../../../../../../projects/Unreal Projects/MenuHudProject/Content/MenuAndHud/button.uasset'
[2016.12.12-22.17.34:515][218]LogSavePackage:Display: Finished SavePackage ../../../../../../projects/Unreal Projects/MenuHudProject/Content/MenuAndHud/button.uasset
[2016.12.12-22.17.34:517][218]Cmd: OBJ SAVEPACKAGE PACKAGE="/Game/MenuAndHud/HUD" FILE="../../../../../../projects/Unreal Projects/MenuHudProject/Content/MenuAndHud/HUD.uasset" SILENT=true
[2016.12.12-22.17.34:545][218]LogSavePackage: Save=17.97ms
[2016.12.12-22.17.34:545][218]LogSavePackage: Moving '../../../../../../projects/Unreal Projects/MenuHudProject/Saved/HUDF3DAE78341282F3ABD4D2EA8D1D7EF06.tmp' to '../../../../../../projects/Unreal Projects/MenuHudProject/Content/MenuAndHud/HUD.uasset'
[2016.12.12-22.17.34:565][218]LogSavePackage:Display: Finished SavePackage ../../../../../../projects/Unreal Projects/MenuHudProject/Content/MenuAndHud/HUD.uasset
[2016.12.12-22.17.34:567][218]Cmd: OBJ SAVEPACKAGE PACKAGE="/Game/MenuAndHud/PauseMenu" FILE="../../../../../../projects/Unreal Projects/MenuHudProject/Content/MenuAndHud/PauseMenu.uasset" SILENT=true
[2016.12.12-22.17.34:602][218]LogSavePackage: Save=25.45ms
[2016.12.12-22.17.34:602][218]LogSavePackage: Moving '../../../../../../projects/Unreal Projects/MenuHudProject/Saved/PauseMenu7AEC9FC443BC523BF20D50991D36373A.tmp' to '../../../../../../projects/Unreal Projects/MenuHudProject/Content/MenuAndHud/PauseMenu.uasset'
[2016.12.12-22.17.34:621][218]LogSavePackage:Display: Finished SavePackage ../../../../../../projects/Unreal Projects/MenuHudProject/Content/MenuAndHud/PauseMenu.uasset
[2016.12.12-22.17.34:955][219]Cmd: QUIT_EDITOR
[2016.12.12-22.17.35:625][219]LogExit: Preparing to exit.
[2016.12.12-22.17.36:313][219]LogDirectoryWatcher: A directory notification for 'C:/projects/Unreal Projects/MenuHudProject/Content/' was aborted.
[2016.12.12-22.17.36:354][219]LogExit: Editor shut down
[2016.12.12-22.17.36:354][219]LogExit: Transaction tracking system shut down
[2016.12.12-22.17.36:436][219]LogObj: Freed 0b from 0 cluster array pools.
[2016.12.12-22.17.36:436][219]LogExit: Object subsystem successfully closed.
[2016.12.12-22.17.36:453][219]LogD3D11RHI: Shutdown
[2016.12.12-22.17.36:453][219]LogD3D11RHI: CleanupD3DDevice
[2016.12.12-22.17.36:454][219]LogD3D11RHI: ~FD3D11DynamicRHI
[2016.12.12-22.17.36:534][219]LogHttp:Display: Http module shutting down, but needs to wait on 1 outstanding Http requests:
[2016.12.12-22.17.36:534][219]LogHttp:Display: 	verb=[POST] url=[https://datarouter.ol.epicgames.com/datarouter/api/v1/public/data?SessionID=%7B7D0CF443-4C30-0779-BB01-B9A11F89C62D%7D&AppID=UEEditor.Rocket.Release&AppVersion=4.14.0-3195953%2B%2B%2BUE4%2BRelease-4.14&UserID=eeb596c4402707c146aaacaee6b31e40%7C96adf8e2f188487abcab3fb8711cecfc%7Ce065d823-99bb-4e86-99e1-0cff48069a5d&AppEnvironment=datacollector-binary&UploadType=eteventstream] status=Processing
[2016.12.12-22.17.36:554][219]LogModuleManager: Shutting down and abandoning module MovieSceneCapture (245)
[2016.12.12-22.17.36:554][219]LogModuleManager: Shutting down and abandoning module SequencerWidgets (244)
[2016.12.12-22.17.36:554][219]LogModuleManager: Shutting down and abandoning module BlueprintGraph (243)
[2016.12.12-22.17.36:554][219]LogModuleManager: Shutting down and abandoning module BlueprintProfiler (242)
[2016.12.12-22.17.36:554][219]LogModuleManager: Shutting down and abandoning module NewLevelDialog (241)
[2016.12.12-22.17.36:554][219]LogModuleManager: Shutting down and abandoning module HierarchicalLODOutliner (240)
[2016.12.12-22.17.36:554][219]LogModuleManager: Shutting down and abandoning module CrashTracker (239)
[2016.12.12-22.17.36:554][219]LogModuleManager: Shutting down and abandoning module WidgetCarousel (238)
[2016.12.12-22.17.36:554][219]LogModuleManager: Shutting down and abandoning module AddContentDialog (237)
[2016.12.12-22.17.36:554][219]LogDirectoryWatcher: A directory notification for 'C:/Program Files (x86)/Epic Games/4.14/FeaturePacks/' was aborted.
[2016.12.12-22.17.36:555][219]LogModuleManager: Shutting down and abandoning module GameplayTags (236)
[2016.12.12-22.17.36:555][219]LogModuleManager: Shutting down and abandoning module EditorWidgets (235)
[2016.12.12-22.17.36:555][219]LogModuleManager: Shutting down and abandoning module CollectionManager (234)
[2016.12.12-22.17.36:555][219]LogDirectoryWatcher: A directory notification for 'C:/projects/Unreal Projects/MenuHudProject/Content/Collections/' was aborted.
[2016.12.12-22.17.36:555][219]LogDirectoryWatcher: A directory notification for 'C:/projects/Unreal Projects/MenuHudProject/Content/Developers/mholtz/Collections/' was aborted.
[2016.12.12-22.17.36:555][219]LogDirectoryWatcher: A directory notification for 'C:/projects/Unreal Projects/MenuHudProject/Saved/Collections/' was aborted.
[2016.12.12-22.17.36:556][219]LogModuleManager: Shutting down and abandoning module StatsViewer (233)
[2016.12.12-22.17.36:556][219]LogModuleManager: Shutting down and abandoning module FoliageEdit (232)
[2016.12.12-22.17.36:556][219]LogModuleManager: Shutting down and abandoning module LandscapeEditor (231)
[2016.12.12-22.17.36:556][219]LogModuleManager: Shutting down and abandoning module SceneDepthPickerMode (230)
[2016.12.12-22.17.36:556][219]LogModuleManager: Shutting down and abandoning module ActorPickerMode (229)
[2016.12.12-22.17.36:556][219]LogModuleManager: Shutting down and abandoning module GeometryMode (228)
[2016.12.12-22.17.36:556][219]LogModuleManager: Shutting down and abandoning module TextureAlignMode (227)
[2016.12.12-22.17.36:556][219]LogModuleManager: Shutting down and abandoning module BspMode (226)
[2016.12.12-22.17.36:556][219]LogModuleManager: Shutting down and abandoning module HardwareSurvey (225)
[2016.12.12-22.17.36:556][219]LogModuleManager: Shutting down and abandoning module SequenceRecorderSections (224)
[2016.12.12-22.17.36:556][219]LogModuleManager: Shutting down and abandoning module AutomationWorker (223)
[2016.12.12-22.17.36:556][219]LogModuleManager: Shutting down and abandoning module MatineeToLevelSequence (222)
[2016.12.12-22.17.36:556][219]LogModuleManager: Shutting down and abandoning module PlacementMode (221)
[2016.12.12-22.17.36:556][219]LogModuleManager: Shutting down and abandoning module LevelSequenceEditor (220)
[2016.12.12-22.17.36:556][219]LogModuleManager: Shutting down and abandoning module WmfMediaFactory (219)
[2016.12.12-22.17.36:556][219]LogModuleManager: Shutting down and abandoning module WmfMediaEditor (218)
[2016.12.12-22.17.36:556][219]LogModuleManager: Shutting down and abandoning module AvfMediaFactory (217)
[2016.12.12-22.17.36:556][219]LogModuleManager: Shutting down and abandoning module AvfMediaEditor (216)
[2016.12.12-22.17.36:556][219]LogModuleManager: Shutting down and abandoning module Media (215)
[2016.12.12-22.17.36:556][219]LogModuleManager: Shutting down and abandoning module AndroidMediaFactory (214)
[2016.12.12-22.17.36:556][219]LogModuleManager: Shutting down and abandoning module AndroidMediaEditor (213)
[2016.12.12-22.17.36:556][219]LogModuleManager: Shutting down and abandoning module CharacterAI (212)
[2016.12.12-22.17.36:556][219]LogModuleManager: Shutting down and abandoning module SequenceRecorder (211)
[2016.12.12-22.17.36:556][219]LogModuleManager: Shutting down and abandoning module AudioCapture (210)
[2016.12.12-22.17.36:556][219]LogModuleManager: Shutting down and abandoning module SmartSnapping (209)
[2016.12.12-22.17.36:556][219]LogModuleManager: Shutting down and abandoning module SessionServices (208)
[2016.12.12-22.17.36:556][219]LogModuleManager: Shutting down and abandoning module ViewportSnapping (207)
[2016.12.12-22.17.36:556][219]LogModuleManager: Shutting down and abandoning module ViewportInteraction (206)
[2016.12.12-22.17.36:556][219]LogModuleManager: Shutting down and abandoning module LogVisualizer (205)
[2016.12.12-22.17.36:556][219]LogModuleManager: Shutting down and abandoning module GameProjectGeneration (204)
[2016.12.12-22.17.36:556][219]LogModuleManager: Shutting down and abandoning module IntroTutorials (203)
[2016.12.12-22.17.36:556][219]LogModuleManager: Shutting down and abandoning module EditorLiveStreaming (202)
[2016.12.12-22.17.36:556][219]LogModuleManager: Shutting down and abandoning module IOSPlatformEditor (201)
[2016.12.12-22.17.36:556][219]LogModuleManager: Shutting down and abandoning module HTML5PlatformEditor (200)
[2016.12.12-22.17.36:556][219]LogModuleManager: Shutting down and abandoning module AndroidDeviceDetection (199)
[2016.12.12-22.17.36:938][219]LogModuleManager: Shutting down and abandoning module AndroidPlatformEditor (198)
[2016.12.12-22.17.36:938][219]LogModuleManager: Shutting down and abandoning module IOSRuntimeSettings (197)
[2016.12.12-22.17.36:938][219]LogModuleManager: Shutting down and abandoning module AndroidRuntimeSettings (196)
[2016.12.12-22.17.36:938][219]LogModuleManager: Shutting down and abandoning module InputBindingEditor (195)
[2016.12.12-22.17.36:938][219]LogModuleManager: Shutting down and abandoning module NiagaraEditor (194)
[2016.12.12-22.17.36:938][219]LogModuleManager: Shutting down and abandoning module MergeActors (193)
[2016.12.12-22.17.36:938][219]LogModuleManager: Shutting down and abandoning module SizeMap (192)
[2016.12.12-22.17.36:938][219]LogModuleManager: Shutting down and abandoning module TreeMap (191)
[2016.12.12-22.17.36:938][219]LogModuleManager: Shutting down and abandoning module ReferenceViewer (190)
[2016.12.12-22.17.36:938][219]LogModuleManager: Shutting down and abandoning module LocalizationService (189)
[2016.12.12-22.17.36:938][219]LogModuleManager: Shutting down and abandoning module LocalizationDashboard (188)
[2016.12.12-22.17.36:938][219]LogModuleManager: Shutting down and abandoning module HardwareTargeting (187)
[2016.12.12-22.17.36:938][219]LogModuleManager: Shutting down and abandoning module DeviceProfileEditor (186)
[2016.12.12-22.17.36:938][219]LogModuleManager: Shutting down and abandoning module UndoHistory (185)
[2016.12.12-22.17.36:938][219]LogModuleManager: Shutting down and abandoning module UserFeedback (184)
[2016.12.12-22.17.36:938][219]LogModuleManager: Shutting down and abandoning module XmlParser (183)
[2016.12.12-22.17.36:938][219]LogModuleManager: Shutting down and abandoning module Blutility (182)
[2016.12.12-22.17.36:938][219]LogModuleManager: Shutting down and abandoning module ProjectTargetPlatformEditor (181)
[2016.12.12-22.17.36:938][219]LogModuleManager: Shutting down and abandoning module ProjectSettingsViewer (180)
[2016.12.12-22.17.36:938][219]LogModuleManager: Shutting down and abandoning module EditorSettingsViewer (179)
[2016.12.12-22.17.36:938][219]LogModuleManager: Shutting down and abandoning module SettingsEditor (178)
[2016.12.12-22.17.36:938][219]LogModuleManager: Shutting down and abandoning module ProjectLauncher (177)
[2016.12.12-22.17.36:938][219]LogModuleManager: Shutting down and abandoning module SessionFrontend (176)
[2016.12.12-22.17.36:938][219]LogModuleManager: Shutting down and abandoning module ProfilerClient (175)
[2016.12.12-22.17.36:938][219]LogModuleManager: Shutting down and abandoning module TargetDeviceServices (174)
[2016.12.12-22.17.36:939][219]LogModuleManager: Shutting down and abandoning module DeviceManager (173)
[2016.12.12-22.17.36:979][219]LogModuleManager: Shutting down and abandoning module AutomationController (172)
[2016.12.12-22.17.36:979][219]LogModuleManager: Shutting down and abandoning module AutomationWindow (171)
[2016.12.12-22.17.36:979][219]LogModuleManager: Shutting down and abandoning module Layers (170)
[2016.12.12-22.17.36:979][219]LogModuleManager: Shutting down and abandoning module ComponentVisualizers (169)
[2016.12.12-22.17.36:979][219]LogModuleManager: Shutting down and abandoning module DetailCustomizations (168)
[2016.12.12-22.17.36:979][219]LogModuleManager: Shutting down and abandoning module PackagesDialog (167)
[2016.12.12-22.17.36:979][219]LogModuleManager: Shutting down and abandoning module AnimGraph (166)
[2016.12.12-22.17.36:979][219]LogModuleManager: Shutting down and abandoning module Persona (165)
[2016.12.12-22.17.36:979][219]LogModuleManager: Shutting down and abandoning module Kismet (164)
[2016.12.12-22.17.36:984][219]LogModuleManager: Shutting down and abandoning module GraphEditor (163)
[2016.12.12-22.17.36:984][219]LogModuleManager: Shutting down and abandoning module ClassViewer (162)
[2016.12.12-22.17.36:984][219]LogModuleManager: Shutting down and abandoning module Toolbox (161)
[2016.12.12-22.17.36:984][219]LogModuleManager: Shutting down and abandoning module ModuleUI (160)
[2016.12.12-22.17.36:984][219]LogModuleManager: Shutting down and abandoning module MovieSceneTools (159)
[2016.12.12-22.17.36:984][219]LogModuleManager: Shutting down and abandoning module OutputLog (158)
[2016.12.12-22.17.36:984][219]LogModuleManager: Shutting down and abandoning module GammaUI (157)
[2016.12.12-22.17.36:984][219]LogModuleManager: Shutting down and abandoning module Documentation (156)
[2016.12.12-22.17.36:984][219]LogModuleManager: Shutting down and abandoning module Niagara (155)
[2016.12.12-22.17.36:984][219]LogModuleManager: Shutting down and abandoning module StreamingPauseRendering (154)
[2016.12.12-22.17.36:984][219]LogModuleManager: Shutting down and abandoning module AnalyticsET (153)
[2016.12.12-22.17.36:984][219]LogModuleManager: Shutting down and abandoning module PortalServices (152)
[2016.12.12-22.17.36:984][219]LogModuleManager: Shutting down and abandoning module PortalRpc (151)
[2016.12.12-22.17.36:984][219]LogModuleManager: Shutting down and abandoning module MessagingRpc (150)
[2016.12.12-22.17.36:984][219]LogModuleManager: Shutting down and abandoning module GameplayDebugger (149)
[2016.12.12-22.17.36:984][219]LogModuleManager: Shutting down and abandoning module AITestSuite (148)
[2016.12.12-22.17.36:984][219]LogModuleManager: Shutting down and abandoning module AIModule (147)
[2016.12.12-22.17.36:984][219]LogModuleManager: Shutting down and abandoning module ProfilerService (146)
[2016.12.12-22.17.37:121][219]LogModuleManager: Shutting down and abandoning module TaskGraph (145)
[2016.12.12-22.17.37:121][219]LogModuleManager: Shutting down and abandoning module SlateRemote (144)
[2016.12.12-22.17.37:121][219]LogModuleManager: Shutting down and abandoning module SteamVRController (143)
[2016.12.12-22.17.37:121][219]LogModuleManager: Shutting down and abandoning module SteamVR (142)
[2016.12.12-22.17.37:121][219]LogModuleManager: Shutting down and abandoning module ProceduralMeshComponentEditor (141)
[2016.12.12-22.17.37:121][219]LogModuleManager: Shutting down and abandoning module ProceduralMeshComponent (140)
[2016.12.12-22.17.37:121][219]LogModuleManager: Shutting down and abandoning module OculusLibrary (139)
[2016.12.12-22.17.37:121][219]LogModuleManager: Shutting down and abandoning module OculusInput (138)
[2016.12.12-22.17.37:121][219]LogModuleManager: Shutting down and abandoning module MobilePatchingUtils (137)
[2016.12.12-22.17.37:121][219]LogModuleManager: Shutting down and abandoning module CustomMeshComponent (136)
[2016.12.12-22.17.37:121][219]LogModuleManager: Shutting down and abandoning module CableComponent (135)
[2016.12.12-22.17.37:121][219]LogModuleManager: Shutting down and abandoning module ArchVisCharacter (134)
[2016.12.12-22.17.37:121][219]LogModuleManager: Shutting down and abandoning module MediaPlayerEditor (132)
[2016.12.12-22.17.37:121][219]LogModuleManager: Shutting down and abandoning module HTML5Networking (131)
[2016.12.12-22.17.37:121][219]LogModuleManager: Shutting down and abandoning module GeometryCacheEd (130)
[2016.12.12-22.17.37:121][219]LogModuleManager: Shutting down and abandoning module GeometryCache (129)
[2016.12.12-22.17.37:121][219]LogModuleManager: Shutting down and abandoning module AlembicLibrary (128)
[2016.12.12-22.17.37:122][219]LogModuleManager: Shutting down and abandoning module AlembicImporter (127)
[2016.12.12-22.17.37:122][219]LogModuleManager: Shutting down and abandoning module SuperSearch (126)
[2016.12.12-22.17.37:122][219]LogModuleManager: Shutting down and abandoning module SuperSearchEditor (125)
[2016.12.12-22.17.37:122][219]LogModuleManager: Shutting down and abandoning module SpeedTreeImporter (124)
[2016.12.12-22.17.37:122][219]LogModuleManager: Shutting down and abandoning module PluginBrowser (123)
[2016.12.12-22.17.37:122][219]LogModuleManager: Shutting down and abandoning module MobileLauncherProfileWizard (122)
[2016.12.12-22.17.37:122][219]LogModuleManager: Shutting down and abandoning module EpicSurvey (121)
[2016.12.12-22.17.37:122][219]LogModuleManager: Shutting down and abandoning module DesktopPlatform (120)
[2016.12.12-22.17.37:122][219]LogModuleManager: Shutting down and abandoning module VisualStudioSourceCodeAccess (119)
[2016.12.12-22.17.37:122][219]LogModuleManager: Shutting down and abandoning module UObjectPlugin (118)
[2016.12.12-22.17.37:122][219]LogModuleManager: Shutting down and abandoning module SubversionSourceControl (117)
[2016.12.12-22.17.37:122][219]LogModuleManager: Shutting down and abandoning module PerforceSourceControl (116)
[2016.12.12-22.17.37:122][219]LogModuleManager: Shutting down and abandoning module SourceControl (115)
[2016.12.12-22.17.37:122][219]LogModuleManager: Shutting down and abandoning module GitSourceControl (114)
[2016.12.12-22.17.37:122][219]LogModuleManager: Shutting down and abandoning module LightPropagationVolumeEditor (113)
[2016.12.12-22.17.37:122][219]LogModuleManager: Shutting down and abandoning module PaperTiledImporter (112)
[2016.12.12-22.17.37:122][219]LogModuleManager: Shutting down and abandoning module PaperSpriteSheetImporter (111)
[2016.12.12-22.17.37:122][219]LogModuleManager: Shutting down and abandoning module MeshPaint (110)
[2016.12.12-22.17.37:122][219]LogModuleManager: Shutting down and abandoning module PixelInspectorModule (109)
[2016.12.12-22.17.37:122][219]LogModuleManager: Shutting down and abandoning module HotReload (108)
[2016.12.12-22.17.37:122][219]LogModuleManager: Shutting down and abandoning module MainFrame (107)
[2016.12.12-22.17.37:123][219]LogModuleManager: Shutting down and abandoning module LevelEditor (106)
[2016.12.12-22.17.37:123][219]LogModuleManager: Shutting down and abandoning module ContentBrowser (105)
[2016.12.12-22.17.37:124][219]LogModuleManager: Shutting down and abandoning module Paper2DEditor (104)
[2016.12.12-22.17.37:124][219]LogModuleManager: Shutting down and abandoning module UdpMessaging (103)
[2016.12.12-22.17.37:224][219]LogModuleManager: Shutting down and abandoning module TcpMessaging (102)
[2016.12.12-22.17.37:324][219]LogModuleManager: Shutting down and abandoning module LightPropagationVolumeRuntime (101)
[2016.12.12-22.17.37:324][219]LogModuleManager: Shutting down and abandoning module Paper2D (100)
[2016.12.12-22.17.37:324][219]LogModuleManager: Shutting down and abandoning module WindowsMoviePlayer (99)
[2016.12.12-22.17.37:324][219]LogModuleManager: Shutting down and abandoning module WmfMedia (98)
[2016.12.12-22.17.37:324][219]LogModuleManager: Shutting down and abandoning module MediaAssets (97)
[2016.12.12-22.17.37:324][219]LogModuleManager: Shutting down and abandoning module GameLiveStreaming (96)
[2016.12.12-22.17.37:324][219]LogModuleManager: Shutting down and abandoning module GameplayTagsEditor (95)
[2016.12.12-22.17.37:324][219]LogModuleManager: Shutting down and abandoning module VREditor (94)
[2016.12.12-22.17.37:324][219]LogModuleManager: Shutting down and abandoning module GameplayTasksEditor (93)
[2016.12.12-22.17.37:324][219]LogModuleManager: Shutting down and abandoning module BehaviorTreeEditor (92)
[2016.12.12-22.17.37:324][219]LogModuleManager: Shutting down and abandoning module FunctionalTesting (91)
[2016.12.12-22.17.37:324][219]LogModuleManager: Shutting down and abandoning module CollisionAnalyzer (90)
[2016.12.12-22.17.37:324][219]LogModuleManager: Shutting down and abandoning module Sequencer (89)
[2016.12.12-22.17.37:324][219]LogModuleManager: Shutting down and abandoning module WorkspaceMenuStructure (88)
[2016.12.12-22.17.37:324][219]LogModuleManager: Shutting down and abandoning module MessageLog (87)
[2016.12.12-22.17.37:324][219]LogModuleManager: Shutting down and abandoning module AssetTools (86)
[2016.12.12-22.17.37:324][219]LogModuleManager: Shutting down and abandoning module UMGEditor (85)
[2016.12.12-22.17.37:324][219]LogModuleManager: Shutting down and abandoning module UMG (84)
[2016.12.12-22.17.37:324][219]LogModuleManager: Shutting down and abandoning module SlateReflector (83)
[2016.12.12-22.17.37:324][219]LogModuleManager: Shutting down and abandoning module Slate (82)
[2016.12.12-22.17.37:324][219]LogModuleManager: Shutting down and abandoning module EditorStyle (81)
[2016.12.12-22.17.37:327][219]LogModuleManager: Shutting down and abandoning module SourceCodeAccess (80)
[2016.12.12-22.17.37:327][219]LogModuleManager: Shutting down and abandoning module HeadMountedDisplay (79)
[2016.12.12-22.17.37:327][219]LogModuleManager: Shutting down and abandoning module XAudio2 (78)
[2016.12.12-22.17.37:327][219]LogModuleManager: Shutting down and abandoning module Networking (76)
[2016.12.12-22.17.37:327][219]LogModuleManager: Shutting down and abandoning module Core (75)
[2016.12.12-22.17.37:327][219]LogModuleManager: Shutting down and abandoning module DirectoryWatcher (74)
[2016.12.12-22.17.37:327][219]LogDirectoryWatcher: A directory notification for '../../../Engine/Content/' was aborted.
[2016.12.12-22.17.37:327][219]LogDirectoryWatcher: A directory notification for '../../../../../../projects/Unreal Projects/MenuHudProject/Content/' was aborted.
[2016.12.12-22.17.37:327][219]LogDirectoryWatcher: A directory notification for '../../../Engine/Plugins/2D/Paper2D/Content/' was aborted.
[2016.12.12-22.17.37:327][219]LogModuleManager: Shutting down and abandoning module AssetRegistry (73)
[2016.12.12-22.17.37:412][219]LogModuleManager: Shutting down and abandoning module KismetCompiler (72)
[2016.12.12-22.17.37:412][219]LogModuleManager: Shutting down and abandoning module PhysXFormats (71)
[2016.12.12-22.17.37:412][219]LogModuleManager: Shutting down and abandoning module SimplygonSwarm (70)
[2016.12.12-22.17.37:412][219]LogModuleManager: Shutting down and abandoning module SimplygonMeshReduction (69)
[2016.12.12-22.17.37:412][219]LogModuleManager: Shutting down and abandoning module QuadricMeshReduction (68)
[2016.12.12-22.17.37:412][219]LogModuleManager: Shutting down and abandoning module PropertyEditor (67)
[2016.12.12-22.17.37:428][219]LogModuleManager: Shutting down and abandoning module MeshUtilities (66)
[2016.12.12-22.17.37:428][219]LogModuleManager: Shutting down and abandoning module DerivedDataCache (65)
[2016.12.12-22.17.37:479][219]LogDerivedDataCache: Shutdown
[2016.12.12-22.17.37:479][219]LogModuleManager: Shutting down and abandoning module VulkanShaderFormat (64)
[2016.12.12-22.17.37:479][219]LogModuleManager: Shutting down and abandoning module ShaderFormatOpenGL (63)
[2016.12.12-22.17.37:479][219]LogModuleManager: Shutting down and abandoning module ShaderFormatD3D (62)
[2016.12.12-22.17.37:479][219]LogModuleManager: Shutting down and abandoning module MetalShaderFormat (61)
[2016.12.12-22.17.37:479][219]LogModuleManager: Shutting down and abandoning module TextureFormatUncompressed (60)
[2016.12.12-22.17.37:479][219]LogModuleManager: Shutting down and abandoning module TextureFormatPVR (59)
[2016.12.12-22.17.37:479][219]LogModuleManager: Shutting down and abandoning module TextureFormatDXT (58)
[2016.12.12-22.17.37:479][219]LogModuleManager: Shutting down and abandoning module TextureFormatIntelISPCTexComp (57)
[2016.12.12-22.17.37:479][219]LogModuleManager: Shutting down and abandoning module ImageWrapper (56)
[2016.12.12-22.17.37:479][219]LogModuleManager: Shutting down and abandoning module TextureFormatASTC (55)
[2016.12.12-22.17.37:479][219]LogModuleManager: Shutting down and abandoning module TextureFormatAndroid (54)
[2016.12.12-22.17.37:479][219]LogModuleManager: Shutting down and abandoning module AudioFormatOpus (53)
[2016.12.12-22.17.37:479][219]LogModuleManager: Shutting down and abandoning module AudioFormatOgg (52)
[2016.12.12-22.17.37:479][219]LogModuleManager: Shutting down and abandoning module AudioFormatADPCM (51)
[2016.12.12-22.17.37:479][219]LogModuleManager: Shutting down and abandoning module LinuxTargetPlatform (50)
[2016.12.12-22.17.37:479][219]LogModuleManager: Shutting down and abandoning module LinuxServerTargetPlatform (49)
[2016.12.12-22.17.37:479][219]LogModuleManager: Shutting down and abandoning module LinuxNoEditorTargetPlatform (48)
[2016.12.12-22.17.37:479][219]LogModuleManager: Shutting down and abandoning module LinuxClientTargetPlatform (47)
[2016.12.12-22.17.37:479][219]LogModuleManager: Shutting down and abandoning module TVOSTargetPlatform (46)
[2016.12.12-22.17.37:479][219]LogModuleManager: Shutting down and abandoning module Messaging (45)
[2016.12.12-22.17.37:479][219]LogModuleManager: Shutting down and abandoning module IOSTargetPlatform (44)
[2016.12.12-22.17.37:479][219]LogModuleManager: Shutting down and abandoning module HTML5TargetPlatform (43)
[2016.12.12-22.17.37:479][219]LogModuleManager: Shutting down and abandoning module Android_PVRTCTargetPlatform (42)
[2016.12.12-22.17.37:479][219]LogModuleManager: Shutting down and abandoning module Android_MultiTargetPlatform (41)
[2016.12.12-22.17.37:479][219]LogModuleManager: Shutting down and abandoning module Android_ETC2TargetPlatform (40)
[2016.12.12-22.17.37:479][219]LogModuleManager: Shutting down and abandoning module Android_ETC1TargetPlatform (39)
[2016.12.12-22.17.37:479][219]LogModuleManager: Shutting down and abandoning module Android_DXTTargetPlatform (38)
[2016.12.12-22.17.37:479][219]LogModuleManager: Shutting down and abandoning module Android_ATCTargetPlatform (37)
[2016.12.12-22.17.37:479][219]LogModuleManager: Shutting down and abandoning module Android_ASTCTargetPlatform (36)
[2016.12.12-22.17.37:479][219]LogModuleManager: Shutting down and abandoning module AndroidTargetPlatform (35)
[2016.12.12-22.17.37:479][219]LogModuleManager: Shutting down and abandoning module WindowsTargetPlatform (34)
[2016.12.12-22.17.37:479][219]LogModuleManager: Shutting down and abandoning module WindowsServerTargetPlatform (33)
[2016.12.12-22.17.37:479][219]LogModuleManager: Shutting down and abandoning module WindowsNoEditorTargetPlatform (32)
[2016.12.12-22.17.37:479][219]LogModuleManager: Shutting down and abandoning module WindowsClientTargetPlatform (31)
[2016.12.12-22.17.37:479][219]LogModuleManager: Shutting down and abandoning module MacTargetPlatform (30)
[2016.12.12-22.17.37:479][219]LogModuleManager: Shutting down and abandoning module MacServerTargetPlatform (29)
[2016.12.12-22.17.37:479][219]LogModuleManager: Shutting down and abandoning module MacNoEditorTargetPlatform (28)
[2016.12.12-22.17.37:479][219]LogModuleManager: Shutting down and abandoning module MacClientTargetPlatform (27)
[2016.12.12-22.17.37:479][219]LogModuleManager: Shutting down and abandoning module AllDesktopTargetPlatform (26)
[2016.12.12-22.17.37:479][219]LogModuleManager: Shutting down and abandoning module TargetPlatform (25)
[2016.12.12-22.17.37:479][219]LogModuleManager: Shutting down and abandoning module InputCore (24)
[2016.12.12-22.17.37:479][219]LogModuleManager: Shutting down and abandoning module Settings (23)
[2016.12.12-22.17.37:479][219]LogModuleManager: Shutting down and abandoning module OculusRift (22)
[2016.12.12-22.17.37:479][219]LogModuleManager: Shutting down and abandoning module ExampleDeviceProfileSelector (21)
[2016.12.12-22.17.37:479][219]LogModuleManager: Shutting down and abandoning module OnlineBlueprintSupport (20)
[2016.12.12-22.17.37:480][219]LogModuleManager: Shutting down and abandoning module OnlineSubsystem (18)
[2016.12.12-22.17.37:480][219]LogOnline:Display: Unloading online subsystem: NULL
[2016.12.12-22.17.37:480][219]LogModuleManager: Shutting down and abandoning module SSL (17)
[2016.12.12-22.17.37:480][219]LogModuleManager: Shutting down and abandoning module HTTP (16)
[2016.12.12-22.17.37:480][219]LogModuleManager: Shutting down and abandoning module XMPP (15)
[2016.12.12-22.17.37:481][219]LogModuleManager: Shutting down and abandoning module TextureCompressor (14)
[2016.12.12-22.17.37:481][219]LogModuleManager: Shutting down and abandoning module ShaderCore (13)
[2016.12.12-22.17.37:481][219]LogModuleManager: Shutting down and abandoning module Landscape (12)
[2016.12.12-22.17.37:481][219]LogModuleManager: Shutting down and abandoning module SlateRHIRenderer (11)
[2016.12.12-22.17.37:481][219]LogModuleManager: Shutting down and abandoning module OpenGLDrv (10)
[2016.12.12-22.17.37:481][219]LogModuleManager: Shutting down and abandoning module D3D11RHI (9)
[2016.12.12-22.17.37:481][219]LogModuleManager: Shutting down and abandoning module AnimGraphRuntime (8)
[2016.12.12-22.17.37:482][219]LogModuleManager: Shutting down and abandoning module Renderer (7)
[2016.12.12-22.17.37:482][219]LogModuleManager: Shutting down and abandoning module Engine (6)
[2016.12.12-22.17.37:482][219]LogModuleManager: Shutting down and abandoning module CoreUObject (5)
[2016.12.12-22.17.37:482][219]LogModuleManager: Shutting down and abandoning module NetworkFile (4)
[2016.12.12-22.17.37:482][219]LogModuleManager: Shutting down and abandoning module StreamingFile (3)
[2016.12.12-22.17.37:482][219]LogModuleManager: Shutting down and abandoning module SandboxFile (2)
[2016.12.12-22.17.37:482][219]LogModuleManager: Shutting down and abandoning module PakFile (1)
[2016.12.12-22.17.37:483][219]LogExit: Exiting.
[2016.12.12-22.17.37:493][219]Log file closed, 12/12/16 14:17:37
