Log file open, 12/08/16 13:32:48
LogInit:Display: Running engine for game: UnrealStickFigure2D
LogPlatformFile: Not using cached read wrapper
LogInit:Display: RandInit(-984045446) SRandInit(-984045446).
LogTaskGraph: Started task graph with 5 named threads and 8 total threads with 1 sets of task threads.
LogStats: Stats thread started at 0.103729
LogPluginManager: Loaded Plugin Paper2D, From C:/Program Files (x86)/Epic Games/4.14/Engine/Plugins/2D/Paper2D/Paper2D.uplugin
LogPluginManager: Loaded Plugin LightPropagationVolume, From C:/Program Files (x86)/Epic Games/4.14/Engine/Plugins/Blendables/LightPropagationVolume/LightPropagationVolume.uplugin
LogPluginManager: Loaded Plugin BlankPlugin, From C:/Program Files (x86)/Epic Games/4.14/Engine/Plugins/Developer/BlankPlugin/BlankPlugin.uplugin
LogPluginManager: Loaded Plugin CodeLiteSourceCodeAccess, From C:/Program Files (x86)/Epic Games/4.14/Engine/Plugins/Developer/CodeLiteSourceCodeAccess/CodeLiteSourceCodeAccess.uplugin
LogPluginManager: Loaded Plugin GitSourceControl, From C:/Program Files (x86)/Epic Games/4.14/Engine/Plugins/Developer/GitSourceControl/GitSourceControl.uplugin
LogPluginManager: Loaded Plugin KDevelopSourceCodeAccess, From C:/Program Files (x86)/Epic Games/4.14/Engine/Plugins/Developer/KDevelopSourceCodeAccess/KDevelopSourceCodeAccess.uplugin
LogPluginManager: Loaded Plugin NullSourceCodeAccess, From C:/Program Files (x86)/Epic Games/4.14/Engine/Plugins/Developer/NullSourceCodeAccess/NullSourceCodeAccess.uplugin
LogPluginManager: Loaded Plugin OneSkyLocalizationService, From C:/Program Files (x86)/Epic Games/4.14/Engine/Plugins/Developer/OneSkyLocalizationService/OneSkyLocalizationService.uplugin
LogPluginManager: Loaded Plugin PerforceSourceControl, From C:/Program Files (x86)/Epic Games/4.14/Engine/Plugins/Developer/PerforceSourceControl/PerforceSourceControl.uplugin
LogPluginManager: Loaded Plugin SubversionSourceControl, From C:/Program Files (x86)/Epic Games/4.14/Engine/Plugins/Developer/SubversionSourceControl/SubversionSourceControl.uplugin
LogPluginManager: Loaded Plugin UObjectPlugin, From C:/Program Files (x86)/Epic Games/4.14/Engine/Plugins/Developer/UObjectPlugin/UObjectPlugin.uplugin
LogPluginManager: Loaded Plugin VisualStudioSourceCodeAccess, From C:/Program Files (x86)/Epic Games/4.14/Engine/Plugins/Developer/VisualStudioSourceCodeAccess/VisualStudioSourceCodeAccess.uplugin
LogPluginManager: Loaded Plugin XCodeSourceCodeAccess, From C:/Program Files (x86)/Epic Games/4.14/Engine/Plugins/Developer/XCodeSourceCodeAccess/XCodeSourceCodeAccess.uplugin
LogPluginManager: Loaded Plugin AudioCapture, From C:/Program Files (x86)/Epic Games/4.14/Engine/Plugins/Editor/AudioCapture/AudioCapture.uplugin
LogPluginManager: Loaded Plugin EpicSurvey, From C:/Program Files (x86)/Epic Games/4.14/Engine/Plugins/Editor/EpicSurvey/EpicSurvey.uplugin
LogPluginManager: Loaded Plugin MacGraphicsSwitching, From C:/Program Files (x86)/Epic Games/4.14/Engine/Plugins/Editor/MacGraphicsSwitching/MacGraphicsSwitching.uplugin
LogPluginManager: Loaded Plugin MobileLauncherProfileWizard, From C:/Program Files (x86)/Epic Games/4.14/Engine/Plugins/Editor/MobileLauncherProfileWizard/MobileLauncherProfileWizard.uplugin
LogPluginManager: Loaded Plugin PluginBrowser, From C:/Program Files (x86)/Epic Games/4.14/Engine/Plugins/Editor/PluginBrowser/PluginBrowser.uplugin
LogPluginManager: Loaded Plugin SpeedTreeImporter, From C:/Program Files (x86)/Epic Games/4.14/Engine/Plugins/Editor/SpeedTreeImporter/SpeedTreeImporter.uplugin
LogPluginManager: Loaded Plugin SuperSearchEditor, From C:/Program Files (x86)/Epic Games/4.14/Engine/Plugins/Editor/SuperSearchEditor/SuperSearchEditor.uplugin
LogPluginManager: Loaded Plugin AlembicImporter, From C:/Program Files (x86)/Epic Games/4.14/Engine/Plugins/Experimental/AlembicImporter/AlembicImporter.uplugin
LogPluginManager: Loaded Plugin BlueprintStats, From C:/Program Files (x86)/Epic Games/4.14/Engine/Plugins/Experimental/BlueprintStats/BlueprintStats.uplugin
LogPluginManager: Loaded Plugin CharacterAI, From C:/Program Files (x86)/Epic Games/4.14/Engine/Plugins/Experimental/CharacterAI/CharacterAI.uplugin
LogPluginManager: Loaded Plugin CodeEditor, From C:/Program Files (x86)/Epic Games/4.14/Engine/Plugins/Experimental/CodeEditor/CodeEditor.uplugin
LogPluginManager: Loaded Plugin CodeView, From C:/Program Files (x86)/Epic Games/4.14/Engine/Plugins/Experimental/CodeView/CodeView.uplugin
LogPluginManager: Loaded Plugin HTML5Networking, From C:/Program Files (x86)/Epic Games/4.14/Engine/Plugins/Experimental/HTML5Networking/HTML5Networking.uplugin
LogPluginManager: Loaded Plugin OSVR, From C:/Program Files (x86)/Epic Games/4.14/Engine/Plugins/Experimental/OSVR/OSVR.uplugin
LogPluginManager: Loaded Plugin Phya, From C:/Program Files (x86)/Epic Games/4.14/Engine/Plugins/Experimental/Phya/Phya.uplugin
LogPluginManager: Loaded Plugin SignificanceManager, From C:/Program Files (x86)/Epic Games/4.14/Engine/Plugins/Experimental/SignificanceManager/SignificanceManager.uplugin
LogPluginManager: Loaded Plugin SimpleHMD, From C:/Program Files (x86)/Epic Games/4.14/Engine/Plugins/Experimental/SimpleHMD/SimpleHMD.uplugin
LogPluginManager: Loaded Plugin StereoPanorama, From C:/Program Files (x86)/Epic Games/4.14/Engine/Plugins/Experimental/StereoPanorama/StereoPanorama.uplugin
LogPluginManager: Loaded Plugin StructBox, From C:/Program Files (x86)/Epic Games/4.14/Engine/Plugins/Experimental/StructBox/StructBox.uplugin
LogPluginManager: Loaded Plugin AndroidMedia, From C:/Program Files (x86)/Epic Games/4.14/Engine/Plugins/Media/AndroidMedia/AndroidMedia.uplugin
LogPluginManager: Loaded Plugin AvfMedia, From C:/Program Files (x86)/Epic Games/4.14/Engine/Plugins/Media/AvfMedia/AvfMedia.uplugin
LogPluginManager: Loaded Plugin MediaPlayerEditor, From C:/Program Files (x86)/Epic Games/4.14/Engine/Plugins/Media/MediaPlayerEditor/MediaPlayerEditor.uplugin
LogPluginManager: Loaded Plugin WmfMedia, From C:/Program Files (x86)/Epic Games/4.14/Engine/Plugins/Media/WmfMedia/WmfMedia.uplugin
LogPluginManager: Loaded Plugin MessagingDebugger, From C:/Program Files (x86)/Epic Games/4.14/Engine/Plugins/Messaging/MessagingDebugger/MessagingDebugger.uplugin
LogPluginManager: Loaded Plugin TcpMessaging, From C:/Program Files (x86)/Epic Games/4.14/Engine/Plugins/Messaging/TcpMessaging/TcpMessaging.uplugin
LogPluginManager: Loaded Plugin UdpMessaging, From C:/Program Files (x86)/Epic Games/4.14/Engine/Plugins/Messaging/UdpMessaging/UdpMessaging.uplugin
LogPluginManager: Loaded Plugin LevelSequenceEditor, From C:/Program Files (x86)/Epic Games/4.14/Engine/Plugins/MovieScene/LevelSequenceEditor/LevelSequenceEditor.uplugin
LogPluginManager: Loaded Plugin MatineeToLevelSequence, From C:/Program Files (x86)/Epic Games/4.14/Engine/Plugins/MovieScene/MatineeToLevelSequence/MatineeToLevelSequence.uplugin
LogPluginManager: Loaded Plugin NetcodeUnitTest, From C:/Program Files (x86)/Epic Games/4.14/Engine/Plugins/NetcodeUnitTest/NetcodeUnitTest/NetcodeUnitTest.uplugin
LogPluginManager: Loaded Plugin NUTUnrealEngine4, From C:/Program Files (x86)/Epic Games/4.14/Engine/Plugins/NetcodeUnitTest/NUTUnrealEngine4/NUTUnrealEngine4.uplugin
LogPluginManager: Loaded Plugin OnlineSubsystemGameCircle, From C:/Program Files (x86)/Epic Games/4.14/Engine/Plugins/Online/Android/OnlineSubsystemGameCircle/OnlineSubsystemGameCircle.uplugin
LogPluginManager: Loaded Plugin OnlineSubsystemGooglePlay, From C:/Program Files (x86)/Epic Games/4.14/Engine/Plugins/Online/Android/OnlineSubsystemGooglePlay/OnlineSubsystemGooglePlay.uplugin
LogPluginManager: Loaded Plugin OnlineSubsystemIOS, From C:/Program Files (x86)/Epic Games/4.14/Engine/Plugins/Online/IOS/OnlineSubsystemIOS/OnlineSubsystemIOS.uplugin
LogPluginManager: Loaded Plugin OnlineFramework, From C:/Program Files (x86)/Epic Games/4.14/Engine/Plugins/Online/OnlineFramework/OnlineFramework.uplugin
LogPluginManager: Loaded Plugin OnlineSubsystem, From C:/Program Files (x86)/Epic Games/4.14/Engine/Plugins/Online/OnlineSubsystem/OnlineSubsystem.uplugin
LogPluginManager: Loaded Plugin OnlineSubsystemAmazon, From C:/Program Files (x86)/Epic Games/4.14/Engine/Plugins/Online/OnlineSubsystemAmazon/OnlineSubsystemAmazon.uplugin
LogPluginManager: Loaded Plugin OnlineSubsystemFacebook, From C:/Program Files (x86)/Epic Games/4.14/Engine/Plugins/Online/OnlineSubsystemFacebook/OnlineSubsystemFacebook.uplugin
LogPluginManager: Loaded Plugin OnlineSubsystemNull, From C:/Program Files (x86)/Epic Games/4.14/Engine/Plugins/Online/OnlineSubsystemNull/OnlineSubsystemNull.uplugin
LogPluginManager: Loaded Plugin OnlineSubsystemOculus, From C:/Program Files (x86)/Epic Games/4.14/Engine/Plugins/Online/OnlineSubsystemOculus/OnlineSubsystemOculus.uplugin
LogPluginManager: Loaded Plugin OnlineSubsystemSteam, From C:/Program Files (x86)/Epic Games/4.14/Engine/Plugins/Online/OnlineSubsystemSteam/OnlineSubsystemSteam.uplugin
LogPluginManager: Loaded Plugin OnlineSubsystemUtils, From C:/Program Files (x86)/Epic Games/4.14/Engine/Plugins/Online/OnlineSubsystemUtils/OnlineSubsystemUtils.uplugin
LogPluginManager: Loaded Plugin IOSTapJoy, From C:/Program Files (x86)/Epic Games/4.14/Engine/Plugins/Runtime/Advertising/IOSTapJoy/IOSTapJoy.uplugin
LogPluginManager: Loaded Plugin AnalyticsBlueprintLibrary, From C:/Program Files (x86)/Epic Games/4.14/Engine/Plugins/Runtime/Analytics/AnalyticsBlueprintLibrary/AnalyticsBlueprintLibrary.uplugin
LogPluginManager: Loaded Plugin AnalyticsMulticast, From C:/Program Files (x86)/Epic Games/4.14/Engine/Plugins/Runtime/Analytics/AnalyticsMulticast/AnalyticsMulticast.uplugin
LogPluginManager: Loaded Plugin Apsalar, From C:/Program Files (x86)/Epic Games/4.14/Engine/Plugins/Runtime/Analytics/Apsalar/Apsalar.uplugin
LogPluginManager: Loaded Plugin FileLogging, From C:/Program Files (x86)/Epic Games/4.14/Engine/Plugins/Runtime/Analytics/FileLogging/FileLogging.uplugin
LogPluginManager: Loaded Plugin Flurry, From C:/Program Files (x86)/Epic Games/4.14/Engine/Plugins/Runtime/Analytics/Flurry/Flurry.uplugin
LogPluginManager: Loaded Plugin AndroidDeviceProfileSelector, From C:/Program Files (x86)/Epic Games/4.14/Engine/Plugins/Runtime/AndroidDeviceProfileSelector/AndroidDeviceProfileSelector.uplugin
LogPluginManager: Loaded Plugin AndroidMoviePlayer, From C:/Program Files (x86)/Epic Games/4.14/Engine/Plugins/Runtime/AndroidMoviePlayer/AndroidMoviePlayer.uplugin
LogPluginManager: Loaded Plugin AppleMoviePlayer, From C:/Program Files (x86)/Epic Games/4.14/Engine/Plugins/Runtime/AppleMoviePlayer/AppleMoviePlayer.uplugin
LogPluginManager: Loaded Plugin ArchVisCharacter, From C:/Program Files (x86)/Epic Games/4.14/Engine/Plugins/Runtime/ArchVisCharacter/ArchVisCharacter.uplugin
LogPluginManager: Loaded Plugin CableComponent, From C:/Program Files (x86)/Epic Games/4.14/Engine/Plugins/Runtime/CableComponent/CableComponent.uplugin
LogPluginManager: Loaded Plugin CustomMeshComponent, From C:/Program Files (x86)/Epic Games/4.14/Engine/Plugins/Runtime/CustomMeshComponent/CustomMeshComponent.uplugin
LogPluginManager: Loaded Plugin ExampleDeviceProfileSelector, From C:/Program Files (x86)/Epic Games/4.14/Engine/Plugins/Runtime/ExampleDeviceProfileSelector/ExampleDeviceProfileSelector.uplugin
LogPluginManager: Loaded Plugin GearVR, From C:/Program Files (x86)/Epic Games/4.14/Engine/Plugins/Runtime/GearVR/GearVR.uplugin
LogPluginManager: Loaded Plugin GoogleVRController, From C:/Program Files (x86)/Epic Games/4.14/Engine/Plugins/Runtime/GoogleVR/GoogleVRController/GoogleVRController.uplugin
LogPluginManager: Loaded Plugin GoogleVRHMD, From C:/Program Files (x86)/Epic Games/4.14/Engine/Plugins/Runtime/GoogleVR/GoogleVRHMD/GoogleVRHMD.uplugin
LogPluginManager: Loaded Plugin IOSDeviceProfileSelector, From C:/Program Files (x86)/Epic Games/4.14/Engine/Plugins/Runtime/IOSDeviceProfileSelector/IOSDeviceProfileSelector.uplugin
LogPluginManager: Loaded Plugin LeapMotion, From C:/Program Files (x86)/Epic Games/4.14/Engine/Plugins/Runtime/LeapMotion/LeapMotion.uplugin
LogPluginManager: Loaded Plugin LinuxDeviceProfileSelector, From C:/Program Files (x86)/Epic Games/4.14/Engine/Plugins/Runtime/LinuxDeviceProfileSelector/LinuxDeviceProfileSelector.uplugin
LogPluginManager: Loaded Plugin MIDIDevice, From C:/Program Files (x86)/Epic Games/4.14/Engine/Plugins/Runtime/MIDIDevice/MIDIDevice.uplugin
LogPluginManager: Loaded Plugin MobilePatchingUtils, From C:/Program Files (x86)/Epic Games/4.14/Engine/Plugins/Runtime/MobilePatchingUtils/MobilePatchingUtils.uplugin
LogPluginManager: Loaded Plugin Ansel, From C:/Program Files (x86)/Epic Games/4.14/Engine/Plugins/Runtime/Nvidia/Ansel/Ansel.uplugin
LogPluginManager: Loaded Plugin OculusAudio, From C:/Program Files (x86)/Epic Games/4.14/Engine/Plugins/Runtime/OculusAudio/OculusAudio.uplugin
LogPluginManager: Loaded Plugin OculusInput, From C:/Program Files (x86)/Epic Games/4.14/Engine/Plugins/Runtime/OculusInput/OculusInput.uplugin
LogPluginManager: Loaded Plugin OculusLibrary, From C:/Program Files (x86)/Epic Games/4.14/Engine/Plugins/Runtime/OculusLibrary/OculusLibrary.uplugin
LogPluginManager: Loaded Plugin OculusRift, From C:/Program Files (x86)/Epic Games/4.14/Engine/Plugins/Runtime/OculusRift/OculusRift.uplugin
LogPluginManager: Loaded Plugin Oodle, From C:/Program Files (x86)/Epic Games/4.14/Engine/Plugins/Runtime/PacketHandlers/CompressionComponents/Oodle/Oodle.uplugin
LogPluginManager: Loaded Plugin ProceduralMeshComponent, From C:/Program Files (x86)/Epic Games/4.14/Engine/Plugins/Runtime/ProceduralMeshComponent/ProceduralMeshComponent.uplugin
LogPluginManager: Loaded Plugin SoundMod, From C:/Program Files (x86)/Epic Games/4.14/Engine/Plugins/Runtime/SoundMod/SoundMod.uplugin
LogPluginManager: Loaded Plugin SoundVisualizations, From C:/Program Files (x86)/Epic Games/4.14/Engine/Plugins/Runtime/SoundVisualizations/SoundVisualizations.uplugin
LogPluginManager: Loaded Plugin SteamController, From C:/Program Files (x86)/Epic Games/4.14/Engine/Plugins/Runtime/Steam/SteamController/SteamController.uplugin
LogPluginManager: Loaded Plugin SteamVR, From C:/Program Files (x86)/Epic Games/4.14/Engine/Plugins/Runtime/Steam/SteamVR/SteamVR.uplugin
LogPluginManager: Loaded Plugin WebBrowserWidget, From C:/Program Files (x86)/Epic Games/4.14/Engine/Plugins/Runtime/WebBrowserWidget/WebBrowserWidget.uplugin
LogPluginManager: Loaded Plugin WindowsDeviceProfileSelector, From C:/Program Files (x86)/Epic Games/4.14/Engine/Plugins/Runtime/WindowsDeviceProfileSelector/WindowsDeviceProfileSelector.uplugin
LogPluginManager: Loaded Plugin WindowsMoviePlayer, From C:/Program Files (x86)/Epic Games/4.14/Engine/Plugins/Runtime/WindowsMoviePlayer/WindowsMoviePlayer.uplugin
LogPluginManager: Loaded Plugin ScriptPlugin, From C:/Program Files (x86)/Epic Games/4.14/Engine/Plugins/ScriptPlugin/ScriptPlugin.uplugin
LogPluginManager: Loaded Plugin SlateRemote, From C:/Program Files (x86)/Epic Games/4.14/Engine/Plugins/Slate/SlateRemote/SlateRemote.uplugin
LogPluginManager: Loaded Plugin EditorTests, From C:/Program Files (x86)/Epic Games/4.14/Engine/Plugins/Tests/EditorTests/EditorTests.uplugin
LogPluginManager: Loaded Plugin FbxAutomationTestBuilder, From C:/Program Files (x86)/Epic Games/4.14/Engine/Plugins/Tests/FbxAutomationTestBuilder/FbxAutomationTestBuilder.uplugin
LogPluginManager: Loaded Plugin FunctionalTestingEditor, From C:/Program Files (x86)/Epic Games/4.14/Engine/Plugins/Tests/FunctionalTestingEditor/FunctionalTestingEditor.uplugin
LogPluginManager: Loaded Plugin RuntimeTests, From C:/Program Files (x86)/Epic Games/4.14/Engine/Plugins/Tests/RuntimeTests/RuntimeTests.uplugin
LogPluginManager: Loaded Plugin ScreenshotTools, From C:/Program Files (x86)/Epic Games/4.14/Engine/Plugins/Tests/ScreenshotTools/ScreenshotTools.uplugin
LogInit: Using libcurl 7.47.1
LogInit:  - built for x86_64-pc-win32
LogInit:  - supports SSL with OpenSSL/1.0.2g
LogInit:  - supports HTTP deflate (compression) using libz 1.2.8
LogInit:  - other features:
LogInit:      CURL_VERSION_SSL
LogInit:      CURL_VERSION_LIBZ
LogInit:      CURL_VERSION_IPV6
LogInit:      CURL_VERSION_ASYNCHDNS
LogInit:      CURL_VERSION_LARGEFILE
LogInit:      CURL_VERSION_IDN
LogInit:  CurlRequestOptions (configurable via config and command line):
LogInit:  - bVerifyPeer = false  - Libcurl will NOT verify peer certificate
LogInit:  - bUseHttpProxy = false  - Libcurl will NOT use HTTP proxy
LogInit:  - bDontReuseConnections = false  - Libcurl will reuse connections
LogInit:  - CertBundlePath = nullptr  - Libcurl will use whatever was configured at build time.
LogInit: Build: ++UE4+Release-4.14-CL-3195953
LogInit: Engine Version: 4.14.0-3195953+++UE4+Release-4.14
LogInit: Compatible Engine Version: 4.14.0-3195953+++UE4+Release-4.14
LogInit: Net CL: 3195953
LogDevObjectVersion: Number of dev versions registered: 13
LogDevObjectVersion:   Dev-Blueprints (B0D832E4-1F89-4F0D-ACCF-7EB736FD4AA2): 7
LogDevObjectVersion:   Dev-Build (E1C64328-A22C-4D53-A36C-8E866417BD8C): 0
LogDevObjectVersion:   Dev-Core (375EC13C-06E4-48FB-B500-84F0262A717E): 1
LogDevObjectVersion:   Dev-Editor (E4B068ED-F494-42E9-A231-DA0B2E46BB41): 8
LogDevObjectVersion:   Dev-Framework (CFFC743F-43B0-4480-9391-14DF171D2073): 17
LogDevObjectVersion:   Dev-Mobile (B02B49B5-BB20-44E9-A304-32B752E40360): 0
LogDevObjectVersion:   Dev-Networking (A4E4105C-59A1-49B5-A7C5-40C4547EDFEE): 0
LogDevObjectVersion:   Dev-Online (39C831C9-5AE6-47DC-9A44-9C173E1C8E7C): 0
LogDevObjectVersion:   Dev-Physics (78F01B33-EBEA-4F98-B9B4-84EACCB95AA2): 0
LogDevObjectVersion:   Dev-Platform (6631380F-2D4D-43E0-8009-CF276956A95A): 0
LogDevObjectVersion:   Dev-Rendering (12F88B9F-8875-4AFC-A67C-D90C383ABD29): 12
LogDevObjectVersion:   Dev-Sequencer (7B5AE74C-D270-4C10-A958-57980B212A5A): 1
LogDevObjectVersion:   Dev-VR (D7296918-1DD6-4BDD-9DE2-64A83CC13884): 0
LogInit: Compiled (64-bit): Nov 12 2016 02:14:10
LogInit: Compiled with Visual C++: 19.00.23026.00
LogInit: Build Configuration: Development
LogInit: Branch Name: ++UE4+Release-4.14
LogInit: Command line:  
LogInit: Base directory: C:/Program Files (x86)/Epic Games/4.14/Engine/Binaries/Win64/
LogInit: Installed Engine Build: 1
LogInit: Presizing for max 8388607 objects, including 0 objects not considered by GC, pre-allocating 0 bytes for permanent pool.
LogInit: Object subsystem initialized
[2016.12.08-21.32.48:730][  0]LogInit: Selected Device Profile: [Windows]
[2016.12.08-21.32.48:730][  0]LogInit: Applying CVar settings loaded from the selected device profile: [Windows]
[2016.12.08-21.32.48:746][  0]LogInit: Computer: THO-TC-LEN013
[2016.12.08-21.32.48:746][  0]LogInit: User: mholtz
[2016.12.08-21.32.48:746][  0]LogInit: CPU Page size=65536, Cores=4
[2016.12.08-21.32.48:746][  0]LogInit: High frequency timer resolution =2.728212 MHz
[2016.12.08-21.32.48:746][  0]LogMemory: Memory total: Physical=15.9GB (16GB approx)
[2016.12.08-21.32.48:746][  0]LogMemory: Platform Memory Stats for Windows
[2016.12.08-21.32.48:746][  0]LogMemory: Process Physical Memory: 267.68 MB used, 267.68 MB peak
[2016.12.08-21.32.48:746][  0]LogMemory: Process Virtual Memory: 266.27 MB used, 266.27 MB peak
[2016.12.08-21.32.48:746][  0]LogMemory: Physical Memory: 5236.89 MB used,  11052.24 MB free, 16289.13 MB total
[2016.12.08-21.32.48:746][  0]LogMemory: Virtual Memory: 681.16 MB used,  11052.24 MB free, 8388608.00 MB total
[2016.12.08-21.32.48:973][  0]LogTextLocalizationManager: No specific translations for ('en-US') exist, so ('en') translations will be used.
[2016.12.08-21.32.50:130][  0]LogD3D11RHI: D3D11 adapters:
[2016.12.08-21.32.50:144][  0]LogD3D11RHI:    0. 'Intel(R) HD Graphics 4600' (Feature Level 11_0)
[2016.12.08-21.32.50:144][  0]LogD3D11RHI:       2214/0/7888 MB DedicatedVideo/DedicatedSystem/SharedSystem, Outputs:3, VendorId:0x8086
[2016.12.08-21.32.50:144][  0]LogD3D11RHI: Chosen D3D11 Adapter: 0
[2016.12.08-21.32.50:150][  0]LogD3D11RHI: Creating new Direct3DDevice
[2016.12.08-21.32.50:150][  0]LogD3D11RHI:     GPU DeviceId: 0x416 (for the marketing name, search the web for "GPU Device Id")
[2016.12.08-21.32.50:150][  0]LogWindows: EnumDisplayDevices:
[2016.12.08-21.32.50:150][  0]LogWindows:    0. 'Intel(R) HD Graphics 4600' (P:1 D:1)
[2016.12.08-21.32.50:150][  0]LogWindows:    1. 'Intel(R) HD Graphics 4600' (P:0 D:1)
[2016.12.08-21.32.50:150][  0]LogWindows:    2. 'Intel(R) HD Graphics 4600' (P:0 D:1)
[2016.12.08-21.32.50:150][  0]LogWindows:    3. 'RDPDD Chained DD' (P:0 D:0)
[2016.12.08-21.32.50:151][  0]LogWindows:    4. 'RDP Encoder Mirror Driver' (P:0 D:0)
[2016.12.08-21.32.50:151][  0]LogWindows:    5. 'RDP Reflector Display Driver' (P:0 D:0)
[2016.12.08-21.32.50:151][  0]LogWindows: DebugString: GetVideoDriverDetailsInvalid PrimaryIsNotTheChoosenAdapter GetVideoDriverDetailsInvalid PrimaryIsNotTheChoosenAdapter GetVideoDriverDetailsInvalid PrimaryIsNotTheChoosenAdapter FoundDriverCount:3 
[2016.12.08-21.32.50:151][  0]LogD3D11RHI:     Adapter Name: Intel(R) HD Graphics 4600
[2016.12.08-21.32.50:151][  0]LogD3D11RHI:   Driver Version: 10.18.14.4280 (internal:10.18.14.4280, unified:10.18.14.4280)
[2016.12.08-21.32.50:151][  0]LogD3D11RHI:      Driver Date: 8-28-2015
[2016.12.08-21.32.50:151][  0]LogRHI: Texture pool is 1361 MB (70% of 1945 MB)
[2016.12.08-21.32.50:164][  0]LogD3D11RHI: Async texture creation enabled
[2016.12.08-21.32.50:169][  0]LogD3D11RHI: GPU Timing Frequency: 12.500000 (Debug: 2 0)
[2016.12.08-21.32.50:170][  0]LogShaderCompilers: Guid format shader working directory is -15 characters bigger than the processId version (../../../../../../projects/Unreal Projects/UnrealStickFigure2D/Intermediate/Shaders/WorkingDirectory/5424/).
[2016.12.08-21.32.50:170][  0]LogShaderCompilers: Cleaned the shader compiler working directory 'C:/Users/mholtz/AppData/Local/Temp/UnrealShaderWorkingDir/0EE5A150422294A13CF04480B9D10612/'.
[2016.12.08-21.32.50:170][  0]LogShaderCompilers:Display: Using Local Shader Compiler.
[2016.12.08-21.32.52:126][  0]LogTemp:Display: Loaded TP AllDesktopTargetPlatform
[2016.12.08-21.32.52:203][  0]LogTemp:Display: Loaded TP MacClientTargetPlatform
[2016.12.08-21.32.52:279][  0]LogTemp:Display: Loaded TP MacNoEditorTargetPlatform
[2016.12.08-21.32.52:356][  0]LogTemp:Display: Loaded TP MacServerTargetPlatform
[2016.12.08-21.32.52:438][  0]LogTemp:Display: Loaded TP MacTargetPlatform
[2016.12.08-21.32.52:516][  0]LogTemp:Display: Loaded TP WindowsClientTargetPlatform
[2016.12.08-21.32.52:591][  0]LogTemp:Display: Loaded TP WindowsNoEditorTargetPlatform
[2016.12.08-21.32.52:669][  0]LogTemp:Display: Loaded TP WindowsServerTargetPlatform
[2016.12.08-21.32.52:734][  0]LogTemp:Display: Loaded TP WindowsTargetPlatform
[2016.12.08-21.32.52:808][  0]LogTemp:Display: Loaded TP AndroidTargetPlatform
[2016.12.08-21.32.52:885][  0]LogTemp:Display: Loaded TP Android_ASTCTargetPlatform
[2016.12.08-21.32.52:961][  0]LogTemp:Display: Loaded TP Android_ATCTargetPlatform
[2016.12.08-21.32.53:034][  0]LogTemp:Display: Loaded TP Android_DXTTargetPlatform
[2016.12.08-21.32.53:107][  0]LogTemp:Display: Loaded TP Android_ETC1TargetPlatform
[2016.12.08-21.32.53:181][  0]LogTemp:Display: Loaded TP Android_ETC2TargetPlatform
[2016.12.08-21.32.53:328][  0]LogTemp:Display: Loaded TP Android_MultiTargetPlatform
[2016.12.08-21.32.53:328][  0]LogTemp:Display: Loaded TP Android_PVRTCTargetPlatform
[2016.12.08-21.32.53:388][  0]LogTemp:Display: Loaded TP HTML5TargetPlatform
[2016.12.08-21.32.53:513][  0]LogTemp:Display: Loaded TP IOSTargetPlatform
[2016.12.08-21.32.53:546][  0]LogTemp:Display: Loaded TP TVOSTargetPlatform
[2016.12.08-21.32.53:621][  0]LogTemp:Display: Loaded TP LinuxClientTargetPlatform
[2016.12.08-21.32.53:695][  0]LogTemp:Display: Loaded TP LinuxNoEditorTargetPlatform
[2016.12.08-21.32.53:767][  0]LogTemp:Display: Loaded TP LinuxServerTargetPlatform
[2016.12.08-21.32.53:841][  0]LogTemp:Display: Loaded TP LinuxTargetPlatform
[2016.12.08-21.32.53:841][  0]LogTargetPlatformManager:Display: Building Assets For Windows
[2016.12.08-21.32.54:488][  0]LogDerivedDataCache:Display: Max Cache Size: 512 MB
[2016.12.08-21.32.54:537][  0]LogDerivedDataCache: Loaded boot cache 0.05s 50MB C:/Users/mholtz/AppData/Local/UnrealEngine/4.14/DerivedDataCache/Boot.ddc.
[2016.12.08-21.32.54:537][  0]LogDerivedDataCache:Display: Loaded Boot cache: C:/Users/mholtz/AppData/Local/UnrealEngine/4.14/DerivedDataCache/Boot.ddc
[2016.12.08-21.32.54:537][  0]LogDerivedDataCache: FDerivedDataBackendGraph:  Pak pak cache file ../../../../../../projects/Unreal Projects/UnrealStickFigure2D/DerivedDataCache/DDC.ddp not found, will not use a pak cache.
[2016.12.08-21.32.54:537][  0]LogDerivedDataCache: Unable to find inner node Pak for hierarchical cache Hierarchy.
[2016.12.08-21.32.54:537][  0]LogDerivedDataCache: FDerivedDataBackendGraph:  CompressedPak pak cache file ../../../../../../projects/Unreal Projects/UnrealStickFigure2D/DerivedDataCache/Compressed.ddp not found, will not use a pak cache.
[2016.12.08-21.32.54:537][  0]LogDerivedDataCache: Unable to find inner node CompressedPak for hierarchical cache Hierarchy.
[2016.12.08-21.32.54:553][  0]LogDerivedDataCache:Display: Pak cache opened for reading ../../../Engine/DerivedDataCache/Compressed.ddp.
[2016.12.08-21.32.54:566][  0]LogDerivedDataCache: Using Local data cache path C:/Users/mholtz/AppData/Local/UnrealEngine/Common/DerivedDataCache: Writable
[2016.12.08-21.32.56:614][  0]LogInit: Selected Device Profile: [Windows]
[2016.12.08-21.32.56:616][  0]LogContentStreaming: Texture pool size is 0.00 MB
[2016.12.08-21.32.56:870][  0]LogMeshUtilities: Using QuadricMeshReduction for automatic static mesh reduction
[2016.12.08-21.32.56:946][  0]LogSimplygon: Simplygon DLL not present - disabling.
[2016.12.08-21.32.57:016][  0]LogMeshUtilities: Using SimplygonSwarm for distributed automatic mesh merging
[2016.12.08-21.32.57:016][  0]LogMeshUtilities: No automatic skeletal mesh reduction module available
[2016.12.08-21.32.57:016][  0]LogMeshUtilities: No automatic mesh merging module available
[2016.12.08-21.32.57:739][  0]LogNetVersion: GetLocalNetworkVersion: CL: 3195953, ProjectName: unrealstickfigure2d, ProjectVersion: , EngineNetworkVersion: 2, GameNetworkVersion: 0, NetworkChecksum: 2893249720
[2016.12.08-21.32.57:794][  0]LogAssetRegistry: FAssetRegistry took 0.0201 seconds to start up
[2016.12.08-21.32.57:848][  0]LogPackageLocalizationCache: Processed 3 localized package path(s) for 2 prioritized culture(s) in 0.033622 seconds
[2016.12.08-21.32.57:854][  0]LogUObjectArray: 31946 objects as part of root set at end of initial load.
[2016.12.08-21.32.57:854][  0]LogUObjectAllocator: 6935848 out of 0 bytes used by permanent object pool.
[2016.12.08-21.32.57:854][  0]LogUObjectArray: CloseDisregardForGC: 0/0 objects in disregard for GC pool
[2016.12.08-21.32.57:913][  0]LogInit: WinSock: version 1.1 (2.2), MaxSocks=32767, MaxUdp=65467
[2016.12.08-21.32.59:061][  0]LogSlate: Using Freetype 2.6.0
[2016.12.08-21.32.59:064][  0]LogSlate: SlateFontCache - WITH_FREETYPE: 1, WITH_HARFBUZZ: 1
[2016.12.08-21.32.59:064][  0]LogSlate: SlateFontCache - WITH_FREETYPE: 1, WITH_HARFBUZZ: 1
[2016.12.08-21.33.01:435][  0]LogTcpMessaging: Initializing TcpMessaging bridge
[2016.12.08-21.33.01:500][  0]LogUdpMessaging: Initializing bridge on interface 0.0.0.0:0 to multicast group 230.0.0.1:6666.
[2016.12.08-21.33.01:942][  0]LogMaterial: Uniform references updated for custom material expression Custom.
[2016.12.08-21.33.02:488][  0]SourceControl: Info Source control is disabled
[2016.12.08-21.33.02:648][  0]SourceControl: Info Source control is disabled
[2016.12.08-21.33.02:718][  0]SourceControl: Info Source control is disabled
[2016.12.08-21.33.02:786][  0]SourceControl: Info Source control is disabled
[2016.12.08-21.33.03:168][  0]LogLinker:Warning: Can't find file '/Game/PuzzleBP/Tutorial/Part4-GridBluepint2'
[2016.12.08-21.33.03:168][  0]LogLinker:Warning: Can't find file '/Game/PuzzleBP/Tutorial/Part4-GridBluepint2'
[2016.12.08-21.33.03:168][  0]LogUObjectGlobals:Warning: Failed to find object 'Class /Game/PuzzleBP/Tutorial/Part4-GridBluepint2.Part4-GridBluepint2_C'
[2016.12.08-21.33.03:168][  0]LogLinker:Warning: Can't find file '/Game/PuzzleBP/Tutorial/Part5-GameMode'
[2016.12.08-21.33.03:168][  0]LogLinker:Warning: Can't find file '/Game/PuzzleBP/Tutorial/Part5-GameMode'
[2016.12.08-21.33.03:168][  0]LogUObjectGlobals:Warning: Failed to find object 'Class /Game/PuzzleBP/Tutorial/Part5-GameMode.Part5-GameMode_C'
[2016.12.08-21.33.03:168][  0]LogLinker:Warning: Can't find file '/Game/PuzzleBP/Tutorial/Part6-Controller'
[2016.12.08-21.33.03:168][  0]LogLinker:Warning: Can't find file '/Game/PuzzleBP/Tutorial/Part6-Controller'
[2016.12.08-21.33.03:168][  0]LogUObjectGlobals:Warning: Failed to find object 'Class /Game/PuzzleBP/Tutorial/Part6-Controller.Part6-Controller_C'
[2016.12.08-21.33.04:520][  0]LogEngine: Initializing Engine...
[2016.12.08-21.33.04:522][  0]LogHMD: Failed to initialize OpenVR with code 110
[2016.12.08-21.33.04:827][  0]LogAIModule: Creating AISystem for world Untitled
[2016.12.08-21.33.04:847][  0]LogInit: XAudio2 using 'Headphone (Realtek High Definition Audio)' : 2 channels at 48 kHz using 32 bits per sample (channel mask 0x3)
[2016.12.08-21.33.04:925][  0]LogInit: FAudioDevice initialized.
[2016.12.08-21.33.04:969][  0]LogDerivedDataCache: Saved boot cache 0.04s 50MB C:/Users/mholtz/AppData/Local/UnrealEngine/4.14/DerivedDataCache/Boot.ddc.
[2016.12.08-21.33.04:975][  0]LogInit: Texture streaming: Enabled
[2016.12.08-21.33.05:204][  0]LogInit: Transaction tracking system initialized
[2016.12.08-21.33.05:718][  0]BlueprintLog: New page: Editor Load
[2016.12.08-21.33.06:961][  0]LocalizationService: Info Localization service is disabled
[2016.12.08-21.33.07:935][  0]LogConsoleResponse:Display: 
[2016.12.08-21.33.08:099][  0]LogCook:Display: Max memory allowance for cook 16384mb min free memory 0mb
[2016.12.08-21.33.08:099][  0]LogCook:Display: Mobile HDR setting 0
[2016.12.08-21.33.09:346][  0]LogFileCache: Scanning file cache for directory 'C:/projects/Unreal Projects/UnrealStickFigure2D/Content/' took 0.01s
[2016.12.08-21.33.09:413][  0]SourceControl: Info Source control is disabled
[2016.12.08-21.33.09:414][  0]Cmd: MAP LOAD FILE="../../../../../../projects/Unreal Projects/UnrealStickFigure2D/Content/Maps/TrainingMap_1.umap" TEMPLATE=0 SHOWPROGRESS=1 FEATURELEVEL=3
[2016.12.08-21.33.09:414][  0]LightingResults: New page: Lighting Build
[2016.12.08-21.33.09:477][  0]MapCheck: New page: Map Check
[2016.12.08-21.33.09:477][  0]LightingResults: New page: Lighting Build
[2016.12.08-21.33.09:679][  0]LogLinker:Warning: Can't find file '/Paper2D/TranslucentUnlitSpriteMaterial'
[2016.12.08-21.33.09:690][  0]LoadErrors: Info Failed to load /Game/2DAssets/Pencil/PencilShadow_Sprite.PencilShadow_Sprite Referenced by PaperSpriteComponent_1962
[2016.12.08-21.33.09:690][  0]LogLinker:Warning: Can't find file for asset '/Paper2D/TranslucentUnlitSpriteMaterial' while loading ../../../../../../projects/Unreal Projects/UnrealStickFigure2D/Content/2DAssets/Pencil/PencilShadow_Sprite.uasset.
[2016.12.08-21.33.09:690][  0]LoadErrors: Info Failed to load /Game/2DAssets/Pencil/PencilShadow_Sprite.PencilShadow_Sprite Referenced by PaperSpriteComponent_1962
[2016.12.08-21.33.09:690][  0]LoadErrors:Error: Error /Game/2DAssets/Pencil/PencilShadow_Sprite : Can't find file for asset. /Paper2D/TranslucentUnlitSpriteMaterial
[2016.12.08-21.33.09:691][  0]LogLinker:Warning: Can't find file '/Paper2D/TranslucentUnlitSpriteMaterial'
[2016.12.08-21.33.09:691][  0]LoadErrors: Info Failed to load /Game/2DAssets/Pencil/PencilShadow_Sprite.PencilShadow_Sprite Referenced by PaperSpriteComponent_1962
[2016.12.08-21.33.09:691][  0]LogLinker:Warning: Can't find file for asset '/Paper2D/TranslucentUnlitSpriteMaterial' while loading ../../../../../../projects/Unreal Projects/UnrealStickFigure2D/Content/2DAssets/Pencil/PencilShadow_Sprite.uasset.
[2016.12.08-21.33.09:691][  0]LoadErrors: Info Failed to load /Game/2DAssets/Pencil/PencilShadow_Sprite.PencilShadow_Sprite Referenced by PaperSpriteComponent_1962
[2016.12.08-21.33.09:691][  0]LoadErrors:Error: Error /Game/2DAssets/Pencil/PencilShadow_Sprite : Can't find file for asset. /Paper2D/TranslucentUnlitSpriteMaterial
[2016.12.08-21.33.09:730][  0]LogLinker:Warning: Can't find file '/Paper2D/TranslucentUnlitSpriteMaterial'
[2016.12.08-21.33.09:731][  0]LoadErrors: Info Failed to load /Game/2DAssets/Projectile/FireballFlipbook.FireballFlipbook Referenced by PaperFlipbookComponent_58
[2016.12.08-21.33.09:731][  0]LogLinker:Warning: Can't find file for asset '/Paper2D/TranslucentUnlitSpriteMaterial' while loading ../../../../../../projects/Unreal Projects/UnrealStickFigure2D/Content/2DAssets/Projectile/Fireball_1_Sprite.uasset.
[2016.12.08-21.33.09:731][  0]LoadErrors: Info Failed to load /Game/2DAssets/Projectile/FireballFlipbook.FireballFlipbook Referenced by PaperFlipbookComponent_58
[2016.12.08-21.33.09:731][  0]LoadErrors:Error: Error /Game/2DAssets/Projectile/Fireball_1_Sprite : Can't find file for asset. /Paper2D/TranslucentUnlitSpriteMaterial
[2016.12.08-21.33.09:731][  0]LogLinker:Warning: Can't find file '/Paper2D/TranslucentUnlitSpriteMaterial'
[2016.12.08-21.33.09:731][  0]LoadErrors: Info Failed to load /Game/2DAssets/Projectile/FireballFlipbook.FireballFlipbook Referenced by PaperFlipbookComponent_58
[2016.12.08-21.33.09:731][  0]LogLinker:Warning: Can't find file for asset '/Paper2D/TranslucentUnlitSpriteMaterial' while loading ../../../../../../projects/Unreal Projects/UnrealStickFigure2D/Content/2DAssets/Projectile/Fireball_1_Sprite.uasset.
[2016.12.08-21.33.09:732][  0]LoadErrors: Info Failed to load /Game/2DAssets/Projectile/FireballFlipbook.FireballFlipbook Referenced by PaperFlipbookComponent_58
[2016.12.08-21.33.09:732][  0]LoadErrors:Error: Error /Game/2DAssets/Projectile/Fireball_1_Sprite : Can't find file for asset. /Paper2D/TranslucentUnlitSpriteMaterial
[2016.12.08-21.33.09:732][  0]LogLinker:Warning: Can't find file '/Paper2D/TranslucentUnlitSpriteMaterial'
[2016.12.08-21.33.09:732][  0]LoadErrors: Info Failed to load /Game/2DAssets/Projectile/FireballFlipbook.FireballFlipbook Referenced by PaperFlipbookComponent_58
[2016.12.08-21.33.09:732][  0]LogLinker:Warning: Can't find file for asset '/Paper2D/TranslucentUnlitSpriteMaterial' while loading ../../../../../../projects/Unreal Projects/UnrealStickFigure2D/Content/2DAssets/Projectile/Fireball_2_Sprite.uasset.
[2016.12.08-21.33.09:733][  0]LoadErrors: Info Failed to load /Game/2DAssets/Projectile/FireballFlipbook.FireballFlipbook Referenced by PaperFlipbookComponent_58
[2016.12.08-21.33.09:733][  0]LoadErrors:Error: Error /Game/2DAssets/Projectile/Fireball_2_Sprite : Can't find file for asset. /Paper2D/TranslucentUnlitSpriteMaterial
[2016.12.08-21.33.09:733][  0]LogLinker:Warning: Can't find file '/Paper2D/TranslucentUnlitSpriteMaterial'
[2016.12.08-21.33.09:733][  0]LoadErrors: Info Failed to load /Game/2DAssets/Projectile/FireballFlipbook.FireballFlipbook Referenced by PaperFlipbookComponent_58
[2016.12.08-21.33.09:733][  0]LogLinker:Warning: Can't find file for asset '/Paper2D/TranslucentUnlitSpriteMaterial' while loading ../../../../../../projects/Unreal Projects/UnrealStickFigure2D/Content/2DAssets/Projectile/Fireball_2_Sprite.uasset.
[2016.12.08-21.33.09:733][  0]LoadErrors: Info Failed to load /Game/2DAssets/Projectile/FireballFlipbook.FireballFlipbook Referenced by PaperFlipbookComponent_58
[2016.12.08-21.33.09:733][  0]LoadErrors:Error: Error /Game/2DAssets/Projectile/Fireball_2_Sprite : Can't find file for asset. /Paper2D/TranslucentUnlitSpriteMaterial
[2016.12.08-21.33.09:735][  0]LogLinker:Warning: Can't find file '/Paper2D/TranslucentUnlitSpriteMaterial'
[2016.12.08-21.33.09:735][  0]LoadErrors: Info Failed to load /Game/2DAssets/Projectile/FireballFlipbook.FireballFlipbook Referenced by PaperFlipbookComponent_58
[2016.12.08-21.33.09:735][  0]LogLinker:Warning: Can't find file for asset '/Paper2D/TranslucentUnlitSpriteMaterial' while loading ../../../../../../projects/Unreal Projects/UnrealStickFigure2D/Content/2DAssets/Projectile/Fireball_3_Sprite.uasset.
[2016.12.08-21.33.09:735][  0]LoadErrors: Info Failed to load /Game/2DAssets/Projectile/FireballFlipbook.FireballFlipbook Referenced by PaperFlipbookComponent_58
[2016.12.08-21.33.09:735][  0]LoadErrors:Error: Error /Game/2DAssets/Projectile/Fireball_3_Sprite : Can't find file for asset. /Paper2D/TranslucentUnlitSpriteMaterial
[2016.12.08-21.33.09:736][  0]LogLinker:Warning: Can't find file '/Paper2D/TranslucentUnlitSpriteMaterial'
[2016.12.08-21.33.09:736][  0]LoadErrors: Info Failed to load /Game/2DAssets/Projectile/FireballFlipbook.FireballFlipbook Referenced by PaperFlipbookComponent_58
[2016.12.08-21.33.09:736][  0]LogLinker:Warning: Can't find file for asset '/Paper2D/TranslucentUnlitSpriteMaterial' while loading ../../../../../../projects/Unreal Projects/UnrealStickFigure2D/Content/2DAssets/Projectile/Fireball_3_Sprite.uasset.
[2016.12.08-21.33.09:736][  0]LoadErrors: Info Failed to load /Game/2DAssets/Projectile/FireballFlipbook.FireballFlipbook Referenced by PaperFlipbookComponent_58
[2016.12.08-21.33.09:736][  0]LoadErrors:Error: Error /Game/2DAssets/Projectile/Fireball_3_Sprite : Can't find file for asset. /Paper2D/TranslucentUnlitSpriteMaterial
[2016.12.08-21.33.09:736][  0]LogLinker:Warning: Can't find file '/Paper2D/TranslucentUnlitSpriteMaterial'
[2016.12.08-21.33.09:736][  0]LoadErrors: Info Failed to load /Paper2D/TranslucentUnlitSpriteMaterial.TranslucentUnlitSpriteMaterial Referenced by PaperFlipbookComponent_58
[2016.12.08-21.33.09:737][  0]LogLinker:Warning: Can't find file for asset '/Paper2D/TranslucentUnlitSpriteMaterial' while loading ../../../../../../projects/Unreal Projects/UnrealStickFigure2D/Content/Blueprints/Projectile.uasset.
[2016.12.08-21.33.09:737][  0]LoadErrors: Info Failed to load /Paper2D/TranslucentUnlitSpriteMaterial.TranslucentUnlitSpriteMaterial Referenced by PaperFlipbookComponent_58
[2016.12.08-21.33.09:737][  0]LoadErrors:Error: Error /Game/Blueprints/Projectile : Can't find file for asset. /Paper2D/TranslucentUnlitSpriteMaterial
[2016.12.08-21.33.09:738][  0]LogLinker:Warning: Can't find file '/Paper2D/TranslucentUnlitSpriteMaterial'
[2016.12.08-21.33.09:738][  0]LogLinker:Warning: Can't find file for asset '/Paper2D/TranslucentUnlitSpriteMaterial' while loading ../../../../../../projects/Unreal Projects/UnrealStickFigure2D/Content/Blueprints/Projectile.uasset.
[2016.12.08-21.33.09:738][  0]LoadErrors:Error: Error /Game/Blueprints/Projectile : Can't find file for asset. /Paper2D/TranslucentUnlitSpriteMaterial
[2016.12.08-21.33.09:742][  0]LogLinker:Warning: Can't find file '/Paper2D/TranslucentUnlitSpriteMaterial'
[2016.12.08-21.33.09:742][  0]LogLinker:Warning: Can't find file for asset '/Paper2D/TranslucentUnlitSpriteMaterial' while loading ../../../../../../projects/Unreal Projects/UnrealStickFigure2D/Content/Blueprints/Projectile.uasset.
[2016.12.08-21.33.09:742][  0]LoadErrors:Error: Error /Game/Blueprints/Projectile : Can't find file for asset. /Paper2D/TranslucentUnlitSpriteMaterial
[2016.12.08-21.33.09:781][  0]LogLinker:Warning: Can't find file '/Paper2D/TranslucentUnlitSpriteMaterial'
[2016.12.08-21.33.09:781][  0]LogLinker:Warning: Can't find file for asset '/Paper2D/TranslucentUnlitSpriteMaterial' while loading ../../../../../../projects/Unreal Projects/UnrealStickFigure2D/Content/Blueprints/Projectile.uasset.
[2016.12.08-21.33.09:781][  0]LoadErrors:Error: Error /Game/Blueprints/Projectile : Can't find file for asset. /Paper2D/TranslucentUnlitSpriteMaterial
[2016.12.08-21.33.09:782][  0]LogLinker:Warning: Can't find file '/Paper2D/TranslucentUnlitSpriteMaterial'
[2016.12.08-21.33.09:782][  0]LogLinker:Warning: Can't find file for asset '/Paper2D/TranslucentUnlitSpriteMaterial' while loading ../../../../../../projects/Unreal Projects/UnrealStickFigure2D/Content/Blueprints/Projectile.uasset.
[2016.12.08-21.33.09:782][  0]LoadErrors:Error: Error /Game/Blueprints/Projectile : Can't find file for asset. /Paper2D/TranslucentUnlitSpriteMaterial
[2016.12.08-21.33.09:906][  0]LogLinker:Warning: Can't find file '/Paper2D/TranslucentUnlitSpriteMaterial'
[2016.12.08-21.33.09:907][  0]LogLinker:Warning: Can't find file for asset '/Paper2D/TranslucentUnlitSpriteMaterial' while loading ../../../../../../projects/Unreal Projects/UnrealStickFigure2D/Content/2DAssets/Pencil/PencilTipShadow_Sprite.uasset.
[2016.12.08-21.33.09:907][  0]LoadErrors:Error: Error /Game/2DAssets/Pencil/PencilTipShadow_Sprite : Can't find file for asset. /Paper2D/TranslucentUnlitSpriteMaterial
[2016.12.08-21.33.09:907][  0]LogLinker:Warning: Can't find file '/Paper2D/TranslucentUnlitSpriteMaterial'
[2016.12.08-21.33.09:907][  0]LogLinker:Warning: Can't find file for asset '/Paper2D/TranslucentUnlitSpriteMaterial' while loading ../../../../../../projects/Unreal Projects/UnrealStickFigure2D/Content/2DAssets/Pencil/PencilTipShadow_Sprite.uasset.
[2016.12.08-21.33.09:907][  0]LoadErrors:Error: Error /Game/2DAssets/Pencil/PencilTipShadow_Sprite : Can't find file for asset. /Paper2D/TranslucentUnlitSpriteMaterial
[2016.12.08-21.33.10:443][  0]LogLinker:Warning: Can't find file '/Paper2D/TranslucentUnlitSpriteMaterial'
[2016.12.08-21.33.10:443][  0]LoadErrors: Info Failed to load /Paper2D/TranslucentUnlitSpriteMaterial.TranslucentUnlitSpriteMaterial Referenced by Fireball_3_Sprite
[2016.12.08-21.33.10:443][  0]LogLinker:Warning: Can't find file for asset '/Paper2D/TranslucentUnlitSpriteMaterial' while loading NULL.
[2016.12.08-21.33.10:443][  0]LoadErrors: Info Failed to load /Paper2D/TranslucentUnlitSpriteMaterial.TranslucentUnlitSpriteMaterial Referenced by Fireball_3_Sprite
[2016.12.08-21.33.10:443][  0]LogLinker:Warning: Can't find file '/Paper2D/TranslucentUnlitSpriteMaterial'
[2016.12.08-21.33.10:443][  0]LoadErrors: Info Failed to load /Paper2D/TranslucentUnlitSpriteMaterial.TranslucentUnlitSpriteMaterial Referenced by Fireball_2_Sprite
[2016.12.08-21.33.10:443][  0]LogLinker:Warning: Can't find file for asset '/Paper2D/TranslucentUnlitSpriteMaterial' while loading NULL.
[2016.12.08-21.33.10:443][  0]LoadErrors: Info Failed to load /Paper2D/TranslucentUnlitSpriteMaterial.TranslucentUnlitSpriteMaterial Referenced by Fireball_2_Sprite
[2016.12.08-21.33.10:445][  0]LogLinker:Warning: Can't find file '/Paper2D/TranslucentUnlitSpriteMaterial'
[2016.12.08-21.33.10:445][  0]LoadErrors: Info Failed to load /Paper2D/TranslucentUnlitSpriteMaterial.TranslucentUnlitSpriteMaterial Referenced by Fireball_1_Sprite
[2016.12.08-21.33.10:445][  0]LogLinker:Warning: Can't find file for asset '/Paper2D/TranslucentUnlitSpriteMaterial' while loading NULL.
[2016.12.08-21.33.10:445][  0]LoadErrors: Info Failed to load /Paper2D/TranslucentUnlitSpriteMaterial.TranslucentUnlitSpriteMaterial Referenced by Fireball_1_Sprite
[2016.12.08-21.33.10:446][  0]LogLinker:Warning: Can't find file '/Paper2D/TranslucentUnlitSpriteMaterial'
[2016.12.08-21.33.10:446][  0]LoadErrors: Info Failed to load /Paper2D/TranslucentUnlitSpriteMaterial.TranslucentUnlitSpriteMaterial Referenced by PencilShadow_Sprite
[2016.12.08-21.33.10:446][  0]LogLinker:Warning: Can't find file for asset '/Paper2D/TranslucentUnlitSpriteMaterial' while loading NULL.
[2016.12.08-21.33.10:446][  0]LoadErrors: Info Failed to load /Paper2D/TranslucentUnlitSpriteMaterial.TranslucentUnlitSpriteMaterial Referenced by PencilShadow_Sprite
[2016.12.08-21.33.10:446][  0]LogLinker:Warning: Can't find file '/Paper2D/TranslucentUnlitSpriteMaterial'
[2016.12.08-21.33.10:446][  0]LoadErrors: Info Failed to load /Paper2D/TranslucentUnlitSpriteMaterial.TranslucentUnlitSpriteMaterial Referenced by PencilShadow_Sprite
[2016.12.08-21.33.10:446][  0]LogLinker:Warning: Can't find file for asset '/Paper2D/TranslucentUnlitSpriteMaterial' while loading NULL.
[2016.12.08-21.33.10:446][  0]LoadErrors: Info Failed to load /Paper2D/TranslucentUnlitSpriteMaterial.TranslucentUnlitSpriteMaterial Referenced by PencilShadow_Sprite
[2016.12.08-21.33.10:448][  0]LogLinker:Warning: Can't find file '/Paper2D/TranslucentUnlitSpriteMaterial'
[2016.12.08-21.33.10:448][  0]LoadErrors: Info Failed to load /Paper2D/TranslucentUnlitSpriteMaterial.TranslucentUnlitSpriteMaterial Referenced by PencilTipShadow_Sprite
[2016.12.08-21.33.10:448][  0]LogLinker:Warning: Can't find file for asset '/Paper2D/TranslucentUnlitSpriteMaterial' while loading NULL.
[2016.12.08-21.33.10:448][  0]LoadErrors: Info Failed to load /Paper2D/TranslucentUnlitSpriteMaterial.TranslucentUnlitSpriteMaterial Referenced by PencilTipShadow_Sprite
[2016.12.08-21.33.10:466][  0]LogTexture:Display: Building textures: Fireball_3 (AutoDXT)
[2016.12.08-21.33.10:479][  0]LogTexture:Display: Building textures: Fireball_2 (AutoDXT)
[2016.12.08-21.33.10:492][  0]LogTexture:Display: Building textures: Fireball_1 (AutoDXT)
[2016.12.08-21.33.10:504][  0]LogTexture:Display: Building textures: Spawn_27 (AutoDXT)
[2016.12.08-21.33.10:510][  0]LogTexture:Display: Building textures: Spawn_26 (AutoDXT)
[2016.12.08-21.33.10:515][  0]LogTexture:Display: Building textures: Spawn_25 (AutoDXT)
[2016.12.08-21.33.10:520][  0]LogTexture:Display: Building textures: Spawn_2 (AutoDXT)
[2016.12.08-21.33.10:526][  0]LogTexture:Display: Building textures: Spawn_29 (AutoDXT)
[2016.12.08-21.33.10:531][  0]LogTexture:Display: Building textures: Spawn_28 (AutoDXT)
[2016.12.08-21.33.10:536][  0]LogTexture:Display: Building textures: Spawn_24 (AutoDXT)
[2016.12.08-21.33.10:541][  0]LogTexture:Display: Building textures: Spawn_23 (AutoDXT)
[2016.12.08-21.33.10:547][  0]LogTexture:Display: Building textures: Spawn_22 (AutoDXT)
[2016.12.08-21.33.10:552][  0]LogTexture:Display: Building textures: Spawn_21 (AutoDXT)
[2016.12.08-21.33.10:557][  0]LogTexture:Display: Building textures: Spawn_20 (AutoDXT)
[2016.12.08-21.33.10:562][  0]LogTexture:Display: Building textures: Spawn_1 (AutoDXT)
[2016.12.08-21.33.10:568][  0]LogTexture:Display: Building textures: Spawn_19 (AutoDXT)
[2016.12.08-21.33.10:572][  0]LogTexture:Display: Building textures: Spawn_18 (AutoDXT)
[2016.12.08-21.33.10:577][  0]LogTexture:Display: Building textures: Spawn_17 (AutoDXT)
[2016.12.08-21.33.10:582][  0]LogTexture:Display: Building textures: Death_13 (AutoDXT)
[2016.12.08-21.33.10:588][  0]LogTexture:Display: Building textures: Death_12 (AutoDXT)
[2016.12.08-21.33.10:593][  0]LogTexture:Display: Building textures: Death_11 (AutoDXT)
[2016.12.08-21.33.10:598][  0]LogTexture:Display: Building textures: Death_10 (AutoDXT)
[2016.12.08-21.33.10:618][  0]LogTexture:Display: Building textures: CrouchCrawl (AutoDXT)
[2016.12.08-21.33.10:953][  0]LogMaterial: Missing cached shader map for material CharacterSpriteMaterial, compiling. 
[2016.12.08-21.33.11:027][  0]LogTexture:Display: Building textures: EraserShavings (AutoDXT)
[2016.12.08-21.33.11:029][  0]LogMaterial: Missing cached shader map for material PencilShavingsMat, compiling. 
[2016.12.08-21.33.11:064][  0]LogMaterial: Missing cached shader map for material FireballTrailMat, compiling. 
[2016.12.08-21.33.11:097][  0]LogTexture:Display: Building textures: BaseEnemy (AutoDXT)
[2016.12.08-21.33.11:161][  0]LogTexture:Display: Building textures: PencilTextureMask (AutoDXT)
[2016.12.08-21.33.11:200][  0]LogMaterial: Missing cached shader map for material PencilEraserMat, compiling. 
[2016.12.08-21.33.11:209][  0]LogStaticMesh: Building static mesh Pencil...
[2016.12.08-21.33.11:211][  0]LogMeshUtilities: Invalid vertex normals found for mesh. Forcing recomputation of vertex normals for MikkTSpace. Fix mesh or disable "Use MikkTSpace Tangent Space" to avoid forced recomputation of normals.
[2016.12.08-21.33.11:227][  0]LogStaticMesh: Built static mesh [0.02s] /Game/Meshes/Pencil.Pencil
[2016.12.08-21.33.11:250][  0]LogTexture:Display: Building textures: PencilShadow (AutoDXT)
[2016.12.08-21.33.11:399][  0]LogTexture:Display: Building textures: Spawn_9 (AutoDXT)
[2016.12.08-21.33.11:406][  0]LogTexture:Display: Building textures: Spawn_8 (AutoDXT)
[2016.12.08-21.33.11:414][  0]LogTexture:Display: Building textures: Spawn_7 (AutoDXT)
[2016.12.08-21.33.11:423][  0]LogTexture:Display: Building textures: Spawn_6 (AutoDXT)
[2016.12.08-21.33.11:431][  0]LogTexture:Display: Building textures: Spawn_5 (AutoDXT)
[2016.12.08-21.33.11:439][  0]LogTexture:Display: Building textures: Spawn_4 (AutoDXT)
[2016.12.08-21.33.11:446][  0]LogTexture:Display: Building textures: Spawn_3 (AutoDXT)
[2016.12.08-21.33.11:453][  0]LogTexture:Display: Building textures: Spawn_32 (AutoDXT)
[2016.12.08-21.33.11:462][  0]LogTexture:Display: Building textures: Spawn_31 (AutoDXT)
[2016.12.08-21.33.11:470][  0]LogTexture:Display: Building textures: Spawn_30 (AutoDXT)
[2016.12.08-21.33.11:478][  0]LogTexture:Display: Building textures: Death_27 (AutoDXT)
[2016.12.08-21.33.11:485][  0]LogTexture:Display: Building textures: Death_26 (AutoDXT)
[2016.12.08-21.33.11:492][  0]LogTexture:Display: Building textures: Death_25 (AutoDXT)
[2016.12.08-21.33.11:500][  0]LogTexture:Display: Building textures: Death_24 (AutoDXT)
[2016.12.08-21.33.11:507][  0]LogTexture:Display: Building textures: Death_23 (AutoDXT)
[2016.12.08-21.33.11:516][  0]LogTexture:Display: Building textures: Death_22 (AutoDXT)
[2016.12.08-21.33.11:526][  0]LogTexture:Display: Building textures: Death_21 (AutoDXT)
[2016.12.08-21.33.11:535][  0]LogTexture:Display: Building textures: Death_20 (AutoDXT)
[2016.12.08-21.33.11:544][  0]LogTexture:Display: Building textures: Death_1 (AutoDXT)
[2016.12.08-21.33.11:552][  0]LogTexture:Display: Building textures: Death_19 (AutoDXT)
[2016.12.08-21.33.11:561][  0]LogTexture:Display: Building textures: Death_18 (AutoDXT)
[2016.12.08-21.33.11:570][  0]LogTexture:Display: Building textures: Death_17 (AutoDXT)
[2016.12.08-21.33.11:578][  0]LogTexture:Display: Building textures: Death_16 (AutoDXT)
[2016.12.08-21.33.11:587][  0]LogTexture:Display: Building textures: Death_15 (AutoDXT)
[2016.12.08-21.33.11:595][  0]LogTexture:Display: Building textures: Death_14 (AutoDXT)
[2016.12.08-21.33.11:609][  0]LogTexture:Display: Building textures: PencilTipMask (AutoDXT)
[2016.12.08-21.33.11:670][  0]LogMaterial: Missing cached shader map for material PencilTipMat, compiling. 
[2016.12.08-21.33.11:678][  0]LogStaticMesh: Building static mesh PencilTip...
[2016.12.08-21.33.11:678][  0]LogMeshUtilities: Invalid vertex normals found for mesh. Forcing recomputation of vertex normals for MikkTSpace. Fix mesh or disable "Use MikkTSpace Tangent Space" to avoid forced recomputation of normals.
[2016.12.08-21.33.11:680][  0]LogStaticMesh: Built static mesh [0.00s] /Game/Meshes/PencilTip.PencilTip
[2016.12.08-21.33.11:699][  0]LogTexture:Display: Building textures: PencilTipShadow (AutoDXT)
[2016.12.08-21.33.11:882][  0]LogTexture:Display: Building textures: 2DCharacter_RunAnimAtlas (AutoDXT)
[2016.12.08-21.33.13:387][  0]LogTexture:Display: Building textures: Jumping (AutoDXT)
[2016.12.08-21.33.13:773][  0]LogTexture:Display: Building textures: Blank_Sprite (AutoDXT)
[2016.12.08-21.33.14:169][  0]LogTexture:Display: Building textures: LevelPieces (AutoDXT)
[2016.12.08-21.33.14:520][  0]LogTexture:Display: Building textures: Spawn_16 (AutoDXT)
[2016.12.08-21.33.14:528][  0]LogTexture:Display: Building textures: Spawn_15 (AutoDXT)
[2016.12.08-21.33.14:536][  0]LogTexture:Display: Building textures: Spawn_14 (AutoDXT)
[2016.12.08-21.33.14:544][  0]LogTexture:Display: Building textures: Spawn_13 (AutoDXT)
[2016.12.08-21.33.14:553][  0]LogTexture:Display: Building textures: Spawn_12 (AutoDXT)
[2016.12.08-21.33.14:561][  0]LogTexture:Display: Building textures: Spawn_11 (AutoDXT)
[2016.12.08-21.33.14:574][  0]LogTexture:Display: Building textures: Spawn_10 (AutoDXT)
[2016.12.08-21.33.14:798][  0]LogTexture:Display: Building textures: 2DCharacter_IdleAnimAtlas (AutoDXT)
[2016.12.08-21.33.16:433][  0]LogTexture:Display: Building textures: Death_9 (AutoDXT)
[2016.12.08-21.33.16:443][  0]LogTexture:Display: Building textures: Death_8 (AutoDXT)
[2016.12.08-21.33.16:452][  0]LogTexture:Display: Building textures: Death_7 (AutoDXT)
[2016.12.08-21.33.16:461][  0]LogTexture:Display: Building textures: Death_6 (AutoDXT)
[2016.12.08-21.33.16:469][  0]LogTexture:Display: Building textures: Death_5 (AutoDXT)
[2016.12.08-21.33.16:476][  0]LogTexture:Display: Building textures: Death_4 (AutoDXT)
[2016.12.08-21.33.16:483][  0]LogTexture:Display: Building textures: Death_3 (AutoDXT)
[2016.12.08-21.33.16:491][  0]LogTexture:Display: Building textures: Death_2 (AutoDXT)
[2016.12.08-21.33.16:548][  0]LogTexture:Display: Building textures: Landforms (AutoDXT)
[2016.12.08-21.33.16:711][  0]LogTexture:Display: Building textures: PaperBackground (AutoDXT)
[2016.12.08-21.33.17:421][  0]LogTexture:Display: Building textures: Bluelines (BGRA8)
[2016.12.08-21.33.17:423][  0]LogMaterial: Missing cached shader map for material PaperBackground, compiling. 
[2016.12.08-21.33.17:657][  0]LogTexture:Display: Building textures: RingyThingy (AutoDXT)
[2016.12.08-21.33.17:696][  0]LogAIModule: Creating AISystem for world TrainingMap_1
[2016.12.08-21.33.17:725][  0]LogActorComponent: RegisterComponentWithWorld: (/Game/Maps/TrainingMap_1.TrainingMap_1:PersistentLevel.WorldSettings.StaticMeshComponent0) Trying to register component with IsPendingKill() == true. Aborting.
[2016.12.08-21.33.17:853][  0]LogEditorServer: Finished looking for orphan Actors (0.000 secs)
[2016.12.08-21.33.17:855][  0]Cmd: MAP CHECKDEP NOCLEARLOG
[2016.12.08-21.33.18:102][  0]MapCheck: Info Map check complete: 0 Error(s), 0 Warning(s), took 247.167ms to complete.
[2016.12.08-21.33.18:102][  0]LogFileHelpers: Loading map 'TrainingMap_1' took 8.688
[2016.12.08-21.33.18:387][  0]LogCrashTracker: Crashtracker disabled due to settings.
[2016.12.08-21.33.18:391][  0]LogUObjectGlobals:Warning: Failed to find object 'Class None.'
[2016.12.08-21.33.18:499][  0]LogLoad: (Engine Initialization) Total time: 32.41 seconds
[2016.12.08-21.33.18:499][  0]LogLoad: (Engine Initialization) Total Blueprint compile time: 0.48 seconds
[2016.12.08-21.33.18:499][  0]LogExternalProfiler: Found external profiler: VSPerf
[2016.12.08-21.33.18:499][  0]LogExternalProfiler: Using external profiler: VSPerf
[2016.12.08-21.33.18:837][  0]LogOcInput: OculusInput pre-init called
[2016.12.08-21.33.18:870][  0]LogContentStreaming: Texture pool size now 1000 MB
[2016.12.08-21.33.19:070][  0]LogRenderer: Reallocating scene render targets to support 1208x936 NumSamples 1 (Frame:2).
[2016.12.08-21.33.19:955][  1]LogFileCache: Retrieving MD5 hashes for directory 'C:/projects/Unreal Projects/UnrealStickFigure2D/Content/' took 1.12s
[2016.12.08-21.33.19:956][  1]LogAssetRegistry: Asset discovery search completed in 22.1810 seconds
[2016.12.08-21.33.20:003][  1]LogCollectionManager: Loaded 0 collections in 0.002623 seconds
[2016.12.08-21.33.20:039][  1]LogFileCache: Scanning file cache for directory 'C:/projects/Unreal Projects/UnrealStickFigure2D/Saved/Collections/' took 0.01s
[2016.12.08-21.33.20:039][  1]LogFileCache: Scanning file cache for directory 'C:/projects/Unreal Projects/UnrealStickFigure2D/Content/Developers/mholtz/Collections/' took 0.01s
[2016.12.08-21.33.20:039][  1]LogFileCache: Scanning file cache for directory 'C:/projects/Unreal Projects/UnrealStickFigure2D/Content/Collections/' took 0.01s
[2016.12.08-21.33.20:039][  1]LogCollectionManager: Rebuilt the object cache for 0 collections in 0.000001 seconds (found 0 objects)
[2016.12.08-21.33.20:039][  1]LogCollectionManager: Fixed up redirectors for 0 collections in 0.000053 seconds (updated 0 objects)
[2016.12.08-21.36.19:287][123]MapCheck: New page: Map Check
[2016.12.08-21.36.19:320][123]Cmd: MAP REBUILD ALLVISIBLE
[2016.12.08-21.36.19:320][123]LogEditorServer: Rebuildmap Clear paths rebuilt
[2016.12.08-21.36.19:334][123]LogActorComponent: RegisterComponentWithWorld: (/Game/Maps/TrainingMap_1.TrainingMap_1:PersistentLevel.WorldSettings.StaticMeshComponent0) Trying to register component with IsPendingKill() == true. Aborting.
[2016.12.08-21.36.19:512][123]LightingResults: New page: Lighting Build - Dec 8, 2016, 5:36:19 AM
[2016.12.08-21.36.19:586][123]LogSwarmInterface: [OpenConnection] Registering TCP channel ...
[2016.12.08-21.36.19:685][123]LogSwarmInterface: [OpenConnection] Connecting to agent ...
[2016.12.08-21.36.19:698][123]LogSwarmInterface: [TryOpenConnection] Testing the Agent
[2016.12.08-21.36.20:756][123]LogSwarmInterface: [TryOpenConnection] Opening Connection to Agent
[2016.12.08-21.36.20:756][123]LogSwarmInterface: [TryOpenConnection] Local Process ID is 5424
[2016.12.08-21.36.24:724][123]LogStaticLightingSystem:Warning: No importance volume found, so the scene bounding box was used.  You can optimize your scene's quality and lighting build times by adding importance volumes.
[2016.12.08-21.36.24:724][123]LogStaticLightingSystem: Running Lightmass w/ ImmediateImport mode ENABLED
[2016.12.08-21.36.24:724][123]LogStaticLightingSystem: Running Lightmass w/ ImmediateProcess mode ENABLED
[2016.12.08-21.36.24:724][123]LogStaticLightingSystem: Running Lightmass w/ Sorting mode ENABLED
[2016.12.08-21.36.24:724][123]LogStaticLightingSystem: Running Lightmass w/ Mapping paddings ENABLED
[2016.12.08-21.36.24:724][123]LogStaticLightingSystem: Running Lightmass w/ Mapping debug paddings DISABLED
[2016.12.08-21.36.24:878][123]Cmd: MAP CHECK DONTDISPLAYDIALOG
[2016.12.08-21.36.24:878][123]MapCheck: New page: TrainingMap_1 - Dec 8, 2016, 5:36:24 AM
[2016.12.08-21.36.25:009][123]MapCheck: Info Map check complete: 0 Error(s), 0 Warning(s), took 131.475ms to complete.
[2016.12.08-21.36.25:030][123]LogEditorBuildUtils: Build time 0:05
[2016.12.08-21.36.26:576][134]Job is a success!
[2016.12.08-21.36.26:838][136]Lightmass on THO-TC-LEN013: 793 ms total, 79 ms importing, 2 ms setup, 257 ms photons, 322 ms processing, 0 ms extra exporting [0/0 mappings]. Threads: 2.10 sec total, 0 ms processing.
[2016.12.08-21.36.26:889][136]LogStaticLightingSystem: Illumination: 7.29 sec (0 ms encoding lightmaps, 0 ms encoding shadowmaps)
[2016.12.08-21.36.26:889][136]LogStaticLightingSystem: Lightmap texture memory:  0.0 MB (0.0 MB streaming, 0.0 MB non-streaming), 0 textures
[2016.12.08-21.36.26:889][136]LogStaticLightingSystem: Shadowmap texture memory: 0.0 MB (0.0 MB streaming, 0.0 MB non-streaming), 0 textures
[2016.12.08-21.36.27:728][136]DumpUnbuiltLightIteractions
[2016.12.08-21.36.27:729][136]Lights with unbuilt interactions: 0
[2016.12.08-21.36.27:729][136]
[2016.12.08-21.36.27:729][136]Primitives with unbuilt interactions: 0
[2016.12.08-21.36.27:743][137]Cmd: MAP CHECK NOTIFYRESULTS
[2016.12.08-21.36.27:743][137]MapCheck: New page: TrainingMap_1 - Dec 8, 2016, 5:36:27 AM
[2016.12.08-21.36.27:888][137]MapCheck: Info Map check complete: 0 Error(s), 0 Warning(s), took 144.982ms to complete.
[2016.12.08-21.36.52:926][549]LogTemp: Repeting last play command: Selected Viewport
[2016.12.08-21.36.52:934][549]LogPlayLevel: PlayLevel: No blueprints needed recompiling
[2016.12.08-21.36.52:934][549]PIE: New page: PIE session: TrainingMap_1 (Dec 8, 2016, 5:36:52 AM)
[2016.12.08-21.36.52:935][549]LogPlayLevel: Creating play world package: /Game/Maps/UEDPIE_0_TrainingMap_1
[2016.12.08-21.36.52:955][549]LogPlayLevel: PIE: StaticDuplicateObject took: (0.020539s)
[2016.12.08-21.36.52:956][549]LogAIModule: Creating AISystem for world TrainingMap_1
[2016.12.08-21.36.52:956][549]LogPlayLevel: PIE: World Init took: (0.000867s)
[2016.12.08-21.36.52:956][549]LogPlayLevel: PIE: Created PIE world by copying editor world from /Game/Maps/TrainingMap_1.TrainingMap_1 to /Game/Maps/UEDPIE_0_TrainingMap_1.TrainingMap_1 (0.021714s)
[2016.12.08-21.36.52:970][549]LogInit: XAudio2 using 'Headphone (Realtek High Definition Audio)' : 2 channels at 48 kHz using 32 bits per sample (channel mask 0x3)
[2016.12.08-21.36.52:984][549]LogInit: FAudioDevice initialized.
[2016.12.08-21.36.53:030][549]LogLoad: Game class is '2DSideScrollerGameMode_C'
[2016.12.08-21.36.53:037][549]LogWorld: Bringing World /Game/Maps/UEDPIE_0_TrainingMap_1.TrainingMap_1 up for play (max tick rate 60) at 2016.12.08-13.36.53
[2016.12.08-21.36.53:052][549]LogWorld: Bringing up level for play took: 0.021509
[2016.12.08-21.36.53:119][549]LogGameMode:Display: Match State Changed from EnteringMap to WaitingToStart
[2016.12.08-21.36.53:132][549]LogGameState: Match State Changed from EnteringMap to WaitingToStart
[2016.12.08-21.36.53:132][549]LogGameMode:Display: Match State Changed from WaitingToStart to InProgress
[2016.12.08-21.36.53:163][549]LogGameState: Match State Changed from WaitingToStart to InProgress
[2016.12.08-21.36.53:163][549]PIE: Info Play in editor start time for /Game/Maps/UEDPIE_0_TrainingMap_1 1.053
[2016.12.08-21.37.05:472][856]LogTemp: Repeting last play command: Selected Viewport
[2016.12.08-21.37.05:484][856]LogPlayLevel: PlayLevel: No blueprints needed recompiling
[2016.12.08-21.37.05:485][856]PIE: New page: PIE session: TrainingMap_1 (Dec 8, 2016, 5:37:05 AM)
[2016.12.08-21.37.05:485][856]LogPlayLevel: Creating play world package: /Game/Maps/UEDPIE_0_TrainingMap_1
[2016.12.08-21.37.05:514][856]LogPlayLevel: PIE: StaticDuplicateObject took: (0.029516s)
[2016.12.08-21.37.05:515][856]LogAIModule: Creating AISystem for world TrainingMap_1
[2016.12.08-21.37.05:515][856]LogPlayLevel: PIE: World Init took: (0.000827s)
[2016.12.08-21.37.05:515][856]LogPlayLevel: PIE: Created PIE world by copying editor world from /Game/Maps/TrainingMap_1.TrainingMap_1 to /Game/Maps/UEDPIE_0_TrainingMap_1.TrainingMap_1 (0.030623s)
[2016.12.08-21.37.05:534][856]LogInit: XAudio2 using 'Headphone (Realtek High Definition Audio)' : 2 channels at 48 kHz using 32 bits per sample (channel mask 0x3)
[2016.12.08-21.37.05:553][856]LogInit: FAudioDevice initialized.
[2016.12.08-21.37.05:587][856]LogLoad: Game class is '2DSideScrollerGameMode_C'
[2016.12.08-21.37.05:596][856]LogWorld: Bringing World /Game/Maps/UEDPIE_0_TrainingMap_1.TrainingMap_1 up for play (max tick rate 60) at 2016.12.08-13.37.05
[2016.12.08-21.37.05:597][856]LogWorld: Bringing up level for play took: 0.008837
[2016.12.08-21.37.05:597][856]LogGameMode:Display: Match State Changed from EnteringMap to WaitingToStart
[2016.12.08-21.37.05:597][856]LogGameState: Match State Changed from EnteringMap to WaitingToStart
[2016.12.08-21.37.05:597][856]LogGameMode:Display: Match State Changed from WaitingToStart to InProgress
[2016.12.08-21.37.05:599][856]LogGameState: Match State Changed from WaitingToStart to InProgress
[2016.12.08-21.37.05:599][856]PIE: Info Play in editor start time for /Game/Maps/UEDPIE_0_TrainingMap_1 -0.513
[2016.12.08-21.39.06:623][ 30]LogBlueprintUserMessages: [PowerupBlockBP_C_14] Hello
[2016.12.08-21.39.07:956][ 65]LogBlueprintUserMessages: [PowerupBlockBP_C_14] Hello
[2016.12.08-21.39.14:597][239]LogCharacterMovement: MyCharacter_C_0 is stuck and failed to move! Velocity: X=-184.27 Y=0.00 Z=0.00 Location: X=824.41 Y=0.00 Z=8137.02 Normal: X=0.59 Y=-0.00 Z=-0.80 PenetrationDepth:7.514 Actor:RotatingRing_C_3 Component:PaperSprite1 BoneName:None (0 other events since notify)
[2016.12.08-21.39.26:899][562]LogCharacterMovement: MyCharacter_C_0 is stuck and failed to move! Velocity: X=78.58 Y=0.00 Z=0.00 Location: X=240.35 Y=0.00 Z=8601.01 Normal: X=-1.00 Y=0.00 Z=0.00 PenetrationDepth:23.799 Actor:RotatingRing_C_3 Component:PaperSprite1 BoneName:None (11 other events since notify)
[2016.12.08-21.39.56:421][338]LogCharacterMovement: MyCharacter_C_0 is stuck and failed to move! Velocity: X=-233.22 Y=0.00 Z=0.00 Location: X=27.29 Y=0.00 Z=8154.31 Normal: X=1.00 Y=-0.00 Z=0.00 PenetrationDepth:1.938 Actor:RotatingRing_C_3 Component:PaperSprite1 BoneName:None (20 other events since notify)
[2016.12.08-21.40.33:332][304]LogCharacterMovement: MyCharacter_C_0 is stuck and failed to move! Velocity: X=-962.84 Y=0.00 Z=0.00 Location: X=3504.26 Y=0.00 Z=6996.49 Normal: X=0.26 Y=-0.00 Z=-0.97 PenetrationDepth:0.251 Actor:Circle3_20 Component:RenderComponent BoneName:None (20 other events since notify)
[2016.12.08-21.41.07:562][201]LogCharacterMovement: MyCharacter_C_0 is stuck and failed to move! Velocity: X=57.89 Y=0.00 Z=0.00 Location: X=-2931.55 Y=0.00 Z=5498.84 Normal: X=-0.03 Y=0.00 Z=1.00 PenetrationDepth:0.661 Actor:LevelStructure3_5401 Component:NODE_AddBoxComponent-0_27 BoneName:None (0 other events since notify)
[2016.12.08-21.41.57:537][603]LogCollectionManager: Rebuilt the GUID cache for 0 collections in 0.000001 seconds
[2016.12.08-21.41.57:545][603]LogContentBrowser: Native class hierarchy populated in 0.0082 seconds. Added 2192 classes and 432 folders.
[2016.12.08-21.41.57:602][603]LogStats: UGameplayTagsManager::ConstructGameplayTagTree: Construct from data asset -  0.000 s
[2016.12.08-21.41.57:602][603]LogStats: UGameplayTagsManager::ConstructGameplayTagTree: GameplayTagTreeChangedEvent.Broadcast -  0.000 s
[2016.12.08-21.41.57:603][603]LogContentBrowser: Native class hierarchy updated for 'GameplayTags' in 0.0005 seconds. Added 13 classes and 0 folders.
[2016.12.08-21.41.57:677][603]LogContentBrowser: Native class hierarchy updated for 'WidgetCarousel' in 0.0005 seconds. Added 0 classes and 0 folders.
[2016.12.08-21.41.57:785][603]LogContentBrowser: Native class hierarchy updated for 'AddContentDialog' in 0.0005 seconds. Added 0 classes and 0 folders.
[2016.12.08-21.46.36:994][ 15]LogRenderer: Reallocating scene render targets to support 1528x936 NumSamples 1 (Frame:8705).
