Log file open, 12/08/16 14:42:59
LogInit:Display: Running engine for game: UnrealStickFigure2D
LogPlatformFile: Not using cached read wrapper
LogInit:Display: RandInit(1914237706) SRandInit(1914237706).
LogTaskGraph: Started task graph with 5 named threads and 8 total threads with 1 sets of task threads.
LogStats: Stats thread started at 0.085438
LogPluginManager: Loaded Plugin Paper2D, From C:/Program Files (x86)/Epic Games/4.14/Engine/Plugins/2D/Paper2D/Paper2D.uplugin
LogPluginManager: Loaded Plugin LightPropagationVolume, From C:/Program Files (x86)/Epic Games/4.14/Engine/Plugins/Blendables/LightPropagationVolume/LightPropagationVolume.uplugin
LogPluginManager: Loaded Plugin BlankPlugin, From C:/Program Files (x86)/Epic Games/4.14/Engine/Plugins/Developer/BlankPlugin/BlankPlugin.uplugin
LogPluginManager: Loaded Plugin CodeLiteSourceCodeAccess, From C:/Program Files (x86)/Epic Games/4.14/Engine/Plugins/Developer/CodeLiteSourceCodeAccess/CodeLiteSourceCodeAccess.uplugin
LogPluginManager: Loaded Plugin GitSourceControl, From C:/Program Files (x86)/Epic Games/4.14/Engine/Plugins/Developer/GitSourceControl/GitSourceControl.uplugin
LogPluginManager: Loaded Plugin KDevelopSourceCodeAccess, From C:/Program Files (x86)/Epic Games/4.14/Engine/Plugins/Developer/KDevelopSourceCodeAccess/KDevelopSourceCodeAccess.uplugin
LogPluginManager: Loaded Plugin NullSourceCodeAccess, From C:/Program Files (x86)/Epic Games/4.14/Engine/Plugins/Developer/NullSourceCodeAccess/NullSourceCodeAccess.uplugin
LogPluginManager: Loaded Plugin OneSkyLocalizationService, From C:/Program Files (x86)/Epic Games/4.14/Engine/Plugins/Developer/OneSkyLocalizationService/OneSkyLocalizationService.uplugin
LogPluginManager: Loaded Plugin PerforceSourceControl, From C:/Program Files (x86)/Epic Games/4.14/Engine/Plugins/Developer/PerforceSourceControl/PerforceSourceControl.uplugin
LogPluginManager: Loaded Plugin SubversionSourceControl, From C:/Program Files (x86)/Epic Games/4.14/Engine/Plugins/Developer/SubversionSourceControl/SubversionSourceControl.uplugin
LogPluginManager: Loaded Plugin UObjectPlugin, From C:/Program Files (x86)/Epic Games/4.14/Engine/Plugins/Developer/UObjectPlugin/UObjectPlugin.uplugin
LogPluginManager: Loaded Plugin VisualStudioSourceCodeAccess, From C:/Program Files (x86)/Epic Games/4.14/Engine/Plugins/Developer/VisualStudioSourceCodeAccess/VisualStudioSourceCodeAccess.uplugin
LogPluginManager: Loaded Plugin XCodeSourceCodeAccess, From C:/Program Files (x86)/Epic Games/4.14/Engine/Plugins/Developer/XCodeSourceCodeAccess/XCodeSourceCodeAccess.uplugin
LogPluginManager: Loaded Plugin AudioCapture, From C:/Program Files (x86)/Epic Games/4.14/Engine/Plugins/Editor/AudioCapture/AudioCapture.uplugin
LogPluginManager: Loaded Plugin EpicSurvey, From C:/Program Files (x86)/Epic Games/4.14/Engine/Plugins/Editor/EpicSurvey/EpicSurvey.uplugin
LogPluginManager: Loaded Plugin MacGraphicsSwitching, From C:/Program Files (x86)/Epic Games/4.14/Engine/Plugins/Editor/MacGraphicsSwitching/MacGraphicsSwitching.uplugin
LogPluginManager: Loaded Plugin MobileLauncherProfileWizard, From C:/Program Files (x86)/Epic Games/4.14/Engine/Plugins/Editor/MobileLauncherProfileWizard/MobileLauncherProfileWizard.uplugin
LogPluginManager: Loaded Plugin PluginBrowser, From C:/Program Files (x86)/Epic Games/4.14/Engine/Plugins/Editor/PluginBrowser/PluginBrowser.uplugin
LogPluginManager: Loaded Plugin SpeedTreeImporter, From C:/Program Files (x86)/Epic Games/4.14/Engine/Plugins/Editor/SpeedTreeImporter/SpeedTreeImporter.uplugin
LogPluginManager: Loaded Plugin SuperSearchEditor, From C:/Program Files (x86)/Epic Games/4.14/Engine/Plugins/Editor/SuperSearchEditor/SuperSearchEditor.uplugin
LogPluginManager: Loaded Plugin AlembicImporter, From C:/Program Files (x86)/Epic Games/4.14/Engine/Plugins/Experimental/AlembicImporter/AlembicImporter.uplugin
LogPluginManager: Loaded Plugin BlueprintStats, From C:/Program Files (x86)/Epic Games/4.14/Engine/Plugins/Experimental/BlueprintStats/BlueprintStats.uplugin
LogPluginManager: Loaded Plugin CharacterAI, From C:/Program Files (x86)/Epic Games/4.14/Engine/Plugins/Experimental/CharacterAI/CharacterAI.uplugin
LogPluginManager: Loaded Plugin CodeEditor, From C:/Program Files (x86)/Epic Games/4.14/Engine/Plugins/Experimental/CodeEditor/CodeEditor.uplugin
LogPluginManager: Loaded Plugin CodeView, From C:/Program Files (x86)/Epic Games/4.14/Engine/Plugins/Experimental/CodeView/CodeView.uplugin
LogPluginManager: Loaded Plugin HTML5Networking, From C:/Program Files (x86)/Epic Games/4.14/Engine/Plugins/Experimental/HTML5Networking/HTML5Networking.uplugin
LogPluginManager: Loaded Plugin OSVR, From C:/Program Files (x86)/Epic Games/4.14/Engine/Plugins/Experimental/OSVR/OSVR.uplugin
LogPluginManager: Loaded Plugin Phya, From C:/Program Files (x86)/Epic Games/4.14/Engine/Plugins/Experimental/Phya/Phya.uplugin
LogPluginManager: Loaded Plugin SignificanceManager, From C:/Program Files (x86)/Epic Games/4.14/Engine/Plugins/Experimental/SignificanceManager/SignificanceManager.uplugin
LogPluginManager: Loaded Plugin SimpleHMD, From C:/Program Files (x86)/Epic Games/4.14/Engine/Plugins/Experimental/SimpleHMD/SimpleHMD.uplugin
LogPluginManager: Loaded Plugin StereoPanorama, From C:/Program Files (x86)/Epic Games/4.14/Engine/Plugins/Experimental/StereoPanorama/StereoPanorama.uplugin
LogPluginManager: Loaded Plugin StructBox, From C:/Program Files (x86)/Epic Games/4.14/Engine/Plugins/Experimental/StructBox/StructBox.uplugin
LogPluginManager: Loaded Plugin AndroidMedia, From C:/Program Files (x86)/Epic Games/4.14/Engine/Plugins/Media/AndroidMedia/AndroidMedia.uplugin
LogPluginManager: Loaded Plugin AvfMedia, From C:/Program Files (x86)/Epic Games/4.14/Engine/Plugins/Media/AvfMedia/AvfMedia.uplugin
LogPluginManager: Loaded Plugin MediaPlayerEditor, From C:/Program Files (x86)/Epic Games/4.14/Engine/Plugins/Media/MediaPlayerEditor/MediaPlayerEditor.uplugin
LogPluginManager: Loaded Plugin WmfMedia, From C:/Program Files (x86)/Epic Games/4.14/Engine/Plugins/Media/WmfMedia/WmfMedia.uplugin
LogPluginManager: Loaded Plugin MessagingDebugger, From C:/Program Files (x86)/Epic Games/4.14/Engine/Plugins/Messaging/MessagingDebugger/MessagingDebugger.uplugin
LogPluginManager: Loaded Plugin TcpMessaging, From C:/Program Files (x86)/Epic Games/4.14/Engine/Plugins/Messaging/TcpMessaging/TcpMessaging.uplugin
LogPluginManager: Loaded Plugin UdpMessaging, From C:/Program Files (x86)/Epic Games/4.14/Engine/Plugins/Messaging/UdpMessaging/UdpMessaging.uplugin
LogPluginManager: Loaded Plugin LevelSequenceEditor, From C:/Program Files (x86)/Epic Games/4.14/Engine/Plugins/MovieScene/LevelSequenceEditor/LevelSequenceEditor.uplugin
LogPluginManager: Loaded Plugin MatineeToLevelSequence, From C:/Program Files (x86)/Epic Games/4.14/Engine/Plugins/MovieScene/MatineeToLevelSequence/MatineeToLevelSequence.uplugin
LogPluginManager: Loaded Plugin NetcodeUnitTest, From C:/Program Files (x86)/Epic Games/4.14/Engine/Plugins/NetcodeUnitTest/NetcodeUnitTest/NetcodeUnitTest.uplugin
LogPluginManager: Loaded Plugin NUTUnrealEngine4, From C:/Program Files (x86)/Epic Games/4.14/Engine/Plugins/NetcodeUnitTest/NUTUnrealEngine4/NUTUnrealEngine4.uplugin
LogPluginManager: Loaded Plugin OnlineSubsystemGameCircle, From C:/Program Files (x86)/Epic Games/4.14/Engine/Plugins/Online/Android/OnlineSubsystemGameCircle/OnlineSubsystemGameCircle.uplugin
LogPluginManager: Loaded Plugin OnlineSubsystemGooglePlay, From C:/Program Files (x86)/Epic Games/4.14/Engine/Plugins/Online/Android/OnlineSubsystemGooglePlay/OnlineSubsystemGooglePlay.uplugin
LogPluginManager: Loaded Plugin OnlineSubsystemIOS, From C:/Program Files (x86)/Epic Games/4.14/Engine/Plugins/Online/IOS/OnlineSubsystemIOS/OnlineSubsystemIOS.uplugin
LogPluginManager: Loaded Plugin OnlineFramework, From C:/Program Files (x86)/Epic Games/4.14/Engine/Plugins/Online/OnlineFramework/OnlineFramework.uplugin
LogPluginManager: Loaded Plugin OnlineSubsystem, From C:/Program Files (x86)/Epic Games/4.14/Engine/Plugins/Online/OnlineSubsystem/OnlineSubsystem.uplugin
LogPluginManager: Loaded Plugin OnlineSubsystemAmazon, From C:/Program Files (x86)/Epic Games/4.14/Engine/Plugins/Online/OnlineSubsystemAmazon/OnlineSubsystemAmazon.uplugin
LogPluginManager: Loaded Plugin OnlineSubsystemFacebook, From C:/Program Files (x86)/Epic Games/4.14/Engine/Plugins/Online/OnlineSubsystemFacebook/OnlineSubsystemFacebook.uplugin
LogPluginManager: Loaded Plugin OnlineSubsystemNull, From C:/Program Files (x86)/Epic Games/4.14/Engine/Plugins/Online/OnlineSubsystemNull/OnlineSubsystemNull.uplugin
LogPluginManager: Loaded Plugin OnlineSubsystemOculus, From C:/Program Files (x86)/Epic Games/4.14/Engine/Plugins/Online/OnlineSubsystemOculus/OnlineSubsystemOculus.uplugin
LogPluginManager: Loaded Plugin OnlineSubsystemSteam, From C:/Program Files (x86)/Epic Games/4.14/Engine/Plugins/Online/OnlineSubsystemSteam/OnlineSubsystemSteam.uplugin
LogPluginManager: Loaded Plugin OnlineSubsystemUtils, From C:/Program Files (x86)/Epic Games/4.14/Engine/Plugins/Online/OnlineSubsystemUtils/OnlineSubsystemUtils.uplugin
LogPluginManager: Loaded Plugin IOSTapJoy, From C:/Program Files (x86)/Epic Games/4.14/Engine/Plugins/Runtime/Advertising/IOSTapJoy/IOSTapJoy.uplugin
LogPluginManager: Loaded Plugin AnalyticsBlueprintLibrary, From C:/Program Files (x86)/Epic Games/4.14/Engine/Plugins/Runtime/Analytics/AnalyticsBlueprintLibrary/AnalyticsBlueprintLibrary.uplugin
LogPluginManager: Loaded Plugin AnalyticsMulticast, From C:/Program Files (x86)/Epic Games/4.14/Engine/Plugins/Runtime/Analytics/AnalyticsMulticast/AnalyticsMulticast.uplugin
LogPluginManager: Loaded Plugin Apsalar, From C:/Program Files (x86)/Epic Games/4.14/Engine/Plugins/Runtime/Analytics/Apsalar/Apsalar.uplugin
LogPluginManager: Loaded Plugin FileLogging, From C:/Program Files (x86)/Epic Games/4.14/Engine/Plugins/Runtime/Analytics/FileLogging/FileLogging.uplugin
LogPluginManager: Loaded Plugin Flurry, From C:/Program Files (x86)/Epic Games/4.14/Engine/Plugins/Runtime/Analytics/Flurry/Flurry.uplugin
LogPluginManager: Loaded Plugin AndroidDeviceProfileSelector, From C:/Program Files (x86)/Epic Games/4.14/Engine/Plugins/Runtime/AndroidDeviceProfileSelector/AndroidDeviceProfileSelector.uplugin
LogPluginManager: Loaded Plugin AndroidMoviePlayer, From C:/Program Files (x86)/Epic Games/4.14/Engine/Plugins/Runtime/AndroidMoviePlayer/AndroidMoviePlayer.uplugin
LogPluginManager: Loaded Plugin AppleMoviePlayer, From C:/Program Files (x86)/Epic Games/4.14/Engine/Plugins/Runtime/AppleMoviePlayer/AppleMoviePlayer.uplugin
LogPluginManager: Loaded Plugin ArchVisCharacter, From C:/Program Files (x86)/Epic Games/4.14/Engine/Plugins/Runtime/ArchVisCharacter/ArchVisCharacter.uplugin
LogPluginManager: Loaded Plugin CableComponent, From C:/Program Files (x86)/Epic Games/4.14/Engine/Plugins/Runtime/CableComponent/CableComponent.uplugin
LogPluginManager: Loaded Plugin CustomMeshComponent, From C:/Program Files (x86)/Epic Games/4.14/Engine/Plugins/Runtime/CustomMeshComponent/CustomMeshComponent.uplugin
LogPluginManager: Loaded Plugin ExampleDeviceProfileSelector, From C:/Program Files (x86)/Epic Games/4.14/Engine/Plugins/Runtime/ExampleDeviceProfileSelector/ExampleDeviceProfileSelector.uplugin
LogPluginManager: Loaded Plugin GearVR, From C:/Program Files (x86)/Epic Games/4.14/Engine/Plugins/Runtime/GearVR/GearVR.uplugin
LogPluginManager: Loaded Plugin GoogleVRController, From C:/Program Files (x86)/Epic Games/4.14/Engine/Plugins/Runtime/GoogleVR/GoogleVRController/GoogleVRController.uplugin
LogPluginManager: Loaded Plugin GoogleVRHMD, From C:/Program Files (x86)/Epic Games/4.14/Engine/Plugins/Runtime/GoogleVR/GoogleVRHMD/GoogleVRHMD.uplugin
LogPluginManager: Loaded Plugin IOSDeviceProfileSelector, From C:/Program Files (x86)/Epic Games/4.14/Engine/Plugins/Runtime/IOSDeviceProfileSelector/IOSDeviceProfileSelector.uplugin
LogPluginManager: Loaded Plugin LeapMotion, From C:/Program Files (x86)/Epic Games/4.14/Engine/Plugins/Runtime/LeapMotion/LeapMotion.uplugin
LogPluginManager: Loaded Plugin LinuxDeviceProfileSelector, From C:/Program Files (x86)/Epic Games/4.14/Engine/Plugins/Runtime/LinuxDeviceProfileSelector/LinuxDeviceProfileSelector.uplugin
LogPluginManager: Loaded Plugin MIDIDevice, From C:/Program Files (x86)/Epic Games/4.14/Engine/Plugins/Runtime/MIDIDevice/MIDIDevice.uplugin
LogPluginManager: Loaded Plugin MobilePatchingUtils, From C:/Program Files (x86)/Epic Games/4.14/Engine/Plugins/Runtime/MobilePatchingUtils/MobilePatchingUtils.uplugin
LogPluginManager: Loaded Plugin Ansel, From C:/Program Files (x86)/Epic Games/4.14/Engine/Plugins/Runtime/Nvidia/Ansel/Ansel.uplugin
LogPluginManager: Loaded Plugin OculusAudio, From C:/Program Files (x86)/Epic Games/4.14/Engine/Plugins/Runtime/OculusAudio/OculusAudio.uplugin
LogPluginManager: Loaded Plugin OculusInput, From C:/Program Files (x86)/Epic Games/4.14/Engine/Plugins/Runtime/OculusInput/OculusInput.uplugin
LogPluginManager: Loaded Plugin OculusLibrary, From C:/Program Files (x86)/Epic Games/4.14/Engine/Plugins/Runtime/OculusLibrary/OculusLibrary.uplugin
LogPluginManager: Loaded Plugin OculusRift, From C:/Program Files (x86)/Epic Games/4.14/Engine/Plugins/Runtime/OculusRift/OculusRift.uplugin
LogPluginManager: Loaded Plugin Oodle, From C:/Program Files (x86)/Epic Games/4.14/Engine/Plugins/Runtime/PacketHandlers/CompressionComponents/Oodle/Oodle.uplugin
LogPluginManager: Loaded Plugin ProceduralMeshComponent, From C:/Program Files (x86)/Epic Games/4.14/Engine/Plugins/Runtime/ProceduralMeshComponent/ProceduralMeshComponent.uplugin
LogPluginManager: Loaded Plugin SoundMod, From C:/Program Files (x86)/Epic Games/4.14/Engine/Plugins/Runtime/SoundMod/SoundMod.uplugin
LogPluginManager: Loaded Plugin SoundVisualizations, From C:/Program Files (x86)/Epic Games/4.14/Engine/Plugins/Runtime/SoundVisualizations/SoundVisualizations.uplugin
LogPluginManager: Loaded Plugin SteamController, From C:/Program Files (x86)/Epic Games/4.14/Engine/Plugins/Runtime/Steam/SteamController/SteamController.uplugin
LogPluginManager: Loaded Plugin SteamVR, From C:/Program Files (x86)/Epic Games/4.14/Engine/Plugins/Runtime/Steam/SteamVR/SteamVR.uplugin
LogPluginManager: Loaded Plugin WebBrowserWidget, From C:/Program Files (x86)/Epic Games/4.14/Engine/Plugins/Runtime/WebBrowserWidget/WebBrowserWidget.uplugin
LogPluginManager: Loaded Plugin WindowsDeviceProfileSelector, From C:/Program Files (x86)/Epic Games/4.14/Engine/Plugins/Runtime/WindowsDeviceProfileSelector/WindowsDeviceProfileSelector.uplugin
LogPluginManager: Loaded Plugin WindowsMoviePlayer, From C:/Program Files (x86)/Epic Games/4.14/Engine/Plugins/Runtime/WindowsMoviePlayer/WindowsMoviePlayer.uplugin
LogPluginManager: Loaded Plugin ScriptPlugin, From C:/Program Files (x86)/Epic Games/4.14/Engine/Plugins/ScriptPlugin/ScriptPlugin.uplugin
LogPluginManager: Loaded Plugin SlateRemote, From C:/Program Files (x86)/Epic Games/4.14/Engine/Plugins/Slate/SlateRemote/SlateRemote.uplugin
LogPluginManager: Loaded Plugin EditorTests, From C:/Program Files (x86)/Epic Games/4.14/Engine/Plugins/Tests/EditorTests/EditorTests.uplugin
LogPluginManager: Loaded Plugin FbxAutomationTestBuilder, From C:/Program Files (x86)/Epic Games/4.14/Engine/Plugins/Tests/FbxAutomationTestBuilder/FbxAutomationTestBuilder.uplugin
LogPluginManager: Loaded Plugin FunctionalTestingEditor, From C:/Program Files (x86)/Epic Games/4.14/Engine/Plugins/Tests/FunctionalTestingEditor/FunctionalTestingEditor.uplugin
LogPluginManager: Loaded Plugin RuntimeTests, From C:/Program Files (x86)/Epic Games/4.14/Engine/Plugins/Tests/RuntimeTests/RuntimeTests.uplugin
LogPluginManager: Loaded Plugin ScreenshotTools, From C:/Program Files (x86)/Epic Games/4.14/Engine/Plugins/Tests/ScreenshotTools/ScreenshotTools.uplugin
LogInit: Using libcurl 7.47.1
LogInit:  - built for x86_64-pc-win32
LogInit:  - supports SSL with OpenSSL/1.0.2g
LogInit:  - supports HTTP deflate (compression) using libz 1.2.8
LogInit:  - other features:
LogInit:      CURL_VERSION_SSL
LogInit:      CURL_VERSION_LIBZ
LogInit:      CURL_VERSION_IPV6
LogInit:      CURL_VERSION_ASYNCHDNS
LogInit:      CURL_VERSION_LARGEFILE
LogInit:      CURL_VERSION_IDN
LogInit:  CurlRequestOptions (configurable via config and command line):
LogInit:  - bVerifyPeer = false  - Libcurl will NOT verify peer certificate
LogInit:  - bUseHttpProxy = false  - Libcurl will NOT use HTTP proxy
LogInit:  - bDontReuseConnections = false  - Libcurl will reuse connections
LogInit:  - CertBundlePath = nullptr  - Libcurl will use whatever was configured at build time.
LogInit: Build: ++UE4+Release-4.14-CL-3195953
LogInit: Engine Version: 4.14.0-3195953+++UE4+Release-4.14
LogInit: Compatible Engine Version: 4.14.0-3195953+++UE4+Release-4.14
LogInit: Net CL: 3195953
LogDevObjectVersion: Number of dev versions registered: 13
LogDevObjectVersion:   Dev-Blueprints (B0D832E4-1F89-4F0D-ACCF-7EB736FD4AA2): 7
LogDevObjectVersion:   Dev-Build (E1C64328-A22C-4D53-A36C-8E866417BD8C): 0
LogDevObjectVersion:   Dev-Core (375EC13C-06E4-48FB-B500-84F0262A717E): 1
LogDevObjectVersion:   Dev-Editor (E4B068ED-F494-42E9-A231-DA0B2E46BB41): 8
LogDevObjectVersion:   Dev-Framework (CFFC743F-43B0-4480-9391-14DF171D2073): 17
LogDevObjectVersion:   Dev-Mobile (B02B49B5-BB20-44E9-A304-32B752E40360): 0
LogDevObjectVersion:   Dev-Networking (A4E4105C-59A1-49B5-A7C5-40C4547EDFEE): 0
LogDevObjectVersion:   Dev-Online (39C831C9-5AE6-47DC-9A44-9C173E1C8E7C): 0
LogDevObjectVersion:   Dev-Physics (78F01B33-EBEA-4F98-B9B4-84EACCB95AA2): 0
LogDevObjectVersion:   Dev-Platform (6631380F-2D4D-43E0-8009-CF276956A95A): 0
LogDevObjectVersion:   Dev-Rendering (12F88B9F-8875-4AFC-A67C-D90C383ABD29): 12
LogDevObjectVersion:   Dev-Sequencer (7B5AE74C-D270-4C10-A958-57980B212A5A): 1
LogDevObjectVersion:   Dev-VR (D7296918-1DD6-4BDD-9DE2-64A83CC13884): 0
LogInit: Compiled (64-bit): Nov 12 2016 02:14:10
LogInit: Compiled with Visual C++: 19.00.23026.00
LogInit: Build Configuration: Development
LogInit: Branch Name: ++UE4+Release-4.14
LogInit: Command line:  
LogInit: Base directory: C:/Program Files (x86)/Epic Games/4.14/Engine/Binaries/Win64/
LogInit: Installed Engine Build: 1
LogInit: Presizing for max 8388607 objects, including 0 objects not considered by GC, pre-allocating 0 bytes for permanent pool.
LogInit: Object subsystem initialized
[2016.12.08-22.42.59:609][  0]LogInit: Selected Device Profile: [Windows]
[2016.12.08-22.42.59:610][  0]LogInit: Applying CVar settings loaded from the selected device profile: [Windows]
[2016.12.08-22.42.59:631][  0]LogInit: Computer: THO-TC-LEN013
[2016.12.08-22.42.59:631][  0]LogInit: User: mholtz
[2016.12.08-22.42.59:631][  0]LogInit: CPU Page size=65536, Cores=4
[2016.12.08-22.42.59:631][  0]LogInit: High frequency timer resolution =2.728212 MHz
[2016.12.08-22.42.59:632][  0]LogMemory: Memory total: Physical=15.9GB (16GB approx)
[2016.12.08-22.42.59:632][  0]LogMemory: Platform Memory Stats for Windows
[2016.12.08-22.42.59:632][  0]LogMemory: Process Physical Memory: 267.18 MB used, 267.18 MB peak
[2016.12.08-22.42.59:632][  0]LogMemory: Process Virtual Memory: 266.21 MB used, 266.21 MB peak
[2016.12.08-22.42.59:632][  0]LogMemory: Physical Memory: 6909.06 MB used,  9380.07 MB free, 16289.13 MB total
[2016.12.08-22.42.59:632][  0]LogMemory: Virtual Memory: 681.16 MB used,  9380.07 MB free, 8388608.00 MB total
[2016.12.08-22.42.59:679][  0]LogTextLocalizationManager: No specific translations for ('en-US') exist, so ('en') translations will be used.
[2016.12.08-22.43.00:957][  0]LogD3D11RHI: D3D11 adapters:
[2016.12.08-22.43.00:973][  0]LogD3D11RHI:    0. 'Intel(R) HD Graphics 4600' (Feature Level 11_0)
[2016.12.08-22.43.00:973][  0]LogD3D11RHI:       2214/0/7888 MB DedicatedVideo/DedicatedSystem/SharedSystem, Outputs:3, VendorId:0x8086
[2016.12.08-22.43.00:973][  0]LogD3D11RHI: Chosen D3D11 Adapter: 0
[2016.12.08-22.43.00:978][  0]LogD3D11RHI: Creating new Direct3DDevice
[2016.12.08-22.43.00:978][  0]LogD3D11RHI:     GPU DeviceId: 0x416 (for the marketing name, search the web for "GPU Device Id")
[2016.12.08-22.43.00:978][  0]LogWindows: EnumDisplayDevices:
[2016.12.08-22.43.00:979][  0]LogWindows:    0. 'Intel(R) HD Graphics 4600' (P:1 D:1)
[2016.12.08-22.43.00:979][  0]LogWindows:    1. 'Intel(R) HD Graphics 4600' (P:0 D:1)
[2016.12.08-22.43.00:979][  0]LogWindows:    2. 'Intel(R) HD Graphics 4600' (P:0 D:1)
[2016.12.08-22.43.00:979][  0]LogWindows:    3. 'RDPDD Chained DD' (P:0 D:0)
[2016.12.08-22.43.00:979][  0]LogWindows:    4. 'RDP Encoder Mirror Driver' (P:0 D:0)
[2016.12.08-22.43.00:979][  0]LogWindows:    5. 'RDP Reflector Display Driver' (P:0 D:0)
[2016.12.08-22.43.00:979][  0]LogWindows: DebugString: GetVideoDriverDetailsInvalid PrimaryIsNotTheChoosenAdapter GetVideoDriverDetailsInvalid PrimaryIsNotTheChoosenAdapter GetVideoDriverDetailsInvalid PrimaryIsNotTheChoosenAdapter FoundDriverCount:3 
[2016.12.08-22.43.00:979][  0]LogD3D11RHI:     Adapter Name: Intel(R) HD Graphics 4600
[2016.12.08-22.43.00:979][  0]LogD3D11RHI:   Driver Version: 10.18.14.4280 (internal:10.18.14.4280, unified:10.18.14.4280)
[2016.12.08-22.43.00:979][  0]LogD3D11RHI:      Driver Date: 8-28-2015
[2016.12.08-22.43.00:979][  0]LogRHI: Texture pool is 1361 MB (70% of 1945 MB)
[2016.12.08-22.43.00:994][  0]LogD3D11RHI: Async texture creation enabled
[2016.12.08-22.43.01:000][  0]LogD3D11RHI: GPU Timing Frequency: 12.500000 (Debug: 2 0)
[2016.12.08-22.43.01:001][  0]LogShaderCompilers: Guid format shader working directory is -15 characters bigger than the processId version (../../../../../../projects/Unreal Projects/UnrealStickFigure2D/Intermediate/Shaders/WorkingDirectory/7076/).
[2016.12.08-22.43.01:001][  0]LogShaderCompilers: Cleaned the shader compiler working directory 'C:/Users/mholtz/AppData/Local/Temp/UnrealShaderWorkingDir/3C44325A4E6B548E75A35FBB641C9A2C/'.
[2016.12.08-22.43.01:001][  0]LogShaderCompilers:Display: Using Local Shader Compiler.
[2016.12.08-22.43.02:608][  0]LogTemp:Display: Loaded TP AllDesktopTargetPlatform
[2016.12.08-22.43.02:685][  0]LogTemp:Display: Loaded TP MacClientTargetPlatform
[2016.12.08-22.43.02:763][  0]LogTemp:Display: Loaded TP MacNoEditorTargetPlatform
[2016.12.08-22.43.02:840][  0]LogTemp:Display: Loaded TP MacServerTargetPlatform
[2016.12.08-22.43.02:922][  0]LogTemp:Display: Loaded TP MacTargetPlatform
[2016.12.08-22.43.03:008][  0]LogTemp:Display: Loaded TP WindowsClientTargetPlatform
[2016.12.08-22.43.03:087][  0]LogTemp:Display: Loaded TP WindowsNoEditorTargetPlatform
[2016.12.08-22.43.03:169][  0]LogTemp:Display: Loaded TP WindowsServerTargetPlatform
[2016.12.08-22.43.03:239][  0]LogTemp:Display: Loaded TP WindowsTargetPlatform
[2016.12.08-22.43.03:316][  0]LogTemp:Display: Loaded TP AndroidTargetPlatform
[2016.12.08-22.43.03:393][  0]LogTemp:Display: Loaded TP Android_ASTCTargetPlatform
[2016.12.08-22.43.03:472][  0]LogTemp:Display: Loaded TP Android_ATCTargetPlatform
[2016.12.08-22.43.03:556][  0]LogTemp:Display: Loaded TP Android_DXTTargetPlatform
[2016.12.08-22.43.03:633][  0]LogTemp:Display: Loaded TP Android_ETC1TargetPlatform
[2016.12.08-22.43.03:713][  0]LogTemp:Display: Loaded TP Android_ETC2TargetPlatform
[2016.12.08-22.43.03:866][  0]LogTemp:Display: Loaded TP Android_MultiTargetPlatform
[2016.12.08-22.43.03:866][  0]LogTemp:Display: Loaded TP Android_PVRTCTargetPlatform
[2016.12.08-22.43.03:926][  0]LogTemp:Display: Loaded TP HTML5TargetPlatform
[2016.12.08-22.43.04:036][  0]LogTemp:Display: Loaded TP IOSTargetPlatform
[2016.12.08-22.43.04:070][  0]LogTemp:Display: Loaded TP TVOSTargetPlatform
[2016.12.08-22.43.04:148][  0]LogTemp:Display: Loaded TP LinuxClientTargetPlatform
[2016.12.08-22.43.04:226][  0]LogTemp:Display: Loaded TP LinuxNoEditorTargetPlatform
[2016.12.08-22.43.04:303][  0]LogTemp:Display: Loaded TP LinuxServerTargetPlatform
[2016.12.08-22.43.04:382][  0]LogTemp:Display: Loaded TP LinuxTargetPlatform
[2016.12.08-22.43.04:382][  0]LogTargetPlatformManager:Display: Building Assets For Windows
[2016.12.08-22.43.04:816][  0]LogDerivedDataCache:Display: Max Cache Size: 512 MB
[2016.12.08-22.43.04:903][  0]LogDerivedDataCache: Loaded boot cache 0.09s 50MB C:/Users/mholtz/AppData/Local/UnrealEngine/4.14/DerivedDataCache/Boot.ddc.
[2016.12.08-22.43.04:903][  0]LogDerivedDataCache:Display: Loaded Boot cache: C:/Users/mholtz/AppData/Local/UnrealEngine/4.14/DerivedDataCache/Boot.ddc
[2016.12.08-22.43.04:903][  0]LogDerivedDataCache: FDerivedDataBackendGraph:  Pak pak cache file ../../../../../../projects/Unreal Projects/UnrealStickFigure2D/DerivedDataCache/DDC.ddp not found, will not use a pak cache.
[2016.12.08-22.43.04:903][  0]LogDerivedDataCache: Unable to find inner node Pak for hierarchical cache Hierarchy.
[2016.12.08-22.43.04:903][  0]LogDerivedDataCache: FDerivedDataBackendGraph:  CompressedPak pak cache file ../../../../../../projects/Unreal Projects/UnrealStickFigure2D/DerivedDataCache/Compressed.ddp not found, will not use a pak cache.
[2016.12.08-22.43.04:903][  0]LogDerivedDataCache: Unable to find inner node CompressedPak for hierarchical cache Hierarchy.
[2016.12.08-22.43.04:919][  0]LogDerivedDataCache:Display: Pak cache opened for reading ../../../Engine/DerivedDataCache/Compressed.ddp.
[2016.12.08-22.43.04:932][  0]LogDerivedDataCache: Using Local data cache path C:/Users/mholtz/AppData/Local/UnrealEngine/Common/DerivedDataCache: Writable
[2016.12.08-22.43.05:163][  0]LogInit: Selected Device Profile: [Windows]
[2016.12.08-22.43.05:166][  0]LogContentStreaming: Texture pool size is 0.00 MB
[2016.12.08-22.43.05:416][  0]LogMeshUtilities: Using QuadricMeshReduction for automatic static mesh reduction
[2016.12.08-22.43.05:485][  0]LogSimplygon: Simplygon DLL not present - disabling.
[2016.12.08-22.43.05:553][  0]LogMeshUtilities: Using SimplygonSwarm for distributed automatic mesh merging
[2016.12.08-22.43.05:553][  0]LogMeshUtilities: No automatic skeletal mesh reduction module available
[2016.12.08-22.43.05:553][  0]LogMeshUtilities: No automatic mesh merging module available
[2016.12.08-22.43.06:225][  0]LogNetVersion: GetLocalNetworkVersion: CL: 3195953, ProjectName: unrealstickfigure2d, ProjectVersion: , EngineNetworkVersion: 2, GameNetworkVersion: 0, NetworkChecksum: 2893249720
[2016.12.08-22.43.06:282][  0]LogAssetRegistry: FAssetRegistry took 0.0203 seconds to start up
[2016.12.08-22.43.06:344][  0]LogPackageLocalizationCache: Processed 3 localized package path(s) for 2 prioritized culture(s) in 0.037114 seconds
[2016.12.08-22.43.06:350][  0]LogUObjectArray: 31946 objects as part of root set at end of initial load.
[2016.12.08-22.43.06:350][  0]LogUObjectAllocator: 6935840 out of 0 bytes used by permanent object pool.
[2016.12.08-22.43.06:350][  0]LogUObjectArray: CloseDisregardForGC: 0/0 objects in disregard for GC pool
[2016.12.08-22.43.06:408][  0]LogInit: WinSock: version 1.1 (2.2), MaxSocks=32767, MaxUdp=65467
[2016.12.08-22.43.07:469][  0]LogSlate: Using Freetype 2.6.0
[2016.12.08-22.43.07:472][  0]LogSlate: SlateFontCache - WITH_FREETYPE: 1, WITH_HARFBUZZ: 1
[2016.12.08-22.43.07:472][  0]LogSlate: SlateFontCache - WITH_FREETYPE: 1, WITH_HARFBUZZ: 1
[2016.12.08-22.43.09:609][  0]LogTcpMessaging: Initializing TcpMessaging bridge
[2016.12.08-22.43.09:650][  0]LogUdpMessaging: Initializing bridge on interface 0.0.0.0:0 to multicast group 230.0.0.1:6666.
[2016.12.08-22.43.10:098][  0]LogMaterial: Uniform references updated for custom material expression Custom.
[2016.12.08-22.43.10:650][  0]SourceControl: Info Source control is disabled
[2016.12.08-22.43.10:710][  0]SourceControl: Info Source control is disabled
[2016.12.08-22.43.10:775][  0]SourceControl: Info Source control is disabled
[2016.12.08-22.43.10:841][  0]SourceControl: Info Source control is disabled
[2016.12.08-22.43.11:237][  0]LogLinker:Warning: Can't find file '/Game/PuzzleBP/Tutorial/Part4-GridBluepint2'
[2016.12.08-22.43.11:237][  0]LogLinker:Warning: Can't find file '/Game/PuzzleBP/Tutorial/Part4-GridBluepint2'
[2016.12.08-22.43.11:237][  0]LogUObjectGlobals:Warning: Failed to find object 'Class /Game/PuzzleBP/Tutorial/Part4-GridBluepint2.Part4-GridBluepint2_C'
[2016.12.08-22.43.11:237][  0]LogLinker:Warning: Can't find file '/Game/PuzzleBP/Tutorial/Part5-GameMode'
[2016.12.08-22.43.11:237][  0]LogLinker:Warning: Can't find file '/Game/PuzzleBP/Tutorial/Part5-GameMode'
[2016.12.08-22.43.11:237][  0]LogUObjectGlobals:Warning: Failed to find object 'Class /Game/PuzzleBP/Tutorial/Part5-GameMode.Part5-GameMode_C'
[2016.12.08-22.43.11:237][  0]LogLinker:Warning: Can't find file '/Game/PuzzleBP/Tutorial/Part6-Controller'
[2016.12.08-22.43.11:237][  0]LogLinker:Warning: Can't find file '/Game/PuzzleBP/Tutorial/Part6-Controller'
[2016.12.08-22.43.11:237][  0]LogUObjectGlobals:Warning: Failed to find object 'Class /Game/PuzzleBP/Tutorial/Part6-Controller.Part6-Controller_C'
[2016.12.08-22.43.12:623][  0]LogEngine: Initializing Engine...
[2016.12.08-22.43.12:625][  0]LogHMD: Failed to initialize OpenVR with code 110
[2016.12.08-22.43.12:954][  0]LogAIModule: Creating AISystem for world Untitled
[2016.12.08-22.43.12:963][  0]LogInit: XAudio2 using 'Headphone (Realtek High Definition Audio)' : 2 channels at 48 kHz using 32 bits per sample (channel mask 0x3)
[2016.12.08-22.43.13:040][  0]LogInit: FAudioDevice initialized.
[2016.12.08-22.43.13:075][  0]LogDerivedDataCache: Saved boot cache 0.03s 50MB C:/Users/mholtz/AppData/Local/UnrealEngine/4.14/DerivedDataCache/Boot.ddc.
[2016.12.08-22.43.13:080][  0]LogInit: Texture streaming: Enabled
[2016.12.08-22.43.13:308][  0]LogInit: Transaction tracking system initialized
[2016.12.08-22.43.13:840][  0]BlueprintLog: New page: Editor Load
[2016.12.08-22.43.15:086][  0]LocalizationService: Info Localization service is disabled
[2016.12.08-22.43.16:018][  0]LogConsoleResponse:Display: 
[2016.12.08-22.43.16:196][  0]LogCook:Display: Max memory allowance for cook 16384mb min free memory 0mb
[2016.12.08-22.43.16:196][  0]LogCook:Display: Mobile HDR setting 0
[2016.12.08-22.43.17:447][  0]LogFileCache: Scanning file cache for directory 'C:/projects/Unreal Projects/UnrealStickFigure2D/Content/' took 0.02s
[2016.12.08-22.43.17:515][  0]SourceControl: Info Source control is disabled
[2016.12.08-22.43.17:515][  0]Cmd: MAP LOAD FILE="../../../../../../projects/Unreal Projects/UnrealStickFigure2D/Content/Maps/TrainingMap_1.umap" TEMPLATE=0 SHOWPROGRESS=1 FEATURELEVEL=3
[2016.12.08-22.43.17:517][  0]LightingResults: New page: Lighting Build
[2016.12.08-22.43.17:580][  0]MapCheck: New page: Map Check
[2016.12.08-22.43.17:580][  0]LightingResults: New page: Lighting Build
[2016.12.08-22.43.17:829][  0]LogLinker:Warning: Can't find file '/Paper2D/TranslucentUnlitSpriteMaterial'
[2016.12.08-22.43.17:829][  0]LoadErrors: Info Failed to load /Game/2DAssets/Pencil/PencilShadow_Sprite.PencilShadow_Sprite Referenced by PaperSpriteComponent_1962
[2016.12.08-22.43.17:829][  0]LogLinker:Warning: Can't find file for asset '/Paper2D/TranslucentUnlitSpriteMaterial' while loading ../../../../../../projects/Unreal Projects/UnrealStickFigure2D/Content/2DAssets/Pencil/PencilShadow_Sprite.uasset.
[2016.12.08-22.43.17:829][  0]LoadErrors: Info Failed to load /Game/2DAssets/Pencil/PencilShadow_Sprite.PencilShadow_Sprite Referenced by PaperSpriteComponent_1962
[2016.12.08-22.43.17:829][  0]LoadErrors:Error: Error /Game/2DAssets/Pencil/PencilShadow_Sprite : Can't find file for asset. /Paper2D/TranslucentUnlitSpriteMaterial
[2016.12.08-22.43.17:830][  0]LogLinker:Warning: Can't find file '/Paper2D/TranslucentUnlitSpriteMaterial'
[2016.12.08-22.43.17:830][  0]LoadErrors: Info Failed to load /Game/2DAssets/Pencil/PencilShadow_Sprite.PencilShadow_Sprite Referenced by PaperSpriteComponent_1962
[2016.12.08-22.43.17:830][  0]LogLinker:Warning: Can't find file for asset '/Paper2D/TranslucentUnlitSpriteMaterial' while loading ../../../../../../projects/Unreal Projects/UnrealStickFigure2D/Content/2DAssets/Pencil/PencilShadow_Sprite.uasset.
[2016.12.08-22.43.17:830][  0]LoadErrors: Info Failed to load /Game/2DAssets/Pencil/PencilShadow_Sprite.PencilShadow_Sprite Referenced by PaperSpriteComponent_1962
[2016.12.08-22.43.17:830][  0]LoadErrors:Error: Error /Game/2DAssets/Pencil/PencilShadow_Sprite : Can't find file for asset. /Paper2D/TranslucentUnlitSpriteMaterial
[2016.12.08-22.43.17:878][  0]LogLinker:Warning: Can't find file '/Paper2D/TranslucentUnlitSpriteMaterial'
[2016.12.08-22.43.17:878][  0]LoadErrors: Info Failed to load /Game/2DAssets/Projectile/FireballFlipbook.FireballFlipbook Referenced by PaperFlipbookComponent_58
[2016.12.08-22.43.17:878][  0]LogLinker:Warning: Can't find file for asset '/Paper2D/TranslucentUnlitSpriteMaterial' while loading ../../../../../../projects/Unreal Projects/UnrealStickFigure2D/Content/2DAssets/Projectile/Fireball_1_Sprite.uasset.
[2016.12.08-22.43.17:878][  0]LoadErrors: Info Failed to load /Game/2DAssets/Projectile/FireballFlipbook.FireballFlipbook Referenced by PaperFlipbookComponent_58
[2016.12.08-22.43.17:878][  0]LoadErrors:Error: Error /Game/2DAssets/Projectile/Fireball_1_Sprite : Can't find file for asset. /Paper2D/TranslucentUnlitSpriteMaterial
[2016.12.08-22.43.17:879][  0]LogLinker:Warning: Can't find file '/Paper2D/TranslucentUnlitSpriteMaterial'
[2016.12.08-22.43.17:879][  0]LoadErrors: Info Failed to load /Game/2DAssets/Projectile/FireballFlipbook.FireballFlipbook Referenced by PaperFlipbookComponent_58
[2016.12.08-22.43.17:879][  0]LogLinker:Warning: Can't find file for asset '/Paper2D/TranslucentUnlitSpriteMaterial' while loading ../../../../../../projects/Unreal Projects/UnrealStickFigure2D/Content/2DAssets/Projectile/Fireball_1_Sprite.uasset.
[2016.12.08-22.43.17:880][  0]LoadErrors: Info Failed to load /Game/2DAssets/Projectile/FireballFlipbook.FireballFlipbook Referenced by PaperFlipbookComponent_58
[2016.12.08-22.43.17:880][  0]LoadErrors:Error: Error /Game/2DAssets/Projectile/Fireball_1_Sprite : Can't find file for asset. /Paper2D/TranslucentUnlitSpriteMaterial
[2016.12.08-22.43.17:881][  0]LogLinker:Warning: Can't find file '/Paper2D/TranslucentUnlitSpriteMaterial'
[2016.12.08-22.43.17:881][  0]LoadErrors: Info Failed to load /Game/2DAssets/Projectile/FireballFlipbook.FireballFlipbook Referenced by PaperFlipbookComponent_58
[2016.12.08-22.43.17:881][  0]LogLinker:Warning: Can't find file for asset '/Paper2D/TranslucentUnlitSpriteMaterial' while loading ../../../../../../projects/Unreal Projects/UnrealStickFigure2D/Content/2DAssets/Projectile/Fireball_2_Sprite.uasset.
[2016.12.08-22.43.17:881][  0]LoadErrors: Info Failed to load /Game/2DAssets/Projectile/FireballFlipbook.FireballFlipbook Referenced by PaperFlipbookComponent_58
[2016.12.08-22.43.17:881][  0]LoadErrors:Error: Error /Game/2DAssets/Projectile/Fireball_2_Sprite : Can't find file for asset. /Paper2D/TranslucentUnlitSpriteMaterial
[2016.12.08-22.43.17:882][  0]LogLinker:Warning: Can't find file '/Paper2D/TranslucentUnlitSpriteMaterial'
[2016.12.08-22.43.17:882][  0]LoadErrors: Info Failed to load /Game/2DAssets/Projectile/FireballFlipbook.FireballFlipbook Referenced by PaperFlipbookComponent_58
[2016.12.08-22.43.17:883][  0]LogLinker:Warning: Can't find file for asset '/Paper2D/TranslucentUnlitSpriteMaterial' while loading ../../../../../../projects/Unreal Projects/UnrealStickFigure2D/Content/2DAssets/Projectile/Fireball_2_Sprite.uasset.
[2016.12.08-22.43.17:883][  0]LoadErrors: Info Failed to load /Game/2DAssets/Projectile/FireballFlipbook.FireballFlipbook Referenced by PaperFlipbookComponent_58
[2016.12.08-22.43.17:883][  0]LoadErrors:Error: Error /Game/2DAssets/Projectile/Fireball_2_Sprite : Can't find file for asset. /Paper2D/TranslucentUnlitSpriteMaterial
[2016.12.08-22.43.17:884][  0]LogLinker:Warning: Can't find file '/Paper2D/TranslucentUnlitSpriteMaterial'
[2016.12.08-22.43.17:884][  0]LoadErrors: Info Failed to load /Game/2DAssets/Projectile/FireballFlipbook.FireballFlipbook Referenced by PaperFlipbookComponent_58
[2016.12.08-22.43.17:884][  0]LogLinker:Warning: Can't find file for asset '/Paper2D/TranslucentUnlitSpriteMaterial' while loading ../../../../../../projects/Unreal Projects/UnrealStickFigure2D/Content/2DAssets/Projectile/Fireball_3_Sprite.uasset.
[2016.12.08-22.43.17:884][  0]LoadErrors: Info Failed to load /Game/2DAssets/Projectile/FireballFlipbook.FireballFlipbook Referenced by PaperFlipbookComponent_58
[2016.12.08-22.43.17:884][  0]LoadErrors:Error: Error /Game/2DAssets/Projectile/Fireball_3_Sprite : Can't find file for asset. /Paper2D/TranslucentUnlitSpriteMaterial
[2016.12.08-22.43.17:886][  0]LogLinker:Warning: Can't find file '/Paper2D/TranslucentUnlitSpriteMaterial'
[2016.12.08-22.43.17:886][  0]LoadErrors: Info Failed to load /Game/2DAssets/Projectile/FireballFlipbook.FireballFlipbook Referenced by PaperFlipbookComponent_58
[2016.12.08-22.43.17:886][  0]LogLinker:Warning: Can't find file for asset '/Paper2D/TranslucentUnlitSpriteMaterial' while loading ../../../../../../projects/Unreal Projects/UnrealStickFigure2D/Content/2DAssets/Projectile/Fireball_3_Sprite.uasset.
[2016.12.08-22.43.17:886][  0]LoadErrors: Info Failed to load /Game/2DAssets/Projectile/FireballFlipbook.FireballFlipbook Referenced by PaperFlipbookComponent_58
[2016.12.08-22.43.17:886][  0]LoadErrors:Error: Error /Game/2DAssets/Projectile/Fireball_3_Sprite : Can't find file for asset. /Paper2D/TranslucentUnlitSpriteMaterial
[2016.12.08-22.43.17:886][  0]LogLinker:Warning: Can't find file '/Paper2D/TranslucentUnlitSpriteMaterial'
[2016.12.08-22.43.17:886][  0]LoadErrors: Info Failed to load /Paper2D/TranslucentUnlitSpriteMaterial.TranslucentUnlitSpriteMaterial Referenced by PaperFlipbookComponent_58
[2016.12.08-22.43.17:887][  0]LogLinker:Warning: Can't find file for asset '/Paper2D/TranslucentUnlitSpriteMaterial' while loading ../../../../../../projects/Unreal Projects/UnrealStickFigure2D/Content/Blueprints/Projectile.uasset.
[2016.12.08-22.43.17:887][  0]LoadErrors: Info Failed to load /Paper2D/TranslucentUnlitSpriteMaterial.TranslucentUnlitSpriteMaterial Referenced by PaperFlipbookComponent_58
[2016.12.08-22.43.17:887][  0]LoadErrors:Error: Error /Game/Blueprints/Projectile : Can't find file for asset. /Paper2D/TranslucentUnlitSpriteMaterial
[2016.12.08-22.43.17:887][  0]LogLinker:Warning: Can't find file '/Paper2D/TranslucentUnlitSpriteMaterial'
[2016.12.08-22.43.17:888][  0]LogLinker:Warning: Can't find file for asset '/Paper2D/TranslucentUnlitSpriteMaterial' while loading ../../../../../../projects/Unreal Projects/UnrealStickFigure2D/Content/Blueprints/Projectile.uasset.
[2016.12.08-22.43.17:888][  0]LoadErrors:Error: Error /Game/Blueprints/Projectile : Can't find file for asset. /Paper2D/TranslucentUnlitSpriteMaterial
[2016.12.08-22.43.17:892][  0]LogLinker:Warning: Can't find file '/Paper2D/TranslucentUnlitSpriteMaterial'
[2016.12.08-22.43.17:893][  0]LogLinker:Warning: Can't find file for asset '/Paper2D/TranslucentUnlitSpriteMaterial' while loading ../../../../../../projects/Unreal Projects/UnrealStickFigure2D/Content/Blueprints/Projectile.uasset.
[2016.12.08-22.43.17:893][  0]LoadErrors:Error: Error /Game/Blueprints/Projectile : Can't find file for asset. /Paper2D/TranslucentUnlitSpriteMaterial
[2016.12.08-22.43.17:934][  0]LogLinker:Warning: Can't find file '/Paper2D/TranslucentUnlitSpriteMaterial'
[2016.12.08-22.43.17:934][  0]LogLinker:Warning: Can't find file for asset '/Paper2D/TranslucentUnlitSpriteMaterial' while loading ../../../../../../projects/Unreal Projects/UnrealStickFigure2D/Content/Blueprints/Projectile.uasset.
[2016.12.08-22.43.17:934][  0]LoadErrors:Error: Error /Game/Blueprints/Projectile : Can't find file for asset. /Paper2D/TranslucentUnlitSpriteMaterial
[2016.12.08-22.43.17:935][  0]LogLinker:Warning: Can't find file '/Paper2D/TranslucentUnlitSpriteMaterial'
[2016.12.08-22.43.17:935][  0]LogLinker:Warning: Can't find file for asset '/Paper2D/TranslucentUnlitSpriteMaterial' while loading ../../../../../../projects/Unreal Projects/UnrealStickFigure2D/Content/Blueprints/Projectile.uasset.
[2016.12.08-22.43.17:935][  0]LoadErrors:Error: Error /Game/Blueprints/Projectile : Can't find file for asset. /Paper2D/TranslucentUnlitSpriteMaterial
[2016.12.08-22.43.18:150][  0]LogLinker:Warning: Can't find file '/Paper2D/TranslucentUnlitSpriteMaterial'
[2016.12.08-22.43.18:150][  0]LogLinker:Warning: Can't find file for asset '/Paper2D/TranslucentUnlitSpriteMaterial' while loading ../../../../../../projects/Unreal Projects/UnrealStickFigure2D/Content/2DAssets/Pencil/PencilTipShadow_Sprite.uasset.
[2016.12.08-22.43.18:150][  0]LoadErrors:Error: Error /Game/2DAssets/Pencil/PencilTipShadow_Sprite : Can't find file for asset. /Paper2D/TranslucentUnlitSpriteMaterial
[2016.12.08-22.43.18:152][  0]LogLinker:Warning: Can't find file '/Paper2D/TranslucentUnlitSpriteMaterial'
[2016.12.08-22.43.18:152][  0]LogLinker:Warning: Can't find file for asset '/Paper2D/TranslucentUnlitSpriteMaterial' while loading ../../../../../../projects/Unreal Projects/UnrealStickFigure2D/Content/2DAssets/Pencil/PencilTipShadow_Sprite.uasset.
[2016.12.08-22.43.18:152][  0]LoadErrors:Error: Error /Game/2DAssets/Pencil/PencilTipShadow_Sprite : Can't find file for asset. /Paper2D/TranslucentUnlitSpriteMaterial
[2016.12.08-22.43.18:705][  0]LogLinker:Warning: Can't find file '/Paper2D/TranslucentUnlitSpriteMaterial'
[2016.12.08-22.43.18:705][  0]LoadErrors: Info Failed to load /Paper2D/TranslucentUnlitSpriteMaterial.TranslucentUnlitSpriteMaterial Referenced by PencilShadow_Sprite
[2016.12.08-22.43.18:706][  0]LogLinker:Warning: Can't find file for asset '/Paper2D/TranslucentUnlitSpriteMaterial' while loading NULL.
[2016.12.08-22.43.18:706][  0]LoadErrors: Info Failed to load /Paper2D/TranslucentUnlitSpriteMaterial.TranslucentUnlitSpriteMaterial Referenced by PencilShadow_Sprite
[2016.12.08-22.43.18:706][  0]LogLinker:Warning: Can't find file '/Paper2D/TranslucentUnlitSpriteMaterial'
[2016.12.08-22.43.18:706][  0]LoadErrors: Info Failed to load /Paper2D/TranslucentUnlitSpriteMaterial.TranslucentUnlitSpriteMaterial Referenced by PencilShadow_Sprite
[2016.12.08-22.43.18:706][  0]LogLinker:Warning: Can't find file for asset '/Paper2D/TranslucentUnlitSpriteMaterial' while loading NULL.
[2016.12.08-22.43.18:706][  0]LoadErrors: Info Failed to load /Paper2D/TranslucentUnlitSpriteMaterial.TranslucentUnlitSpriteMaterial Referenced by PencilShadow_Sprite
[2016.12.08-22.43.18:711][  0]LogLinker:Warning: Can't find file '/Paper2D/TranslucentUnlitSpriteMaterial'
[2016.12.08-22.43.18:711][  0]LoadErrors: Info Failed to load /Paper2D/TranslucentUnlitSpriteMaterial.TranslucentUnlitSpriteMaterial Referenced by Fireball_3_Sprite
[2016.12.08-22.43.18:711][  0]LogLinker:Warning: Can't find file for asset '/Paper2D/TranslucentUnlitSpriteMaterial' while loading NULL.
[2016.12.08-22.43.18:711][  0]LoadErrors: Info Failed to load /Paper2D/TranslucentUnlitSpriteMaterial.TranslucentUnlitSpriteMaterial Referenced by Fireball_3_Sprite
[2016.12.08-22.43.18:711][  0]LogLinker:Warning: Can't find file '/Paper2D/TranslucentUnlitSpriteMaterial'
[2016.12.08-22.43.18:711][  0]LoadErrors: Info Failed to load /Paper2D/TranslucentUnlitSpriteMaterial.TranslucentUnlitSpriteMaterial Referenced by Fireball_2_Sprite
[2016.12.08-22.43.18:711][  0]LogLinker:Warning: Can't find file for asset '/Paper2D/TranslucentUnlitSpriteMaterial' while loading NULL.
[2016.12.08-22.43.18:712][  0]LoadErrors: Info Failed to load /Paper2D/TranslucentUnlitSpriteMaterial.TranslucentUnlitSpriteMaterial Referenced by Fireball_2_Sprite
[2016.12.08-22.43.18:712][  0]LogLinker:Warning: Can't find file '/Paper2D/TranslucentUnlitSpriteMaterial'
[2016.12.08-22.43.18:712][  0]LoadErrors: Info Failed to load /Paper2D/TranslucentUnlitSpriteMaterial.TranslucentUnlitSpriteMaterial Referenced by Fireball_1_Sprite
[2016.12.08-22.43.18:712][  0]LogLinker:Warning: Can't find file for asset '/Paper2D/TranslucentUnlitSpriteMaterial' while loading NULL.
[2016.12.08-22.43.18:712][  0]LoadErrors: Info Failed to load /Paper2D/TranslucentUnlitSpriteMaterial.TranslucentUnlitSpriteMaterial Referenced by Fireball_1_Sprite
[2016.12.08-22.43.18:715][  0]LogLinker:Warning: Can't find file '/Paper2D/TranslucentUnlitSpriteMaterial'
[2016.12.08-22.43.18:715][  0]LoadErrors: Info Failed to load /Paper2D/TranslucentUnlitSpriteMaterial.TranslucentUnlitSpriteMaterial Referenced by PencilTipShadow_Sprite
[2016.12.08-22.43.18:716][  0]LogLinker:Warning: Can't find file for asset '/Paper2D/TranslucentUnlitSpriteMaterial' while loading NULL.
[2016.12.08-22.43.18:716][  0]LoadErrors: Info Failed to load /Paper2D/TranslucentUnlitSpriteMaterial.TranslucentUnlitSpriteMaterial Referenced by PencilTipShadow_Sprite
[2016.12.08-22.43.21:402][  0]LogAIModule: Creating AISystem for world TrainingMap_1
[2016.12.08-22.43.21:403][  0]LogActorComponent: RegisterComponentWithWorld: (/Game/Maps/TrainingMap_1.TrainingMap_1:PersistentLevel.WorldSettings.StaticMeshComponent0) Trying to register component with IsPendingKill() == true. Aborting.
[2016.12.08-22.43.21:486][  0]LogEditorServer: Finished looking for orphan Actors (0.000 secs)
[2016.12.08-22.43.21:488][  0]Cmd: MAP CHECKDEP NOCLEARLOG
[2016.12.08-22.43.21:614][  0]MapCheck: Info Map check complete: 0 Error(s), 0 Warning(s), took 125.403ms to complete.
[2016.12.08-22.43.21:614][  0]LogFileHelpers: Loading map 'TrainingMap_1' took 4.099
[2016.12.08-22.43.21:872][  0]LogCrashTracker: Crashtracker disabled due to settings.
[2016.12.08-22.43.21:875][  0]LogUObjectGlobals:Warning: Failed to find object 'Class None.'
[2016.12.08-22.43.21:970][  0]LogLoad: (Engine Initialization) Total time: 24.55 seconds
[2016.12.08-22.43.21:970][  0]LogLoad: (Engine Initialization) Total Blueprint compile time: 0.48 seconds
[2016.12.08-22.43.21:970][  0]LogExternalProfiler: Found external profiler: VSPerf
[2016.12.08-22.43.21:970][  0]LogExternalProfiler: Using external profiler: VSPerf
[2016.12.08-22.43.21:987][  0]LogOcInput: OculusInput pre-init called
[2016.12.08-22.43.22:002][  0]LogAssetRegistry: Asset discovery search completed in 15.7386 seconds
[2016.12.08-22.43.22:024][  0]LogCollectionManager: Loaded 0 collections in 0.001940 seconds
[2016.12.08-22.43.22:057][  0]LogFileCache: Scanning file cache for directory 'C:/projects/Unreal Projects/UnrealStickFigure2D/Saved/Collections/' took 0.01s
[2016.12.08-22.43.22:057][  0]LogFileCache: Scanning file cache for directory 'C:/projects/Unreal Projects/UnrealStickFigure2D/Content/Developers/mholtz/Collections/' took 0.01s
[2016.12.08-22.43.22:057][  0]LogFileCache: Scanning file cache for directory 'C:/projects/Unreal Projects/UnrealStickFigure2D/Content/Collections/' took 0.01s
[2016.12.08-22.43.22:057][  0]LogCollectionManager: Rebuilt the object cache for 0 collections in 0.000001 seconds (found 0 objects)
[2016.12.08-22.43.22:057][  0]LogCollectionManager: Fixed up redirectors for 0 collections in 0.000052 seconds (updated 0 objects)
[2016.12.08-22.43.22:059][  0]LogContentStreaming: Texture pool size now 1000 MB
[2016.12.08-22.43.22:266][  0]LogRenderer: Reallocating scene render targets to support 1208x936 NumSamples 1 (Frame:2).
[2016.12.08-22.44.45:094][380]LogCollectionManager: Rebuilt the GUID cache for 0 collections in 0.000001 seconds
[2016.12.08-22.44.45:103][380]LogContentBrowser: Native class hierarchy populated in 0.0085 seconds. Added 2192 classes and 432 folders.
[2016.12.08-22.44.45:169][380]LogStats: UGameplayTagsManager::ConstructGameplayTagTree: Construct from data asset -  0.000 s
[2016.12.08-22.44.45:169][380]LogStats: UGameplayTagsManager::ConstructGameplayTagTree: GameplayTagTreeChangedEvent.Broadcast -  0.000 s
[2016.12.08-22.44.45:170][380]LogContentBrowser: Native class hierarchy updated for 'GameplayTags' in 0.0005 seconds. Added 13 classes and 0 folders.
[2016.12.08-22.44.45:260][380]LogContentBrowser: Native class hierarchy updated for 'WidgetCarousel' in 0.0005 seconds. Added 0 classes and 0 folders.
[2016.12.08-22.44.45:377][380]LogContentBrowser: Native class hierarchy updated for 'AddContentDialog' in 0.0005 seconds. Added 0 classes and 0 folders.
[2016.12.08-22.45.06:871][137]MapCheck: New page: Map Check
[2016.12.08-22.45.06:915][137]Cmd: MAP REBUILD ALLVISIBLE
[2016.12.08-22.45.06:916][137]LogEditorServer: Rebuildmap Clear paths rebuilt
[2016.12.08-22.45.06:930][137]LogActorComponent: RegisterComponentWithWorld: (/Game/Maps/TrainingMap_1.TrainingMap_1:PersistentLevel.WorldSettings.StaticMeshComponent0) Trying to register component with IsPendingKill() == true. Aborting.
[2016.12.08-22.45.07:105][137]LightingResults: New page: Lighting Build - Dec 8, 2016, 6:45:07 AM
[2016.12.08-22.45.07:172][137]LogSwarmInterface: [OpenConnection] Registering TCP channel ...
[2016.12.08-22.45.07:275][137]LogSwarmInterface: [OpenConnection] Connecting to agent ...
[2016.12.08-22.45.07:286][137]LogSwarmInterface: [TryOpenConnection] Testing the Agent
[2016.12.08-22.45.08:344][137]LogSwarmInterface: [TryOpenConnection] Opening Connection to Agent
[2016.12.08-22.45.08:344][137]LogSwarmInterface: [TryOpenConnection] Local Process ID is 7076
[2016.12.08-22.45.19:239][137]LogStaticLightingSystem:Warning: No importance volume found, so the scene bounding box was used.  You can optimize your scene's quality and lighting build times by adding importance volumes.
[2016.12.08-22.45.19:240][137]LogStaticLightingSystem: Running Lightmass w/ ImmediateImport mode ENABLED
[2016.12.08-22.45.19:240][137]LogStaticLightingSystem: Running Lightmass w/ ImmediateProcess mode ENABLED
[2016.12.08-22.45.19:240][137]LogStaticLightingSystem: Running Lightmass w/ Sorting mode ENABLED
[2016.12.08-22.45.19:240][137]LogStaticLightingSystem: Running Lightmass w/ Mapping paddings ENABLED
[2016.12.08-22.45.19:240][137]LogStaticLightingSystem: Running Lightmass w/ Mapping debug paddings DISABLED
[2016.12.08-22.45.19:399][137]Cmd: MAP CHECK DONTDISPLAYDIALOG
[2016.12.08-22.45.19:399][137]MapCheck: New page: TrainingMap_1 - Dec 8, 2016, 6:45:19 AM
[2016.12.08-22.45.19:527][137]MapCheck: Info Map check complete: 0 Error(s), 0 Warning(s), took 128.517ms to complete.
[2016.12.08-22.45.19:548][137]LogEditorBuildUtils: Build time 0:12
[2016.12.08-22.45.21:144][149]Job is a success!
[2016.12.08-22.45.21:454][151]Lightmass on THO-TC-LEN013: 841 ms total, 81 ms importing, 2 ms setup, 257 ms photons, 372 ms processing, 0 ms extra exporting [0/0 mappings]. Threads: 2.44 sec total, 0 ms processing.
[2016.12.08-22.45.21:500][151]LogStaticLightingSystem: Illumination: 14.3 sec (0 ms encoding lightmaps, 0 ms encoding shadowmaps)
[2016.12.08-22.45.21:500][151]LogStaticLightingSystem: Lightmap texture memory:  0.0 MB (0.0 MB streaming, 0.0 MB non-streaming), 0 textures
[2016.12.08-22.45.21:500][151]LogStaticLightingSystem: Shadowmap texture memory: 0.0 MB (0.0 MB streaming, 0.0 MB non-streaming), 0 textures
[2016.12.08-22.45.22:244][151]DumpUnbuiltLightIteractions
[2016.12.08-22.45.22:244][151]Lights with unbuilt interactions: 0
[2016.12.08-22.45.22:244][151]
[2016.12.08-22.45.22:244][151]Primitives with unbuilt interactions: 0
[2016.12.08-22.45.22:250][152]Cmd: MAP CHECK NOTIFYRESULTS
[2016.12.08-22.45.22:250][152]MapCheck: New page: TrainingMap_1 - Dec 8, 2016, 6:45:22 AM
[2016.12.08-22.45.22:389][152]MapCheck: Info Map check complete: 0 Error(s), 0 Warning(s), took 138.561ms to complete.
[2016.12.08-22.45.26:902][228]LogTemp: Repeting last play command: Selected Viewport
[2016.12.08-22.45.26:914][228]LogPlayLevel: PlayLevel: No blueprints needed recompiling
[2016.12.08-22.45.26:914][228]PIE: New page: PIE session: TrainingMap_1 (Dec 8, 2016, 6:45:26 AM)
[2016.12.08-22.45.26:914][228]LogPlayLevel: Creating play world package: /Game/Maps/UEDPIE_0_TrainingMap_1
[2016.12.08-22.45.26:935][228]LogPlayLevel: PIE: StaticDuplicateObject took: (0.020502s)
[2016.12.08-22.45.26:935][228]LogAIModule: Creating AISystem for world TrainingMap_1
[2016.12.08-22.45.26:935][228]LogPlayLevel: PIE: World Init took: (0.000595s)
[2016.12.08-22.45.26:935][228]LogPlayLevel: PIE: Created PIE world by copying editor world from /Game/Maps/TrainingMap_1.TrainingMap_1 to /Game/Maps/UEDPIE_0_TrainingMap_1.TrainingMap_1 (0.021378s)
[2016.12.08-22.45.26:946][228]LogInit: XAudio2 using 'Headphone (Realtek High Definition Audio)' : 2 channels at 48 kHz using 32 bits per sample (channel mask 0x3)
[2016.12.08-22.45.26:959][228]LogInit: FAudioDevice initialized.
[2016.12.08-22.45.27:001][228]LogLoad: Game class is '2DSideScrollerGameMode_C'
[2016.12.08-22.45.27:007][228]LogWorld: Bringing World /Game/Maps/UEDPIE_0_TrainingMap_1.TrainingMap_1 up for play (max tick rate 60) at 2016.12.08-14.45.27
[2016.12.08-22.45.27:008][228]LogWorld: Bringing up level for play took: 0.006336
[2016.12.08-22.45.27:073][228]LogContentBrowser: Native class hierarchy updated for 'MovieSceneCapture' in 0.0005 seconds. Added 11 classes and 0 folders.
[2016.12.08-22.45.27:074][228]LogGameMode:Display: Match State Changed from EnteringMap to WaitingToStart
[2016.12.08-22.45.27:074][228]LogGameState: Match State Changed from EnteringMap to WaitingToStart
[2016.12.08-22.45.27:074][228]LogGameMode:Display: Match State Changed from WaitingToStart to InProgress
[2016.12.08-22.45.27:075][228]LogGameState: Match State Changed from WaitingToStart to InProgress
[2016.12.08-22.45.27:075][228]PIE: Info Play in editor start time for /Game/Maps/UEDPIE_0_TrainingMap_1 0.556
[2016.12.08-22.46.13:838][225]Cmd: QUIT_EDITOR
[2016.12.08-22.46.13:885][225]LogExit: Preparing to exit.
[2016.12.08-22.46.14:788][225]LogDirectoryWatcher: A directory notification for 'C:/projects/Unreal Projects/UnrealStickFigure2D/Content/' was aborted.
[2016.12.08-22.46.14:813][225]LogExit: Editor shut down
[2016.12.08-22.46.14:813][225]LogExit: Transaction tracking system shut down
[2016.12.08-22.46.14:862][225]LogObj: Freed 0b from 0 cluster array pools.
[2016.12.08-22.46.14:862][225]LogExit: Object subsystem successfully closed.
[2016.12.08-22.46.14:873][225]LogD3D11RHI: Shutdown
[2016.12.08-22.46.14:873][225]LogD3D11RHI: CleanupD3DDevice
[2016.12.08-22.46.14:954][225]LogD3D11RHI: ~FD3D11DynamicRHI
[2016.12.08-22.46.14:974][225]LogHttp:Display: Http module shutting down, but needs to wait on 1 outstanding Http requests:
[2016.12.08-22.46.14:974][225]LogHttp:Display: 	verb=[POST] url=[https://datarouter.ol.epicgames.com/datarouter/api/v1/public/data?SessionID=%7B607ECC9B-41A1-D937-483D-C085F1E81AAB%7D&AppID=UEEditor.Rocket.Release&AppVersion=4.14.0-3195953%2B%2B%2BUE4%2BRelease-4.14&UserID=eeb596c4402707c146aaacaee6b31e40%7C96adf8e2f188487abcab3fb8711cecfc%7Ce065d823-99bb-4e86-99e1-0cff48069a5d&AppEnvironment=datacollector-binary&UploadType=eteventstream] status=Processing
[2016.12.08-22.46.15:007][225]LogModuleManager: Shutting down and abandoning module MovieSceneCapture (243)
[2016.12.08-22.46.15:007][225]LogModuleManager: Shutting down and abandoning module HierarchicalLODUtilities (242)
[2016.12.08-22.46.15:007][225]LogModuleManager: Shutting down and abandoning module WidgetCarousel (241)
[2016.12.08-22.46.15:007][225]LogModuleManager: Shutting down and abandoning module AddContentDialog (240)
[2016.12.08-22.46.15:007][225]LogDirectoryWatcher: A directory notification for 'C:/Program Files (x86)/Epic Games/4.14/FeaturePacks/' was aborted.
[2016.12.08-22.46.15:008][225]LogModuleManager: Shutting down and abandoning module GameplayTags (239)
[2016.12.08-22.46.15:008][225]LogModuleManager: Shutting down and abandoning module EditorWidgets (238)
[2016.12.08-22.46.15:008][225]LogModuleManager: Shutting down and abandoning module CollectionManager (237)
[2016.12.08-22.46.15:008][225]LogDirectoryWatcher: A directory notification for 'C:/projects/Unreal Projects/UnrealStickFigure2D/Content/Collections/' was aborted.
[2016.12.08-22.46.15:008][225]LogDirectoryWatcher: A directory notification for 'C:/projects/Unreal Projects/UnrealStickFigure2D/Content/Developers/mholtz/Collections/' was aborted.
[2016.12.08-22.46.15:008][225]LogDirectoryWatcher: A directory notification for 'C:/projects/Unreal Projects/UnrealStickFigure2D/Saved/Collections/' was aborted.
[2016.12.08-22.46.15:008][225]LogModuleManager: Shutting down and abandoning module HierarchicalLODOutliner (236)
[2016.12.08-22.46.15:008][225]LogModuleManager: Shutting down and abandoning module CrashTracker (235)
[2016.12.08-22.46.15:008][225]LogModuleManager: Shutting down and abandoning module SceneOutliner (234)
[2016.12.08-22.46.15:008][225]LogModuleManager: Shutting down and abandoning module StatsViewer (233)
[2016.12.08-22.46.15:008][225]LogModuleManager: Shutting down and abandoning module FoliageEdit (232)
[2016.12.08-22.46.15:008][225]LogModuleManager: Shutting down and abandoning module LandscapeEditor (231)
[2016.12.08-22.46.15:008][225]LogModuleManager: Shutting down and abandoning module SceneDepthPickerMode (230)
[2016.12.08-22.46.15:008][225]LogModuleManager: Shutting down and abandoning module ActorPickerMode (229)
[2016.12.08-22.46.15:008][225]LogModuleManager: Shutting down and abandoning module GeometryMode (228)
[2016.12.08-22.46.15:008][225]LogModuleManager: Shutting down and abandoning module TextureAlignMode (227)
[2016.12.08-22.46.15:008][225]LogModuleManager: Shutting down and abandoning module BspMode (226)
[2016.12.08-22.46.15:008][225]LogModuleManager: Shutting down and abandoning module HardwareSurvey (225)
[2016.12.08-22.46.15:008][225]LogModuleManager: Shutting down and abandoning module SequenceRecorderSections (224)
[2016.12.08-22.46.15:008][225]LogModuleManager: Shutting down and abandoning module AutomationWorker (223)
[2016.12.08-22.46.15:008][225]LogModuleManager: Shutting down and abandoning module MatineeToLevelSequence (222)
[2016.12.08-22.46.15:008][225]LogModuleManager: Shutting down and abandoning module PlacementMode (221)
[2016.12.08-22.46.15:008][225]LogModuleManager: Shutting down and abandoning module LevelSequenceEditor (220)
[2016.12.08-22.46.15:008][225]LogModuleManager: Shutting down and abandoning module WmfMediaFactory (219)
[2016.12.08-22.46.15:008][225]LogModuleManager: Shutting down and abandoning module WmfMediaEditor (218)
[2016.12.08-22.46.15:008][225]LogModuleManager: Shutting down and abandoning module AvfMediaFactory (217)
[2016.12.08-22.46.15:008][225]LogModuleManager: Shutting down and abandoning module AvfMediaEditor (216)
[2016.12.08-22.46.15:008][225]LogModuleManager: Shutting down and abandoning module Media (215)
[2016.12.08-22.46.15:008][225]LogModuleManager: Shutting down and abandoning module AndroidMediaFactory (214)
[2016.12.08-22.46.15:008][225]LogModuleManager: Shutting down and abandoning module AndroidMediaEditor (213)
[2016.12.08-22.46.15:008][225]LogModuleManager: Shutting down and abandoning module CharacterAI (212)
[2016.12.08-22.46.15:008][225]LogModuleManager: Shutting down and abandoning module SequenceRecorder (211)
[2016.12.08-22.46.15:008][225]LogModuleManager: Shutting down and abandoning module AudioCapture (210)
[2016.12.08-22.46.15:008][225]LogModuleManager: Shutting down and abandoning module SmartSnapping (209)
[2016.12.08-22.46.15:008][225]LogModuleManager: Shutting down and abandoning module SessionServices (208)
[2016.12.08-22.46.15:008][225]LogModuleManager: Shutting down and abandoning module ViewportSnapping (207)
[2016.12.08-22.46.15:008][225]LogModuleManager: Shutting down and abandoning module ViewportInteraction (206)
[2016.12.08-22.46.15:008][225]LogModuleManager: Shutting down and abandoning module LogVisualizer (205)
[2016.12.08-22.46.15:008][225]LogModuleManager: Shutting down and abandoning module GameProjectGeneration (204)
[2016.12.08-22.46.15:008][225]LogModuleManager: Shutting down and abandoning module IntroTutorials (203)
[2016.12.08-22.46.15:009][225]LogModuleManager: Shutting down and abandoning module EditorLiveStreaming (202)
[2016.12.08-22.46.15:009][225]LogModuleManager: Shutting down and abandoning module IOSPlatformEditor (201)
[2016.12.08-22.46.15:009][225]LogModuleManager: Shutting down and abandoning module HTML5PlatformEditor (200)
[2016.12.08-22.46.15:009][225]LogModuleManager: Shutting down and abandoning module AndroidDeviceDetection (199)
[2016.12.08-22.46.15:582][225]LogModuleManager: Shutting down and abandoning module AndroidPlatformEditor (198)
[2016.12.08-22.46.15:582][225]LogModuleManager: Shutting down and abandoning module IOSRuntimeSettings (197)
[2016.12.08-22.46.15:582][225]LogModuleManager: Shutting down and abandoning module AndroidRuntimeSettings (196)
[2016.12.08-22.46.15:582][225]LogModuleManager: Shutting down and abandoning module InputBindingEditor (195)
[2016.12.08-22.46.15:582][225]LogModuleManager: Shutting down and abandoning module NiagaraEditor (194)
[2016.12.08-22.46.15:582][225]LogModuleManager: Shutting down and abandoning module MergeActors (193)
[2016.12.08-22.46.15:582][225]LogModuleManager: Shutting down and abandoning module SizeMap (192)
[2016.12.08-22.46.15:582][225]LogModuleManager: Shutting down and abandoning module TreeMap (191)
[2016.12.08-22.46.15:582][225]LogModuleManager: Shutting down and abandoning module ReferenceViewer (190)
[2016.12.08-22.46.15:582][225]LogModuleManager: Shutting down and abandoning module LocalizationService (189)
[2016.12.08-22.46.15:582][225]LogModuleManager: Shutting down and abandoning module LocalizationDashboard (188)
[2016.12.08-22.46.15:582][225]LogModuleManager: Shutting down and abandoning module HardwareTargeting (187)
[2016.12.08-22.46.15:582][225]LogModuleManager: Shutting down and abandoning module DeviceProfileEditor (186)
[2016.12.08-22.46.15:582][225]LogModuleManager: Shutting down and abandoning module UndoHistory (185)
[2016.12.08-22.46.15:582][225]LogModuleManager: Shutting down and abandoning module UserFeedback (184)
[2016.12.08-22.46.15:582][225]LogModuleManager: Shutting down and abandoning module XmlParser (183)
[2016.12.08-22.46.15:582][225]LogModuleManager: Shutting down and abandoning module Blutility (182)
[2016.12.08-22.46.15:582][225]LogModuleManager: Shutting down and abandoning module ProjectTargetPlatformEditor (181)
[2016.12.08-22.46.15:582][225]LogModuleManager: Shutting down and abandoning module ProjectSettingsViewer (180)
[2016.12.08-22.46.15:582][225]LogModuleManager: Shutting down and abandoning module EditorSettingsViewer (179)
[2016.12.08-22.46.15:583][225]LogModuleManager: Shutting down and abandoning module SettingsEditor (178)
[2016.12.08-22.46.15:583][225]LogModuleManager: Shutting down and abandoning module ProjectLauncher (177)
[2016.12.08-22.46.15:583][225]LogModuleManager: Shutting down and abandoning module SessionFrontend (176)
[2016.12.08-22.46.15:583][225]LogModuleManager: Shutting down and abandoning module ProfilerClient (175)
[2016.12.08-22.46.15:583][225]LogModuleManager: Shutting down and abandoning module TargetDeviceServices (174)
[2016.12.08-22.46.15:583][225]LogModuleManager: Shutting down and abandoning module DeviceManager (173)
[2016.12.08-22.46.15:623][225]LogModuleManager: Shutting down and abandoning module AutomationController (172)
[2016.12.08-22.46.15:623][225]LogModuleManager: Shutting down and abandoning module AutomationWindow (171)
[2016.12.08-22.46.15:623][225]LogModuleManager: Shutting down and abandoning module Layers (170)
[2016.12.08-22.46.15:623][225]LogModuleManager: Shutting down and abandoning module ComponentVisualizers (169)
[2016.12.08-22.46.15:623][225]LogModuleManager: Shutting down and abandoning module DetailCustomizations (168)
[2016.12.08-22.46.15:623][225]LogModuleManager: Shutting down and abandoning module PackagesDialog (167)
[2016.12.08-22.46.15:623][225]LogModuleManager: Shutting down and abandoning module AnimGraph (166)
[2016.12.08-22.46.15:623][225]LogModuleManager: Shutting down and abandoning module Persona (165)
[2016.12.08-22.46.15:623][225]LogModuleManager: Shutting down and abandoning module Kismet (164)
[2016.12.08-22.46.15:624][225]LogModuleManager: Shutting down and abandoning module GraphEditor (163)
[2016.12.08-22.46.15:624][225]LogModuleManager: Shutting down and abandoning module ClassViewer (162)
[2016.12.08-22.46.15:624][225]LogModuleManager: Shutting down and abandoning module Toolbox (161)
[2016.12.08-22.46.15:624][225]LogModuleManager: Shutting down and abandoning module ModuleUI (160)
[2016.12.08-22.46.15:624][225]LogModuleManager: Shutting down and abandoning module MovieSceneTools (159)
[2016.12.08-22.46.15:624][225]LogModuleManager: Shutting down and abandoning module OutputLog (158)
[2016.12.08-22.46.15:624][225]LogModuleManager: Shutting down and abandoning module GammaUI (157)
[2016.12.08-22.46.15:624][225]LogModuleManager: Shutting down and abandoning module Documentation (156)
[2016.12.08-22.46.15:624][225]LogModuleManager: Shutting down and abandoning module Niagara (155)
[2016.12.08-22.46.15:624][225]LogModuleManager: Shutting down and abandoning module StreamingPauseRendering (154)
[2016.12.08-22.46.15:624][225]LogModuleManager: Shutting down and abandoning module AnalyticsET (153)
[2016.12.08-22.46.15:624][225]LogModuleManager: Shutting down and abandoning module PortalServices (152)
[2016.12.08-22.46.15:624][225]LogModuleManager: Shutting down and abandoning module PortalRpc (151)
[2016.12.08-22.46.15:624][225]LogModuleManager: Shutting down and abandoning module MessagingRpc (150)
[2016.12.08-22.46.15:624][225]LogModuleManager: Shutting down and abandoning module GameplayDebugger (149)
[2016.12.08-22.46.15:624][225]LogModuleManager: Shutting down and abandoning module AITestSuite (148)
[2016.12.08-22.46.15:624][225]LogModuleManager: Shutting down and abandoning module AIModule (147)
[2016.12.08-22.46.15:624][225]LogModuleManager: Shutting down and abandoning module ProfilerService (146)
[2016.12.08-22.46.15:852][225]LogModuleManager: Shutting down and abandoning module TaskGraph (145)
[2016.12.08-22.46.15:852][225]LogModuleManager: Shutting down and abandoning module SlateRemote (144)
[2016.12.08-22.46.15:852][225]LogModuleManager: Shutting down and abandoning module SteamVRController (143)
[2016.12.08-22.46.15:852][225]LogModuleManager: Shutting down and abandoning module SteamVR (142)
[2016.12.08-22.46.15:852][225]LogModuleManager: Shutting down and abandoning module ProceduralMeshComponentEditor (141)
[2016.12.08-22.46.15:852][225]LogModuleManager: Shutting down and abandoning module ProceduralMeshComponent (140)
[2016.12.08-22.46.15:852][225]LogModuleManager: Shutting down and abandoning module OculusLibrary (139)
[2016.12.08-22.46.15:852][225]LogModuleManager: Shutting down and abandoning module OculusInput (138)
[2016.12.08-22.46.15:852][225]LogModuleManager: Shutting down and abandoning module MobilePatchingUtils (137)
[2016.12.08-22.46.15:852][225]LogModuleManager: Shutting down and abandoning module CustomMeshComponent (136)
[2016.12.08-22.46.15:852][225]LogModuleManager: Shutting down and abandoning module CableComponent (135)
[2016.12.08-22.46.15:852][225]LogModuleManager: Shutting down and abandoning module ArchVisCharacter (134)
[2016.12.08-22.46.15:852][225]LogModuleManager: Shutting down and abandoning module MediaPlayerEditor (132)
[2016.12.08-22.46.15:852][225]LogModuleManager: Shutting down and abandoning module HTML5Networking (131)
[2016.12.08-22.46.15:852][225]LogModuleManager: Shutting down and abandoning module GeometryCacheEd (130)
[2016.12.08-22.46.15:852][225]LogModuleManager: Shutting down and abandoning module GeometryCache (129)
[2016.12.08-22.46.15:852][225]LogModuleManager: Shutting down and abandoning module AlembicLibrary (128)
[2016.12.08-22.46.15:852][225]LogModuleManager: Shutting down and abandoning module AlembicImporter (127)
[2016.12.08-22.46.15:852][225]LogModuleManager: Shutting down and abandoning module SuperSearch (126)
[2016.12.08-22.46.15:852][225]LogModuleManager: Shutting down and abandoning module SuperSearchEditor (125)
[2016.12.08-22.46.15:852][225]LogModuleManager: Shutting down and abandoning module SpeedTreeImporter (124)
[2016.12.08-22.46.15:852][225]LogModuleManager: Shutting down and abandoning module PluginBrowser (123)
[2016.12.08-22.46.15:852][225]LogModuleManager: Shutting down and abandoning module MobileLauncherProfileWizard (122)
[2016.12.08-22.46.15:852][225]LogModuleManager: Shutting down and abandoning module EpicSurvey (121)
[2016.12.08-22.46.15:852][225]LogModuleManager: Shutting down and abandoning module DesktopPlatform (120)
[2016.12.08-22.46.15:852][225]LogModuleManager: Shutting down and abandoning module VisualStudioSourceCodeAccess (119)
[2016.12.08-22.46.15:852][225]LogModuleManager: Shutting down and abandoning module UObjectPlugin (118)
[2016.12.08-22.46.15:852][225]LogModuleManager: Shutting down and abandoning module SubversionSourceControl (117)
[2016.12.08-22.46.15:852][225]LogModuleManager: Shutting down and abandoning module PerforceSourceControl (116)
[2016.12.08-22.46.15:853][225]LogModuleManager: Shutting down and abandoning module SourceControl (115)
[2016.12.08-22.46.15:853][225]LogModuleManager: Shutting down and abandoning module GitSourceControl (114)
[2016.12.08-22.46.15:853][225]LogModuleManager: Shutting down and abandoning module LightPropagationVolumeEditor (113)
[2016.12.08-22.46.15:853][225]LogModuleManager: Shutting down and abandoning module PaperTiledImporter (112)
[2016.12.08-22.46.15:853][225]LogModuleManager: Shutting down and abandoning module PaperSpriteSheetImporter (111)
[2016.12.08-22.46.15:853][225]LogModuleManager: Shutting down and abandoning module MeshPaint (110)
[2016.12.08-22.46.15:853][225]LogModuleManager: Shutting down and abandoning module PixelInspectorModule (109)
[2016.12.08-22.46.15:853][225]LogModuleManager: Shutting down and abandoning module HotReload (108)
[2016.12.08-22.46.15:853][225]LogModuleManager: Shutting down and abandoning module MainFrame (107)
[2016.12.08-22.46.15:854][225]LogModuleManager: Shutting down and abandoning module LevelEditor (106)
[2016.12.08-22.46.15:854][225]LogModuleManager: Shutting down and abandoning module ContentBrowser (105)
[2016.12.08-22.46.15:855][225]LogModuleManager: Shutting down and abandoning module Paper2DEditor (104)
[2016.12.08-22.46.15:855][225]LogModuleManager: Shutting down and abandoning module UdpMessaging (103)
[2016.12.08-22.46.15:955][225]LogModuleManager: Shutting down and abandoning module TcpMessaging (102)
[2016.12.08-22.46.16:055][225]LogModuleManager: Shutting down and abandoning module LightPropagationVolumeRuntime (101)
[2016.12.08-22.46.16:055][225]LogModuleManager: Shutting down and abandoning module Paper2D (100)
[2016.12.08-22.46.16:055][225]LogModuleManager: Shutting down and abandoning module WindowsMoviePlayer (99)
[2016.12.08-22.46.16:055][225]LogModuleManager: Shutting down and abandoning module WmfMedia (98)
[2016.12.08-22.46.16:055][225]LogModuleManager: Shutting down and abandoning module MediaAssets (97)
[2016.12.08-22.46.16:055][225]LogModuleManager: Shutting down and abandoning module GameLiveStreaming (96)
[2016.12.08-22.46.16:055][225]LogModuleManager: Shutting down and abandoning module GameplayTagsEditor (95)
[2016.12.08-22.46.16:055][225]LogModuleManager: Shutting down and abandoning module VREditor (94)
[2016.12.08-22.46.16:055][225]LogModuleManager: Shutting down and abandoning module GameplayTasksEditor (93)
[2016.12.08-22.46.16:055][225]LogModuleManager: Shutting down and abandoning module BehaviorTreeEditor (92)
[2016.12.08-22.46.16:055][225]LogModuleManager: Shutting down and abandoning module FunctionalTesting (91)
[2016.12.08-22.46.16:055][225]LogModuleManager: Shutting down and abandoning module CollisionAnalyzer (90)
[2016.12.08-22.46.16:055][225]LogModuleManager: Shutting down and abandoning module Sequencer (89)
[2016.12.08-22.46.16:055][225]LogModuleManager: Shutting down and abandoning module WorkspaceMenuStructure (88)
[2016.12.08-22.46.16:055][225]LogModuleManager: Shutting down and abandoning module MessageLog (87)
[2016.12.08-22.46.16:055][225]LogModuleManager: Shutting down and abandoning module AssetTools (86)
[2016.12.08-22.46.16:055][225]LogModuleManager: Shutting down and abandoning module UMGEditor (85)
[2016.12.08-22.46.16:055][225]LogModuleManager: Shutting down and abandoning module UMG (84)
[2016.12.08-22.46.16:055][225]LogModuleManager: Shutting down and abandoning module SlateReflector (83)
[2016.12.08-22.46.16:056][225]LogModuleManager: Shutting down and abandoning module Slate (82)
[2016.12.08-22.46.16:056][225]LogModuleManager: Shutting down and abandoning module EditorStyle (81)
[2016.12.08-22.46.16:058][225]LogModuleManager: Shutting down and abandoning module SourceCodeAccess (80)
[2016.12.08-22.46.16:058][225]LogModuleManager: Shutting down and abandoning module HeadMountedDisplay (79)
[2016.12.08-22.46.16:058][225]LogModuleManager: Shutting down and abandoning module XAudio2 (78)
[2016.12.08-22.46.16:058][225]LogModuleManager: Shutting down and abandoning module Networking (76)
[2016.12.08-22.46.16:058][225]LogModuleManager: Shutting down and abandoning module Core (75)
[2016.12.08-22.46.16:058][225]LogModuleManager: Shutting down and abandoning module DirectoryWatcher (74)
[2016.12.08-22.46.16:059][225]LogDirectoryWatcher: A directory notification for '../../../Engine/Content/' was aborted.
[2016.12.08-22.46.16:059][225]LogDirectoryWatcher: A directory notification for '../../../../../../projects/Unreal Projects/UnrealStickFigure2D/Content/' was aborted.
[2016.12.08-22.46.16:059][225]LogDirectoryWatcher: A directory notification for '../../../Engine/Plugins/2D/Paper2D/Content/' was aborted.
[2016.12.08-22.46.16:059][225]LogModuleManager: Shutting down and abandoning module AssetRegistry (73)
[2016.12.08-22.46.16:180][225]LogModuleManager: Shutting down and abandoning module KismetCompiler (72)
[2016.12.08-22.46.16:180][225]LogModuleManager: Shutting down and abandoning module PhysXFormats (71)
[2016.12.08-22.46.16:180][225]LogModuleManager: Shutting down and abandoning module SimplygonSwarm (70)
[2016.12.08-22.46.16:180][225]LogModuleManager: Shutting down and abandoning module SimplygonMeshReduction (69)
[2016.12.08-22.46.16:180][225]LogModuleManager: Shutting down and abandoning module QuadricMeshReduction (68)
[2016.12.08-22.46.16:180][225]LogModuleManager: Shutting down and abandoning module PropertyEditor (67)
[2016.12.08-22.46.16:180][225]LogModuleManager: Shutting down and abandoning module MeshUtilities (66)
[2016.12.08-22.46.16:180][225]LogModuleManager: Shutting down and abandoning module DerivedDataCache (65)
[2016.12.08-22.46.16:208][225]LogDerivedDataCache: Shutdown
[2016.12.08-22.46.16:208][225]LogModuleManager: Shutting down and abandoning module VulkanShaderFormat (64)
[2016.12.08-22.46.16:208][225]LogModuleManager: Shutting down and abandoning module ShaderFormatOpenGL (63)
[2016.12.08-22.46.16:208][225]LogModuleManager: Shutting down and abandoning module ShaderFormatD3D (62)
[2016.12.08-22.46.16:208][225]LogModuleManager: Shutting down and abandoning module MetalShaderFormat (61)
[2016.12.08-22.46.16:208][225]LogModuleManager: Shutting down and abandoning module TextureFormatUncompressed (60)
[2016.12.08-22.46.16:208][225]LogModuleManager: Shutting down and abandoning module TextureFormatPVR (59)
[2016.12.08-22.46.16:208][225]LogModuleManager: Shutting down and abandoning module TextureFormatDXT (58)
[2016.12.08-22.46.16:208][225]LogModuleManager: Shutting down and abandoning module TextureFormatIntelISPCTexComp (57)
[2016.12.08-22.46.16:208][225]LogModuleManager: Shutting down and abandoning module ImageWrapper (56)
[2016.12.08-22.46.16:208][225]LogModuleManager: Shutting down and abandoning module TextureFormatASTC (55)
[2016.12.08-22.46.16:208][225]LogModuleManager: Shutting down and abandoning module TextureFormatAndroid (54)
[2016.12.08-22.46.16:208][225]LogModuleManager: Shutting down and abandoning module AudioFormatOpus (53)
[2016.12.08-22.46.16:208][225]LogModuleManager: Shutting down and abandoning module AudioFormatOgg (52)
[2016.12.08-22.46.16:208][225]LogModuleManager: Shutting down and abandoning module AudioFormatADPCM (51)
[2016.12.08-22.46.16:208][225]LogModuleManager: Shutting down and abandoning module LinuxTargetPlatform (50)
[2016.12.08-22.46.16:208][225]LogModuleManager: Shutting down and abandoning module LinuxServerTargetPlatform (49)
[2016.12.08-22.46.16:208][225]LogModuleManager: Shutting down and abandoning module LinuxNoEditorTargetPlatform (48)
[2016.12.08-22.46.16:208][225]LogModuleManager: Shutting down and abandoning module LinuxClientTargetPlatform (47)
[2016.12.08-22.46.16:208][225]LogModuleManager: Shutting down and abandoning module TVOSTargetPlatform (46)
[2016.12.08-22.46.16:208][225]LogModuleManager: Shutting down and abandoning module Messaging (45)
[2016.12.08-22.46.16:208][225]LogModuleManager: Shutting down and abandoning module IOSTargetPlatform (44)
[2016.12.08-22.46.16:208][225]LogModuleManager: Shutting down and abandoning module HTML5TargetPlatform (43)
[2016.12.08-22.46.16:208][225]LogModuleManager: Shutting down and abandoning module Android_PVRTCTargetPlatform (42)
[2016.12.08-22.46.16:208][225]LogModuleManager: Shutting down and abandoning module Android_MultiTargetPlatform (41)
[2016.12.08-22.46.16:208][225]LogModuleManager: Shutting down and abandoning module Android_ETC2TargetPlatform (40)
[2016.12.08-22.46.16:208][225]LogModuleManager: Shutting down and abandoning module Android_ETC1TargetPlatform (39)
[2016.12.08-22.46.16:208][225]LogModuleManager: Shutting down and abandoning module Android_DXTTargetPlatform (38)
[2016.12.08-22.46.16:208][225]LogModuleManager: Shutting down and abandoning module Android_ATCTargetPlatform (37)
[2016.12.08-22.46.16:208][225]LogModuleManager: Shutting down and abandoning module Android_ASTCTargetPlatform (36)
[2016.12.08-22.46.16:208][225]LogModuleManager: Shutting down and abandoning module AndroidTargetPlatform (35)
[2016.12.08-22.46.16:208][225]LogModuleManager: Shutting down and abandoning module WindowsTargetPlatform (34)
[2016.12.08-22.46.16:208][225]LogModuleManager: Shutting down and abandoning module WindowsServerTargetPlatform (33)
[2016.12.08-22.46.16:208][225]LogModuleManager: Shutting down and abandoning module WindowsNoEditorTargetPlatform (32)
[2016.12.08-22.46.16:208][225]LogModuleManager: Shutting down and abandoning module WindowsClientTargetPlatform (31)
[2016.12.08-22.46.16:208][225]LogModuleManager: Shutting down and abandoning module MacTargetPlatform (30)
[2016.12.08-22.46.16:208][225]LogModuleManager: Shutting down and abandoning module MacServerTargetPlatform (29)
[2016.12.08-22.46.16:208][225]LogModuleManager: Shutting down and abandoning module MacNoEditorTargetPlatform (28)
[2016.12.08-22.46.16:208][225]LogModuleManager: Shutting down and abandoning module MacClientTargetPlatform (27)
[2016.12.08-22.46.16:208][225]LogModuleManager: Shutting down and abandoning module AllDesktopTargetPlatform (26)
[2016.12.08-22.46.16:208][225]LogModuleManager: Shutting down and abandoning module TargetPlatform (25)
[2016.12.08-22.46.16:208][225]LogModuleManager: Shutting down and abandoning module InputCore (24)
[2016.12.08-22.46.16:208][225]LogModuleManager: Shutting down and abandoning module Settings (23)
[2016.12.08-22.46.16:208][225]LogModuleManager: Shutting down and abandoning module OculusRift (22)
[2016.12.08-22.46.16:208][225]LogModuleManager: Shutting down and abandoning module ExampleDeviceProfileSelector (21)
[2016.12.08-22.46.16:209][225]LogModuleManager: Shutting down and abandoning module OnlineBlueprintSupport (20)
[2016.12.08-22.46.16:209][225]LogModuleManager: Shutting down and abandoning module OnlineSubsystem (18)
[2016.12.08-22.46.16:209][225]LogOnline:Display: Unloading online subsystem: NULL
[2016.12.08-22.46.16:209][225]LogModuleManager: Shutting down and abandoning module SSL (17)
[2016.12.08-22.46.16:210][225]LogModuleManager: Shutting down and abandoning module HTTP (16)
[2016.12.08-22.46.16:210][225]LogModuleManager: Shutting down and abandoning module XMPP (15)
[2016.12.08-22.46.16:210][225]LogModuleManager: Shutting down and abandoning module TextureCompressor (14)
[2016.12.08-22.46.16:210][225]LogModuleManager: Shutting down and abandoning module ShaderCore (13)
[2016.12.08-22.46.16:210][225]LogModuleManager: Shutting down and abandoning module Landscape (12)
[2016.12.08-22.46.16:210][225]LogModuleManager: Shutting down and abandoning module SlateRHIRenderer (11)
[2016.12.08-22.46.16:210][225]LogModuleManager: Shutting down and abandoning module OpenGLDrv (10)
[2016.12.08-22.46.16:210][225]LogModuleManager: Shutting down and abandoning module D3D11RHI (9)
[2016.12.08-22.46.16:210][225]LogModuleManager: Shutting down and abandoning module AnimGraphRuntime (8)
[2016.12.08-22.46.16:210][225]LogModuleManager: Shutting down and abandoning module Renderer (7)
[2016.12.08-22.46.16:210][225]LogModuleManager: Shutting down and abandoning module Engine (6)
[2016.12.08-22.46.16:210][225]LogModuleManager: Shutting down and abandoning module CoreUObject (5)
[2016.12.08-22.46.16:210][225]LogModuleManager: Shutting down and abandoning module NetworkFile (4)
[2016.12.08-22.46.16:210][225]LogModuleManager: Shutting down and abandoning module StreamingFile (3)
[2016.12.08-22.46.16:210][225]LogModuleManager: Shutting down and abandoning module SandboxFile (2)
[2016.12.08-22.46.16:210][225]LogModuleManager: Shutting down and abandoning module PakFile (1)
[2016.12.08-22.46.16:212][225]LogExit: Exiting.
[2016.12.08-22.46.16:222][225]Log file closed, 12/08/16 14:46:16
