Log file open, 12/11/16 15:19:06
LogInit:Display: Running engine for game: UnrealStickFigure2D
LogPlatformFile: Not using cached read wrapper
LogInit:Display: RandInit(579480249) SRandInit(579480249).
LogTaskGraph: Started task graph with 5 named threads and 8 total threads with 1 sets of task threads.
LogStats: Stats thread started at 0.121368
LogPluginManager: Loaded Plugin Paper2D, From C:/Program Files (x86)/Epic Games/4.14/Engine/Plugins/2D/Paper2D/Paper2D.uplugin
LogPluginManager: Loaded Plugin LightPropagationVolume, From C:/Program Files (x86)/Epic Games/4.14/Engine/Plugins/Blendables/LightPropagationVolume/LightPropagationVolume.uplugin
LogPluginManager: Loaded Plugin BlankPlugin, From C:/Program Files (x86)/Epic Games/4.14/Engine/Plugins/Developer/BlankPlugin/BlankPlugin.uplugin
LogPluginManager: Loaded Plugin CodeLiteSourceCodeAccess, From C:/Program Files (x86)/Epic Games/4.14/Engine/Plugins/Developer/CodeLiteSourceCodeAccess/CodeLiteSourceCodeAccess.uplugin
LogPluginManager: Loaded Plugin GitSourceControl, From C:/Program Files (x86)/Epic Games/4.14/Engine/Plugins/Developer/GitSourceControl/GitSourceControl.uplugin
LogPluginManager: Loaded Plugin KDevelopSourceCodeAccess, From C:/Program Files (x86)/Epic Games/4.14/Engine/Plugins/Developer/KDevelopSourceCodeAccess/KDevelopSourceCodeAccess.uplugin
LogPluginManager: Loaded Plugin NullSourceCodeAccess, From C:/Program Files (x86)/Epic Games/4.14/Engine/Plugins/Developer/NullSourceCodeAccess/NullSourceCodeAccess.uplugin
LogPluginManager: Loaded Plugin OneSkyLocalizationService, From C:/Program Files (x86)/Epic Games/4.14/Engine/Plugins/Developer/OneSkyLocalizationService/OneSkyLocalizationService.uplugin
LogPluginManager: Loaded Plugin PerforceSourceControl, From C:/Program Files (x86)/Epic Games/4.14/Engine/Plugins/Developer/PerforceSourceControl/PerforceSourceControl.uplugin
LogPluginManager: Loaded Plugin SubversionSourceControl, From C:/Program Files (x86)/Epic Games/4.14/Engine/Plugins/Developer/SubversionSourceControl/SubversionSourceControl.uplugin
LogPluginManager: Loaded Plugin UObjectPlugin, From C:/Program Files (x86)/Epic Games/4.14/Engine/Plugins/Developer/UObjectPlugin/UObjectPlugin.uplugin
LogPluginManager: Loaded Plugin VisualStudioSourceCodeAccess, From C:/Program Files (x86)/Epic Games/4.14/Engine/Plugins/Developer/VisualStudioSourceCodeAccess/VisualStudioSourceCodeAccess.uplugin
LogPluginManager: Loaded Plugin XCodeSourceCodeAccess, From C:/Program Files (x86)/Epic Games/4.14/Engine/Plugins/Developer/XCodeSourceCodeAccess/XCodeSourceCodeAccess.uplugin
LogPluginManager: Loaded Plugin AudioCapture, From C:/Program Files (x86)/Epic Games/4.14/Engine/Plugins/Editor/AudioCapture/AudioCapture.uplugin
LogPluginManager: Loaded Plugin EpicSurvey, From C:/Program Files (x86)/Epic Games/4.14/Engine/Plugins/Editor/EpicSurvey/EpicSurvey.uplugin
LogPluginManager: Loaded Plugin MacGraphicsSwitching, From C:/Program Files (x86)/Epic Games/4.14/Engine/Plugins/Editor/MacGraphicsSwitching/MacGraphicsSwitching.uplugin
LogPluginManager: Loaded Plugin MobileLauncherProfileWizard, From C:/Program Files (x86)/Epic Games/4.14/Engine/Plugins/Editor/MobileLauncherProfileWizard/MobileLauncherProfileWizard.uplugin
LogPluginManager: Loaded Plugin PluginBrowser, From C:/Program Files (x86)/Epic Games/4.14/Engine/Plugins/Editor/PluginBrowser/PluginBrowser.uplugin
LogPluginManager: Loaded Plugin SpeedTreeImporter, From C:/Program Files (x86)/Epic Games/4.14/Engine/Plugins/Editor/SpeedTreeImporter/SpeedTreeImporter.uplugin
LogPluginManager: Loaded Plugin SuperSearchEditor, From C:/Program Files (x86)/Epic Games/4.14/Engine/Plugins/Editor/SuperSearchEditor/SuperSearchEditor.uplugin
LogPluginManager: Loaded Plugin AlembicImporter, From C:/Program Files (x86)/Epic Games/4.14/Engine/Plugins/Experimental/AlembicImporter/AlembicImporter.uplugin
LogPluginManager: Loaded Plugin BlueprintStats, From C:/Program Files (x86)/Epic Games/4.14/Engine/Plugins/Experimental/BlueprintStats/BlueprintStats.uplugin
LogPluginManager: Loaded Plugin CharacterAI, From C:/Program Files (x86)/Epic Games/4.14/Engine/Plugins/Experimental/CharacterAI/CharacterAI.uplugin
LogPluginManager: Loaded Plugin CodeEditor, From C:/Program Files (x86)/Epic Games/4.14/Engine/Plugins/Experimental/CodeEditor/CodeEditor.uplugin
LogPluginManager: Loaded Plugin CodeView, From C:/Program Files (x86)/Epic Games/4.14/Engine/Plugins/Experimental/CodeView/CodeView.uplugin
LogPluginManager: Loaded Plugin HTML5Networking, From C:/Program Files (x86)/Epic Games/4.14/Engine/Plugins/Experimental/HTML5Networking/HTML5Networking.uplugin
LogPluginManager: Loaded Plugin OSVR, From C:/Program Files (x86)/Epic Games/4.14/Engine/Plugins/Experimental/OSVR/OSVR.uplugin
LogPluginManager: Loaded Plugin Phya, From C:/Program Files (x86)/Epic Games/4.14/Engine/Plugins/Experimental/Phya/Phya.uplugin
LogPluginManager: Loaded Plugin SignificanceManager, From C:/Program Files (x86)/Epic Games/4.14/Engine/Plugins/Experimental/SignificanceManager/SignificanceManager.uplugin
LogPluginManager: Loaded Plugin SimpleHMD, From C:/Program Files (x86)/Epic Games/4.14/Engine/Plugins/Experimental/SimpleHMD/SimpleHMD.uplugin
LogPluginManager: Loaded Plugin StereoPanorama, From C:/Program Files (x86)/Epic Games/4.14/Engine/Plugins/Experimental/StereoPanorama/StereoPanorama.uplugin
LogPluginManager: Loaded Plugin StructBox, From C:/Program Files (x86)/Epic Games/4.14/Engine/Plugins/Experimental/StructBox/StructBox.uplugin
LogPluginManager: Loaded Plugin AndroidMedia, From C:/Program Files (x86)/Epic Games/4.14/Engine/Plugins/Media/AndroidMedia/AndroidMedia.uplugin
LogPluginManager: Loaded Plugin AvfMedia, From C:/Program Files (x86)/Epic Games/4.14/Engine/Plugins/Media/AvfMedia/AvfMedia.uplugin
LogPluginManager: Loaded Plugin MediaPlayerEditor, From C:/Program Files (x86)/Epic Games/4.14/Engine/Plugins/Media/MediaPlayerEditor/MediaPlayerEditor.uplugin
LogPluginManager: Loaded Plugin WmfMedia, From C:/Program Files (x86)/Epic Games/4.14/Engine/Plugins/Media/WmfMedia/WmfMedia.uplugin
LogPluginManager: Loaded Plugin MessagingDebugger, From C:/Program Files (x86)/Epic Games/4.14/Engine/Plugins/Messaging/MessagingDebugger/MessagingDebugger.uplugin
LogPluginManager: Loaded Plugin TcpMessaging, From C:/Program Files (x86)/Epic Games/4.14/Engine/Plugins/Messaging/TcpMessaging/TcpMessaging.uplugin
LogPluginManager: Loaded Plugin UdpMessaging, From C:/Program Files (x86)/Epic Games/4.14/Engine/Plugins/Messaging/UdpMessaging/UdpMessaging.uplugin
LogPluginManager: Loaded Plugin LevelSequenceEditor, From C:/Program Files (x86)/Epic Games/4.14/Engine/Plugins/MovieScene/LevelSequenceEditor/LevelSequenceEditor.uplugin
LogPluginManager: Loaded Plugin MatineeToLevelSequence, From C:/Program Files (x86)/Epic Games/4.14/Engine/Plugins/MovieScene/MatineeToLevelSequence/MatineeToLevelSequence.uplugin
LogPluginManager: Loaded Plugin NetcodeUnitTest, From C:/Program Files (x86)/Epic Games/4.14/Engine/Plugins/NetcodeUnitTest/NetcodeUnitTest/NetcodeUnitTest.uplugin
LogPluginManager: Loaded Plugin NUTUnrealEngine4, From C:/Program Files (x86)/Epic Games/4.14/Engine/Plugins/NetcodeUnitTest/NUTUnrealEngine4/NUTUnrealEngine4.uplugin
LogPluginManager: Loaded Plugin OnlineSubsystemGameCircle, From C:/Program Files (x86)/Epic Games/4.14/Engine/Plugins/Online/Android/OnlineSubsystemGameCircle/OnlineSubsystemGameCircle.uplugin
LogPluginManager: Loaded Plugin OnlineSubsystemGooglePlay, From C:/Program Files (x86)/Epic Games/4.14/Engine/Plugins/Online/Android/OnlineSubsystemGooglePlay/OnlineSubsystemGooglePlay.uplugin
LogPluginManager: Loaded Plugin OnlineSubsystemIOS, From C:/Program Files (x86)/Epic Games/4.14/Engine/Plugins/Online/IOS/OnlineSubsystemIOS/OnlineSubsystemIOS.uplugin
LogPluginManager: Loaded Plugin OnlineFramework, From C:/Program Files (x86)/Epic Games/4.14/Engine/Plugins/Online/OnlineFramework/OnlineFramework.uplugin
LogPluginManager: Loaded Plugin OnlineSubsystem, From C:/Program Files (x86)/Epic Games/4.14/Engine/Plugins/Online/OnlineSubsystem/OnlineSubsystem.uplugin
LogPluginManager: Loaded Plugin OnlineSubsystemAmazon, From C:/Program Files (x86)/Epic Games/4.14/Engine/Plugins/Online/OnlineSubsystemAmazon/OnlineSubsystemAmazon.uplugin
LogPluginManager: Loaded Plugin OnlineSubsystemFacebook, From C:/Program Files (x86)/Epic Games/4.14/Engine/Plugins/Online/OnlineSubsystemFacebook/OnlineSubsystemFacebook.uplugin
LogPluginManager: Loaded Plugin OnlineSubsystemNull, From C:/Program Files (x86)/Epic Games/4.14/Engine/Plugins/Online/OnlineSubsystemNull/OnlineSubsystemNull.uplugin
LogPluginManager: Loaded Plugin OnlineSubsystemOculus, From C:/Program Files (x86)/Epic Games/4.14/Engine/Plugins/Online/OnlineSubsystemOculus/OnlineSubsystemOculus.uplugin
LogPluginManager: Loaded Plugin OnlineSubsystemSteam, From C:/Program Files (x86)/Epic Games/4.14/Engine/Plugins/Online/OnlineSubsystemSteam/OnlineSubsystemSteam.uplugin
LogPluginManager: Loaded Plugin OnlineSubsystemUtils, From C:/Program Files (x86)/Epic Games/4.14/Engine/Plugins/Online/OnlineSubsystemUtils/OnlineSubsystemUtils.uplugin
LogPluginManager: Loaded Plugin IOSTapJoy, From C:/Program Files (x86)/Epic Games/4.14/Engine/Plugins/Runtime/Advertising/IOSTapJoy/IOSTapJoy.uplugin
LogPluginManager: Loaded Plugin AnalyticsBlueprintLibrary, From C:/Program Files (x86)/Epic Games/4.14/Engine/Plugins/Runtime/Analytics/AnalyticsBlueprintLibrary/AnalyticsBlueprintLibrary.uplugin
LogPluginManager: Loaded Plugin AnalyticsMulticast, From C:/Program Files (x86)/Epic Games/4.14/Engine/Plugins/Runtime/Analytics/AnalyticsMulticast/AnalyticsMulticast.uplugin
LogPluginManager: Loaded Plugin Apsalar, From C:/Program Files (x86)/Epic Games/4.14/Engine/Plugins/Runtime/Analytics/Apsalar/Apsalar.uplugin
LogPluginManager: Loaded Plugin FileLogging, From C:/Program Files (x86)/Epic Games/4.14/Engine/Plugins/Runtime/Analytics/FileLogging/FileLogging.uplugin
LogPluginManager: Loaded Plugin Flurry, From C:/Program Files (x86)/Epic Games/4.14/Engine/Plugins/Runtime/Analytics/Flurry/Flurry.uplugin
LogPluginManager: Loaded Plugin AndroidDeviceProfileSelector, From C:/Program Files (x86)/Epic Games/4.14/Engine/Plugins/Runtime/AndroidDeviceProfileSelector/AndroidDeviceProfileSelector.uplugin
LogPluginManager: Loaded Plugin AndroidMoviePlayer, From C:/Program Files (x86)/Epic Games/4.14/Engine/Plugins/Runtime/AndroidMoviePlayer/AndroidMoviePlayer.uplugin
LogPluginManager: Loaded Plugin AppleMoviePlayer, From C:/Program Files (x86)/Epic Games/4.14/Engine/Plugins/Runtime/AppleMoviePlayer/AppleMoviePlayer.uplugin
LogPluginManager: Loaded Plugin ArchVisCharacter, From C:/Program Files (x86)/Epic Games/4.14/Engine/Plugins/Runtime/ArchVisCharacter/ArchVisCharacter.uplugin
LogPluginManager: Loaded Plugin CableComponent, From C:/Program Files (x86)/Epic Games/4.14/Engine/Plugins/Runtime/CableComponent/CableComponent.uplugin
LogPluginManager: Loaded Plugin CustomMeshComponent, From C:/Program Files (x86)/Epic Games/4.14/Engine/Plugins/Runtime/CustomMeshComponent/CustomMeshComponent.uplugin
LogPluginManager: Loaded Plugin ExampleDeviceProfileSelector, From C:/Program Files (x86)/Epic Games/4.14/Engine/Plugins/Runtime/ExampleDeviceProfileSelector/ExampleDeviceProfileSelector.uplugin
LogPluginManager: Loaded Plugin GearVR, From C:/Program Files (x86)/Epic Games/4.14/Engine/Plugins/Runtime/GearVR/GearVR.uplugin
LogPluginManager: Loaded Plugin GoogleVRController, From C:/Program Files (x86)/Epic Games/4.14/Engine/Plugins/Runtime/GoogleVR/GoogleVRController/GoogleVRController.uplugin
LogPluginManager: Loaded Plugin GoogleVRHMD, From C:/Program Files (x86)/Epic Games/4.14/Engine/Plugins/Runtime/GoogleVR/GoogleVRHMD/GoogleVRHMD.uplugin
LogPluginManager: Loaded Plugin IOSDeviceProfileSelector, From C:/Program Files (x86)/Epic Games/4.14/Engine/Plugins/Runtime/IOSDeviceProfileSelector/IOSDeviceProfileSelector.uplugin
LogPluginManager: Loaded Plugin LeapMotion, From C:/Program Files (x86)/Epic Games/4.14/Engine/Plugins/Runtime/LeapMotion/LeapMotion.uplugin
LogPluginManager: Loaded Plugin LinuxDeviceProfileSelector, From C:/Program Files (x86)/Epic Games/4.14/Engine/Plugins/Runtime/LinuxDeviceProfileSelector/LinuxDeviceProfileSelector.uplugin
LogPluginManager: Loaded Plugin MIDIDevice, From C:/Program Files (x86)/Epic Games/4.14/Engine/Plugins/Runtime/MIDIDevice/MIDIDevice.uplugin
LogPluginManager: Loaded Plugin MobilePatchingUtils, From C:/Program Files (x86)/Epic Games/4.14/Engine/Plugins/Runtime/MobilePatchingUtils/MobilePatchingUtils.uplugin
LogPluginManager: Loaded Plugin Ansel, From C:/Program Files (x86)/Epic Games/4.14/Engine/Plugins/Runtime/Nvidia/Ansel/Ansel.uplugin
LogPluginManager: Loaded Plugin OculusAudio, From C:/Program Files (x86)/Epic Games/4.14/Engine/Plugins/Runtime/OculusAudio/OculusAudio.uplugin
LogPluginManager: Loaded Plugin OculusInput, From C:/Program Files (x86)/Epic Games/4.14/Engine/Plugins/Runtime/OculusInput/OculusInput.uplugin
LogPluginManager: Loaded Plugin OculusLibrary, From C:/Program Files (x86)/Epic Games/4.14/Engine/Plugins/Runtime/OculusLibrary/OculusLibrary.uplugin
LogPluginManager: Loaded Plugin OculusRift, From C:/Program Files (x86)/Epic Games/4.14/Engine/Plugins/Runtime/OculusRift/OculusRift.uplugin
LogPluginManager: Loaded Plugin Oodle, From C:/Program Files (x86)/Epic Games/4.14/Engine/Plugins/Runtime/PacketHandlers/CompressionComponents/Oodle/Oodle.uplugin
LogPluginManager: Loaded Plugin ProceduralMeshComponent, From C:/Program Files (x86)/Epic Games/4.14/Engine/Plugins/Runtime/ProceduralMeshComponent/ProceduralMeshComponent.uplugin
LogPluginManager: Loaded Plugin SoundMod, From C:/Program Files (x86)/Epic Games/4.14/Engine/Plugins/Runtime/SoundMod/SoundMod.uplugin
LogPluginManager: Loaded Plugin SoundVisualizations, From C:/Program Files (x86)/Epic Games/4.14/Engine/Plugins/Runtime/SoundVisualizations/SoundVisualizations.uplugin
LogPluginManager: Loaded Plugin SteamController, From C:/Program Files (x86)/Epic Games/4.14/Engine/Plugins/Runtime/Steam/SteamController/SteamController.uplugin
LogPluginManager: Loaded Plugin SteamVR, From C:/Program Files (x86)/Epic Games/4.14/Engine/Plugins/Runtime/Steam/SteamVR/SteamVR.uplugin
LogPluginManager: Loaded Plugin WebBrowserWidget, From C:/Program Files (x86)/Epic Games/4.14/Engine/Plugins/Runtime/WebBrowserWidget/WebBrowserWidget.uplugin
LogPluginManager: Loaded Plugin WindowsDeviceProfileSelector, From C:/Program Files (x86)/Epic Games/4.14/Engine/Plugins/Runtime/WindowsDeviceProfileSelector/WindowsDeviceProfileSelector.uplugin
LogPluginManager: Loaded Plugin WindowsMoviePlayer, From C:/Program Files (x86)/Epic Games/4.14/Engine/Plugins/Runtime/WindowsMoviePlayer/WindowsMoviePlayer.uplugin
LogPluginManager: Loaded Plugin ScriptPlugin, From C:/Program Files (x86)/Epic Games/4.14/Engine/Plugins/ScriptPlugin/ScriptPlugin.uplugin
LogPluginManager: Loaded Plugin SlateRemote, From C:/Program Files (x86)/Epic Games/4.14/Engine/Plugins/Slate/SlateRemote/SlateRemote.uplugin
LogPluginManager: Loaded Plugin EditorTests, From C:/Program Files (x86)/Epic Games/4.14/Engine/Plugins/Tests/EditorTests/EditorTests.uplugin
LogPluginManager: Loaded Plugin FbxAutomationTestBuilder, From C:/Program Files (x86)/Epic Games/4.14/Engine/Plugins/Tests/FbxAutomationTestBuilder/FbxAutomationTestBuilder.uplugin
LogPluginManager: Loaded Plugin FunctionalTestingEditor, From C:/Program Files (x86)/Epic Games/4.14/Engine/Plugins/Tests/FunctionalTestingEditor/FunctionalTestingEditor.uplugin
LogPluginManager: Loaded Plugin RuntimeTests, From C:/Program Files (x86)/Epic Games/4.14/Engine/Plugins/Tests/RuntimeTests/RuntimeTests.uplugin
LogPluginManager: Loaded Plugin ScreenshotTools, From C:/Program Files (x86)/Epic Games/4.14/Engine/Plugins/Tests/ScreenshotTools/ScreenshotTools.uplugin
LogInit: Using libcurl 7.47.1
LogInit:  - built for x86_64-pc-win32
LogInit:  - supports SSL with OpenSSL/1.0.2g
LogInit:  - supports HTTP deflate (compression) using libz 1.2.8
LogInit:  - other features:
LogInit:      CURL_VERSION_SSL
LogInit:      CURL_VERSION_LIBZ
LogInit:      CURL_VERSION_IPV6
LogInit:      CURL_VERSION_ASYNCHDNS
LogInit:      CURL_VERSION_LARGEFILE
LogInit:      CURL_VERSION_IDN
LogInit:  CurlRequestOptions (configurable via config and command line):
LogInit:  - bVerifyPeer = false  - Libcurl will NOT verify peer certificate
LogInit:  - bUseHttpProxy = false  - Libcurl will NOT use HTTP proxy
LogInit:  - bDontReuseConnections = false  - Libcurl will reuse connections
LogInit:  - CertBundlePath = nullptr  - Libcurl will use whatever was configured at build time.
LogInit: Build: ++UE4+Release-4.14-CL-3195953
LogInit: Engine Version: 4.14.0-3195953+++UE4+Release-4.14
LogInit: Compatible Engine Version: 4.14.0-3195953+++UE4+Release-4.14
LogInit: Net CL: 3195953
LogDevObjectVersion: Number of dev versions registered: 13
LogDevObjectVersion:   Dev-Blueprints (B0D832E4-1F89-4F0D-ACCF-7EB736FD4AA2): 7
LogDevObjectVersion:   Dev-Build (E1C64328-A22C-4D53-A36C-8E866417BD8C): 0
LogDevObjectVersion:   Dev-Core (375EC13C-06E4-48FB-B500-84F0262A717E): 1
LogDevObjectVersion:   Dev-Editor (E4B068ED-F494-42E9-A231-DA0B2E46BB41): 8
LogDevObjectVersion:   Dev-Framework (CFFC743F-43B0-4480-9391-14DF171D2073): 17
LogDevObjectVersion:   Dev-Mobile (B02B49B5-BB20-44E9-A304-32B752E40360): 0
LogDevObjectVersion:   Dev-Networking (A4E4105C-59A1-49B5-A7C5-40C4547EDFEE): 0
LogDevObjectVersion:   Dev-Online (39C831C9-5AE6-47DC-9A44-9C173E1C8E7C): 0
LogDevObjectVersion:   Dev-Physics (78F01B33-EBEA-4F98-B9B4-84EACCB95AA2): 0
LogDevObjectVersion:   Dev-Platform (6631380F-2D4D-43E0-8009-CF276956A95A): 0
LogDevObjectVersion:   Dev-Rendering (12F88B9F-8875-4AFC-A67C-D90C383ABD29): 12
LogDevObjectVersion:   Dev-Sequencer (7B5AE74C-D270-4C10-A958-57980B212A5A): 1
LogDevObjectVersion:   Dev-VR (D7296918-1DD6-4BDD-9DE2-64A83CC13884): 0
LogInit: Compiled (64-bit): Nov 12 2016 02:14:10
LogInit: Compiled with Visual C++: 19.00.23026.00
LogInit: Build Configuration: Development
LogInit: Branch Name: ++UE4+Release-4.14
LogInit: Command line:  
LogInit: Base directory: C:/Program Files (x86)/Epic Games/4.14/Engine/Binaries/Win64/
LogInit: Installed Engine Build: 1
LogInit: Presizing for max 8388607 objects, including 0 objects not considered by GC, pre-allocating 0 bytes for permanent pool.
LogInit: Object subsystem initialized
[2016.12.11-23.19.07:842][  0]LogInit: Selected Device Profile: [Windows]
[2016.12.11-23.19.07:842][  0]LogInit: Applying CVar settings loaded from the selected device profile: [Windows]
[2016.12.11-23.19.07:981][  0]LogInit: Computer: DELL_7010
[2016.12.11-23.19.07:981][  0]LogInit: User: Michael
[2016.12.11-23.19.07:981][  0]LogInit: CPU Page size=65536, Cores=4
[2016.12.11-23.19.07:981][  0]LogInit: High frequency timer resolution =3.312871 MHz
[2016.12.11-23.19.07:981][  0]LogMemory: Memory total: Physical=8.0GB (8GB approx)
[2016.12.11-23.19.07:981][  0]LogMemory: Platform Memory Stats for Windows
[2016.12.11-23.19.07:981][  0]LogMemory: Process Physical Memory: 265.56 MB used, 265.56 MB peak
[2016.12.11-23.19.07:981][  0]LogMemory: Process Virtual Memory: 265.59 MB used, 265.59 MB peak
[2016.12.11-23.19.07:981][  0]LogMemory: Physical Memory: 4116.24 MB used,  4030.29 MB free, 8146.54 MB total
[2016.12.11-23.19.07:981][  0]LogMemory: Virtual Memory: 664.99 MB used,  4030.29 MB free, 8388608.00 MB total
[2016.12.11-23.19.08:129][  0]LogTextLocalizationManager: No specific translations for ('en-US') exist, so ('en') translations will be used.
[2016.12.11-23.19.09:152][  0]LogD3D11RHI: D3D11 adapters:
[2016.12.11-23.19.09:162][  0]LogD3D11RHI:    0. 'AMD Radeon HD 7000 series' (Feature Level 11_0)
[2016.12.11-23.19.09:162][  0]LogD3D11RHI:       1008/0/3817 MB DedicatedVideo/DedicatedSystem/SharedSystem, Outputs:1, VendorId:0x1002
[2016.12.11-23.19.09:171][  0]LogD3D11RHI:    1. 'AMD Radeon HD 7000 series' (Feature Level 11_0)
[2016.12.11-23.19.09:171][  0]LogD3D11RHI:       1008/0/3817 MB DedicatedVideo/DedicatedSystem/SharedSystem, Outputs:1, VendorId:0x1002
[2016.12.11-23.19.09:171][  0]LogD3D11RHI: Chosen D3D11 Adapter: 0
[2016.12.11-23.19.09:175][  0]LogD3D11RHI: Creating new Direct3DDevice
[2016.12.11-23.19.09:175][  0]LogD3D11RHI:     GPU DeviceId: 0x6778 (for the marketing name, search the web for "GPU Device Id")
[2016.12.11-23.19.09:175][  0]LogWindows: EnumDisplayDevices:
[2016.12.11-23.19.09:175][  0]LogWindows:    0. 'AMD Radeon HD 7000 series' (P:1 D:1)
[2016.12.11-23.19.09:175][  0]LogWindows:    1. 'AMD Radeon HD 7000 series' (P:0 D:0)
[2016.12.11-23.19.09:175][  0]LogWindows:    2. 'AMD Radeon HD 7000 series' (P:0 D:0)
[2016.12.11-23.19.09:176][  0]LogWindows:    3. 'AMD Radeon HD 7000 series' (P:0 D:0)
[2016.12.11-23.19.09:176][  0]LogWindows:    4. 'AMD Radeon HD 7000 series' (P:0 D:1)
[2016.12.11-23.19.09:176][  0]LogWindows:    5. 'AMD Radeon HD 7000 series' (P:0 D:0)
[2016.12.11-23.19.09:176][  0]LogWindows:    6. 'AMD Radeon HD 7000 series' (P:0 D:0)
[2016.12.11-23.19.09:176][  0]LogWindows:    7. 'AMD Radeon HD 7000 series' (P:0 D:0)
[2016.12.11-23.19.09:177][  0]LogWindows:    8. 'RDPDD Chained DD' (P:0 D:0)
[2016.12.11-23.19.09:177][  0]LogWindows:    9. 'RDP Encoder Mirror Driver' (P:0 D:0)
[2016.12.11-23.19.09:177][  0]LogWindows:    10. 'RDP Reflector Display Driver' (P:0 D:0)
[2016.12.11-23.19.09:177][  0]LogWindows: DebugString: PrimaryIsNotTheChoosenAdapter PrimaryIsNotTheChoosenAdapter PrimaryIsNotTheChoosenAdapter PrimaryIsNotTheChoosenAdapter PrimaryIsNotTheChoosenAdapter PrimaryIsNotTheChoosenAdapter PrimaryIsNotTheChoosenAdapter PrimaryIsNotTheChoosenAdapter GetVideoDriverDetailsInvalid PrimaryIsNotTheChoosenAdapter GetVideoDriverDetailsInvalid PrimaryIsNotTheChoosenAdapter GetVideoDriverDetailsInvalid PrimaryIsNotTheChoosenAdapter FoundDriverCount:0 
[2016.12.11-23.19.09:177][  0]LogD3D11RHI:     Adapter Name: AMD Radeon HD 7000 series
[2016.12.11-23.19.09:177][  0]LogD3D11RHI:   Driver Version: Unknown (internal:Unknown, unified:Unknown)
[2016.12.11-23.19.09:177][  0]LogD3D11RHI:      Driver Date: Unknown
[2016.12.11-23.19.09:177][  0]LogRHI: Texture pool is 706 MB (70% of 1008 MB)
[2016.12.11-23.19.09:185][  0]LogD3D11RHI: Async texture creation enabled
[2016.12.11-23.19.09:199][  0]LogD3D11RHI: GPU Timing Frequency: 27.000000 (Debug: 2 1)
[2016.12.11-23.19.09:199][  0]LogShaderCompilers: Guid format shader working directory is -13 characters bigger than the processId version (//192.168.0.151/Projects/_Unreal_Projects/UnrealStickFigure2D/Intermediate/Shaders/WorkingDirectory/6520/).
[2016.12.11-23.19.09:200][  0]LogShaderCompilers: Cleaned the shader compiler working directory 'C:/Users/Michael/AppData/Local/Temp/UnrealShaderWorkingDir/E7CA8904443BD1426283B9A07846ECDC/'.
[2016.12.11-23.19.09:200][  0]LogShaderCompilers:Display: Using Local Shader Compiler.
[2016.12.11-23.19.11:638][  0]LogTemp:Display: Loaded TP AllDesktopTargetPlatform
[2016.12.11-23.19.11:827][  0]LogTemp:Display: Loaded TP MacClientTargetPlatform
[2016.12.11-23.19.12:007][  0]LogTemp:Display: Loaded TP MacNoEditorTargetPlatform
[2016.12.11-23.19.12:190][  0]LogTemp:Display: Loaded TP MacServerTargetPlatform
[2016.12.11-23.19.12:384][  0]LogTemp:Display: Loaded TP MacTargetPlatform
[2016.12.11-23.19.12:607][  0]LogTemp:Display: Loaded TP WindowsClientTargetPlatform
[2016.12.11-23.19.12:804][  0]LogTemp:Display: Loaded TP WindowsNoEditorTargetPlatform
[2016.12.11-23.19.12:974][  0]LogTemp:Display: Loaded TP WindowsServerTargetPlatform
[2016.12.11-23.19.13:105][  0]LogTemp:Display: Loaded TP WindowsTargetPlatform
[2016.12.11-23.19.13:303][  0]LogTemp:Display: Loaded TP AndroidTargetPlatform
[2016.12.11-23.19.13:530][  0]LogTemp:Display: Loaded TP Android_ASTCTargetPlatform
[2016.12.11-23.19.13:694][  0]LogTemp:Display: Loaded TP Android_ATCTargetPlatform
[2016.12.11-23.19.13:858][  0]LogTemp:Display: Loaded TP Android_DXTTargetPlatform
[2016.12.11-23.19.14:086][  0]LogTemp:Display: Loaded TP Android_ETC1TargetPlatform
[2016.12.11-23.19.14:278][  0]LogTemp:Display: Loaded TP Android_ETC2TargetPlatform
[2016.12.11-23.19.14:618][  0]LogTemp:Display: Loaded TP Android_MultiTargetPlatform
[2016.12.11-23.19.14:618][  0]LogTemp:Display: Loaded TP Android_PVRTCTargetPlatform
[2016.12.11-23.19.14:739][  0]LogTemp:Display: Loaded TP HTML5TargetPlatform
[2016.12.11-23.19.15:069][  0]LogTemp:Display: Loaded TP IOSTargetPlatform
[2016.12.11-23.19.15:181][  0]LogTemp:Display: Loaded TP TVOSTargetPlatform
[2016.12.11-23.19.15:331][  0]LogTemp:Display: Loaded TP LinuxClientTargetPlatform
[2016.12.11-23.19.15:482][  0]LogTemp:Display: Loaded TP LinuxNoEditorTargetPlatform
[2016.12.11-23.19.15:768][  0]LogTemp:Display: Loaded TP LinuxServerTargetPlatform
[2016.12.11-23.19.15:952][  0]LogTemp:Display: Loaded TP LinuxTargetPlatform
[2016.12.11-23.19.15:952][  0]LogTargetPlatformManager:Display: Building Assets For Windows
[2016.12.11-23.19.17:632][  0]LogDerivedDataCache:Display: Max Cache Size: 512 MB
[2016.12.11-23.19.18:149][  0]LogDerivedDataCache: Loaded boot cache 0.52s 50MB C:/Users/Michael/AppData/Local/UnrealEngine/4.14/DerivedDataCache/Boot.ddc.
[2016.12.11-23.19.18:149][  0]LogDerivedDataCache:Display: Loaded Boot cache: C:/Users/Michael/AppData/Local/UnrealEngine/4.14/DerivedDataCache/Boot.ddc
[2016.12.11-23.19.18:151][  0]LogDerivedDataCache: FDerivedDataBackendGraph:  Pak pak cache file //192.168.0.151/Projects/_Unreal_Projects/UnrealStickFigure2D/DerivedDataCache/DDC.ddp not found, will not use a pak cache.
[2016.12.11-23.19.18:152][  0]LogDerivedDataCache: Unable to find inner node Pak for hierarchical cache Hierarchy.
[2016.12.11-23.19.18:153][  0]LogDerivedDataCache: FDerivedDataBackendGraph:  CompressedPak pak cache file //192.168.0.151/Projects/_Unreal_Projects/UnrealStickFigure2D/DerivedDataCache/Compressed.ddp not found, will not use a pak cache.
[2016.12.11-23.19.18:153][  0]LogDerivedDataCache: Unable to find inner node CompressedPak for hierarchical cache Hierarchy.
[2016.12.11-23.19.18:191][  0]LogDerivedDataCache:Display: Pak cache opened for reading ../../../Engine/DerivedDataCache/Compressed.ddp.
[2016.12.11-23.19.18:202][  0]LogDerivedDataCache: Using Local data cache path C:/Users/Michael/AppData/Local/UnrealEngine/Common/DerivedDataCache: Writable
[2016.12.11-23.19.20:667][  0]LogInit: Selected Device Profile: [Windows]
[2016.12.11-23.19.20:676][  0]LogContentStreaming: Texture pool size is 0.00 MB
[2016.12.11-23.19.21:299][  0]LogMeshUtilities: Using QuadricMeshReduction for automatic static mesh reduction
[2016.12.11-23.19.21:469][  0]LogSimplygon: Simplygon DLL not present - disabling.
[2016.12.11-23.19.21:599][  0]LogMeshUtilities: Using SimplygonSwarm for distributed automatic mesh merging
[2016.12.11-23.19.21:599][  0]LogMeshUtilities: No automatic skeletal mesh reduction module available
[2016.12.11-23.19.21:599][  0]LogMeshUtilities: No automatic mesh merging module available
[2016.12.11-23.19.23:384][  0]LogNetVersion: GetLocalNetworkVersion: CL: 3195953, ProjectName: unrealstickfigure2d, ProjectVersion: , EngineNetworkVersion: 2, GameNetworkVersion: 0, NetworkChecksum: 2893249720
[2016.12.11-23.19.23:624][  0]LogAssetRegistry: FAssetRegistry took 0.0204 seconds to start up
[2016.12.11-23.19.25:008][  0]LogPackageLocalizationCache: Processed 3 localized package path(s) for 2 prioritized culture(s) in 1.275664 seconds
[2016.12.11-23.19.25:018][  0]LogUObjectArray: 31946 objects as part of root set at end of initial load.
[2016.12.11-23.19.25:018][  0]LogUObjectAllocator: 6935848 out of 0 bytes used by permanent object pool.
[2016.12.11-23.19.25:018][  0]LogUObjectArray: CloseDisregardForGC: 0/0 objects in disregard for GC pool
[2016.12.11-23.19.25:661][  0]LogInit: WinSock: version 1.1 (2.2), MaxSocks=32767, MaxUdp=65467
[2016.12.11-23.19.28:261][  0]LogSlate: Using Freetype 2.6.0
[2016.12.11-23.19.28:278][  0]LogSlate: SlateFontCache - WITH_FREETYPE: 1, WITH_HARFBUZZ: 1
[2016.12.11-23.19.28:278][  0]LogSlate: SlateFontCache - WITH_FREETYPE: 1, WITH_HARFBUZZ: 1
[2016.12.11-23.19.34:940][  0]LogTcpMessaging: Initializing TcpMessaging bridge
[2016.12.11-23.19.35:067][  0]LogUdpMessaging: Initializing bridge on interface 0.0.0.0:0 to multicast group 230.0.0.1:6666.
[2016.12.11-23.19.36:378][  0]LogMaterial: Uniform references updated for custom material expression Custom.
[2016.12.11-23.19.37:463][  0]SourceControl: Info Source control is disabled
[2016.12.11-23.19.38:223][  0]SourceControl: Info Source control is disabled
[2016.12.11-23.19.38:372][  0]SourceControl: Info Source control is disabled
[2016.12.11-23.19.38:535][  0]SourceControl: Info Source control is disabled
[2016.12.11-23.19.42:407][  0]LogEngine: Initializing Engine...
[2016.12.11-23.19.42:408][  0]LogHMD: Failed to initialize OpenVR with code 110
[2016.12.11-23.19.43:254][  0]LogAIModule: Creating AISystem for world Untitled
[2016.12.11-23.19.43:267][  0]LogInit: XAudio2 using 'Speakers (High Definition Audio Device)' : 2 channels at 44.1 kHz using 16 bits per sample (channel mask 0x3)
[2016.12.11-23.19.43:290][  0]LogInit: FAudioDevice initialized.
[2016.12.11-23.19.43:320][  0]LogDerivedDataCache: Saved boot cache 0.03s 50MB C:/Users/Michael/AppData/Local/UnrealEngine/4.14/DerivedDataCache/Boot.ddc.
[2016.12.11-23.19.43:328][  0]LogInit: Texture streaming: Enabled
[2016.12.11-23.19.43:979][  0]LogInit: Transaction tracking system initialized
[2016.12.11-23.19.45:167][  0]BlueprintLog: New page: Editor Load
[2016.12.11-23.19.48:516][  0]LocalizationService: Info Localization service is disabled
[2016.12.11-23.19.51:158][  0]LogConsoleResponse:Display: 
[2016.12.11-23.19.52:608][  0]LogCook:Display: Max memory allowance for cook 16384mb min free memory 0mb
[2016.12.11-23.19.52:608][  0]LogCook:Display: Mobile HDR setting 0
[2016.12.11-23.19.53:937][  0]LogFileCache: Scanning file cache for directory '//192.168.0.151/Projects/_Unreal_Projects/UnrealStickFigure2D/Content/' took 1.01s
[2016.12.11-23.19.56:480][  0]SourceControl: Info Source control is disabled
[2016.12.11-23.19.56:480][  0]Cmd: MAP LOAD FILE="//192.168.0.151/Projects/_Unreal_Projects/UnrealStickFigure2D/Content/Maps/TrainingMap_1.umap" TEMPLATE=0 SHOWPROGRESS=1 FEATURELEVEL=3
[2016.12.11-23.19.56:499][  0]LightingResults: New page: Lighting Build
[2016.12.11-23.19.56:647][  0]MapCheck: New page: Map Check
[2016.12.11-23.19.56:647][  0]LightingResults: New page: Lighting Build
[2016.12.11-23.19.58:635][  0]LogLinker:Warning: Can't find file '/Paper2D/TranslucentUnlitSpriteMaterial'
[2016.12.11-23.19.58:635][  0]LoadErrors: Info Failed to load /Game/2DAssets/Projectile/FireballFlipbook.FireballFlipbook Referenced by PaperFlipbookComponent_58
[2016.12.11-23.19.58:635][  0]LogLinker:Warning: Can't find file for asset '/Paper2D/TranslucentUnlitSpriteMaterial' while loading //192.168.0.151/Projects/_Unreal_Projects/UnrealStickFigure2D/Content/2DAssets/Projectile/Fireball_1_Sprite.uasset.
[2016.12.11-23.19.58:635][  0]LoadErrors: Info Failed to load /Game/2DAssets/Projectile/FireballFlipbook.FireballFlipbook Referenced by PaperFlipbookComponent_58
[2016.12.11-23.19.58:635][  0]LoadErrors:Error: Error /Game/2DAssets/Projectile/Fireball_1_Sprite : Can't find file for asset. /Paper2D/TranslucentUnlitSpriteMaterial
[2016.12.11-23.19.58:648][  0]LogLinker:Warning: Can't find file '/Paper2D/TranslucentUnlitSpriteMaterial'
[2016.12.11-23.19.58:648][  0]LoadErrors: Info Failed to load /Game/2DAssets/Projectile/FireballFlipbook.FireballFlipbook Referenced by PaperFlipbookComponent_58
[2016.12.11-23.19.58:649][  0]LogLinker:Warning: Can't find file for asset '/Paper2D/TranslucentUnlitSpriteMaterial' while loading //192.168.0.151/Projects/_Unreal_Projects/UnrealStickFigure2D/Content/2DAssets/Projectile/Fireball_1_Sprite.uasset.
[2016.12.11-23.19.58:649][  0]LoadErrors: Info Failed to load /Game/2DAssets/Projectile/FireballFlipbook.FireballFlipbook Referenced by PaperFlipbookComponent_58
[2016.12.11-23.19.58:649][  0]LoadErrors:Error: Error /Game/2DAssets/Projectile/Fireball_1_Sprite : Can't find file for asset. /Paper2D/TranslucentUnlitSpriteMaterial
[2016.12.11-23.19.58:667][  0]LogLinker:Warning: Can't find file '/Paper2D/TranslucentUnlitSpriteMaterial'
[2016.12.11-23.19.58:668][  0]LoadErrors: Info Failed to load /Game/2DAssets/Projectile/FireballFlipbook.FireballFlipbook Referenced by PaperFlipbookComponent_58
[2016.12.11-23.19.58:668][  0]LogLinker:Warning: Can't find file for asset '/Paper2D/TranslucentUnlitSpriteMaterial' while loading //192.168.0.151/Projects/_Unreal_Projects/UnrealStickFigure2D/Content/2DAssets/Projectile/Fireball_2_Sprite.uasset.
[2016.12.11-23.19.58:668][  0]LoadErrors: Info Failed to load /Game/2DAssets/Projectile/FireballFlipbook.FireballFlipbook Referenced by PaperFlipbookComponent_58
[2016.12.11-23.19.58:668][  0]LoadErrors:Error: Error /Game/2DAssets/Projectile/Fireball_2_Sprite : Can't find file for asset. /Paper2D/TranslucentUnlitSpriteMaterial
[2016.12.11-23.19.58:681][  0]LogLinker:Warning: Can't find file '/Paper2D/TranslucentUnlitSpriteMaterial'
[2016.12.11-23.19.58:681][  0]LoadErrors: Info Failed to load /Game/2DAssets/Projectile/FireballFlipbook.FireballFlipbook Referenced by PaperFlipbookComponent_58
[2016.12.11-23.19.58:681][  0]LogLinker:Warning: Can't find file for asset '/Paper2D/TranslucentUnlitSpriteMaterial' while loading //192.168.0.151/Projects/_Unreal_Projects/UnrealStickFigure2D/Content/2DAssets/Projectile/Fireball_2_Sprite.uasset.
[2016.12.11-23.19.58:681][  0]LoadErrors: Info Failed to load /Game/2DAssets/Projectile/FireballFlipbook.FireballFlipbook Referenced by PaperFlipbookComponent_58
[2016.12.11-23.19.58:681][  0]LoadErrors:Error: Error /Game/2DAssets/Projectile/Fireball_2_Sprite : Can't find file for asset. /Paper2D/TranslucentUnlitSpriteMaterial
[2016.12.11-23.19.58:700][  0]LogLinker:Warning: Can't find file '/Paper2D/TranslucentUnlitSpriteMaterial'
[2016.12.11-23.19.58:700][  0]LoadErrors: Info Failed to load /Game/2DAssets/Projectile/FireballFlipbook.FireballFlipbook Referenced by PaperFlipbookComponent_58
[2016.12.11-23.19.58:700][  0]LogLinker:Warning: Can't find file for asset '/Paper2D/TranslucentUnlitSpriteMaterial' while loading //192.168.0.151/Projects/_Unreal_Projects/UnrealStickFigure2D/Content/2DAssets/Projectile/Fireball_3_Sprite.uasset.
[2016.12.11-23.19.58:700][  0]LoadErrors: Info Failed to load /Game/2DAssets/Projectile/FireballFlipbook.FireballFlipbook Referenced by PaperFlipbookComponent_58
[2016.12.11-23.19.58:700][  0]LoadErrors:Error: Error /Game/2DAssets/Projectile/Fireball_3_Sprite : Can't find file for asset. /Paper2D/TranslucentUnlitSpriteMaterial
[2016.12.11-23.19.58:713][  0]LogLinker:Warning: Can't find file '/Paper2D/TranslucentUnlitSpriteMaterial'
[2016.12.11-23.19.58:713][  0]LoadErrors: Info Failed to load /Game/2DAssets/Projectile/FireballFlipbook.FireballFlipbook Referenced by PaperFlipbookComponent_58
[2016.12.11-23.19.58:713][  0]LogLinker:Warning: Can't find file for asset '/Paper2D/TranslucentUnlitSpriteMaterial' while loading //192.168.0.151/Projects/_Unreal_Projects/UnrealStickFigure2D/Content/2DAssets/Projectile/Fireball_3_Sprite.uasset.
[2016.12.11-23.19.58:713][  0]LoadErrors: Info Failed to load /Game/2DAssets/Projectile/FireballFlipbook.FireballFlipbook Referenced by PaperFlipbookComponent_58
[2016.12.11-23.19.58:713][  0]LoadErrors:Error: Error /Game/2DAssets/Projectile/Fireball_3_Sprite : Can't find file for asset. /Paper2D/TranslucentUnlitSpriteMaterial
[2016.12.11-23.19.58:737][  0]LogLinker:Warning: Can't find file '/Paper2D/TranslucentUnlitSpriteMaterial'
[2016.12.11-23.19.58:737][  0]LoadErrors: Info Failed to load /Paper2D/TranslucentUnlitSpriteMaterial.TranslucentUnlitSpriteMaterial Referenced by PaperFlipbookComponent_58
[2016.12.11-23.19.58:738][  0]LogLinker:Warning: Can't find file for asset '/Paper2D/TranslucentUnlitSpriteMaterial' while loading //192.168.0.151/Projects/_Unreal_Projects/UnrealStickFigure2D/Content/Blueprints/Projectile.uasset.
[2016.12.11-23.19.58:738][  0]LoadErrors: Info Failed to load /Paper2D/TranslucentUnlitSpriteMaterial.TranslucentUnlitSpriteMaterial Referenced by PaperFlipbookComponent_58
[2016.12.11-23.19.58:738][  0]LoadErrors:Error: Error /Game/Blueprints/Projectile : Can't find file for asset. /Paper2D/TranslucentUnlitSpriteMaterial
[2016.12.11-23.19.58:746][  0]LogLinker:Warning: Can't find file '/Paper2D/TranslucentUnlitSpriteMaterial'
[2016.12.11-23.19.58:746][  0]LogLinker:Warning: Can't find file for asset '/Paper2D/TranslucentUnlitSpriteMaterial' while loading //192.168.0.151/Projects/_Unreal_Projects/UnrealStickFigure2D/Content/Blueprints/Projectile.uasset.
[2016.12.11-23.19.58:746][  0]LoadErrors:Error: Error /Game/Blueprints/Projectile : Can't find file for asset. /Paper2D/TranslucentUnlitSpriteMaterial
[2016.12.11-23.19.58:782][  0]LogLinker:Warning: Can't find file '/Paper2D/TranslucentUnlitSpriteMaterial'
[2016.12.11-23.19.58:782][  0]LogLinker:Warning: Can't find file for asset '/Paper2D/TranslucentUnlitSpriteMaterial' while loading //192.168.0.151/Projects/_Unreal_Projects/UnrealStickFigure2D/Content/Blueprints/Projectile.uasset.
[2016.12.11-23.19.58:783][  0]LoadErrors:Error: Error /Game/Blueprints/Projectile : Can't find file for asset. /Paper2D/TranslucentUnlitSpriteMaterial
[2016.12.11-23.19.58:904][  0]LogLinker:Warning: Can't find file '/Paper2D/TranslucentUnlitSpriteMaterial'
[2016.12.11-23.19.58:905][  0]LogLinker:Warning: Can't find file for asset '/Paper2D/TranslucentUnlitSpriteMaterial' while loading //192.168.0.151/Projects/_Unreal_Projects/UnrealStickFigure2D/Content/Blueprints/Projectile.uasset.
[2016.12.11-23.19.58:905][  0]LoadErrors:Error: Error /Game/Blueprints/Projectile : Can't find file for asset. /Paper2D/TranslucentUnlitSpriteMaterial
[2016.12.11-23.19.58:931][  0]LogLinker:Warning: Can't find file '/Paper2D/TranslucentUnlitSpriteMaterial'
[2016.12.11-23.19.58:931][  0]LogLinker:Warning: Can't find file for asset '/Paper2D/TranslucentUnlitSpriteMaterial' while loading //192.168.0.151/Projects/_Unreal_Projects/UnrealStickFigure2D/Content/Blueprints/Projectile.uasset.
[2016.12.11-23.19.58:931][  0]LoadErrors:Error: Error /Game/Blueprints/Projectile : Can't find file for asset. /Paper2D/TranslucentUnlitSpriteMaterial
[2016.12.11-23.20.03:898][  0]LogLinker:Warning: Can't find file '/Paper2D/TranslucentUnlitSpriteMaterial'
[2016.12.11-23.20.03:898][  0]LoadErrors: Info Failed to load /Paper2D/TranslucentUnlitSpriteMaterial.TranslucentUnlitSpriteMaterial Referenced by Fireball_3_Sprite
[2016.12.11-23.20.03:898][  0]LogLinker:Warning: Can't find file for asset '/Paper2D/TranslucentUnlitSpriteMaterial' while loading NULL.
[2016.12.11-23.20.03:898][  0]LoadErrors: Info Failed to load /Paper2D/TranslucentUnlitSpriteMaterial.TranslucentUnlitSpriteMaterial Referenced by Fireball_3_Sprite
[2016.12.11-23.20.03:899][  0]LogLinker:Warning: Can't find file '/Paper2D/TranslucentUnlitSpriteMaterial'
[2016.12.11-23.20.03:899][  0]LoadErrors: Info Failed to load /Paper2D/TranslucentUnlitSpriteMaterial.TranslucentUnlitSpriteMaterial Referenced by Fireball_2_Sprite
[2016.12.11-23.20.03:899][  0]LogLinker:Warning: Can't find file for asset '/Paper2D/TranslucentUnlitSpriteMaterial' while loading NULL.
[2016.12.11-23.20.03:899][  0]LoadErrors: Info Failed to load /Paper2D/TranslucentUnlitSpriteMaterial.TranslucentUnlitSpriteMaterial Referenced by Fireball_2_Sprite
[2016.12.11-23.20.03:899][  0]LogLinker:Warning: Can't find file '/Paper2D/TranslucentUnlitSpriteMaterial'
[2016.12.11-23.20.03:899][  0]LoadErrors: Info Failed to load /Paper2D/TranslucentUnlitSpriteMaterial.TranslucentUnlitSpriteMaterial Referenced by Fireball_1_Sprite
[2016.12.11-23.20.03:899][  0]LogLinker:Warning: Can't find file for asset '/Paper2D/TranslucentUnlitSpriteMaterial' while loading NULL.
[2016.12.11-23.20.03:899][  0]LoadErrors: Info Failed to load /Paper2D/TranslucentUnlitSpriteMaterial.TranslucentUnlitSpriteMaterial Referenced by Fireball_1_Sprite
[2016.12.11-23.20.07:000][  0]LogAIModule: Creating AISystem for world TrainingMap_1
[2016.12.11-23.20.07:128][  0]LogEditorServer: Finished looking for orphan Actors (0.000 secs)
[2016.12.11-23.20.07:129][  0]Cmd: MAP CHECKDEP NOCLEARLOG
[2016.12.11-23.20.09:992][  0]MapCheck: Info Map check complete: 0 Error(s), 0 Warning(s), took 2,863.555ms to complete.
[2016.12.11-23.20.09:993][  0]LogFileHelpers: Loading map 'TrainingMap_1' took 13.513
[2016.12.11-23.20.10:360][  0]LogCollectionManager: Loaded 0 collections in 0.027789 seconds
[2016.12.11-23.20.10:734][  0]LogFileCache: Scanning file cache for directory '//192.168.0.151/Projects/_Unreal_Projects/UnrealStickFigure2D/Saved/Collections/' took 0.06s
[2016.12.11-23.20.10:734][  0]LogFileCache: Scanning file cache for directory '//192.168.0.151/Projects/_Unreal_Projects/UnrealStickFigure2D/Content/Developers/Michael/Collections/' took 0.06s
[2016.12.11-23.20.10:734][  0]LogFileCache: Scanning file cache for directory '//192.168.0.151/Projects/_Unreal_Projects/UnrealStickFigure2D/Content/Collections/' took 0.06s
[2016.12.11-23.20.10:734][  0]LogCollectionManager: Rebuilt the GUID cache for 0 collections in 0.000002 seconds
[2016.12.11-23.20.10:750][  0]LogContentBrowser: Native class hierarchy populated in 0.0161 seconds. Added 2190 classes and 428 folders.
[2016.12.11-23.20.10:857][  0]LogStats: UGameplayTagsManager::ConstructGameplayTagTree: Construct from data asset -  0.000 s
[2016.12.11-23.20.10:857][  0]LogStats: UGameplayTagsManager::ConstructGameplayTagTree: GameplayTagTreeChangedEvent.Broadcast -  0.000 s
[2016.12.11-23.20.10:865][  0]LogContentBrowser: Native class hierarchy updated for 'GameplayTags' in 0.0080 seconds. Added 13 classes and 0 folders.
[2016.12.11-23.20.11:049][  0]LogContentBrowser: Native class hierarchy updated for 'WidgetCarousel' in 0.0079 seconds. Added 0 classes and 0 folders.
[2016.12.11-23.20.11:850][  0]LogContentBrowser: Native class hierarchy updated for 'AddContentDialog' in 0.0092 seconds. Added 0 classes and 0 folders.
[2016.12.11-23.20.12:016][  0]LogContentBrowser: Native class hierarchy updated for 'SceneOutliner' in 0.0081 seconds. Added 1 classes and 2 folders.
[2016.12.11-23.20.12:160][  0]LogCrashTracker: Crashtracker disabled due to settings.
[2016.12.11-23.20.12:169][  0]LogUObjectGlobals:Warning: Failed to find object 'Class None.'
[2016.12.11-23.20.12:333][  0]LogContentBrowser: Native class hierarchy updated for 'HierarchicalLODOutliner' in 0.0081 seconds. Added 1 classes and 2 folders.
[2016.12.11-23.20.12:334][  0]LogLoad: (Engine Initialization) Total time: 71.36 seconds
[2016.12.11-23.20.12:334][  0]LogLoad: (Engine Initialization) Total Blueprint compile time: 0.65 seconds
[2016.12.11-23.20.12:334][  0]LogExternalProfiler: Found external profiler: VSPerf
[2016.12.11-23.20.12:334][  0]LogExternalProfiler: Using external profiler: VSPerf
[2016.12.11-23.20.12:343][  0]LogOcInput: OculusInput pre-init called
[2016.12.11-23.20.12:753][  0]LogContentStreaming: Texture pool size now 1000 MB
[2016.12.11-23.20.13:333][  0]LogRenderer: Reallocating scene render targets to support 1056x564 NumSamples 1 (Frame:2).
[2016.12.11-23.20.13:819][  2]LogAssetRegistry: Asset discovery search completed in 50.2145 seconds
[2016.12.11-23.20.13:819][  2]LogCollectionManager: Rebuilt the object cache for 0 collections in 0.000001 seconds (found 0 objects)
[2016.12.11-23.20.13:819][  2]LogCollectionManager: Fixed up redirectors for 0 collections in 0.000015 seconds (updated 0 objects)
[2016.12.11-23.20.18:683][123]LogFileCache: Retrieving MD5 hashes for directory '//192.168.0.151/Projects/_Unreal_Projects/UnrealStickFigure2D/Content/' took 6.33s
[2016.12.11-23.20.24:455][231]LogRenderer: Reallocating scene render targets to support 1336x928 NumSamples 1 (Frame:190).
[2016.12.11-23.23.27:145][625]LogTemp: Repeting last play command: Selected Viewport
[2016.12.11-23.23.27:192][625]LogPlayLevel: PlayLevel: No blueprints needed recompiling
[2016.12.11-23.23.27:193][625]PIE: New page: PIE session: TrainingMap_1 (Dec 11, 2016, 7:23:27 AM)
[2016.12.11-23.23.27:193][625]LogPlayLevel: Creating play world package: /Game/Maps/UEDPIE_0_TrainingMap_1
[2016.12.11-23.23.27:242][625]LogPlayLevel: PIE: StaticDuplicateObject took: (0.049089s)
[2016.12.11-23.23.27:243][625]LogAIModule: Creating AISystem for world TrainingMap_1
[2016.12.11-23.23.27:243][625]LogPlayLevel: PIE: World Init took: (0.000898s)
[2016.12.11-23.23.27:243][625]LogPlayLevel: PIE: Created PIE world by copying editor world from /Game/Maps/TrainingMap_1.TrainingMap_1 to /Game/Maps/UEDPIE_0_TrainingMap_1.TrainingMap_1 (0.050307s)
[2016.12.11-23.23.27:275][625]LogInit: XAudio2 using 'Speakers (High Definition Audio Device)' : 2 channels at 44.1 kHz using 16 bits per sample (channel mask 0x3)
[2016.12.11-23.23.27:281][625]LogInit: FAudioDevice initialized.
[2016.12.11-23.23.27:323][625]LogLoad: Game class is '2DSideScrollerGameMode_C'
[2016.12.11-23.23.27:333][625]LogWorld: Bringing World /Game/Maps/UEDPIE_0_TrainingMap_1.TrainingMap_1 up for play (max tick rate 0) at 2016.12.11-15.23.27
[2016.12.11-23.23.27:334][625]LogWorld: Bringing up level for play took: 0.009802
[2016.12.11-23.23.27:451][625]LogContentBrowser: Native class hierarchy updated for 'MovieSceneCapture' in 0.0081 seconds. Added 11 classes and 0 folders.
[2016.12.11-23.23.27:453][625]LogGameMode:Display: Match State Changed from EnteringMap to WaitingToStart
[2016.12.11-23.23.27:453][625]LogGameState: Match State Changed from EnteringMap to WaitingToStart
[2016.12.11-23.23.27:453][625]LogGameMode:Display: Match State Changed from WaitingToStart to InProgress
[2016.12.11-23.23.27:455][625]LogGameState: Match State Changed from WaitingToStart to InProgress
[2016.12.11-23.23.27:455][625]PIE: Info Play in editor start time for /Game/Maps/UEDPIE_0_TrainingMap_1 0.956
[2016.12.11-23.24.51:718][348]LogBlueprintUserMessages: [PowerupBlockBP_C_14] Hello
[2016.12.11-23.24.52:509][364]LogBlueprintUserMessages: [PowerupBlockBP_C_14] Hello
[2016.12.11-23.24.53:445][383]LogBlueprintUserMessages: [PowerupBlockBP_C_14] Hello
[2016.12.11-23.24.54:332][401]LogBlueprintUserMessages: [PowerupBlockBP_C_14] Hello
[2016.12.11-23.24.55:220][419]LogBlueprintUserMessages: [PowerupBlockBP_C_14] Hello
[2016.12.11-23.24.56:101][437]LogBlueprintUserMessages: [PowerupBlockBP_C_14] Hello
[2016.12.11-23.24.57:038][456]LogBlueprintUserMessages: [PowerupBlockBP_C_14] Hello
[2016.12.11-23.24.58:271][481]LogBlueprintUserMessages: [PowerupBlockBP_C_14] Hello
[2016.12.11-23.24.59:063][497]LogBlueprintUserMessages: [PowerupBlockBP_C_14] Hello
[2016.12.11-23.24.59:703][510]LogBlueprintUserMessages: [PowerupBlockBP_C_14] Hello
[2016.12.11-23.25.00:542][527]LogBlueprintUserMessages: [PowerupBlockBP_C_14] Hello
[2016.12.11-23.25.12:613][759]LogEditorViewport: Clicking on Actor (LMB): LevelStructure_C (LevelStructure6)
[2016.12.11-23.26.56:912][561]LogContentBrowser: Native class hierarchy updated for 'BlueprintGraph' in 0.0084 seconds. Added 111 classes and 0 folders.
[2016.12.11-23.27.12:000][834]LogAIModule: Creating AISystem for world NewMap
[2016.12.11-23.27.12:008][834]LogActorComponent: RegisterComponentWithWorld: (/Game/Maps/NewMap.NewMap:PersistentLevel.WorldSettings.StaticMeshComponent0) Trying to register component with IsPendingKill() == true. Aborting.
[2016.12.11-23.27.12:163][834]Cmd: MAP LOAD FILE="//192.168.0.151/Projects/_Unreal_Projects/UnrealStickFigure2D/Content/Maps/NewMap.umap" TEMPLATE=0 SHOWPROGRESS=1 FEATURELEVEL=3
[2016.12.11-23.27.12:163][834]LightingResults: New page: Lighting Build
[2016.12.11-23.27.12:164][834]LoadErrors: New page: Loading map: NewMap.umap
[2016.12.11-23.27.12:175][834]MapCheck: New page: Map Check
[2016.12.11-23.27.12:175][834]LightingResults: New page: Lighting Build
[2016.12.11-23.27.12:494][834]LogEditorServer: Finished looking for orphan Actors (0.000 secs)
[2016.12.11-23.27.12:575][834]Cmd: MAP CHECKDEP NOCLEARLOG
[2016.12.11-23.27.17:509][834]MapCheck: Info Map check complete: 0 Error(s), 0 Warning(s), took 4,933.902ms to complete.
[2016.12.11-23.27.17:537][834]LogFileHelpers: Loading map 'NewMap' took 5.375
[2016.12.11-23.32.23:766][905]LogAIModule: Creating AISystem for world OriginalTestMap
[2016.12.11-23.32.23:775][905]LogActorComponent: RegisterComponentWithWorld: (/Game/Maps/OriginalTestMap.OriginalTestMap:PersistentLevel.WorldInfo_0.StaticMeshComponent0) Trying to register component with IsPendingKill() == true. Aborting.
[2016.12.11-23.32.23:817][905]Cmd: MAP LOAD FILE="//192.168.0.151/Projects/_Unreal_Projects/UnrealStickFigure2D/Content/Maps/OriginalTestMap.umap" TEMPLATE=0 SHOWPROGRESS=1 FEATURELEVEL=3
[2016.12.11-23.32.23:817][905]LightingResults: New page: Lighting Build
[2016.12.11-23.32.23:818][905]LoadErrors: New page: Loading map: OriginalTestMap.umap
[2016.12.11-23.32.23:833][905]MapCheck: New page: Map Check
[2016.12.11-23.32.23:833][905]LightingResults: New page: Lighting Build
[2016.12.11-23.32.23:949][905]LogEditorServer: Finished looking for orphan Actors (0.000 secs)
[2016.12.11-23.32.24:023][905]Cmd: MAP CHECKDEP NOCLEARLOG
[2016.12.11-23.32.29:054][905]MapCheck: Info Map check complete: 0 Error(s), 0 Warning(s), took 5,031.193ms to complete.
[2016.12.11-23.32.29:055][905]LogFileHelpers: Loading map 'OriginalTestMap' took 5.240
[2016.12.11-23.32.31:536][943]LogAIModule: Creating AISystem for world TrainingMap_1
[2016.12.11-23.32.31:626][943]Cmd: MAP LOAD FILE="//192.168.0.151/Projects/_Unreal_Projects/UnrealStickFigure2D/Content/Maps/TrainingMap_1.umap" TEMPLATE=0 SHOWPROGRESS=1 FEATURELEVEL=3
[2016.12.11-23.32.31:626][943]LightingResults: New page: Lighting Build
[2016.12.11-23.32.31:627][943]LoadErrors: New page: Loading map: TrainingMap_1.umap
[2016.12.11-23.32.31:635][943]MapCheck: New page: Map Check
[2016.12.11-23.32.31:635][943]LightingResults: New page: Lighting Build
[2016.12.11-23.32.31:839][943]LogEditorServer: Finished looking for orphan Actors (0.000 secs)
[2016.12.11-23.32.31:906][943]Cmd: MAP CHECKDEP NOCLEARLOG
[2016.12.11-23.32.36:885][943]MapCheck: Info Map check complete: 0 Error(s), 0 Warning(s), took 4,978.832ms to complete.
[2016.12.11-23.32.36:886][943]LogFileHelpers: Loading map 'TrainingMap_1' took 5.261
[2016.12.11-23.32.45:965][107]LogTemp: Repeting last play command: Selected Viewport
[2016.12.11-23.32.46:043][107]LogPlayLevel: PlayLevel: No blueprints needed recompiling
[2016.12.11-23.32.46:043][107]PIE: New page: PIE session: TrainingMap_1 (Dec 11, 2016, 7:32:46 AM)
[2016.12.11-23.32.46:043][107]LogPlayLevel: Creating play world package: /Game/Maps/UEDPIE_0_TrainingMap_1
[2016.12.11-23.32.46:076][107]LogPlayLevel: PIE: StaticDuplicateObject took: (0.032878s)
[2016.12.11-23.32.46:076][107]LogAIModule: Creating AISystem for world TrainingMap_1
[2016.12.11-23.32.46:077][107]LogPlayLevel: PIE: World Init took: (0.000703s)
[2016.12.11-23.32.46:077][107]LogPlayLevel: PIE: Created PIE world by copying editor world from /Game/Maps/TrainingMap_1.TrainingMap_1 to /Game/Maps/UEDPIE_0_TrainingMap_1.TrainingMap_1 (0.033858s)
[2016.12.11-23.32.46:096][107]LogInit: XAudio2 using 'Speakers (High Definition Audio Device)' : 2 channels at 44.1 kHz using 16 bits per sample (channel mask 0x3)
[2016.12.11-23.32.46:103][107]LogInit: FAudioDevice initialized.
[2016.12.11-23.32.46:136][107]LogLoad: Game class is '2DSideScrollerGameMode_C'
[2016.12.11-23.32.46:146][107]LogWorld: Bringing World /Game/Maps/UEDPIE_0_TrainingMap_1.TrainingMap_1 up for play (max tick rate 0) at 2016.12.11-15.32.46
[2016.12.11-23.32.46:147][107]LogWorld: Bringing up level for play took: 0.009771
[2016.12.11-23.32.46:147][107]LogGameMode:Display: Match State Changed from EnteringMap to WaitingToStart
[2016.12.11-23.32.46:147][107]LogGameState: Match State Changed from EnteringMap to WaitingToStart
[2016.12.11-23.32.46:147][107]LogGameMode:Display: Match State Changed from WaitingToStart to InProgress
[2016.12.11-23.32.46:149][107]LogGameState: Match State Changed from WaitingToStart to InProgress
[2016.12.11-23.32.46:149][107]PIE: Info Play in editor start time for /Game/Maps/UEDPIE_0_TrainingMap_1 -0.365
[2016.12.11-23.34.52:184][403]LogSlate:Warning: Prevented a slow task dialog from being summoned while a context menu was open
[2016.12.11-23.34.53:881][486]LogTemp: Repeting last play command: Selected Viewport
[2016.12.11-23.34.53:930][486]BlueprintLog: New page: Pre-Play auto-recompile
[2016.12.11-23.34.53:955][486]LogPlayLevel: [PlayLevel] Compiling 2DSideScrollerGameMode before play...
[2016.12.11-23.34.54:214][486]LogPlayLevel: PlayLevel: Blueprint regeneration took 284 ms (1 blueprints)
[2016.12.11-23.34.54:214][486]PIE: New page: PIE session: TrainingMap_1 (Dec 11, 2016, 7:34:54 AM)
[2016.12.11-23.34.54:214][486]LogPlayLevel: Creating play world package: /Game/Maps/UEDPIE_0_TrainingMap_1
[2016.12.11-23.34.54:237][486]LogPlayLevel: PIE: StaticDuplicateObject took: (0.022817s)
[2016.12.11-23.34.54:238][486]LogAIModule: Creating AISystem for world TrainingMap_1
[2016.12.11-23.34.54:238][486]LogPlayLevel: PIE: World Init took: (0.000623s)
[2016.12.11-23.34.54:238][486]LogPlayLevel: PIE: Created PIE world by copying editor world from /Game/Maps/TrainingMap_1.TrainingMap_1 to /Game/Maps/UEDPIE_0_TrainingMap_1.TrainingMap_1 (0.023652s)
[2016.12.11-23.34.54:256][486]LogInit: XAudio2 using 'Speakers (High Definition Audio Device)' : 2 channels at 44.1 kHz using 16 bits per sample (channel mask 0x3)
[2016.12.11-23.34.54:262][486]LogInit: FAudioDevice initialized.
[2016.12.11-23.34.54:306][486]LogLoad: Game class is '2DSideScrollerGameMode_C'
[2016.12.11-23.34.54:316][486]LogWorld: Bringing World /Game/Maps/UEDPIE_0_TrainingMap_1.TrainingMap_1 up for play (max tick rate 0) at 2016.12.11-15.34.54
[2016.12.11-23.34.54:317][486]LogWorld: Bringing up level for play took: 0.010071
[2016.12.11-23.34.54:317][486]LogGameMode:Display: Match State Changed from EnteringMap to WaitingToStart
[2016.12.11-23.34.54:317][486]LogGameState: Match State Changed from EnteringMap to WaitingToStart
[2016.12.11-23.34.54:318][486]LogGameMode:Display: Match State Changed from WaitingToStart to InProgress
[2016.12.11-23.34.54:319][486]LogGameState: Match State Changed from WaitingToStart to InProgress
[2016.12.11-23.34.54:321][486]PIE: Info Play in editor start time for /Game/Maps/UEDPIE_0_TrainingMap_1 -0.195
[2016.12.11-23.35.00:533][624]LogEditorViewport: Clicking on Actor (LMB): PaperSpriteActor (Background_Paper4)
[2016.12.11-23.35.01:918][645]LogTemp: Repeting last play command: Selected Viewport
[2016.12.11-23.35.01:967][645]LogPlayLevel: PlayLevel: No blueprints needed recompiling
[2016.12.11-23.35.01:967][645]PIE: New page: PIE session: TrainingMap_1 (Dec 11, 2016, 7:35:01 AM)
[2016.12.11-23.35.01:967][645]LogPlayLevel: Creating play world package: /Game/Maps/UEDPIE_0_TrainingMap_1
[2016.12.11-23.35.02:013][645]LogPlayLevel: PIE: StaticDuplicateObject took: (0.045717s)
[2016.12.11-23.35.02:014][645]LogAIModule: Creating AISystem for world TrainingMap_1
[2016.12.11-23.35.02:014][645]LogPlayLevel: PIE: World Init took: (0.000522s)
[2016.12.11-23.35.02:014][645]LogPlayLevel: PIE: Created PIE world by copying editor world from /Game/Maps/TrainingMap_1.TrainingMap_1 to /Game/Maps/UEDPIE_0_TrainingMap_1.TrainingMap_1 (0.046487s)
[2016.12.11-23.35.02:031][645]LogInit: XAudio2 using 'Speakers (High Definition Audio Device)' : 2 channels at 44.1 kHz using 16 bits per sample (channel mask 0x3)
[2016.12.11-23.35.02:036][645]LogInit: FAudioDevice initialized.
[2016.12.11-23.35.02:063][645]LogLoad: Game class is '2DSideScrollerGameMode_C'
[2016.12.11-23.35.02:073][645]LogWorld: Bringing World /Game/Maps/UEDPIE_0_TrainingMap_1.TrainingMap_1 up for play (max tick rate 0) at 2016.12.11-15.35.02
[2016.12.11-23.35.02:074][645]LogWorld: Bringing up level for play took: 0.009535
[2016.12.11-23.35.02:075][645]LogGameMode:Display: Match State Changed from EnteringMap to WaitingToStart
[2016.12.11-23.35.02:075][645]LogGameState: Match State Changed from EnteringMap to WaitingToStart
[2016.12.11-23.35.02:075][645]LogGameMode:Display: Match State Changed from WaitingToStart to InProgress
[2016.12.11-23.35.02:076][645]LogGameState: Match State Changed from WaitingToStart to InProgress
[2016.12.11-23.35.02:076][645]PIE: Info Play in editor start time for /Game/Maps/UEDPIE_0_TrainingMap_1 -0.441
[2016.12.11-23.35.52:137][641]Cmd: OBJ SAVEPACKAGE PACKAGE="/Game/Blueprints/2DSideScrollerGameMode" FILE="//192.168.0.151/Projects/_Unreal_Projects/UnrealStickFigure2D/Content/Blueprints/2DSideScrollerGameMode.uasset" SILENT=true
[2016.12.11-23.35.53:440][641]LogSavePackage: Save=526.31ms
[2016.12.11-23.35.53:440][641]LogSavePackage: Moving '//192.168.0.151/Projects/_Unreal_Projects/UnrealStickFigure2D/Saved/2DSideScrollerGameModeBD45DA154FC34F6C22BA39889D95DCD3.tmp' to '//192.168.0.151/Projects/_Unreal_Projects/UnrealStickFigure2D/Content/Blueprints/2DSideScrollerGameMode.uasset'
[2016.12.11-23.35.54:420][641]LogFileManager:Warning: DeleteFile was unable to delete '//192.168.0.151/Projects/_Unreal_Projects/UnrealStickFigure2D/Content/Blueprints/2DSideScrollerGameMode.uasset', retrying in .5s...
[2016.12.11-23.35.55:880][641]LogFileManager:Error: Error deleting file '//192.168.0.151/Projects/_Unreal_Projects/UnrealStickFigure2D/Content/Blueprints/2DSideScrollerGameMode.uasset'.
[2016.12.11-23.35.55:883][641]LogSavePackage:Error: Error saving '//192.168.0.151/Projects/_Unreal_Projects/UnrealStickFigure2D/Content/Blueprints/2DSideScrollerGameMode.uasset'
[2016.12.11-23.35.55:900][641]LogSavePackage:Display: Finished SavePackage //192.168.0.151/Projects/_Unreal_Projects/UnrealStickFigure2D/Content/Blueprints/2DSideScrollerGameMode.uasset
[2016.12.11-23.36.01:369][641]Cmd: OBJ SAVEPACKAGE PACKAGE="/Game/Blueprints/2DSideScrollerGameMode" FILE="//192.168.0.151/Projects/_Unreal_Projects/UnrealStickFigure2D/Content/Blueprints/2DSideScrollerGameMode.uasset" SILENT=true
[2016.12.11-23.36.02:633][641]LogSavePackage: Save=518.55ms
[2016.12.11-23.36.02:634][641]LogSavePackage: Moving '//192.168.0.151/Projects/_Unreal_Projects/UnrealStickFigure2D/Saved/2DSideScrollerGameModeFD0D6F124364558652985E8DD8ECEFA5.tmp' to '//192.168.0.151/Projects/_Unreal_Projects/UnrealStickFigure2D/Content/Blueprints/2DSideScrollerGameMode.uasset'
[2016.12.11-23.36.03:610][641]LogFileManager:Warning: DeleteFile was unable to delete '//192.168.0.151/Projects/_Unreal_Projects/UnrealStickFigure2D/Content/Blueprints/2DSideScrollerGameMode.uasset', retrying in .5s...
[2016.12.11-23.36.05:070][641]LogFileManager:Error: Error deleting file '//192.168.0.151/Projects/_Unreal_Projects/UnrealStickFigure2D/Content/Blueprints/2DSideScrollerGameMode.uasset'.
[2016.12.11-23.36.05:072][641]LogSavePackage:Error: Error saving '//192.168.0.151/Projects/_Unreal_Projects/UnrealStickFigure2D/Content/Blueprints/2DSideScrollerGameMode.uasset'
[2016.12.11-23.36.05:090][641]LogSavePackage:Display: Finished SavePackage //192.168.0.151/Projects/_Unreal_Projects/UnrealStickFigure2D/Content/Blueprints/2DSideScrollerGameMode.uasset
[2016.12.11-23.36.08:055][641]Cmd: OBJ SAVEPACKAGE PACKAGE="/Game/Blueprints/2DSideScrollerGameMode" FILE="//192.168.0.151/Projects/_Unreal_Projects/UnrealStickFigure2D/Content/Blueprints/2DSideScrollerGameMode.uasset" SILENT=true
[2016.12.11-23.36.09:322][641]LogSavePackage: Save=522.03ms
[2016.12.11-23.36.09:322][641]LogSavePackage: Moving '//192.168.0.151/Projects/_Unreal_Projects/UnrealStickFigure2D/Saved/2DSideScrollerGameMode070975B64AC5F39FA5909DA30C0ED320.tmp' to '//192.168.0.151/Projects/_Unreal_Projects/UnrealStickFigure2D/Content/Blueprints/2DSideScrollerGameMode.uasset'
[2016.12.11-23.36.10:300][641]LogFileManager:Warning: DeleteFile was unable to delete '//192.168.0.151/Projects/_Unreal_Projects/UnrealStickFigure2D/Content/Blueprints/2DSideScrollerGameMode.uasset', retrying in .5s...
[2016.12.11-23.36.11:760][641]LogFileManager:Error: Error deleting file '//192.168.0.151/Projects/_Unreal_Projects/UnrealStickFigure2D/Content/Blueprints/2DSideScrollerGameMode.uasset'.
[2016.12.11-23.36.11:763][641]LogSavePackage:Error: Error saving '//192.168.0.151/Projects/_Unreal_Projects/UnrealStickFigure2D/Content/Blueprints/2DSideScrollerGameMode.uasset'
[2016.12.11-23.36.11:781][641]LogSavePackage:Display: Finished SavePackage //192.168.0.151/Projects/_Unreal_Projects/UnrealStickFigure2D/Content/Blueprints/2DSideScrollerGameMode.uasset
[2016.12.11-23.36.37:053][641]Cmd: OBJ SAVEPACKAGE PACKAGE="/Game/Blueprints/2DSideScrollerGameMode" FILE="//192.168.0.151/Projects/_Unreal_Projects/UnrealStickFigure2D/Content/Blueprints/2DSideScrollerGameMode.uasset" SILENT=true
[2016.12.11-23.36.38:368][641]LogSavePackage: Save=514.77ms
[2016.12.11-23.36.38:368][641]LogSavePackage: Moving '//192.168.0.151/Projects/_Unreal_Projects/UnrealStickFigure2D/Saved/2DSideScrollerGameMode4370BA344630EC81C974B895494553E8.tmp' to '//192.168.0.151/Projects/_Unreal_Projects/UnrealStickFigure2D/Content/Blueprints/2DSideScrollerGameMode.uasset'
[2016.12.11-23.36.39:350][641]LogFileManager:Warning: DeleteFile was unable to delete '//192.168.0.151/Projects/_Unreal_Projects/UnrealStickFigure2D/Content/Blueprints/2DSideScrollerGameMode.uasset', retrying in .5s...
[2016.12.11-23.36.40:810][641]LogFileManager:Error: Error deleting file '//192.168.0.151/Projects/_Unreal_Projects/UnrealStickFigure2D/Content/Blueprints/2DSideScrollerGameMode.uasset'.
[2016.12.11-23.36.40:812][641]LogSavePackage:Error: Error saving '//192.168.0.151/Projects/_Unreal_Projects/UnrealStickFigure2D/Content/Blueprints/2DSideScrollerGameMode.uasset'
[2016.12.11-23.36.40:830][641]LogSavePackage:Display: Finished SavePackage //192.168.0.151/Projects/_Unreal_Projects/UnrealStickFigure2D/Content/Blueprints/2DSideScrollerGameMode.uasset
[2016.12.11-23.37.10:165][641]Cmd: OBJ SAVEPACKAGE PACKAGE="/Game/Blueprints/2DSideScrollerGameMode" FILE="//192.168.0.151/Projects/_Unreal_Projects/UnrealStickFigure2D/Content/Blueprints/2DSideScrollerGameMode.uasset" SILENT=true
[2016.12.11-23.37.12:222][641]LogSavePackage: Save=785.57ms
[2016.12.11-23.37.12:222][641]LogSavePackage: Moving '//192.168.0.151/Projects/_Unreal_Projects/UnrealStickFigure2D/Saved/2DSideScrollerGameMode95E633F943EF51C640E072BD1E13234D.tmp' to '//192.168.0.151/Projects/_Unreal_Projects/UnrealStickFigure2D/Content/Blueprints/2DSideScrollerGameMode.uasset'
[2016.12.11-23.37.12:418][641]LogSavePackage:Display: Finished SavePackage //192.168.0.151/Projects/_Unreal_Projects/UnrealStickFigure2D/Content/Blueprints/2DSideScrollerGameMode.uasset
[2016.12.11-23.37.12:430][641]EditorErrors: New page: Save Output
[2016.12.11-23.37.12:430][641]EditorErrors:Warning: Warning Error saving '//192.168.0.151/Projects/_Unreal_Projects/UnrealStickFigure2D/Content/Blueprints/2DSideScrollerGameMode.uasset'
[2016.12.11-23.37.12:430][641]EditorErrors:Warning: Warning Error saving '//192.168.0.151/Projects/_Unreal_Projects/UnrealStickFigure2D/Content/Blueprints/2DSideScrollerGameMode.uasset'
[2016.12.11-23.37.12:430][641]EditorErrors:Warning: Warning Error saving '//192.168.0.151/Projects/_Unreal_Projects/UnrealStickFigure2D/Content/Blueprints/2DSideScrollerGameMode.uasset'
[2016.12.11-23.37.12:430][641]EditorErrors:Warning: Warning Error saving '//192.168.0.151/Projects/_Unreal_Projects/UnrealStickFigure2D/Content/Blueprints/2DSideScrollerGameMode.uasset'
